<?xml version="1.0" encoding="UTF-8" ?>
<testsuite tests="8" failures="4" name="LayeredArchitectureTest" time="5.391" errors="0" skipped="0">
  <properties>
    <property name="idea.version" value="2022.1.3"/>
    <property name="java.runtime.name" value="OpenJDK Runtime Environment"/>
    <property name="java.vm.version" value="11.0.17+8-LTS"/>
    <property name="sun.boot.library.path" value="C:\Users\sergi\.jdks\corretto-11.0.17\bin"/>
    <property name="maven.multiModuleProjectDirectory" value="C:\Users\sergi\Desktop\ICSE2024-Educational\DI MARTINO\PROGETTI_OO_2122\OOBD_2122_38"/>
    <property name="java.vm.vendor" value="Amazon.com Inc."/>
    <property name="java.vendor.url" value="https://aws.amazon.com/corretto/"/>
    <property name="guice.disable.misplaced.annotation.check" value="true"/>
    <property name="path.separator" value=";"/>
    <property name="java.vm.name" value="OpenJDK 64-Bit Server VM"/>
    <property name="sun.os.patch.level" value=""/>
    <property name="user.script" value=""/>
    <property name="user.country" value="IT"/>
    <property name="sun.java.launcher" value="SUN_STANDARD"/>
    <property name="java.vm.specification.name" value="Java Virtual Machine Specification"/>
    <property name="user.dir" value="C:\Users\sergi\Desktop\ICSE2024-Educational\DI MARTINO\PROGETTI_OO_2122\OOBD_2122_38"/>
    <property name="java.vm.compressedOopsMode" value="Zero based"/>
    <property name="java.runtime.version" value="11.0.17+8-LTS"/>
    <property name="java.awt.graphicsenv" value="sun.awt.Win32GraphicsEnvironment"/>
    <property name="os.arch" value="amd64"/>
    <property name="java.io.tmpdir" value="C:\Users\sergi\AppData\Local\Temp\"/>
    <property name="line.separator" value="
"/>
    <property name="java.vm.specification.vendor" value="Oracle Corporation"/>
    <property name="user.variant" value=""/>
    <property name="os.name" value="Windows 11"/>
    <property name="maven.ext.class.path" value="C:\Program Files\JetBrains\IntelliJ IDEA 2022.1.3\plugins\maven\lib\maven-event-listener.jar"/>
    <property name="classworlds.conf" value="C:\Program Files\JetBrains\IntelliJ IDEA 2022.1.3\plugins\maven\lib\maven3\bin\m2.conf"/>
    <property name="sun.jnu.encoding" value="Cp1252"/>
    <property name="java.library.path" value="C:\Users\sergi\.jdks\corretto-11.0.17\bin;C:\WINDOWS\Sun\Java\bin;C:\WINDOWS\system32;C:\WINDOWS;C:\WINDOWS\system32;C:\WINDOWS;C:\WINDOWS\System32\Wbem;C:\WINDOWS\System32\WindowsPowerShell\v1.0\;C:\WINDOWS\System32\OpenSSH\;C:\Program Files\dotnet\;C:\Program Files\WireGuard\;C:\Program Files\Git\cmd;C:\Program Files\Docker\Docker\resources\bin;C:\Users\sergi\.jdks\corretto-11.0.17\bin;C:\apache-maven-3.9.1\bin;C:\Users\sergi\Downloads\sonar-scanner-cli-4.8.0.2856-windows\sonar-scanner-4.8.0.2856-windows\bin;C:\Users\sergi\AppData\Local\Programs\Python\Python311;C:\Users\sergi\AppData\Local\Programs\Python\Python311\Scripts;C:\Users\sergi\Downloads\sonar-scanner-cli-5.0.1.3006-windows\sonar-scanner-5.0.1.3006-windows\bin;C:\Users\sergi\AppData\Roaming\nvm;C:\Program Files\nodejs;C:\Program Files (x86)\Go\bin;C:\Users\sergi\AppData\Local\Microsoft\WindowsApps;C:\Program Files\JetBrains\IntelliJ IDEA 2022.1.3\bin;C:\Users\sergi\.jdks\openjdk-19.0.1\bin;;C:\Users\sergi\AppData\Local\Programs\Microsoft VS Code\bin;C:\Users\sergi\AppData\Roaming\npm;C:\Users\sergi\AppData\Roaming\nvm;C:\Program Files\nodejs;C:\Users\sergi\go\bin;."/>
    <property name="maven.conf" value="C:\Program Files\JetBrains\IntelliJ IDEA 2022.1.3\plugins\maven\lib\maven3/conf"/>
    <property name="jdk.debug" value="release"/>
    <property name="java.class.version" value="55.0"/>
    <property name="java.specification.name" value="Java Platform API Specification"/>
    <property name="sun.management.compiler" value="HotSpot 64-Bit Tiered Compilers"/>
    <property name="os.version" value="10.0"/>
    <property name="user.home" value="C:\Users\sergi"/>
    <property name="user.timezone" value="Europe/Berlin"/>
    <property name="java.awt.printerjob" value="sun.awt.windows.WPrinterJob"/>
    <property name="file.encoding" value="UTF-8"/>
    <property name="java.specification.version" value="11"/>
    <property name="user.name" value="sergi"/>
    <property name="java.class.path" value="C:\Program Files\JetBrains\IntelliJ IDEA 2022.1.3\plugins\maven\lib\maven3\boot\plexus-classworlds-2.6.0.jar;C:\Program Files\JetBrains\IntelliJ IDEA 2022.1.3\plugins\maven\lib\maven3\boot\plexus-classworlds.license"/>
    <property name="java.vm.specification.version" value="11"/>
    <property name="sun.arch.data.model" value="64"/>
    <property name="sun.java.command" value="org.codehaus.classworlds.Launcher -Didea.version=2022.1.3 test"/>
    <property name="java.home" value="C:\Users\sergi\.jdks\corretto-11.0.17"/>
    <property name="user.language" value="it"/>
    <property name="java.specification.vendor" value="Oracle Corporation"/>
    <property name="awt.toolkit" value="sun.awt.windows.WToolkit"/>
    <property name="java.vm.info" value="mixed mode"/>
    <property name="java.version" value="11.0.17"/>
    <property name="java.vendor" value="Amazon.com Inc."/>
    <property name="maven.home" value="C:\Program Files\JetBrains\IntelliJ IDEA 2022.1.3\plugins\maven\lib\maven3"/>
    <property name="file.separator" value="\"/>
    <property name="java.version.date" value="2022-10-18"/>
    <property name="java.vendor.url.bug" value="https://github.com/corretto/corretto-11/issues/"/>
    <property name="sun.io.unicode.encoding" value="UnicodeLittle"/>
    <property name="sun.cpu.endian" value="little"/>
    <property name="java.vendor.version" value="Corretto-11.0.17.8.1"/>
    <property name="sun.desktop" value="windows"/>
    <property name="sun.cpu.isalist" value="amd64"/>
  </properties>
  <testcase classname="LayeredArchitectureTest" name="controller_dependencies_are_respected" time="5.28">
    <failure message="Architecture Violation [Priority: MEDIUM] - Rule &apos;Layered architecture consisting of
layer &apos;View&apos; (&apos;project.VIEW..&apos;)
layer &apos;Controller&apos; (&apos;project.CONTROLLER..&apos;)
layer &apos;Model&apos; (&apos;project.MODEL..&apos;)
layer &apos;Database&apos; (&apos;project.DAO..&apos;)
where layer &apos;Controller&apos; may not be accessed by any layer&apos; was violated (418 times):
Constructor &lt;project.VIEW.AccessoPortaleAmministratoreGUI.&lt;init&gt;(project.CONTROLLER.Controller)&gt; has parameter of type &lt;project.CONTROLLER.Controller&gt; in (AccessoPortaleAmministratoreGUI.java:0)
Constructor &lt;project.VIEW.AccessoPortaleAutoriGUI.&lt;init&gt;(project.CONTROLLER.Controller)&gt; has parameter of type &lt;project.CONTROLLER.Controller&gt; in (AccessoPortaleAutoriGUI.java:0)
Constructor &lt;project.VIEW.AggiungiAGerarchiaEsistenteDaModificaGUI.&lt;init&gt;(project.CONTROLLER.Controller, java.util.List, project.MODEL.Materiale)&gt; has parameter of type &lt;project.CONTROLLER.Controller&gt; in (AggiungiAGerarchiaEsistenteDaModificaGUI.java:0)
Constructor &lt;project.VIEW.AggiungiCategoriaAGerarchiaDaModificaGUI.&lt;init&gt;(project.CONTROLLER.Controller, project.MODEL.Materiale, project.MODEL.Categoria)&gt; has parameter of type &lt;project.CONTROLLER.Controller&gt; in (AggiungiCategoriaAGerarchiaDaModificaGUI.java:0)
Constructor &lt;project.VIEW.AggiungiCategoriaDaModificaGUI.&lt;init&gt;(project.CONTROLLER.Controller, project.MODEL.Materiale)&gt; has parameter of type &lt;project.CONTROLLER.Controller&gt; in (AggiungiCategoriaDaModificaGUI.java:0)
Constructor &lt;project.VIEW.AggiungiCategoriaEsistenteDaModificaGUI.&lt;init&gt;(project.CONTROLLER.Controller, java.util.List, project.MODEL.Materiale)&gt; has parameter of type &lt;project.CONTROLLER.Controller&gt; in (AggiungiCategoriaEsistenteDaModificaGUI.java:0)
Constructor &lt;project.VIEW.AggiungiCategoriaNuovaDaModificaGUI.&lt;init&gt;(project.CONTROLLER.Controller, project.MODEL.Materiale)&gt; has parameter of type &lt;project.CONTROLLER.Controller&gt; in (AggiungiCategoriaNuovaDaModificaGUI.java:0)
Constructor &lt;project.VIEW.AggiungiGerarchiaNuovaDaModificaGUI.&lt;init&gt;(project.CONTROLLER.Controller, project.MODEL.Materiale)&gt; has parameter of type &lt;project.CONTROLLER.Controller&gt; in (AggiungiGerarchiaNuovaDaModificaGUI.java:0)
Constructor &lt;project.VIEW.AggiuntaAGerarchiaEsistenteGUI.&lt;init&gt;(project.CONTROLLER.Controller, java.util.List, project.MODEL.Materiale)&gt; has parameter of type &lt;project.CONTROLLER.Controller&gt; in (AggiuntaAGerarchiaEsistenteGUI.java:0)
Constructor &lt;project.VIEW.AggiuntaCategoriaAGerarchiaGUI.&lt;init&gt;(project.CONTROLLER.Controller, project.MODEL.Materiale, project.MODEL.Categoria)&gt; has parameter of type &lt;project.CONTROLLER.Controller&gt; in (AggiuntaCategoriaAGerarchiaGUI.java:0)
Constructor &lt;project.VIEW.AggiuntaCategoriaEsistenteGUI.&lt;init&gt;(project.CONTROLLER.Controller, java.util.List, project.MODEL.Materiale)&gt; has parameter of type &lt;project.CONTROLLER.Controller&gt; in (AggiuntaCategoriaEsistenteGUI.java:0)
Constructor &lt;project.VIEW.AggiuntaCategoriaGUI.&lt;init&gt;(project.CONTROLLER.Controller, project.MODEL.Materiale)&gt; has parameter of type &lt;project.CONTROLLER.Controller&gt; in (AggiuntaCategoriaGUI.java:0)
Constructor &lt;project.VIEW.AggiuntaCategoriaNuovaGUI.&lt;init&gt;(project.CONTROLLER.Controller, project.MODEL.Materiale)&gt; has parameter of type &lt;project.CONTROLLER.Controller&gt; in (AggiuntaCategoriaNuovaGUI.java:0)
Constructor &lt;project.VIEW.AggiuntaCitazioneDaModificaGUI.&lt;init&gt;(project.CONTROLLER.Controller, java.util.List, project.MODEL.Materiale)&gt; has parameter of type &lt;project.CONTROLLER.Controller&gt; in (AggiuntaCitazioneDaModificaGUI.java:0)
Constructor &lt;project.VIEW.AggiuntaCitazioneGUI.&lt;init&gt;(project.CONTROLLER.Controller, java.util.List, project.MODEL.Materiale)&gt; has parameter of type &lt;project.CONTROLLER.Controller&gt; in (AggiuntaCitazioneGUI.java:0)
Constructor &lt;project.VIEW.AggiuntaGerarchiaNuovaGUI.&lt;init&gt;(project.CONTROLLER.Controller, project.MODEL.Materiale)&gt; has parameter of type &lt;project.CONTROLLER.Controller&gt; in (AggiuntaGerarchiaNuovaGUI.java:0)
Constructor &lt;project.VIEW.AggiuntaParolaChiaveGUI.&lt;init&gt;(project.CONTROLLER.Controller, project.MODEL.Materiale)&gt; has parameter of type &lt;project.CONTROLLER.Controller&gt; in (AggiuntaParolaChiaveGUI.java:0)
Constructor &lt;project.VIEW.HomeGUI.&lt;init&gt;(project.CONTROLLER.Controller)&gt; has parameter of type &lt;project.CONTROLLER.Controller&gt; in (HomeGUI.java:0)
Constructor &lt;project.VIEW.InserimentoArticoloSuConferenzaGUI.&lt;init&gt;(project.CONTROLLER.Controller)&gt; has parameter of type &lt;project.CONTROLLER.Controller&gt; in (InserimentoArticoloSuConferenzaGUI.java:0)
Constructor &lt;project.VIEW.InserimentoArticoloSuRivistaGUI.&lt;init&gt;(project.CONTROLLER.Controller)&gt; has parameter of type &lt;project.CONTROLLER.Controller&gt; in (InserimentoArticoloSuRivistaGUI.java:0)
Constructor &lt;project.VIEW.InserimentoDatasetGUI.&lt;init&gt;(project.CONTROLLER.Controller)&gt; has parameter of type &lt;project.CONTROLLER.Controller&gt; in (InserimentoDatasetGUI.java:0)
Constructor &lt;project.VIEW.InserimentoLibroGUI.&lt;init&gt;(project.CONTROLLER.Controller)&gt; has parameter of type &lt;project.CONTROLLER.Controller&gt; in (InserimentoLibroGUI.java:0)
Constructor &lt;project.VIEW.InserimentoRisorsaOnlineGUI.&lt;init&gt;(project.CONTROLLER.Controller)&gt; has parameter of type &lt;project.CONTROLLER.Controller&gt; in (InserimentoRisorsaOnlineGUI.java:0)
Constructor &lt;project.VIEW.InserisciMaterialeGUI.&lt;init&gt;(project.CONTROLLER.Controller)&gt; has parameter of type &lt;project.CONTROLLER.Controller&gt; in (InserisciMaterialeGUI.java:0)
Constructor &lt;project.VIEW.LibreriaGUI.&lt;init&gt;(project.CONTROLLER.Controller)&gt; has parameter of type &lt;project.CONTROLLER.Controller&gt; in (LibreriaGUI.java:0)
Constructor &lt;project.VIEW.ModificaArticoloSuConferenzaGUI.&lt;init&gt;(project.CONTROLLER.Controller, project.struttureDiAppoggio.RigaTabellaArticoloSuConferenza)&gt; has parameter of type &lt;project.CONTROLLER.Controller&gt; in (ModificaArticoloSuConferenzaGUI.java:0)
Constructor &lt;project.VIEW.ModificaArticoloSuRivistaGUI.&lt;init&gt;(project.CONTROLLER.Controller, project.struttureDiAppoggio.RigaTabellaArticoloSuRivista)&gt; has parameter of type &lt;project.CONTROLLER.Controller&gt; in (ModificaArticoloSuRivistaGUI.java:0)
Constructor &lt;project.VIEW.ModificaAutoreADMINGUI.&lt;init&gt;(project.CONTROLLER.Controller, project.MODEL.Autore)&gt; has parameter of type &lt;project.CONTROLLER.Controller&gt; in (ModificaAutoreADMINGUI.java:0)
Constructor &lt;project.VIEW.ModificaAutoriADMINGUI.&lt;init&gt;(project.CONTROLLER.Controller, java.util.List)&gt; has parameter of type &lt;project.CONTROLLER.Controller&gt; in (ModificaAutoriADMINGUI.java:0)
Constructor &lt;project.VIEW.ModificaCategorieGUI.&lt;init&gt;(project.CONTROLLER.Controller, java.util.List, project.MODEL.Materiale)&gt; has parameter of type &lt;project.CONTROLLER.Controller&gt; in (ModificaCategorieGUI.java:0)
Constructor &lt;project.VIEW.ModificaCitazioneGUI.&lt;init&gt;(project.CONTROLLER.Controller, java.util.List, project.MODEL.Materiale)&gt; has parameter of type &lt;project.CONTROLLER.Controller&gt; in (ModificaCitazioneGUI.java:0)
Constructor &lt;project.VIEW.ModificaDatasetGUI.&lt;init&gt;(project.CONTROLLER.Controller, project.struttureDiAppoggio.RigaTabellaDataset)&gt; has parameter of type &lt;project.CONTROLLER.Controller&gt; in (ModificaDatasetGUI.java:0)
Constructor &lt;project.VIEW.ModificaLibroGUI.&lt;init&gt;(project.CONTROLLER.Controller, project.struttureDiAppoggio.RigaTabellaLibro)&gt; has parameter of type &lt;project.CONTROLLER.Controller&gt; in (ModificaLibroGUI.java:0)
Constructor &lt;project.VIEW.ModificaMaterialeGUI.&lt;init&gt;(project.CONTROLLER.Controller, java.util.List)&gt; has parameter of type &lt;project.CONTROLLER.Controller&gt; in (ModificaMaterialeGUI.java:0)
Constructor &lt;project.VIEW.ModificaMaterialiADMINGUI.&lt;init&gt;(project.CONTROLLER.Controller, java.util.List)&gt; has parameter of type &lt;project.CONTROLLER.Controller&gt; in (ModificaMaterialiADMINGUI.java:0)
Constructor &lt;project.VIEW.ModificaParoleAssociateGUI.&lt;init&gt;(project.CONTROLLER.Controller, java.util.List, project.MODEL.Materiale)&gt; has parameter of type &lt;project.CONTROLLER.Controller&gt; in (ModificaParoleAssociateGUI.java:0)
Constructor &lt;project.VIEW.ModificaRisorsaOnlineGUI.&lt;init&gt;(project.CONTROLLER.Controller, project.struttureDiAppoggio.RigaTabellaRisorsaOnline)&gt; has parameter of type &lt;project.CONTROLLER.Controller&gt; in (ModificaRisorsaOnlineGUI.java:0)
Constructor &lt;project.VIEW.PortaleAmministratoreGUI.&lt;init&gt;(project.CONTROLLER.Controller)&gt; has parameter of type &lt;project.CONTROLLER.Controller&gt; in (PortaleAmministratoreGUI.java:0)
Constructor &lt;project.VIEW.PortaleAutoriGUI.&lt;init&gt;(project.CONTROLLER.Controller, project.MODEL.Autore)&gt; has parameter of type &lt;project.CONTROLLER.Controller&gt; in (PortaleAutoriGUI.java:0)
Constructor &lt;project.VIEW.RegistrazioneGUI.&lt;init&gt;(project.CONTROLLER.Controller)&gt; has parameter of type &lt;project.CONTROLLER.Controller&gt; in (RegistrazioneGUI.java:0)
Constructor &lt;project.VIEW.RicercaGUI.&lt;init&gt;(project.CONTROLLER.Controller)&gt; has parameter of type &lt;project.CONTROLLER.Controller&gt; in (RicercaGUI.java:0)
Constructor &lt;project.VIEW.VisualizzaArticoliSuConferenzaGUI.&lt;init&gt;(project.CONTROLLER.Controller, java.util.List)&gt; has parameter of type &lt;project.CONTROLLER.Controller&gt; in (VisualizzaArticoliSuConferenzaGUI.java:0)
Constructor &lt;project.VIEW.VisualizzaArticoliSuRivistaGUI.&lt;init&gt;(project.CONTROLLER.Controller, java.util.List)&gt; has parameter of type &lt;project.CONTROLLER.Controller&gt; in (VisualizzaArticoliSuRivistaGUI.java:0)
Constructor &lt;project.VIEW.VisualizzaCategorieGUI.&lt;init&gt;(project.CONTROLLER.Controller, java.util.List, java.lang.String)&gt; has parameter of type &lt;project.CONTROLLER.Controller&gt; in (VisualizzaCategorieGUI.java:0)
Constructor &lt;project.VIEW.VisualizzaCitazioniGUI.&lt;init&gt;(project.CONTROLLER.Controller, java.util.List, java.lang.String)&gt; has parameter of type &lt;project.CONTROLLER.Controller&gt; in (VisualizzaCitazioniGUI.java:0)
Constructor &lt;project.VIEW.VisualizzaDatasetGUI.&lt;init&gt;(project.CONTROLLER.Controller, java.util.List)&gt; has parameter of type &lt;project.CONTROLLER.Controller&gt; in (VisualizzaDatasetGUI.java:0)
Constructor &lt;project.VIEW.VisualizzaDettagliArticoloSuConferenzaGUI.&lt;init&gt;(project.CONTROLLER.Controller, project.struttureDiAppoggio.RigaTabellaArticoloSuConferenza)&gt; has parameter of type &lt;project.CONTROLLER.Controller&gt; in (VisualizzaDettagliArticoloSuConferenzaGUI.java:0)
Constructor &lt;project.VIEW.VisualizzaDettagliArticoloSuRivistaGUI.&lt;init&gt;(project.CONTROLLER.Controller, project.struttureDiAppoggio.RigaTabellaArticoloSuRivista)&gt; has parameter of type &lt;project.CONTROLLER.Controller&gt; in (VisualizzaDettagliArticoloSuRivistaGUI.java:0)
Constructor &lt;project.VIEW.VisualizzaDettagliDatasetGUI.&lt;init&gt;(project.CONTROLLER.Controller, project.struttureDiAppoggio.RigaTabellaDataset)&gt; has parameter of type &lt;project.CONTROLLER.Controller&gt; in (VisualizzaDettagliDatasetGUI.java:0)
Constructor &lt;project.VIEW.VisualizzaDettagliLibroGUI.&lt;init&gt;(project.CONTROLLER.Controller, project.struttureDiAppoggio.RigaTabellaLibro)&gt; has parameter of type &lt;project.CONTROLLER.Controller&gt; in (VisualizzaDettagliLibroGUI.java:0)
Constructor &lt;project.VIEW.VisualizzaDettagliRisorsaOnlineGUI.&lt;init&gt;(project.CONTROLLER.Controller, project.struttureDiAppoggio.RigaTabellaRisorsaOnline)&gt; has parameter of type &lt;project.CONTROLLER.Controller&gt; in (VisualizzaDettagliRisorsaOnlineGUI.java:0)
Constructor &lt;project.VIEW.VisualizzaLibreriaGUI.&lt;init&gt;(project.CONTROLLER.Controller, java.util.List)&gt; has parameter of type &lt;project.CONTROLLER.Controller&gt; in (VisualizzaLibreriaGUI.java:0)
Constructor &lt;project.VIEW.VisualizzaLibriGUI.&lt;init&gt;(project.CONTROLLER.Controller, java.util.List)&gt; has parameter of type &lt;project.CONTROLLER.Controller&gt; in (VisualizzaLibriGUI.java:0)
Constructor &lt;project.VIEW.VisualizzaParoleAssociateGUI.&lt;init&gt;(project.CONTROLLER.Controller, java.util.List, java.lang.String)&gt; has parameter of type &lt;project.CONTROLLER.Controller&gt; in (VisualizzaParoleAssociateGUI.java:0)
Constructor &lt;project.VIEW.VisualizzaRisorsaOnlineGUI.&lt;init&gt;(project.CONTROLLER.Controller, java.util.List)&gt; has parameter of type &lt;project.CONTROLLER.Controller&gt; in (VisualizzaRisorsaOnlineGUI.java:0)
Constructor &lt;project.VIEW.VisualizzaRisultatiGUI.&lt;init&gt;(project.CONTROLLER.Controller, java.util.List)&gt; has parameter of type &lt;project.CONTROLLER.Controller&gt; in (VisualizzaRisultatiGUI.java:0)
Field &lt;project.VIEW.AccessoPortaleAmministratoreGUI.controller&gt; has type &lt;project.CONTROLLER.Controller&gt; in (AccessoPortaleAmministratoreGUI.java:0)
Field &lt;project.VIEW.AccessoPortaleAutoriGUI.controller&gt; has type &lt;project.CONTROLLER.Controller&gt; in (AccessoPortaleAutoriGUI.java:0)
Field &lt;project.VIEW.AggiungiAGerarchiaEsistenteDaModificaGUI.controller&gt; has type &lt;project.CONTROLLER.Controller&gt; in (AggiungiAGerarchiaEsistenteDaModificaGUI.java:0)
Field &lt;project.VIEW.AggiungiCategoriaAGerarchiaDaModificaGUI.controller&gt; has type &lt;project.CONTROLLER.Controller&gt; in (AggiungiCategoriaAGerarchiaDaModificaGUI.java:0)
Field &lt;project.VIEW.AggiungiCategoriaDaModificaGUI.controller&gt; has type &lt;project.CONTROLLER.Controller&gt; in (AggiungiCategoriaDaModificaGUI.java:0)
Field &lt;project.VIEW.AggiungiCategoriaEsistenteDaModificaGUI.controller&gt; has type &lt;project.CONTROLLER.Controller&gt; in (AggiungiCategoriaEsistenteDaModificaGUI.java:0)
Field &lt;project.VIEW.AggiungiCategoriaNuovaDaModificaGUI.controller&gt; has type &lt;project.CONTROLLER.Controller&gt; in (AggiungiCategoriaNuovaDaModificaGUI.java:0)
Field &lt;project.VIEW.AggiungiGerarchiaNuovaDaModificaGUI.controller&gt; has type &lt;project.CONTROLLER.Controller&gt; in (AggiungiGerarchiaNuovaDaModificaGUI.java:0)
Field &lt;project.VIEW.AggiuntaAGerarchiaEsistenteGUI.controller&gt; has type &lt;project.CONTROLLER.Controller&gt; in (AggiuntaAGerarchiaEsistenteGUI.java:0)
Field &lt;project.VIEW.AggiuntaCategoriaAGerarchiaGUI.controller&gt; has type &lt;project.CONTROLLER.Controller&gt; in (AggiuntaCategoriaAGerarchiaGUI.java:0)
Field &lt;project.VIEW.AggiuntaCategoriaEsistenteGUI.controller&gt; has type &lt;project.CONTROLLER.Controller&gt; in (AggiuntaCategoriaEsistenteGUI.java:0)
Field &lt;project.VIEW.AggiuntaCategoriaGUI.controller&gt; has type &lt;project.CONTROLLER.Controller&gt; in (AggiuntaCategoriaGUI.java:0)
Field &lt;project.VIEW.AggiuntaCategoriaNuovaGUI.controller&gt; has type &lt;project.CONTROLLER.Controller&gt; in (AggiuntaCategoriaNuovaGUI.java:0)
Field &lt;project.VIEW.AggiuntaCitazioneDaModificaGUI.controller&gt; has type &lt;project.CONTROLLER.Controller&gt; in (AggiuntaCitazioneDaModificaGUI.java:0)
Field &lt;project.VIEW.AggiuntaCitazioneGUI.controller&gt; has type &lt;project.CONTROLLER.Controller&gt; in (AggiuntaCitazioneGUI.java:0)
Field &lt;project.VIEW.AggiuntaGerarchiaNuovaGUI.controller&gt; has type &lt;project.CONTROLLER.Controller&gt; in (AggiuntaGerarchiaNuovaGUI.java:0)
Field &lt;project.VIEW.AggiuntaParolaChiaveGUI.controller&gt; has type &lt;project.CONTROLLER.Controller&gt; in (AggiuntaParolaChiaveGUI.java:0)
Field &lt;project.VIEW.HomeGUI.controller&gt; has type &lt;project.CONTROLLER.Controller&gt; in (HomeGUI.java:0)
Field &lt;project.VIEW.InserimentoArticoloSuConferenzaGUI.controller&gt; has type &lt;project.CONTROLLER.Controller&gt; in (InserimentoArticoloSuConferenzaGUI.java:0)
Field &lt;project.VIEW.InserimentoArticoloSuRivistaGUI.controller&gt; has type &lt;project.CONTROLLER.Controller&gt; in (InserimentoArticoloSuRivistaGUI.java:0)
Field &lt;project.VIEW.InserimentoDatasetGUI.controller&gt; has type &lt;project.CONTROLLER.Controller&gt; in (InserimentoDatasetGUI.java:0)
Field &lt;project.VIEW.InserimentoLibroGUI.controller&gt; has type &lt;project.CONTROLLER.Controller&gt; in (InserimentoLibroGUI.java:0)
Field &lt;project.VIEW.InserimentoRisorsaOnlineGUI.controller&gt; has type &lt;project.CONTROLLER.Controller&gt; in (InserimentoRisorsaOnlineGUI.java:0)
Field &lt;project.VIEW.InserisciMaterialeGUI.controller&gt; has type &lt;project.CONTROLLER.Controller&gt; in (InserisciMaterialeGUI.java:0)
Field &lt;project.VIEW.LibreriaGUI.controller&gt; has type &lt;project.CONTROLLER.Controller&gt; in (LibreriaGUI.java:0)
Field &lt;project.VIEW.ModificaArticoloSuConferenzaGUI.controller&gt; has type &lt;project.CONTROLLER.Controller&gt; in (ModificaArticoloSuConferenzaGUI.java:0)
Field &lt;project.VIEW.ModificaArticoloSuRivistaGUI.controller&gt; has type &lt;project.CONTROLLER.Controller&gt; in (ModificaArticoloSuRivistaGUI.java:0)
Field &lt;project.VIEW.ModificaAutoreADMINGUI.controller&gt; has type &lt;project.CONTROLLER.Controller&gt; in (ModificaAutoreADMINGUI.java:0)
Field &lt;project.VIEW.ModificaAutoriADMINGUI.controller&gt; has type &lt;project.CONTROLLER.Controller&gt; in (ModificaAutoriADMINGUI.java:0)
Field &lt;project.VIEW.ModificaCategorieGUI.controller&gt; has type &lt;project.CONTROLLER.Controller&gt; in (ModificaCategorieGUI.java:0)
Field &lt;project.VIEW.ModificaCitazioneGUI.controller&gt; has type &lt;project.CONTROLLER.Controller&gt; in (ModificaCitazioneGUI.java:0)
Field &lt;project.VIEW.ModificaDatasetGUI.controller&gt; has type &lt;project.CONTROLLER.Controller&gt; in (ModificaDatasetGUI.java:0)
Field &lt;project.VIEW.ModificaLibroGUI.controller&gt; has type &lt;project.CONTROLLER.Controller&gt; in (ModificaLibroGUI.java:0)
Field &lt;project.VIEW.ModificaMaterialeGUI.controller&gt; has type &lt;project.CONTROLLER.Controller&gt; in (ModificaMaterialeGUI.java:0)
Field &lt;project.VIEW.ModificaMaterialiADMINGUI.controller&gt; has type &lt;project.CONTROLLER.Controller&gt; in (ModificaMaterialiADMINGUI.java:0)
Field &lt;project.VIEW.ModificaParoleAssociateGUI.controller&gt; has type &lt;project.CONTROLLER.Controller&gt; in (ModificaParoleAssociateGUI.java:0)
Field &lt;project.VIEW.ModificaRisorsaOnlineGUI.controller&gt; has type &lt;project.CONTROLLER.Controller&gt; in (ModificaRisorsaOnlineGUI.java:0)
Field &lt;project.VIEW.PortaleAmministratoreGUI.controller&gt; has type &lt;project.CONTROLLER.Controller&gt; in (PortaleAmministratoreGUI.java:0)
Field &lt;project.VIEW.PortaleAutoriGUI.controller&gt; has type &lt;project.CONTROLLER.Controller&gt; in (PortaleAutoriGUI.java:0)
Field &lt;project.VIEW.RegistrazioneGUI.controller&gt; has type &lt;project.CONTROLLER.Controller&gt; in (RegistrazioneGUI.java:0)
Field &lt;project.VIEW.RicercaGUI.controller&gt; has type &lt;project.CONTROLLER.Controller&gt; in (RicercaGUI.java:0)
Field &lt;project.VIEW.VisualizzaArticoliSuConferenzaGUI.controller&gt; has type &lt;project.CONTROLLER.Controller&gt; in (VisualizzaArticoliSuConferenzaGUI.java:0)
Field &lt;project.VIEW.VisualizzaArticoliSuRivistaGUI.controller&gt; has type &lt;project.CONTROLLER.Controller&gt; in (VisualizzaArticoliSuRivistaGUI.java:0)
Field &lt;project.VIEW.VisualizzaCategorieGUI.controller&gt; has type &lt;project.CONTROLLER.Controller&gt; in (VisualizzaCategorieGUI.java:0)
Field &lt;project.VIEW.VisualizzaCitazioniGUI.controller&gt; has type &lt;project.CONTROLLER.Controller&gt; in (VisualizzaCitazioniGUI.java:0)
Field &lt;project.VIEW.VisualizzaDatasetGUI.controller&gt; has type &lt;project.CONTROLLER.Controller&gt; in (VisualizzaDatasetGUI.java:0)
Field &lt;project.VIEW.VisualizzaDettagliArticoloSuConferenzaGUI.controller&gt; has type &lt;project.CONTROLLER.Controller&gt; in (VisualizzaDettagliArticoloSuConferenzaGUI.java:0)
Field &lt;project.VIEW.VisualizzaDettagliArticoloSuRivistaGUI.controller&gt; has type &lt;project.CONTROLLER.Controller&gt; in (VisualizzaDettagliArticoloSuRivistaGUI.java:0)
Field &lt;project.VIEW.VisualizzaDettagliDatasetGUI.controller&gt; has type &lt;project.CONTROLLER.Controller&gt; in (VisualizzaDettagliDatasetGUI.java:0)
Field &lt;project.VIEW.VisualizzaDettagliLibroGUI.controller&gt; has type &lt;project.CONTROLLER.Controller&gt; in (VisualizzaDettagliLibroGUI.java:0)
Field &lt;project.VIEW.VisualizzaDettagliRisorsaOnlineGUI.controller&gt; has type &lt;project.CONTROLLER.Controller&gt; in (VisualizzaDettagliRisorsaOnlineGUI.java:0)
Field &lt;project.VIEW.VisualizzaLibreriaGUI.controller&gt; has type &lt;project.CONTROLLER.Controller&gt; in (VisualizzaLibreriaGUI.java:0)
Field &lt;project.VIEW.VisualizzaLibriGUI.controller&gt; has type &lt;project.CONTROLLER.Controller&gt; in (VisualizzaLibriGUI.java:0)
Field &lt;project.VIEW.VisualizzaParoleAssociateGUI.controller&gt; has type &lt;project.CONTROLLER.Controller&gt; in (VisualizzaParoleAssociateGUI.java:0)
Field &lt;project.VIEW.VisualizzaRisorsaOnlineGUI.controller&gt; has type &lt;project.CONTROLLER.Controller&gt; in (VisualizzaRisorsaOnlineGUI.java:0)
Field &lt;project.VIEW.VisualizzaRisultatiGUI.controller&gt; has type &lt;project.CONTROLLER.Controller&gt; in (VisualizzaRisultatiGUI.java:0)
Method &lt;project.VIEW.AccessoPortaleAmministratoreGUI$1.loginAmministrazione()&gt; calls method &lt;project.CONTROLLER.Controller.loginAmministratore(java.lang.String, java.lang.String)&gt; in (AccessoPortaleAmministratoreGUI.java:66)
Method &lt;project.VIEW.AccessoPortaleAmministratoreGUI$3.actionPerformed(java.awt.event.ActionEvent)&gt; calls method &lt;project.CONTROLLER.Controller.openHome()&gt; in (AccessoPortaleAmministratoreGUI.java:116)
Method &lt;project.VIEW.AccessoPortaleAutoriGUI$1.loginAutore()&gt; calls method &lt;project.CONTROLLER.Controller.loginAutore(java.lang.String, java.lang.String)&gt; in (AccessoPortaleAutoriGUI.java:66)
Method &lt;project.VIEW.AccessoPortaleAutoriGUI$2.actionPerformed(java.awt.event.ActionEvent)&gt; calls method &lt;project.CONTROLLER.Controller.openRegistrazione()&gt; in (AccessoPortaleAutoriGUI.java:98)
Method &lt;project.VIEW.AccessoPortaleAutoriGUI$4.actionPerformed(java.awt.event.ActionEvent)&gt; calls method &lt;project.CONTROLLER.Controller.openHome()&gt; in (AccessoPortaleAutoriGUI.java:134)
Method &lt;project.VIEW.AggiungiAGerarchiaEsistenteDaModificaGUI$1.actionPerformed(java.awt.event.ActionEvent)&gt; calls method &lt;project.CONTROLLER.Controller.openAggiungiCategoriaAGerarchiaDaModifica(project.MODEL.Materiale, project.MODEL.Categoria)&gt; in (AggiungiAGerarchiaEsistenteDaModificaGUI.java:95)
Method &lt;project.VIEW.AggiungiAGerarchiaEsistenteDaModificaGUI$1.actionPerformed(java.awt.event.ActionEvent)&gt; calls method &lt;project.CONTROLLER.Controller.openDialog(java.lang.String)&gt; in (AggiungiAGerarchiaEsistenteDaModificaGUI.java:101)
Method &lt;project.VIEW.AggiungiAGerarchiaEsistenteDaModificaGUI$2.actionPerformed(java.awt.event.ActionEvent)&gt; calls method &lt;project.CONTROLLER.Controller.openAggiungiCategoriaDaModifica(project.MODEL.Materiale)&gt; in (AggiungiAGerarchiaEsistenteDaModificaGUI.java:114)
Method &lt;project.VIEW.AggiungiCategoriaAGerarchiaDaModificaGUI$1.actionPerformed(java.awt.event.ActionEvent)&gt; calls method &lt;project.CONTROLLER.Controller.associaCategoriaAGerarchia(project.MODEL.Materiale, project.MODEL.Categoria)&gt; in (AggiungiCategoriaAGerarchiaDaModificaGUI.java:84)
Method &lt;project.VIEW.AggiungiCategoriaAGerarchiaDaModificaGUI$1.actionPerformed(java.awt.event.ActionEvent)&gt; calls method &lt;project.CONTROLLER.Controller.openDialog(java.lang.String)&gt; in (AggiungiCategoriaAGerarchiaDaModificaGUI.java:78)
Method &lt;project.VIEW.AggiungiCategoriaAGerarchiaDaModificaGUI$1.actionPerformed(java.awt.event.ActionEvent)&gt; calls method &lt;project.CONTROLLER.Controller.openDialog(java.lang.String)&gt; in (AggiungiCategoriaAGerarchiaDaModificaGUI.java:87)
Method &lt;project.VIEW.AggiungiCategoriaAGerarchiaDaModificaGUI$1.actionPerformed(java.awt.event.ActionEvent)&gt; calls method &lt;project.CONTROLLER.Controller.openDialog(java.lang.String)&gt; in (AggiungiCategoriaAGerarchiaDaModificaGUI.java:90)
Method &lt;project.VIEW.AggiungiCategoriaAGerarchiaDaModificaGUI$2.actionPerformed(java.awt.event.ActionEvent)&gt; calls method &lt;project.CONTROLLER.Controller.openModificaCategorie(project.MODEL.Materiale)&gt; in (AggiungiCategoriaAGerarchiaDaModificaGUI.java:118)
Method &lt;project.VIEW.AggiungiCategoriaAGerarchiaDaModificaGUI$3.actionPerformed(java.awt.event.ActionEvent)&gt; calls method &lt;project.CONTROLLER.Controller.openAggiuntaAGerarchiaEsistenteDaModifica(project.MODEL.Materiale)&gt; in (AggiungiCategoriaAGerarchiaDaModificaGUI.java:136)
Method &lt;project.VIEW.AggiungiCategoriaDaModificaGUI$1.actionPerformed(java.awt.event.ActionEvent)&gt; calls method &lt;project.CONTROLLER.Controller.openAggiungiCategoriaNuovaDaModifica(project.MODEL.Materiale)&gt; in (AggiungiCategoriaDaModificaGUI.java:52)
Method &lt;project.VIEW.AggiungiCategoriaDaModificaGUI$2.actionPerformed(java.awt.event.ActionEvent)&gt; calls method &lt;project.CONTROLLER.Controller.openAggiungiCategoriaEsistenteDaModifica(project.MODEL.Materiale)&gt; in (AggiungiCategoriaDaModificaGUI.java:63)
Method &lt;project.VIEW.AggiungiCategoriaDaModificaGUI$3.actionPerformed(java.awt.event.ActionEvent)&gt; calls method &lt;project.CONTROLLER.Controller.openModificaCategorie(project.MODEL.Materiale)&gt; in (AggiungiCategoriaDaModificaGUI.java:77)
Method &lt;project.VIEW.AggiungiCategoriaEsistenteDaModificaGUI$1.actionPerformed(java.awt.event.ActionEvent)&gt; calls method &lt;project.CONTROLLER.Controller.associaCategoriaEsistente(project.MODEL.Materiale, project.MODEL.Categoria)&gt; in (AggiungiCategoriaEsistenteDaModificaGUI.java:97)
Method &lt;project.VIEW.AggiungiCategoriaEsistenteDaModificaGUI$1.actionPerformed(java.awt.event.ActionEvent)&gt; calls method &lt;project.CONTROLLER.Controller.openDialog(java.lang.String)&gt; in (AggiungiCategoriaEsistenteDaModificaGUI.java:103)
Method &lt;project.VIEW.AggiungiCategoriaEsistenteDaModificaGUI$2.actionPerformed(java.awt.event.ActionEvent)&gt; calls method &lt;project.CONTROLLER.Controller.openAggiungiCategoriaDaModifica(project.MODEL.Materiale)&gt; in (AggiungiCategoriaEsistenteDaModificaGUI.java:116)
Method &lt;project.VIEW.AggiungiCategoriaNuovaDaModificaGUI$1.actionPerformed(java.awt.event.ActionEvent)&gt; calls method &lt;project.CONTROLLER.Controller.openAggiuntaGerarchiaNuovaDaModifica(project.MODEL.Materiale)&gt; in (AggiungiCategoriaNuovaDaModificaGUI.java:55)
Method &lt;project.VIEW.AggiungiCategoriaNuovaDaModificaGUI$2.actionPerformed(java.awt.event.ActionEvent)&gt; calls method &lt;project.CONTROLLER.Controller.openAggiuntaAGerarchiaEsistenteDaModifica(project.MODEL.Materiale)&gt; in (AggiungiCategoriaNuovaDaModificaGUI.java:66)
Method &lt;project.VIEW.AggiungiGerarchiaNuovaDaModificaGUI$1.actionPerformed(java.awt.event.ActionEvent)&gt; calls method &lt;project.CONTROLLER.Controller.associaCategoria(project.MODEL.Materiale, project.MODEL.Categoria)&gt; in (AggiungiGerarchiaNuovaDaModificaGUI.java:83)
Method &lt;project.VIEW.AggiungiGerarchiaNuovaDaModificaGUI$1.actionPerformed(java.awt.event.ActionEvent)&gt; calls method &lt;project.CONTROLLER.Controller.openDialog(java.lang.String)&gt; in (AggiungiGerarchiaNuovaDaModificaGUI.java:78)
Method &lt;project.VIEW.AggiungiGerarchiaNuovaDaModificaGUI$1.actionPerformed(java.awt.event.ActionEvent)&gt; calls method &lt;project.CONTROLLER.Controller.openDialog(java.lang.String)&gt; in (AggiungiGerarchiaNuovaDaModificaGUI.java:86)
Method &lt;project.VIEW.AggiungiGerarchiaNuovaDaModificaGUI$1.actionPerformed(java.awt.event.ActionEvent)&gt; calls method &lt;project.CONTROLLER.Controller.openDialog(java.lang.String)&gt; in (AggiungiGerarchiaNuovaDaModificaGUI.java:89)
Method &lt;project.VIEW.AggiungiGerarchiaNuovaDaModificaGUI$2.actionPerformed(java.awt.event.ActionEvent)&gt; calls method &lt;project.CONTROLLER.Controller.openAggiungiCategoriaDaModifica(project.MODEL.Materiale)&gt; in (AggiungiGerarchiaNuovaDaModificaGUI.java:123)
Method &lt;project.VIEW.AggiuntaAGerarchiaEsistenteGUI$1.actionPerformed(java.awt.event.ActionEvent)&gt; calls method &lt;project.CONTROLLER.Controller.openAggiuntaCategoriaAGerarchia(project.MODEL.Materiale, project.MODEL.Categoria)&gt; in (AggiuntaAGerarchiaEsistenteGUI.java:95)
Method &lt;project.VIEW.AggiuntaAGerarchiaEsistenteGUI$1.actionPerformed(java.awt.event.ActionEvent)&gt; calls method &lt;project.CONTROLLER.Controller.openDialog(java.lang.String)&gt; in (AggiuntaAGerarchiaEsistenteGUI.java:101)
Method &lt;project.VIEW.AggiuntaAGerarchiaEsistenteGUI$2.actionPerformed(java.awt.event.ActionEvent)&gt; calls method &lt;project.CONTROLLER.Controller.openAggiuntaCategoria(project.MODEL.Materiale)&gt; in (AggiuntaAGerarchiaEsistenteGUI.java:114)
Method &lt;project.VIEW.AggiuntaCategoriaAGerarchiaGUI$1.actionPerformed(java.awt.event.ActionEvent)&gt; calls method &lt;project.CONTROLLER.Controller.associaCategoriaAGerarchia(project.MODEL.Materiale, project.MODEL.Categoria)&gt; in (AggiuntaCategoriaAGerarchiaGUI.java:84)
Method &lt;project.VIEW.AggiuntaCategoriaAGerarchiaGUI$1.actionPerformed(java.awt.event.ActionEvent)&gt; calls method &lt;project.CONTROLLER.Controller.openDialog(java.lang.String)&gt; in (AggiuntaCategoriaAGerarchiaGUI.java:78)
Method &lt;project.VIEW.AggiuntaCategoriaAGerarchiaGUI$1.actionPerformed(java.awt.event.ActionEvent)&gt; calls method &lt;project.CONTROLLER.Controller.openDialog(java.lang.String)&gt; in (AggiuntaCategoriaAGerarchiaGUI.java:87)
Method &lt;project.VIEW.AggiuntaCategoriaAGerarchiaGUI$1.actionPerformed(java.awt.event.ActionEvent)&gt; calls method &lt;project.CONTROLLER.Controller.openDialog(java.lang.String)&gt; in (AggiuntaCategoriaAGerarchiaGUI.java:90)
Method &lt;project.VIEW.AggiuntaCategoriaAGerarchiaGUI$2.actionPerformed(java.awt.event.ActionEvent)&gt; calls method &lt;project.CONTROLLER.Controller.returnToPortaleAutori()&gt; in (AggiuntaCategoriaAGerarchiaGUI.java:117)
Method &lt;project.VIEW.AggiuntaCategoriaAGerarchiaGUI$3.actionPerformed(java.awt.event.ActionEvent)&gt; calls method &lt;project.CONTROLLER.Controller.openAggiuntaAGerarchiaEsistente(project.MODEL.Materiale)&gt; in (AggiuntaCategoriaAGerarchiaGUI.java:135)
Method &lt;project.VIEW.AggiuntaCategoriaEsistenteGUI$1.actionPerformed(java.awt.event.ActionEvent)&gt; calls method &lt;project.CONTROLLER.Controller.associaCategoriaEsistente(project.MODEL.Materiale, project.MODEL.Categoria)&gt; in (AggiuntaCategoriaEsistenteGUI.java:97)
Method &lt;project.VIEW.AggiuntaCategoriaEsistenteGUI$1.actionPerformed(java.awt.event.ActionEvent)&gt; calls method &lt;project.CONTROLLER.Controller.openDialog(java.lang.String)&gt; in (AggiuntaCategoriaEsistenteGUI.java:103)
Method &lt;project.VIEW.AggiuntaCategoriaEsistenteGUI$2.actionPerformed(java.awt.event.ActionEvent)&gt; calls method &lt;project.CONTROLLER.Controller.openAggiuntaCategoria(project.MODEL.Materiale)&gt; in (AggiuntaCategoriaEsistenteGUI.java:116)
Method &lt;project.VIEW.AggiuntaCategoriaGUI$1.actionPerformed(java.awt.event.ActionEvent)&gt; calls method &lt;project.CONTROLLER.Controller.openAggiuntaCategoriaNuova(project.MODEL.Materiale)&gt; in (AggiuntaCategoriaGUI.java:50)
Method &lt;project.VIEW.AggiuntaCategoriaGUI$2.actionPerformed(java.awt.event.ActionEvent)&gt; calls method &lt;project.CONTROLLER.Controller.openAggiungiCategoriaEsistente(project.MODEL.Materiale)&gt; in (AggiuntaCategoriaGUI.java:61)
Method &lt;project.VIEW.AggiuntaCategoriaGUI$3.actionPerformed(java.awt.event.ActionEvent)&gt; calls method &lt;project.CONTROLLER.Controller.chiediCitazioni(project.MODEL.Materiale)&gt; in (AggiuntaCategoriaGUI.java:74)
Method &lt;project.VIEW.AggiuntaCategoriaNuovaGUI$1.actionPerformed(java.awt.event.ActionEvent)&gt; calls method &lt;project.CONTROLLER.Controller.openAggiuntaGerarchiaNuova(project.MODEL.Materiale)&gt; in (AggiuntaCategoriaNuovaGUI.java:55)
Method &lt;project.VIEW.AggiuntaCategoriaNuovaGUI$2.actionPerformed(java.awt.event.ActionEvent)&gt; calls method &lt;project.CONTROLLER.Controller.openAggiuntaAGerarchiaEsistente(project.MODEL.Materiale)&gt; in (AggiuntaCategoriaNuovaGUI.java:66)
Method &lt;project.VIEW.AggiuntaCitazioneDaModificaGUI$1.actionPerformed(java.awt.event.ActionEvent)&gt; calls method &lt;project.CONTROLLER.Controller.aggiungiCitazione(project.MODEL.Citazione)&gt; in (AggiuntaCitazioneDaModificaGUI.java:101)
Method &lt;project.VIEW.AggiuntaCitazioneDaModificaGUI$1.actionPerformed(java.awt.event.ActionEvent)&gt; calls method &lt;project.CONTROLLER.Controller.openDialog(java.lang.String)&gt; in (AggiuntaCitazioneDaModificaGUI.java:107)
Method &lt;project.VIEW.AggiuntaCitazioneDaModificaGUI$1.actionPerformed(java.awt.event.ActionEvent)&gt; calls method &lt;project.CONTROLLER.Controller.openDialog(java.lang.String)&gt; in (AggiuntaCitazioneDaModificaGUI.java:112)
Method &lt;project.VIEW.AggiuntaCitazioneDaModificaGUI$1.actionPerformed(java.awt.event.ActionEvent)&gt; calls method &lt;project.CONTROLLER.Controller.openDialog(java.lang.String)&gt; in (AggiuntaCitazioneDaModificaGUI.java:91)
Method &lt;project.VIEW.AggiuntaCitazioneDaModificaGUI$2.actionPerformed(java.awt.event.ActionEvent)&gt; calls method &lt;project.CONTROLLER.Controller.openModificaCitazioni(project.MODEL.Materiale)&gt; in (AggiuntaCitazioneDaModificaGUI.java:127)
Method &lt;project.VIEW.AggiuntaCitazioneGUI$1.actionPerformed(java.awt.event.ActionEvent)&gt; calls method &lt;project.CONTROLLER.Controller.aggiungiCitazione(project.MODEL.Citazione)&gt; in (AggiuntaCitazioneGUI.java:101)
Method &lt;project.VIEW.AggiuntaCitazioneGUI$1.actionPerformed(java.awt.event.ActionEvent)&gt; calls method &lt;project.CONTROLLER.Controller.openDialog(java.lang.String)&gt; in (AggiuntaCitazioneGUI.java:107)
Method &lt;project.VIEW.AggiuntaCitazioneGUI$1.actionPerformed(java.awt.event.ActionEvent)&gt; calls method &lt;project.CONTROLLER.Controller.openDialog(java.lang.String)&gt; in (AggiuntaCitazioneGUI.java:112)
Method &lt;project.VIEW.AggiuntaCitazioneGUI$1.actionPerformed(java.awt.event.ActionEvent)&gt; calls method &lt;project.CONTROLLER.Controller.openDialog(java.lang.String)&gt; in (AggiuntaCitazioneGUI.java:91)
Method &lt;project.VIEW.AggiuntaCitazioneGUI$2.actionPerformed(java.awt.event.ActionEvent)&gt; calls method &lt;project.CONTROLLER.Controller.returnToPortaleAutori()&gt; in (AggiuntaCitazioneGUI.java:127)
Method &lt;project.VIEW.AggiuntaGerarchiaNuovaGUI$1.actionPerformed(java.awt.event.ActionEvent)&gt; calls method &lt;project.CONTROLLER.Controller.associaCategoria(project.MODEL.Materiale, project.MODEL.Categoria)&gt; in (AggiuntaGerarchiaNuovaGUI.java:83)
Method &lt;project.VIEW.AggiuntaGerarchiaNuovaGUI$1.actionPerformed(java.awt.event.ActionEvent)&gt; calls method &lt;project.CONTROLLER.Controller.openDialog(java.lang.String)&gt; in (AggiuntaGerarchiaNuovaGUI.java:78)
Method &lt;project.VIEW.AggiuntaGerarchiaNuovaGUI$1.actionPerformed(java.awt.event.ActionEvent)&gt; calls method &lt;project.CONTROLLER.Controller.openDialog(java.lang.String)&gt; in (AggiuntaGerarchiaNuovaGUI.java:86)
Method &lt;project.VIEW.AggiuntaGerarchiaNuovaGUI$1.actionPerformed(java.awt.event.ActionEvent)&gt; calls method &lt;project.CONTROLLER.Controller.openDialog(java.lang.String)&gt; in (AggiuntaGerarchiaNuovaGUI.java:89)
Method &lt;project.VIEW.AggiuntaGerarchiaNuovaGUI$2.actionPerformed(java.awt.event.ActionEvent)&gt; calls method &lt;project.CONTROLLER.Controller.openAggiuntaCategoria(project.MODEL.Materiale)&gt; in (AggiuntaGerarchiaNuovaGUI.java:122)
Method &lt;project.VIEW.AggiuntaParolaChiaveGUI$1.actionPerformed(java.awt.event.ActionEvent)&gt; calls method &lt;project.CONTROLLER.Controller.associaParola(project.MODEL.Materiale, project.MODEL.ParolaChiave)&gt; in (AggiuntaParolaChiaveGUI.java:76)
Method &lt;project.VIEW.AggiuntaParolaChiaveGUI$1.actionPerformed(java.awt.event.ActionEvent)&gt; calls method &lt;project.CONTROLLER.Controller.openDialog(java.lang.String)&gt; in (AggiuntaParolaChiaveGUI.java:72)
Method &lt;project.VIEW.AggiuntaParolaChiaveGUI$1.actionPerformed(java.awt.event.ActionEvent)&gt; calls method &lt;project.CONTROLLER.Controller.openDialog(java.lang.String)&gt; in (AggiuntaParolaChiaveGUI.java:79)
Method &lt;project.VIEW.AggiuntaParolaChiaveGUI$2.actionPerformed(java.awt.event.ActionEvent)&gt; calls method &lt;project.CONTROLLER.Controller.chiediCategoria(project.MODEL.Materiale)&gt; in (AggiuntaParolaChiaveGUI.java:95)
Method &lt;project.VIEW.HomeGUI$1.actionPerformed(java.awt.event.ActionEvent)&gt; calls method &lt;project.CONTROLLER.Controller.openLibreria()&gt; in (HomeGUI.java:53)
Method &lt;project.VIEW.HomeGUI$2.actionPerformed(java.awt.event.ActionEvent)&gt; calls method &lt;project.CONTROLLER.Controller.openAccessoPortaleAutori()&gt; in (HomeGUI.java:63)
Method &lt;project.VIEW.HomeGUI$3.actionPerformed(java.awt.event.ActionEvent)&gt; calls method &lt;project.CONTROLLER.Controller.openAccessoPortaleAmministratore()&gt; in (HomeGUI.java:74)
Method &lt;project.VIEW.InserimentoArticoloSuConferenzaGUI$1.actionPerformed(java.awt.event.ActionEvent)&gt; calls method &lt;project.CONTROLLER.Controller.chiediParolaChiave(project.MODEL.Materiale)&gt; in (InserimentoArticoloSuConferenzaGUI.java:298)
Method &lt;project.VIEW.InserimentoArticoloSuConferenzaGUI$1.actionPerformed(java.awt.event.ActionEvent)&gt; calls method &lt;project.CONTROLLER.Controller.getAutore()&gt; in (InserimentoArticoloSuConferenzaGUI.java:297)
Method &lt;project.VIEW.InserimentoArticoloSuConferenzaGUI$1.actionPerformed(java.awt.event.ActionEvent)&gt; calls method &lt;project.CONTROLLER.Controller.inserisciArticoloSuConferenza(project.MODEL.ArticoloSuConferenza)&gt; in (InserimentoArticoloSuConferenzaGUI.java:296)
Method &lt;project.VIEW.InserimentoArticoloSuConferenzaGUI$1.actionPerformed(java.awt.event.ActionEvent)&gt; calls method &lt;project.CONTROLLER.Controller.inserisciPubblicazione(java.lang.String, java.lang.String, java.util.Date)&gt; in (InserimentoArticoloSuConferenzaGUI.java:297)
Method &lt;project.VIEW.InserimentoArticoloSuConferenzaGUI$1.actionPerformed(java.awt.event.ActionEvent)&gt; calls method &lt;project.CONTROLLER.Controller.openDialog(java.lang.String)&gt; in (InserimentoArticoloSuConferenzaGUI.java:305)
Method &lt;project.VIEW.InserimentoArticoloSuConferenzaGUI$2.actionPerformed(java.awt.event.ActionEvent)&gt; calls method &lt;project.CONTROLLER.Controller.openInsesciMaterialeGUI()&gt; in (InserimentoArticoloSuConferenzaGUI.java:329)
Method &lt;project.VIEW.InserimentoArticoloSuRivistaGUI$1.actionPerformed(java.awt.event.ActionEvent)&gt; calls method &lt;project.CONTROLLER.Controller.chiediParolaChiave(project.MODEL.Materiale)&gt; in (InserimentoArticoloSuRivistaGUI.java:279)
Method &lt;project.VIEW.InserimentoArticoloSuRivistaGUI$1.actionPerformed(java.awt.event.ActionEvent)&gt; calls method &lt;project.CONTROLLER.Controller.getAutore()&gt; in (InserimentoArticoloSuRivistaGUI.java:278)
Method &lt;project.VIEW.InserimentoArticoloSuRivistaGUI$1.actionPerformed(java.awt.event.ActionEvent)&gt; calls method &lt;project.CONTROLLER.Controller.inserisciArticoloSuRivista(project.MODEL.ArticoloSuRivista)&gt; in (InserimentoArticoloSuRivistaGUI.java:277)
Method &lt;project.VIEW.InserimentoArticoloSuRivistaGUI$1.actionPerformed(java.awt.event.ActionEvent)&gt; calls method &lt;project.CONTROLLER.Controller.inserisciPubblicazione(java.lang.String, java.lang.String, java.util.Date)&gt; in (InserimentoArticoloSuRivistaGUI.java:278)
Method &lt;project.VIEW.InserimentoArticoloSuRivistaGUI$1.actionPerformed(java.awt.event.ActionEvent)&gt; calls method &lt;project.CONTROLLER.Controller.openDialog(java.lang.String)&gt; in (InserimentoArticoloSuRivistaGUI.java:286)
Method &lt;project.VIEW.InserimentoArticoloSuRivistaGUI$2.actionPerformed(java.awt.event.ActionEvent)&gt; calls method &lt;project.CONTROLLER.Controller.openInsesciMaterialeGUI()&gt; in (InserimentoArticoloSuRivistaGUI.java:331)
Method &lt;project.VIEW.InserimentoDatasetGUI$1.inserisciDataset(javax.swing.JSpinner, javax.swing.JSpinner, javax.swing.JTextArea, com.toedter.calendar.JDateChooser)&gt; calls method &lt;project.CONTROLLER.Controller.chiediParolaChiave(project.MODEL.Materiale)&gt; in (InserimentoDatasetGUI.java:223)
Method &lt;project.VIEW.InserimentoDatasetGUI$1.inserisciDataset(javax.swing.JSpinner, javax.swing.JSpinner, javax.swing.JTextArea, com.toedter.calendar.JDateChooser)&gt; calls method &lt;project.CONTROLLER.Controller.getAutore()&gt; in (InserimentoDatasetGUI.java:222)
Method &lt;project.VIEW.InserimentoDatasetGUI$1.inserisciDataset(javax.swing.JSpinner, javax.swing.JSpinner, javax.swing.JTextArea, com.toedter.calendar.JDateChooser)&gt; calls method &lt;project.CONTROLLER.Controller.inserisciDataset(project.MODEL.Dataset)&gt; in (InserimentoDatasetGUI.java:221)
Method &lt;project.VIEW.InserimentoDatasetGUI$1.inserisciDataset(javax.swing.JSpinner, javax.swing.JSpinner, javax.swing.JTextArea, com.toedter.calendar.JDateChooser)&gt; calls method &lt;project.CONTROLLER.Controller.inserisciPubblicazione(java.lang.String, java.lang.String, java.util.Date)&gt; in (InserimentoDatasetGUI.java:222)
Method &lt;project.VIEW.InserimentoDatasetGUI$1.inserisciDataset(javax.swing.JSpinner, javax.swing.JSpinner, javax.swing.JTextArea, com.toedter.calendar.JDateChooser)&gt; calls method &lt;project.CONTROLLER.Controller.openDialog(java.lang.String)&gt; in (InserimentoDatasetGUI.java:230)
Method &lt;project.VIEW.InserimentoDatasetGUI$2.actionPerformed(java.awt.event.ActionEvent)&gt; calls method &lt;project.CONTROLLER.Controller.openInsesciMaterialeGUI()&gt; in (InserimentoDatasetGUI.java:258)
Method &lt;project.VIEW.InserimentoLibroGUI$1.inserisciLibro(javax.swing.JComboBox, javax.swing.JSpinner, javax.swing.JTextArea)&gt; calls method &lt;project.CONTROLLER.Controller.chiediParolaChiave(project.MODEL.Materiale)&gt; in (InserimentoLibroGUI.java:255)
Method &lt;project.VIEW.InserimentoLibroGUI$1.inserisciLibro(javax.swing.JComboBox, javax.swing.JSpinner, javax.swing.JTextArea)&gt; calls method &lt;project.CONTROLLER.Controller.getAutore()&gt; in (InserimentoLibroGUI.java:254)
Method &lt;project.VIEW.InserimentoLibroGUI$1.inserisciLibro(javax.swing.JComboBox, javax.swing.JSpinner, javax.swing.JTextArea)&gt; calls method &lt;project.CONTROLLER.Controller.inserisciLibro(project.MODEL.Libro)&gt; in (InserimentoLibroGUI.java:253)
Method &lt;project.VIEW.InserimentoLibroGUI$1.inserisciLibro(javax.swing.JComboBox, javax.swing.JSpinner, javax.swing.JTextArea)&gt; calls method &lt;project.CONTROLLER.Controller.inserisciPubblicazione(java.lang.String, java.lang.String, java.util.Date)&gt; in (InserimentoLibroGUI.java:254)
Method &lt;project.VIEW.InserimentoLibroGUI$1.inserisciLibro(javax.swing.JComboBox, javax.swing.JSpinner, javax.swing.JTextArea)&gt; calls method &lt;project.CONTROLLER.Controller.openDialog(java.lang.String)&gt; in (InserimentoLibroGUI.java:261)
Method &lt;project.VIEW.InserimentoLibroGUI$2.actionPerformed(java.awt.event.ActionEvent)&gt; calls method &lt;project.CONTROLLER.Controller.openInsesciMaterialeGUI()&gt; in (InserimentoLibroGUI.java:313)
Method &lt;project.VIEW.InserimentoRisorsaOnlineGUI$1.inserisciRisorsaOnline(javax.swing.JTextArea, com.toedter.calendar.JDateChooser)&gt; calls method &lt;project.CONTROLLER.Controller.chiediParolaChiave(project.MODEL.Materiale)&gt; in (InserimentoRisorsaOnlineGUI.java:174)
Method &lt;project.VIEW.InserimentoRisorsaOnlineGUI$1.inserisciRisorsaOnline(javax.swing.JTextArea, com.toedter.calendar.JDateChooser)&gt; calls method &lt;project.CONTROLLER.Controller.getAutore()&gt; in (InserimentoRisorsaOnlineGUI.java:173)
Method &lt;project.VIEW.InserimentoRisorsaOnlineGUI$1.inserisciRisorsaOnline(javax.swing.JTextArea, com.toedter.calendar.JDateChooser)&gt; calls method &lt;project.CONTROLLER.Controller.inserisciPubblicazione(java.lang.String, java.lang.String, java.util.Date)&gt; in (InserimentoRisorsaOnlineGUI.java:173)
Method &lt;project.VIEW.InserimentoRisorsaOnlineGUI$1.inserisciRisorsaOnline(javax.swing.JTextArea, com.toedter.calendar.JDateChooser)&gt; calls method &lt;project.CONTROLLER.Controller.inserisciRisorsaOnline(project.MODEL.RisorsaOnline)&gt; in (InserimentoRisorsaOnlineGUI.java:172)
Method &lt;project.VIEW.InserimentoRisorsaOnlineGUI$1.inserisciRisorsaOnline(javax.swing.JTextArea, com.toedter.calendar.JDateChooser)&gt; calls method &lt;project.CONTROLLER.Controller.openDialog(java.lang.String)&gt; in (InserimentoRisorsaOnlineGUI.java:182)
Method &lt;project.VIEW.InserimentoRisorsaOnlineGUI$2.actionPerformed(java.awt.event.ActionEvent)&gt; calls method &lt;project.CONTROLLER.Controller.openInsesciMaterialeGUI()&gt; in (InserimentoRisorsaOnlineGUI.java:209)
Method &lt;project.VIEW.InserisciMaterialeGUI$1.actionPerformed(java.awt.event.ActionEvent)&gt; calls method &lt;project.CONTROLLER.Controller.openInserimentoLibro()&gt; in (InserisciMaterialeGUI.java:53)
Method &lt;project.VIEW.InserisciMaterialeGUI$2.actionPerformed(java.awt.event.ActionEvent)&gt; calls method &lt;project.CONTROLLER.Controller.openInserimentoDataset()&gt; in (InserisciMaterialeGUI.java:62)
Method &lt;project.VIEW.InserisciMaterialeGUI$3.actionPerformed(java.awt.event.ActionEvent)&gt; calls method &lt;project.CONTROLLER.Controller.openInserimentoArticoloSuConferenza()&gt; in (InserisciMaterialeGUI.java:72)
Method &lt;project.VIEW.InserisciMaterialeGUI$4.actionPerformed(java.awt.event.ActionEvent)&gt; calls method &lt;project.CONTROLLER.Controller.openInserimentoArticoloSuRivista()&gt; in (InserisciMaterialeGUI.java:82)
Method &lt;project.VIEW.InserisciMaterialeGUI$5.actionPerformed(java.awt.event.ActionEvent)&gt; calls method &lt;project.CONTROLLER.Controller.openInserimentoRisoraOnline()&gt; in (InserisciMaterialeGUI.java:92)
Method &lt;project.VIEW.InserisciMaterialeGUI$6.actionPerformed(java.awt.event.ActionEvent)&gt; calls method &lt;project.CONTROLLER.Controller.returnToPortaleAutori()&gt; in (InserisciMaterialeGUI.java:103)
Method &lt;project.VIEW.LibreriaGUI$1.actionPerformed(java.awt.event.ActionEvent)&gt; calls method &lt;project.CONTROLLER.Controller.openRicerca()&gt; in (LibreriaGUI.java:48)
Method &lt;project.VIEW.LibreriaGUI$2.actionPerformed(java.awt.event.ActionEvent)&gt; calls method &lt;project.CONTROLLER.Controller.openVisualizzaLibreria()&gt; in (LibreriaGUI.java:57)
Method &lt;project.VIEW.LibreriaGUI$3.actionPerformed(java.awt.event.ActionEvent)&gt; calls method &lt;project.CONTROLLER.Controller.getADMIN()&gt; in (LibreriaGUI.java:69)
Method &lt;project.VIEW.LibreriaGUI$3.actionPerformed(java.awt.event.ActionEvent)&gt; calls method &lt;project.CONTROLLER.Controller.getAutore()&gt; in (LibreriaGUI.java:74)
Method &lt;project.VIEW.LibreriaGUI$3.actionPerformed(java.awt.event.ActionEvent)&gt; calls method &lt;project.CONTROLLER.Controller.openHome()&gt; in (LibreriaGUI.java:75)
Method &lt;project.VIEW.LibreriaGUI$3.actionPerformed(java.awt.event.ActionEvent)&gt; calls method &lt;project.CONTROLLER.Controller.openPortaleAmministratore()&gt; in (LibreriaGUI.java:70)
Method &lt;project.VIEW.LibreriaGUI$3.actionPerformed(java.awt.event.ActionEvent)&gt; calls method &lt;project.CONTROLLER.Controller.openPortaleAutori()&gt; in (LibreriaGUI.java:79)
Method &lt;project.VIEW.ModificaArticoloSuConferenzaGUI$1.actionPerformed(java.awt.event.ActionEvent)&gt; calls method &lt;project.CONTROLLER.Controller.getAutore()&gt; in (ModificaArticoloSuConferenzaGUI.java:303)
Method &lt;project.VIEW.ModificaArticoloSuConferenzaGUI$1.actionPerformed(java.awt.event.ActionEvent)&gt; calls method &lt;project.CONTROLLER.Controller.openDialog(java.lang.String)&gt; in (ModificaArticoloSuConferenzaGUI.java:312)
Method &lt;project.VIEW.ModificaArticoloSuConferenzaGUI$1.actionPerformed(java.awt.event.ActionEvent)&gt; calls method &lt;project.CONTROLLER.Controller.openModificaMateriale()&gt; in (ModificaArticoloSuConferenzaGUI.java:308)
Method &lt;project.VIEW.ModificaArticoloSuConferenzaGUI$1.actionPerformed(java.awt.event.ActionEvent)&gt; calls method &lt;project.CONTROLLER.Controller.updateArticoloSuConferenza(project.MODEL.ArticoloSuConferenza, project.MODEL.ArticoloSuConferenza)&gt; in (ModificaArticoloSuConferenzaGUI.java:301)
Method &lt;project.VIEW.ModificaArticoloSuConferenzaGUI$1.actionPerformed(java.awt.event.ActionEvent)&gt; calls method &lt;project.CONTROLLER.Controller.updatePubblicazione(java.lang.String, java.lang.String, java.util.Date)&gt; in (ModificaArticoloSuConferenzaGUI.java:303)
Method &lt;project.VIEW.ModificaArticoloSuConferenzaGUI$2.actionPerformed(java.awt.event.ActionEvent)&gt; calls method &lt;project.CONTROLLER.Controller.getADMIN()&gt; in (ModificaArticoloSuConferenzaGUI.java:322)
Method &lt;project.VIEW.ModificaArticoloSuConferenzaGUI$2.actionPerformed(java.awt.event.ActionEvent)&gt; calls method &lt;project.CONTROLLER.Controller.openModificaMateriale()&gt; in (ModificaArticoloSuConferenzaGUI.java:325)
Method &lt;project.VIEW.ModificaArticoloSuConferenzaGUI$2.actionPerformed(java.awt.event.ActionEvent)&gt; calls method &lt;project.CONTROLLER.Controller.openModificaMaterialeADMIN()&gt; in (ModificaArticoloSuConferenzaGUI.java:323)
Method &lt;project.VIEW.ModificaArticoloSuConferenzaGUI$3.actionPerformed(java.awt.event.ActionEvent)&gt; calls method &lt;project.CONTROLLER.Controller.openModificaCitazioni(project.MODEL.Materiale)&gt; in (ModificaArticoloSuConferenzaGUI.java:346)
Method &lt;project.VIEW.ModificaArticoloSuConferenzaGUI$4.actionPerformed(java.awt.event.ActionEvent)&gt; calls method &lt;project.CONTROLLER.Controller.openModificaCategorie(project.MODEL.Materiale)&gt; in (ModificaArticoloSuConferenzaGUI.java:356)
Method &lt;project.VIEW.ModificaArticoloSuConferenzaGUI$5.actionPerformed(java.awt.event.ActionEvent)&gt; calls method &lt;project.CONTROLLER.Controller.openModificaParoleChiave(project.MODEL.Materiale)&gt; in (ModificaArticoloSuConferenzaGUI.java:366)
Method &lt;project.VIEW.ModificaArticoloSuRivistaGUI$1.actionPerformed(java.awt.event.ActionEvent)&gt; calls method &lt;project.CONTROLLER.Controller.getAutore()&gt; in (ModificaArticoloSuRivistaGUI.java:295)
Method &lt;project.VIEW.ModificaArticoloSuRivistaGUI$1.actionPerformed(java.awt.event.ActionEvent)&gt; calls method &lt;project.CONTROLLER.Controller.openDialog(java.lang.String)&gt; in (ModificaArticoloSuRivistaGUI.java:304)
Method &lt;project.VIEW.ModificaArticoloSuRivistaGUI$1.actionPerformed(java.awt.event.ActionEvent)&gt; calls method &lt;project.CONTROLLER.Controller.openModificaMateriale()&gt; in (ModificaArticoloSuRivistaGUI.java:300)
Method &lt;project.VIEW.ModificaArticoloSuRivistaGUI$1.actionPerformed(java.awt.event.ActionEvent)&gt; calls method &lt;project.CONTROLLER.Controller.updateArticoloSuRivista(project.MODEL.ArticoloSuRivista, project.MODEL.ArticoloSuRivista)&gt; in (ModificaArticoloSuRivistaGUI.java:293)
Method &lt;project.VIEW.ModificaArticoloSuRivistaGUI$1.actionPerformed(java.awt.event.ActionEvent)&gt; calls method &lt;project.CONTROLLER.Controller.updatePubblicazione(java.lang.String, java.lang.String, java.util.Date)&gt; in (ModificaArticoloSuRivistaGUI.java:295)
Method &lt;project.VIEW.ModificaArticoloSuRivistaGUI$2.actionPerformed(java.awt.event.ActionEvent)&gt; calls method &lt;project.CONTROLLER.Controller.getADMIN()&gt; in (ModificaArticoloSuRivistaGUI.java:337)
Method &lt;project.VIEW.ModificaArticoloSuRivistaGUI$2.actionPerformed(java.awt.event.ActionEvent)&gt; calls method &lt;project.CONTROLLER.Controller.openModificaMateriale()&gt; in (ModificaArticoloSuRivistaGUI.java:340)
Method &lt;project.VIEW.ModificaArticoloSuRivistaGUI$2.actionPerformed(java.awt.event.ActionEvent)&gt; calls method &lt;project.CONTROLLER.Controller.openModificaMaterialeADMIN()&gt; in (ModificaArticoloSuRivistaGUI.java:338)
Method &lt;project.VIEW.ModificaArticoloSuRivistaGUI$3.actionPerformed(java.awt.event.ActionEvent)&gt; calls method &lt;project.CONTROLLER.Controller.openModificaCitazioni(project.MODEL.Materiale)&gt; in (ModificaArticoloSuRivistaGUI.java:352)
Method &lt;project.VIEW.ModificaArticoloSuRivistaGUI$4.actionPerformed(java.awt.event.ActionEvent)&gt; calls method &lt;project.CONTROLLER.Controller.openModificaCategorie(project.MODEL.Materiale)&gt; in (ModificaArticoloSuRivistaGUI.java:362)
Method &lt;project.VIEW.ModificaArticoloSuRivistaGUI$5.actionPerformed(java.awt.event.ActionEvent)&gt; calls method &lt;project.CONTROLLER.Controller.openModificaParoleChiave(project.MODEL.Materiale)&gt; in (ModificaArticoloSuRivistaGUI.java:372)
Method &lt;project.VIEW.ModificaAutoreADMINGUI$1.actionPerformed(java.awt.event.ActionEvent)&gt; calls method &lt;project.CONTROLLER.Controller.openModificaAutoriADMIN()&gt; in (ModificaAutoreADMINGUI.java:70)
Method &lt;project.VIEW.ModificaAutoreADMINGUI$1.actionPerformed(java.awt.event.ActionEvent)&gt; calls method &lt;project.CONTROLLER.Controller.openModificaAutoriADMIN()&gt; in (ModificaAutoreADMINGUI.java:77)
Method &lt;project.VIEW.ModificaAutoreADMINGUI$1.actionPerformed(java.awt.event.ActionEvent)&gt; calls method &lt;project.CONTROLLER.Controller.updateAutore(java.lang.String, java.lang.String, java.lang.String, java.lang.String, java.lang.String, project.MODEL.Autore)&gt; in (ModificaAutoreADMINGUI.java:74)
Method &lt;project.VIEW.ModificaAutoreADMINGUI$1.actionPerformed(java.awt.event.ActionEvent)&gt; calls method &lt;project.CONTROLLER.Controller.updateAutore(java.lang.String, java.lang.String, java.lang.String, java.lang.String, project.MODEL.Autore)&gt; in (ModificaAutoreADMINGUI.java:67)
Method &lt;project.VIEW.ModificaAutoreADMINGUI$2.actionPerformed(java.awt.event.ActionEvent)&gt; calls method &lt;project.CONTROLLER.Controller.openModificaAutoriADMIN()&gt; in (ModificaAutoreADMINGUI.java:150)
Method &lt;project.VIEW.ModificaAutoriADMINGUI$1.actionPerformed(java.awt.event.ActionEvent)&gt; calls method &lt;project.CONTROLLER.Controller.modificaAutore(project.MODEL.Autore)&gt; in (ModificaAutoriADMINGUI.java:87)
Method &lt;project.VIEW.ModificaAutoriADMINGUI$1.actionPerformed(java.awt.event.ActionEvent)&gt; calls method &lt;project.CONTROLLER.Controller.openDialog(java.lang.String)&gt; in (ModificaAutoriADMINGUI.java:93)
Method &lt;project.VIEW.ModificaAutoriADMINGUI$2.actionPerformed(java.awt.event.ActionEvent)&gt; calls method &lt;project.CONTROLLER.Controller.openPortaleAmministratore()&gt; in (ModificaAutoriADMINGUI.java:104)
Method &lt;project.VIEW.ModificaAutoriADMINGUI$3.actionPerformed(java.awt.event.ActionEvent)&gt; calls method &lt;project.CONTROLLER.Controller.eliminaAutore(project.MODEL.Autore)&gt; in (ModificaAutoriADMINGUI.java:123)
Method &lt;project.VIEW.ModificaAutoriADMINGUI$3.actionPerformed(java.awt.event.ActionEvent)&gt; calls method &lt;project.CONTROLLER.Controller.openDialog(java.lang.String)&gt; in (ModificaAutoriADMINGUI.java:129)
Method &lt;project.VIEW.ModificaCategorieGUI$1.actionPerformed(java.awt.event.ActionEvent)&gt; calls method &lt;project.CONTROLLER.Controller.openAggiungiCategoriaDaModifica(project.MODEL.Materiale)&gt; in (ModificaCategorieGUI.java:94)
Method &lt;project.VIEW.ModificaCategorieGUI$2.actionPerformed(java.awt.event.ActionEvent)&gt; calls method &lt;project.CONTROLLER.Controller.eliminaCategoria(project.MODEL.Materiale, project.MODEL.Categoria)&gt; in (ModificaCategorieGUI.java:107)
Method &lt;project.VIEW.ModificaCategorieGUI$2.actionPerformed(java.awt.event.ActionEvent)&gt; calls method &lt;project.CONTROLLER.Controller.openDialog(java.lang.String)&gt; in (ModificaCategorieGUI.java:114)
Method &lt;project.VIEW.ModificaCategorieGUI$2.actionPerformed(java.awt.event.ActionEvent)&gt; calls method &lt;project.CONTROLLER.Controller.openModificaCategorie(project.MODEL.Materiale)&gt; in (ModificaCategorieGUI.java:109)
Method &lt;project.VIEW.ModificaCitazioneGUI$1.actionPerformed(java.awt.event.ActionEvent)&gt; calls method &lt;project.CONTROLLER.Controller.openAggiuntaCitazioneDaModifica(project.MODEL.Materiale)&gt; in (ModificaCitazioneGUI.java:96)
Method &lt;project.VIEW.ModificaCitazioneGUI$2.actionPerformed(java.awt.event.ActionEvent)&gt; calls method &lt;project.CONTROLLER.Controller.eliminaCitazione(project.MODEL.Citazione)&gt; in (ModificaCitazioneGUI.java:111)
Method &lt;project.VIEW.ModificaCitazioneGUI$2.actionPerformed(java.awt.event.ActionEvent)&gt; calls method &lt;project.CONTROLLER.Controller.openDialog(java.lang.String)&gt; in (ModificaCitazioneGUI.java:119)
Method &lt;project.VIEW.ModificaCitazioneGUI$2.actionPerformed(java.awt.event.ActionEvent)&gt; calls method &lt;project.CONTROLLER.Controller.openModificaCitazioni(project.MODEL.Materiale)&gt; in (ModificaCitazioneGUI.java:114)
Method &lt;project.VIEW.ModificaDatasetGUI$1.inserisciDataset(javax.swing.JSpinner, javax.swing.JSpinner, javax.swing.JTextArea, com.toedter.calendar.JDateChooser)&gt; calls method &lt;project.CONTROLLER.Controller.getAutore()&gt; in (ModificaDatasetGUI.java:231)
Method &lt;project.VIEW.ModificaDatasetGUI$1.inserisciDataset(javax.swing.JSpinner, javax.swing.JSpinner, javax.swing.JTextArea, com.toedter.calendar.JDateChooser)&gt; calls method &lt;project.CONTROLLER.Controller.openDialog(java.lang.String)&gt; in (ModificaDatasetGUI.java:239)
Method &lt;project.VIEW.ModificaDatasetGUI$1.inserisciDataset(javax.swing.JSpinner, javax.swing.JSpinner, javax.swing.JTextArea, com.toedter.calendar.JDateChooser)&gt; calls method &lt;project.CONTROLLER.Controller.openModificaMateriale()&gt; in (ModificaDatasetGUI.java:235)
Method &lt;project.VIEW.ModificaDatasetGUI$1.inserisciDataset(javax.swing.JSpinner, javax.swing.JSpinner, javax.swing.JTextArea, com.toedter.calendar.JDateChooser)&gt; calls method &lt;project.CONTROLLER.Controller.updateDataset(project.MODEL.Dataset, project.MODEL.Dataset)&gt; in (ModificaDatasetGUI.java:229)
Method &lt;project.VIEW.ModificaDatasetGUI$1.inserisciDataset(javax.swing.JSpinner, javax.swing.JSpinner, javax.swing.JTextArea, com.toedter.calendar.JDateChooser)&gt; calls method &lt;project.CONTROLLER.Controller.updatePubblicazione(java.lang.String, java.lang.String, java.util.Date)&gt; in (ModificaDatasetGUI.java:231)
Method &lt;project.VIEW.ModificaDatasetGUI$2.actionPerformed(java.awt.event.ActionEvent)&gt; calls method &lt;project.CONTROLLER.Controller.getADMIN()&gt; in (ModificaDatasetGUI.java:257)
Method &lt;project.VIEW.ModificaDatasetGUI$2.actionPerformed(java.awt.event.ActionEvent)&gt; calls method &lt;project.CONTROLLER.Controller.openModificaMateriale()&gt; in (ModificaDatasetGUI.java:260)
Method &lt;project.VIEW.ModificaDatasetGUI$2.actionPerformed(java.awt.event.ActionEvent)&gt; calls method &lt;project.CONTROLLER.Controller.openModificaMaterialeADMIN()&gt; in (ModificaDatasetGUI.java:258)
Method &lt;project.VIEW.ModificaDatasetGUI$3.actionPerformed(java.awt.event.ActionEvent)&gt; calls method &lt;project.CONTROLLER.Controller.openModificaCitazioni(project.MODEL.Materiale)&gt; in (ModificaDatasetGUI.java:272)
Method &lt;project.VIEW.ModificaDatasetGUI$4.actionPerformed(java.awt.event.ActionEvent)&gt; calls method &lt;project.CONTROLLER.Controller.openModificaCitazioni(project.MODEL.Materiale)&gt; in (ModificaDatasetGUI.java:282)
Method &lt;project.VIEW.ModificaDatasetGUI$5.actionPerformed(java.awt.event.ActionEvent)&gt; calls method &lt;project.CONTROLLER.Controller.openModificaParoleChiave(project.MODEL.Materiale)&gt; in (ModificaDatasetGUI.java:292)
Method &lt;project.VIEW.ModificaLibroGUI$1.updateLibro(javax.swing.JComboBox, javax.swing.JSpinner, javax.swing.JTextArea)&gt; calls method &lt;project.CONTROLLER.Controller.getADMIN()&gt; in (ModificaLibroGUI.java:286)
Method &lt;project.VIEW.ModificaLibroGUI$1.updateLibro(javax.swing.JComboBox, javax.swing.JSpinner, javax.swing.JTextArea)&gt; calls method &lt;project.CONTROLLER.Controller.getAutore()&gt; in (ModificaLibroGUI.java:281)
Method &lt;project.VIEW.ModificaLibroGUI$1.updateLibro(javax.swing.JComboBox, javax.swing.JSpinner, javax.swing.JTextArea)&gt; calls method &lt;project.CONTROLLER.Controller.openDialog(java.lang.String)&gt; in (ModificaLibroGUI.java:275)
Method &lt;project.VIEW.ModificaLibroGUI$1.updateLibro(javax.swing.JComboBox, javax.swing.JSpinner, javax.swing.JTextArea)&gt; calls method &lt;project.CONTROLLER.Controller.openDialog(java.lang.String)&gt; in (ModificaLibroGUI.java:293)
Method &lt;project.VIEW.ModificaLibroGUI$1.updateLibro(javax.swing.JComboBox, javax.swing.JSpinner, javax.swing.JTextArea)&gt; calls method &lt;project.CONTROLLER.Controller.openModificaMateriale()&gt; in (ModificaLibroGUI.java:289)
Method &lt;project.VIEW.ModificaLibroGUI$1.updateLibro(javax.swing.JComboBox, javax.swing.JSpinner, javax.swing.JTextArea)&gt; calls method &lt;project.CONTROLLER.Controller.openModificaMaterialeADMIN()&gt; in (ModificaLibroGUI.java:287)
Method &lt;project.VIEW.ModificaLibroGUI$1.updateLibro(javax.swing.JComboBox, javax.swing.JSpinner, javax.swing.JTextArea)&gt; calls method &lt;project.CONTROLLER.Controller.updateLibro(project.MODEL.Libro, project.MODEL.Libro)&gt; in (ModificaLibroGUI.java:279)
Method &lt;project.VIEW.ModificaLibroGUI$1.updateLibro(javax.swing.JComboBox, javax.swing.JSpinner, javax.swing.JTextArea)&gt; calls method &lt;project.CONTROLLER.Controller.updatePubblicazione(java.lang.String, java.lang.String, java.util.Date)&gt; in (ModificaLibroGUI.java:281)
Method &lt;project.VIEW.ModificaLibroGUI$2.actionPerformed(java.awt.event.ActionEvent)&gt; calls method &lt;project.CONTROLLER.Controller.getADMIN()&gt; in (ModificaLibroGUI.java:337)
Method &lt;project.VIEW.ModificaLibroGUI$2.actionPerformed(java.awt.event.ActionEvent)&gt; calls method &lt;project.CONTROLLER.Controller.openModificaMateriale()&gt; in (ModificaLibroGUI.java:340)
Method &lt;project.VIEW.ModificaLibroGUI$2.actionPerformed(java.awt.event.ActionEvent)&gt; calls method &lt;project.CONTROLLER.Controller.openModificaMaterialeADMIN()&gt; in (ModificaLibroGUI.java:338)
Method &lt;project.VIEW.ModificaLibroGUI$3.actionPerformed(java.awt.event.ActionEvent)&gt; calls method &lt;project.CONTROLLER.Controller.openModificaParoleChiave(project.MODEL.Materiale)&gt; in (ModificaLibroGUI.java:352)
Method &lt;project.VIEW.ModificaLibroGUI$4.actionPerformed(java.awt.event.ActionEvent)&gt; calls method &lt;project.CONTROLLER.Controller.openModificaCategorie(project.MODEL.Materiale)&gt; in (ModificaLibroGUI.java:362)
Method &lt;project.VIEW.ModificaLibroGUI$5.actionPerformed(java.awt.event.ActionEvent)&gt; calls method &lt;project.CONTROLLER.Controller.openModificaCitazioni(project.MODEL.Materiale)&gt; in (ModificaLibroGUI.java:372)
Method &lt;project.VIEW.ModificaMaterialeGUI$1.actionPerformed(java.awt.event.ActionEvent)&gt; calls method &lt;project.CONTROLLER.Controller.modificaMateriale(project.MODEL.Materiale)&gt; in (ModificaMaterialeGUI.java:86)
Method &lt;project.VIEW.ModificaMaterialeGUI$1.actionPerformed(java.awt.event.ActionEvent)&gt; calls method &lt;project.CONTROLLER.Controller.openDialog(java.lang.String)&gt; in (ModificaMaterialeGUI.java:92)
Method &lt;project.VIEW.ModificaMaterialeGUI$2.actionPerformed(java.awt.event.ActionEvent)&gt; calls method &lt;project.CONTROLLER.Controller.returnToPortaleAutori()&gt; in (ModificaMaterialeGUI.java:103)
Method &lt;project.VIEW.ModificaMaterialeGUI$3.actionPerformed(java.awt.event.ActionEvent)&gt; calls method &lt;project.CONTROLLER.Controller.eliminaMateriale(project.MODEL.Materiale)&gt; in (ModificaMaterialeGUI.java:122)
Method &lt;project.VIEW.ModificaMaterialeGUI$3.actionPerformed(java.awt.event.ActionEvent)&gt; calls method &lt;project.CONTROLLER.Controller.openDialog(java.lang.String)&gt; in (ModificaMaterialeGUI.java:128)
Method &lt;project.VIEW.ModificaMaterialiADMINGUI$1.actionPerformed(java.awt.event.ActionEvent)&gt; calls method &lt;project.CONTROLLER.Controller.modificaMateriale(project.MODEL.Materiale)&gt; in (ModificaMaterialiADMINGUI.java:96)
Method &lt;project.VIEW.ModificaMaterialiADMINGUI$1.actionPerformed(java.awt.event.ActionEvent)&gt; calls method &lt;project.CONTROLLER.Controller.openDialog(java.lang.String)&gt; in (ModificaMaterialiADMINGUI.java:102)
Method &lt;project.VIEW.ModificaMaterialiADMINGUI$2.actionPerformed(java.awt.event.ActionEvent)&gt; calls method &lt;project.CONTROLLER.Controller.getADMIN()&gt; in (ModificaMaterialiADMINGUI.java:114)
Method &lt;project.VIEW.ModificaMaterialiADMINGUI$2.actionPerformed(java.awt.event.ActionEvent)&gt; calls method &lt;project.CONTROLLER.Controller.openPortaleAmministratore()&gt; in (ModificaMaterialiADMINGUI.java:115)
Method &lt;project.VIEW.ModificaMaterialiADMINGUI$2.actionPerformed(java.awt.event.ActionEvent)&gt; calls method &lt;project.CONTROLLER.Controller.returnToPortaleAutori()&gt; in (ModificaMaterialiADMINGUI.java:117)
Method &lt;project.VIEW.ModificaMaterialiADMINGUI$3.actionPerformed(java.awt.event.ActionEvent)&gt; calls method &lt;project.CONTROLLER.Controller.eliminaMateriale(project.MODEL.Materiale)&gt; in (ModificaMaterialiADMINGUI.java:136)
Method &lt;project.VIEW.ModificaMaterialiADMINGUI$3.actionPerformed(java.awt.event.ActionEvent)&gt; calls method &lt;project.CONTROLLER.Controller.openDialog(java.lang.String)&gt; in (ModificaMaterialiADMINGUI.java:142)
Method &lt;project.VIEW.ModificaParoleAssociateGUI$1.actionPerformed(java.awt.event.ActionEvent)&gt; calls method &lt;project.CONTROLLER.Controller.eliminaParolaChiave(project.MODEL.ParolaChiave, project.MODEL.Materiale)&gt; in (ModificaParoleAssociateGUI.java:96)
Method &lt;project.VIEW.ModificaParoleAssociateGUI$1.actionPerformed(java.awt.event.ActionEvent)&gt; calls method &lt;project.CONTROLLER.Controller.openDialog(java.lang.String)&gt; in (ModificaParoleAssociateGUI.java:105)
Method &lt;project.VIEW.ModificaParoleAssociateGUI$1.actionPerformed(java.awt.event.ActionEvent)&gt; calls method &lt;project.CONTROLLER.Controller.openModificaParoleChiave(project.MODEL.Materiale)&gt; in (ModificaParoleAssociateGUI.java:99)
Method &lt;project.VIEW.ModificaParoleAssociateGUI$2.actionPerformed(java.awt.event.ActionEvent)&gt; calls method &lt;project.CONTROLLER.Controller.associaParola(project.MODEL.Materiale, project.MODEL.ParolaChiave)&gt; in (ModificaParoleAssociateGUI.java:133)
Method &lt;project.VIEW.ModificaParoleAssociateGUI$2.actionPerformed(java.awt.event.ActionEvent)&gt; calls method &lt;project.CONTROLLER.Controller.openDialog(java.lang.String)&gt; in (ModificaParoleAssociateGUI.java:130)
Method &lt;project.VIEW.ModificaParoleAssociateGUI$2.actionPerformed(java.awt.event.ActionEvent)&gt; calls method &lt;project.CONTROLLER.Controller.openModificaParoleChiave(project.MODEL.Materiale)&gt; in (ModificaParoleAssociateGUI.java:136)
Method &lt;project.VIEW.ModificaRisorsaOnlineGUI$1.inserisciRisorsaOnline(javax.swing.JTextArea, com.toedter.calendar.JDateChooser)&gt; calls method &lt;project.CONTROLLER.Controller.getAutore()&gt; in (ModificaRisorsaOnlineGUI.java:179)
Method &lt;project.VIEW.ModificaRisorsaOnlineGUI$1.inserisciRisorsaOnline(javax.swing.JTextArea, com.toedter.calendar.JDateChooser)&gt; calls method &lt;project.CONTROLLER.Controller.openDialog(java.lang.String)&gt; in (ModificaRisorsaOnlineGUI.java:187)
Method &lt;project.VIEW.ModificaRisorsaOnlineGUI$1.inserisciRisorsaOnline(javax.swing.JTextArea, com.toedter.calendar.JDateChooser)&gt; calls method &lt;project.CONTROLLER.Controller.openModificaMateriale()&gt; in (ModificaRisorsaOnlineGUI.java:183)
Method &lt;project.VIEW.ModificaRisorsaOnlineGUI$1.inserisciRisorsaOnline(javax.swing.JTextArea, com.toedter.calendar.JDateChooser)&gt; calls method &lt;project.CONTROLLER.Controller.updatePubblicazione(java.lang.String, java.lang.String, java.util.Date)&gt; in (ModificaRisorsaOnlineGUI.java:179)
Method &lt;project.VIEW.ModificaRisorsaOnlineGUI$1.inserisciRisorsaOnline(javax.swing.JTextArea, com.toedter.calendar.JDateChooser)&gt; calls method &lt;project.CONTROLLER.Controller.updateRisorsaOnline(project.MODEL.RisorsaOnline, project.MODEL.RisorsaOnline)&gt; in (ModificaRisorsaOnlineGUI.java:177)
Method &lt;project.VIEW.ModificaRisorsaOnlineGUI$2.actionPerformed(java.awt.event.ActionEvent)&gt; calls method &lt;project.CONTROLLER.Controller.getADMIN()&gt; in (ModificaRisorsaOnlineGUI.java:204)
Method &lt;project.VIEW.ModificaRisorsaOnlineGUI$2.actionPerformed(java.awt.event.ActionEvent)&gt; calls method &lt;project.CONTROLLER.Controller.openModificaMateriale()&gt; in (ModificaRisorsaOnlineGUI.java:207)
Method &lt;project.VIEW.ModificaRisorsaOnlineGUI$2.actionPerformed(java.awt.event.ActionEvent)&gt; calls method &lt;project.CONTROLLER.Controller.openModificaMaterialeADMIN()&gt; in (ModificaRisorsaOnlineGUI.java:205)
Method &lt;project.VIEW.ModificaRisorsaOnlineGUI$3.actionPerformed(java.awt.event.ActionEvent)&gt; calls method &lt;project.CONTROLLER.Controller.openModificaParoleChiave(project.MODEL.Materiale)&gt; in (ModificaRisorsaOnlineGUI.java:219)
Method &lt;project.VIEW.ModificaRisorsaOnlineGUI$4.actionPerformed(java.awt.event.ActionEvent)&gt; calls method &lt;project.CONTROLLER.Controller.openModificaCategorie(project.MODEL.Materiale)&gt; in (ModificaRisorsaOnlineGUI.java:229)
Method &lt;project.VIEW.ModificaRisorsaOnlineGUI$5.actionPerformed(java.awt.event.ActionEvent)&gt; calls method &lt;project.CONTROLLER.Controller.openModificaCitazioni(project.MODEL.Materiale)&gt; in (ModificaRisorsaOnlineGUI.java:239)
Method &lt;project.VIEW.PortaleAmministratoreGUI$1.actionPerformed(java.awt.event.ActionEvent)&gt; calls method &lt;project.CONTROLLER.Controller.openModificaMaterialeADMIN()&gt; in (PortaleAmministratoreGUI.java:54)
Method &lt;project.VIEW.PortaleAmministratoreGUI$2.actionPerformed(java.awt.event.ActionEvent)&gt; calls method &lt;project.CONTROLLER.Controller.openLibreria()&gt; in (PortaleAmministratoreGUI.java:64)
Method &lt;project.VIEW.PortaleAmministratoreGUI$3.actionPerformed(java.awt.event.ActionEvent)&gt; calls method &lt;project.CONTROLLER.Controller.logoutADMIN()&gt; in (PortaleAmministratoreGUI.java:81)
Method &lt;project.VIEW.PortaleAmministratoreGUI$3.actionPerformed(java.awt.event.ActionEvent)&gt; calls method &lt;project.CONTROLLER.Controller.openHome()&gt; in (PortaleAmministratoreGUI.java:82)
Method &lt;project.VIEW.PortaleAmministratoreGUI$4.actionPerformed(java.awt.event.ActionEvent)&gt; calls method &lt;project.CONTROLLER.Controller.openModificaAutoriADMIN()&gt; in (PortaleAmministratoreGUI.java:91)
Method &lt;project.VIEW.PortaleAutoriGUI$1.actionPerformed(java.awt.event.ActionEvent)&gt; calls method &lt;project.CONTROLLER.Controller.openInsesciMaterialeGUI()&gt; in (PortaleAutoriGUI.java:56)
Method &lt;project.VIEW.PortaleAutoriGUI$2.actionPerformed(java.awt.event.ActionEvent)&gt; calls method &lt;project.CONTROLLER.Controller.openModificaMateriale()&gt; in (PortaleAutoriGUI.java:67)
Method &lt;project.VIEW.PortaleAutoriGUI$3.actionPerformed(java.awt.event.ActionEvent)&gt; calls method &lt;project.CONTROLLER.Controller.openLibreria()&gt; in (PortaleAutoriGUI.java:77)
Method &lt;project.VIEW.PortaleAutoriGUI$4.actionPerformed(java.awt.event.ActionEvent)&gt; calls method &lt;project.CONTROLLER.Controller.openHome()&gt; in (PortaleAutoriGUI.java:104)
Method &lt;project.VIEW.PortaleAutoriGUI$4.actionPerformed(java.awt.event.ActionEvent)&gt; calls method &lt;project.CONTROLLER.Controller.setAutore(project.MODEL.Autore)&gt; in (PortaleAutoriGUI.java:103)
Method &lt;project.VIEW.RegistrazioneGUI$1.actionPerformed(java.awt.event.ActionEvent)&gt; calls method &lt;project.CONTROLLER.Controller.registraAutore(java.lang.String, java.lang.String, java.lang.String, java.lang.String, java.lang.String)&gt; in (RegistrazioneGUI.java:63)
Method &lt;project.VIEW.RegistrazioneGUI$2.actionPerformed(java.awt.event.ActionEvent)&gt; calls method &lt;project.CONTROLLER.Controller.openAccessoPortaleAutori()&gt; in (RegistrazioneGUI.java:131)
Method &lt;project.VIEW.RicercaGUI$1.actionPerformed(java.awt.event.ActionEvent)&gt; calls method &lt;project.CONTROLLER.Controller.openLibreria()&gt; in (RicercaGUI.java:60)
Method &lt;project.VIEW.RicercaGUI$5.actionPerformed(java.awt.event.ActionEvent)&gt; calls method &lt;project.CONTROLLER.Controller.eseguiRicerca(project.struttureDiAppoggio.Ricerca)&gt; in (RicercaGUI.java:317)
Method &lt;project.VIEW.VisualizzaArticoliSuConferenzaGUI$1.actionPerformed(java.awt.event.ActionEvent)&gt; calls method &lt;project.CONTROLLER.Controller.getADMIN()&gt; in (VisualizzaArticoliSuConferenzaGUI.java:123)
Method &lt;project.VIEW.VisualizzaArticoliSuConferenzaGUI$1.actionPerformed(java.awt.event.ActionEvent)&gt; calls method &lt;project.CONTROLLER.Controller.getAutore()&gt; in (VisualizzaArticoliSuConferenzaGUI.java:128)
Method &lt;project.VIEW.VisualizzaArticoliSuConferenzaGUI$1.actionPerformed(java.awt.event.ActionEvent)&gt; calls method &lt;project.CONTROLLER.Controller.openHome()&gt; in (VisualizzaArticoliSuConferenzaGUI.java:129)
Method &lt;project.VIEW.VisualizzaArticoliSuConferenzaGUI$1.actionPerformed(java.awt.event.ActionEvent)&gt; calls method &lt;project.CONTROLLER.Controller.openPortaleAmministratore()&gt; in (VisualizzaArticoliSuConferenzaGUI.java:124)
Method &lt;project.VIEW.VisualizzaArticoliSuConferenzaGUI$1.actionPerformed(java.awt.event.ActionEvent)&gt; calls method &lt;project.CONTROLLER.Controller.openPortaleAutori()&gt; in (VisualizzaArticoliSuConferenzaGUI.java:133)
Method &lt;project.VIEW.VisualizzaArticoliSuConferenzaGUI$2.actionPerformed(java.awt.event.ActionEvent)&gt; calls method &lt;project.CONTROLLER.Controller.openVisualizzaLibri()&gt; in (VisualizzaArticoliSuConferenzaGUI.java:147)
Method &lt;project.VIEW.VisualizzaArticoliSuConferenzaGUI$3.actionPerformed(java.awt.event.ActionEvent)&gt; calls method &lt;project.CONTROLLER.Controller.openVisualizzaDataset()&gt; in (VisualizzaArticoliSuConferenzaGUI.java:158)
Method &lt;project.VIEW.VisualizzaArticoliSuConferenzaGUI$4.actionPerformed(java.awt.event.ActionEvent)&gt; calls method &lt;project.CONTROLLER.Controller.openVisualizzaRisorsaOnline()&gt; in (VisualizzaArticoliSuConferenzaGUI.java:171)
Method &lt;project.VIEW.VisualizzaArticoliSuConferenzaGUI$5.actionPerformed(java.awt.event.ActionEvent)&gt; calls method &lt;project.CONTROLLER.Controller.openVisualizzaArticoloSuRivista()&gt; in (VisualizzaArticoliSuConferenzaGUI.java:193)
Method &lt;project.VIEW.VisualizzaArticoliSuConferenzaGUI$6.actionPerformed(java.awt.event.ActionEvent)&gt; calls method &lt;project.CONTROLLER.Controller.openDettagliArticoloSuConferenza(project.MODEL.Materiale)&gt; in (VisualizzaArticoliSuConferenzaGUI.java:206)
Method &lt;project.VIEW.VisualizzaArticoliSuConferenzaGUI$6.actionPerformed(java.awt.event.ActionEvent)&gt; calls method &lt;project.CONTROLLER.Controller.openDialog(java.lang.String)&gt; in (VisualizzaArticoliSuConferenzaGUI.java:210)
Method &lt;project.VIEW.VisualizzaArticoliSuConferenzaGUI$7.actionPerformed(java.awt.event.ActionEvent)&gt; calls method &lt;project.CONTROLLER.Controller.openVisualizzaLibreria()&gt; in (VisualizzaArticoliSuConferenzaGUI.java:229)
Method &lt;project.VIEW.VisualizzaArticoliSuRivistaGUI$1.actionPerformed(java.awt.event.ActionEvent)&gt; calls method &lt;project.CONTROLLER.Controller.getADMIN()&gt; in (VisualizzaArticoliSuRivistaGUI.java:129)
Method &lt;project.VIEW.VisualizzaArticoliSuRivistaGUI$1.actionPerformed(java.awt.event.ActionEvent)&gt; calls method &lt;project.CONTROLLER.Controller.getAutore()&gt; in (VisualizzaArticoliSuRivistaGUI.java:134)
Method &lt;project.VIEW.VisualizzaArticoliSuRivistaGUI$1.actionPerformed(java.awt.event.ActionEvent)&gt; calls method &lt;project.CONTROLLER.Controller.openHome()&gt; in (VisualizzaArticoliSuRivistaGUI.java:135)
Method &lt;project.VIEW.VisualizzaArticoliSuRivistaGUI$1.actionPerformed(java.awt.event.ActionEvent)&gt; calls method &lt;project.CONTROLLER.Controller.openPortaleAmministratore()&gt; in (VisualizzaArticoliSuRivistaGUI.java:130)
Method &lt;project.VIEW.VisualizzaArticoliSuRivistaGUI$1.actionPerformed(java.awt.event.ActionEvent)&gt; calls method &lt;project.CONTROLLER.Controller.openPortaleAutori()&gt; in (VisualizzaArticoliSuRivistaGUI.java:139)
Method &lt;project.VIEW.VisualizzaArticoliSuRivistaGUI$2.actionPerformed(java.awt.event.ActionEvent)&gt; calls method &lt;project.CONTROLLER.Controller.openVisualizzaLibri()&gt; in (VisualizzaArticoliSuRivistaGUI.java:153)
Method &lt;project.VIEW.VisualizzaArticoliSuRivistaGUI$3.actionPerformed(java.awt.event.ActionEvent)&gt; calls method &lt;project.CONTROLLER.Controller.openVisualizzaDataset()&gt; in (VisualizzaArticoliSuRivistaGUI.java:164)
Method &lt;project.VIEW.VisualizzaArticoliSuRivistaGUI$4.actionPerformed(java.awt.event.ActionEvent)&gt; calls method &lt;project.CONTROLLER.Controller.openVisualizzaRisorsaOnline()&gt; in (VisualizzaArticoliSuRivistaGUI.java:177)
Method &lt;project.VIEW.VisualizzaArticoliSuRivistaGUI$5.actionPerformed(java.awt.event.ActionEvent)&gt; calls method &lt;project.CONTROLLER.Controller.openVisualizzaArticoloSuConferenza()&gt; in (VisualizzaArticoliSuRivistaGUI.java:190)
Method &lt;project.VIEW.VisualizzaArticoliSuRivistaGUI$6.actionPerformed(java.awt.event.ActionEvent)&gt; calls method &lt;project.CONTROLLER.Controller.openDettagliArticoloSuRivista(project.MODEL.Materiale)&gt; in (VisualizzaArticoliSuRivistaGUI.java:212)
Method &lt;project.VIEW.VisualizzaArticoliSuRivistaGUI$6.actionPerformed(java.awt.event.ActionEvent)&gt; calls method &lt;project.CONTROLLER.Controller.openDialog(java.lang.String)&gt; in (VisualizzaArticoliSuRivistaGUI.java:216)
Method &lt;project.VIEW.VisualizzaArticoliSuRivistaGUI$7.actionPerformed(java.awt.event.ActionEvent)&gt; calls method &lt;project.CONTROLLER.Controller.openVisualizzaLibreria()&gt; in (VisualizzaArticoliSuRivistaGUI.java:236)
Method &lt;project.VIEW.VisualizzaDatasetGUI$1.actionPerformed(java.awt.event.ActionEvent)&gt; calls method &lt;project.CONTROLLER.Controller.getADMIN()&gt; in (VisualizzaDatasetGUI.java:112)
Method &lt;project.VIEW.VisualizzaDatasetGUI$1.actionPerformed(java.awt.event.ActionEvent)&gt; calls method &lt;project.CONTROLLER.Controller.getAutore()&gt; in (VisualizzaDatasetGUI.java:117)
Method &lt;project.VIEW.VisualizzaDatasetGUI$1.actionPerformed(java.awt.event.ActionEvent)&gt; calls method &lt;project.CONTROLLER.Controller.openHome()&gt; in (VisualizzaDatasetGUI.java:118)
Method &lt;project.VIEW.VisualizzaDatasetGUI$1.actionPerformed(java.awt.event.ActionEvent)&gt; calls method &lt;project.CONTROLLER.Controller.openPortaleAmministratore()&gt; in (VisualizzaDatasetGUI.java:113)
Method &lt;project.VIEW.VisualizzaDatasetGUI$1.actionPerformed(java.awt.event.ActionEvent)&gt; calls method &lt;project.CONTROLLER.Controller.openPortaleAutori()&gt; in (VisualizzaDatasetGUI.java:122)
Method &lt;project.VIEW.VisualizzaDatasetGUI$2.actionPerformed(java.awt.event.ActionEvent)&gt; calls method &lt;project.CONTROLLER.Controller.openVisualizzaLibri()&gt; in (VisualizzaDatasetGUI.java:134)
Method &lt;project.VIEW.VisualizzaDatasetGUI$3.actionPerformed(java.awt.event.ActionEvent)&gt; calls method &lt;project.CONTROLLER.Controller.openVisualizzaRisorsaOnline()&gt; in (VisualizzaDatasetGUI.java:154)
Method &lt;project.VIEW.VisualizzaDatasetGUI$4.actionPerformed(java.awt.event.ActionEvent)&gt; calls method &lt;project.CONTROLLER.Controller.openVisualizzaArticoloSuConferenza()&gt; in (VisualizzaDatasetGUI.java:169)
Method &lt;project.VIEW.VisualizzaDatasetGUI$5.actionPerformed(java.awt.event.ActionEvent)&gt; calls method &lt;project.CONTROLLER.Controller.openVisualizzaArticoloSuRivista()&gt; in (VisualizzaDatasetGUI.java:182)
Method &lt;project.VIEW.VisualizzaDatasetGUI$6.actionPerformed(java.awt.event.ActionEvent)&gt; calls method &lt;project.CONTROLLER.Controller.openDettagliDataset(project.MODEL.Materiale)&gt; in (VisualizzaDatasetGUI.java:195)
Method &lt;project.VIEW.VisualizzaDatasetGUI$6.actionPerformed(java.awt.event.ActionEvent)&gt; calls method &lt;project.CONTROLLER.Controller.openDialog(java.lang.String)&gt; in (VisualizzaDatasetGUI.java:199)
Method &lt;project.VIEW.VisualizzaDatasetGUI$7.actionPerformed(java.awt.event.ActionEvent)&gt; calls method &lt;project.CONTROLLER.Controller.openVisualizzaLibreria()&gt; in (VisualizzaDatasetGUI.java:219)
Method &lt;project.VIEW.VisualizzaDettagliArticoloSuConferenzaGUI$1.actionPerformed(java.awt.event.ActionEvent)&gt; calls method &lt;project.CONTROLLER.Controller.openCitazioni(java.lang.String)&gt; in (VisualizzaDettagliArticoloSuConferenzaGUI.java:295)
Method &lt;project.VIEW.VisualizzaDettagliArticoloSuConferenzaGUI$2.actionPerformed(java.awt.event.ActionEvent)&gt; calls method &lt;project.CONTROLLER.Controller.openCategorieAssociate(java.lang.String)&gt; in (VisualizzaDettagliArticoloSuConferenzaGUI.java:306)
Method &lt;project.VIEW.VisualizzaDettagliArticoloSuConferenzaGUI$3.actionPerformed(java.awt.event.ActionEvent)&gt; calls method &lt;project.CONTROLLER.Controller.openParoleChiaveAssociate(java.lang.String)&gt; in (VisualizzaDettagliArticoloSuConferenzaGUI.java:317)
Method &lt;project.VIEW.VisualizzaDettagliArticoloSuRivistaGUI$1.actionPerformed(java.awt.event.ActionEvent)&gt; calls method &lt;project.CONTROLLER.Controller.openParoleChiaveAssociate(java.lang.String)&gt; in (VisualizzaDettagliArticoloSuRivistaGUI.java:263)
Method &lt;project.VIEW.VisualizzaDettagliArticoloSuRivistaGUI$2.actionPerformed(java.awt.event.ActionEvent)&gt; calls method &lt;project.CONTROLLER.Controller.openCategorieAssociate(java.lang.String)&gt; in (VisualizzaDettagliArticoloSuRivistaGUI.java:274)
Method &lt;project.VIEW.VisualizzaDettagliArticoloSuRivistaGUI$3.actionPerformed(java.awt.event.ActionEvent)&gt; calls method &lt;project.CONTROLLER.Controller.openCitazioni(java.lang.String)&gt; in (VisualizzaDettagliArticoloSuRivistaGUI.java:285)
Method &lt;project.VIEW.VisualizzaDettagliDatasetGUI$1.actionPerformed(java.awt.event.ActionEvent)&gt; calls method &lt;project.CONTROLLER.Controller.openParoleChiaveAssociate(java.lang.String)&gt; in (VisualizzaDettagliDatasetGUI.java:215)
Method &lt;project.VIEW.VisualizzaDettagliDatasetGUI$2.actionPerformed(java.awt.event.ActionEvent)&gt; calls method &lt;project.CONTROLLER.Controller.openCategorieAssociate(java.lang.String)&gt; in (VisualizzaDettagliDatasetGUI.java:226)
Method &lt;project.VIEW.VisualizzaDettagliDatasetGUI$3.actionPerformed(java.awt.event.ActionEvent)&gt; calls method &lt;project.CONTROLLER.Controller.openCitazioni(java.lang.String)&gt; in (VisualizzaDettagliDatasetGUI.java:237)
Method &lt;project.VIEW.VisualizzaDettagliLibroGUI$1.actionPerformed(java.awt.event.ActionEvent)&gt; calls method &lt;project.CONTROLLER.Controller.openParoleChiaveAssociate(java.lang.String)&gt; in (VisualizzaDettagliLibroGUI.java:201)
Method &lt;project.VIEW.VisualizzaDettagliLibroGUI$2.actionPerformed(java.awt.event.ActionEvent)&gt; calls method &lt;project.CONTROLLER.Controller.openCategorieAssociate(java.lang.String)&gt; in (VisualizzaDettagliLibroGUI.java:212)
Method &lt;project.VIEW.VisualizzaDettagliLibroGUI$3.actionPerformed(java.awt.event.ActionEvent)&gt; calls method &lt;project.CONTROLLER.Controller.openCitazioni(java.lang.String)&gt; in (VisualizzaDettagliLibroGUI.java:223)
Method &lt;project.VIEW.VisualizzaDettagliRisorsaOnlineGUI$1.actionPerformed(java.awt.event.ActionEvent)&gt; calls method &lt;project.CONTROLLER.Controller.openParoleChiaveAssociate(java.lang.String)&gt; in (VisualizzaDettagliRisorsaOnlineGUI.java:162)
Method &lt;project.VIEW.VisualizzaDettagliRisorsaOnlineGUI$2.actionPerformed(java.awt.event.ActionEvent)&gt; calls method &lt;project.CONTROLLER.Controller.openCategorieAssociate(java.lang.String)&gt; in (VisualizzaDettagliRisorsaOnlineGUI.java:173)
Method &lt;project.VIEW.VisualizzaDettagliRisorsaOnlineGUI$3.actionPerformed(java.awt.event.ActionEvent)&gt; calls method &lt;project.CONTROLLER.Controller.openCitazioni(java.lang.String)&gt; in (VisualizzaDettagliRisorsaOnlineGUI.java:184)
Method &lt;project.VIEW.VisualizzaLibreriaGUI$1.actionPerformed(java.awt.event.ActionEvent)&gt; calls method &lt;project.CONTROLLER.Controller.getADMIN()&gt; in (VisualizzaLibreriaGUI.java:110)
Method &lt;project.VIEW.VisualizzaLibreriaGUI$1.actionPerformed(java.awt.event.ActionEvent)&gt; calls method &lt;project.CONTROLLER.Controller.getAutore()&gt; in (VisualizzaLibreriaGUI.java:115)
Method &lt;project.VIEW.VisualizzaLibreriaGUI$1.actionPerformed(java.awt.event.ActionEvent)&gt; calls method &lt;project.CONTROLLER.Controller.openHome()&gt; in (VisualizzaLibreriaGUI.java:116)
Method &lt;project.VIEW.VisualizzaLibreriaGUI$1.actionPerformed(java.awt.event.ActionEvent)&gt; calls method &lt;project.CONTROLLER.Controller.openPortaleAmministratore()&gt; in (VisualizzaLibreriaGUI.java:111)
Method &lt;project.VIEW.VisualizzaLibreriaGUI$1.actionPerformed(java.awt.event.ActionEvent)&gt; calls method &lt;project.CONTROLLER.Controller.openPortaleAutori()&gt; in (VisualizzaLibreriaGUI.java:120)
Method &lt;project.VIEW.VisualizzaLibreriaGUI$2.actionPerformed(java.awt.event.ActionEvent)&gt; calls method &lt;project.CONTROLLER.Controller.openVisualizzaLibri()&gt; in (VisualizzaLibreriaGUI.java:134)
Method &lt;project.VIEW.VisualizzaLibreriaGUI$3.actionPerformed(java.awt.event.ActionEvent)&gt; calls method &lt;project.CONTROLLER.Controller.openVisualizzaDataset()&gt; in (VisualizzaLibreriaGUI.java:147)
Method &lt;project.VIEW.VisualizzaLibreriaGUI$4.actionPerformed(java.awt.event.ActionEvent)&gt; calls method &lt;project.CONTROLLER.Controller.openVisualizzaRisorsaOnline()&gt; in (VisualizzaLibreriaGUI.java:160)
Method &lt;project.VIEW.VisualizzaLibreriaGUI$5.actionPerformed(java.awt.event.ActionEvent)&gt; calls method &lt;project.CONTROLLER.Controller.openVisualizzaArticoloSuConferenza()&gt; in (VisualizzaLibreriaGUI.java:173)
Method &lt;project.VIEW.VisualizzaLibreriaGUI$6.actionPerformed(java.awt.event.ActionEvent)&gt; calls method &lt;project.CONTROLLER.Controller.openVisualizzaArticoloSuRivista()&gt; in (VisualizzaLibreriaGUI.java:186)
Method &lt;project.VIEW.VisualizzaLibreriaGUI$7.actionPerformed(java.awt.event.ActionEvent)&gt; calls method &lt;project.CONTROLLER.Controller.openDettagliMateriale(project.MODEL.Materiale)&gt; in (VisualizzaLibreriaGUI.java:206)
Method &lt;project.VIEW.VisualizzaLibreriaGUI$7.actionPerformed(java.awt.event.ActionEvent)&gt; calls method &lt;project.CONTROLLER.Controller.openDialog(java.lang.String)&gt; in (VisualizzaLibreriaGUI.java:210)
Method &lt;project.VIEW.VisualizzaLibriGUI$1.actionPerformed(java.awt.event.ActionEvent)&gt; calls method &lt;project.CONTROLLER.Controller.getADMIN()&gt; in (VisualizzaLibriGUI.java:118)
Method &lt;project.VIEW.VisualizzaLibriGUI$1.actionPerformed(java.awt.event.ActionEvent)&gt; calls method &lt;project.CONTROLLER.Controller.getAutore()&gt; in (VisualizzaLibriGUI.java:123)
Method &lt;project.VIEW.VisualizzaLibriGUI$1.actionPerformed(java.awt.event.ActionEvent)&gt; calls method &lt;project.CONTROLLER.Controller.openHome()&gt; in (VisualizzaLibriGUI.java:124)
Method &lt;project.VIEW.VisualizzaLibriGUI$1.actionPerformed(java.awt.event.ActionEvent)&gt; calls method &lt;project.CONTROLLER.Controller.openPortaleAmministratore()&gt; in (VisualizzaLibriGUI.java:119)
Method &lt;project.VIEW.VisualizzaLibriGUI$1.actionPerformed(java.awt.event.ActionEvent)&gt; calls method &lt;project.CONTROLLER.Controller.openPortaleAutori()&gt; in (VisualizzaLibriGUI.java:128)
Method &lt;project.VIEW.VisualizzaLibriGUI$2.actionPerformed(java.awt.event.ActionEvent)&gt; calls method &lt;project.CONTROLLER.Controller.openVisualizzaDataset()&gt; in (VisualizzaLibriGUI.java:147)
Method &lt;project.VIEW.VisualizzaLibriGUI$3.actionPerformed(java.awt.event.ActionEvent)&gt; calls method &lt;project.CONTROLLER.Controller.openVisualizzaRisorsaOnline()&gt; in (VisualizzaLibriGUI.java:160)
Method &lt;project.VIEW.VisualizzaLibriGUI$4.actionPerformed(java.awt.event.ActionEvent)&gt; calls method &lt;project.CONTROLLER.Controller.openVisualizzaArticoloSuConferenza()&gt; in (VisualizzaLibriGUI.java:175)
Method &lt;project.VIEW.VisualizzaLibriGUI$5.actionPerformed(java.awt.event.ActionEvent)&gt; calls method &lt;project.CONTROLLER.Controller.openVisualizzaArticoloSuRivista()&gt; in (VisualizzaLibriGUI.java:188)
Method &lt;project.VIEW.VisualizzaLibriGUI$6.actionPerformed(java.awt.event.ActionEvent)&gt; calls method &lt;project.CONTROLLER.Controller.openDettagliLibro(project.MODEL.Materiale)&gt; in (VisualizzaLibriGUI.java:208)
Method &lt;project.VIEW.VisualizzaLibriGUI$6.actionPerformed(java.awt.event.ActionEvent)&gt; calls method &lt;project.CONTROLLER.Controller.openDialog(java.lang.String)&gt; in (VisualizzaLibriGUI.java:212)
Method &lt;project.VIEW.VisualizzaLibriGUI$7.actionPerformed(java.awt.event.ActionEvent)&gt; calls method &lt;project.CONTROLLER.Controller.openVisualizzaLibreria()&gt; in (VisualizzaLibriGUI.java:222)
Method &lt;project.VIEW.VisualizzaRisorsaOnlineGUI$1.actionPerformed(java.awt.event.ActionEvent)&gt; calls method &lt;project.CONTROLLER.Controller.getADMIN()&gt; in (VisualizzaRisorsaOnlineGUI.java:108)
Method &lt;project.VIEW.VisualizzaRisorsaOnlineGUI$1.actionPerformed(java.awt.event.ActionEvent)&gt; calls method &lt;project.CONTROLLER.Controller.getAutore()&gt; in (VisualizzaRisorsaOnlineGUI.java:113)
Method &lt;project.VIEW.VisualizzaRisorsaOnlineGUI$1.actionPerformed(java.awt.event.ActionEvent)&gt; calls method &lt;project.CONTROLLER.Controller.openHome()&gt; in (VisualizzaRisorsaOnlineGUI.java:114)
Method &lt;project.VIEW.VisualizzaRisorsaOnlineGUI$1.actionPerformed(java.awt.event.ActionEvent)&gt; calls method &lt;project.CONTROLLER.Controller.openPortaleAmministratore()&gt; in (VisualizzaRisorsaOnlineGUI.java:109)
Method &lt;project.VIEW.VisualizzaRisorsaOnlineGUI$1.actionPerformed(java.awt.event.ActionEvent)&gt; calls method &lt;project.CONTROLLER.Controller.openPortaleAutori()&gt; in (VisualizzaRisorsaOnlineGUI.java:118)
Method &lt;project.VIEW.VisualizzaRisorsaOnlineGUI$2.actionPerformed(java.awt.event.ActionEvent)&gt; calls method &lt;project.CONTROLLER.Controller.openVisualizzaLibri()&gt; in (VisualizzaRisorsaOnlineGUI.java:130)
Method &lt;project.VIEW.VisualizzaRisorsaOnlineGUI$3.actionPerformed(java.awt.event.ActionEvent)&gt; calls method &lt;project.CONTROLLER.Controller.openVisualizzaDataset()&gt; in (VisualizzaRisorsaOnlineGUI.java:143)
Method &lt;project.VIEW.VisualizzaRisorsaOnlineGUI$4.actionPerformed(java.awt.event.ActionEvent)&gt; calls method &lt;project.CONTROLLER.Controller.openVisualizzaArticoloSuConferenza()&gt; in (VisualizzaRisorsaOnlineGUI.java:165)
Method &lt;project.VIEW.VisualizzaRisorsaOnlineGUI$5.actionPerformed(java.awt.event.ActionEvent)&gt; calls method &lt;project.CONTROLLER.Controller.openVisualizzaArticoloSuRivista()&gt; in (VisualizzaRisorsaOnlineGUI.java:178)
Method &lt;project.VIEW.VisualizzaRisorsaOnlineGUI$6.actionPerformed(java.awt.event.ActionEvent)&gt; calls method &lt;project.CONTROLLER.Controller.openDettagliRisorsaOnline(project.MODEL.Materiale)&gt; in (VisualizzaRisorsaOnlineGUI.java:191)
Method &lt;project.VIEW.VisualizzaRisorsaOnlineGUI$6.actionPerformed(java.awt.event.ActionEvent)&gt; calls method &lt;project.CONTROLLER.Controller.openDialog(java.lang.String)&gt; in (VisualizzaRisorsaOnlineGUI.java:195)
Method &lt;project.VIEW.VisualizzaRisorsaOnlineGUI$7.actionPerformed(java.awt.event.ActionEvent)&gt; calls method &lt;project.CONTROLLER.Controller.openVisualizzaLibreria()&gt; in (VisualizzaRisorsaOnlineGUI.java:214)
Method &lt;project.VIEW.VisualizzaRisultatiGUI$2.actionPerformed(java.awt.event.ActionEvent)&gt; calls method &lt;project.CONTROLLER.Controller.openDettagliMateriale(project.MODEL.Materiale)&gt; in (VisualizzaRisultatiGUI.java:131)
Method &lt;project.VIEW.VisualizzaRisultatiGUI$2.actionPerformed(java.awt.event.ActionEvent)&gt; calls method &lt;project.CONTROLLER.Controller.openDialog(java.lang.String)&gt; in (VisualizzaRisultatiGUI.java:135)" type="java.lang.AssertionError">java.lang.AssertionError: Architecture Violation [Priority: MEDIUM] - Rule &apos;Layered architecture consisting of
layer &apos;View&apos; (&apos;project.VIEW..&apos;)
layer &apos;Controller&apos; (&apos;project.CONTROLLER..&apos;)
layer &apos;Model&apos; (&apos;project.MODEL..&apos;)
layer &apos;Database&apos; (&apos;project.DAO..&apos;)
where layer &apos;Controller&apos; may not be accessed by any layer&apos; was violated (418 times):
Constructor &lt;project.VIEW.AccessoPortaleAmministratoreGUI.&lt;init&gt;(project.CONTROLLER.Controller)&gt; has parameter of type &lt;project.CONTROLLER.Controller&gt; in (AccessoPortaleAmministratoreGUI.java:0)
Constructor &lt;project.VIEW.AccessoPortaleAutoriGUI.&lt;init&gt;(project.CONTROLLER.Controller)&gt; has parameter of type &lt;project.CONTROLLER.Controller&gt; in (AccessoPortaleAutoriGUI.java:0)
Constructor &lt;project.VIEW.AggiungiAGerarchiaEsistenteDaModificaGUI.&lt;init&gt;(project.CONTROLLER.Controller, java.util.List, project.MODEL.Materiale)&gt; has parameter of type &lt;project.CONTROLLER.Controller&gt; in (AggiungiAGerarchiaEsistenteDaModificaGUI.java:0)
Constructor &lt;project.VIEW.AggiungiCategoriaAGerarchiaDaModificaGUI.&lt;init&gt;(project.CONTROLLER.Controller, project.MODEL.Materiale, project.MODEL.Categoria)&gt; has parameter of type &lt;project.CONTROLLER.Controller&gt; in (AggiungiCategoriaAGerarchiaDaModificaGUI.java:0)
Constructor &lt;project.VIEW.AggiungiCategoriaDaModificaGUI.&lt;init&gt;(project.CONTROLLER.Controller, project.MODEL.Materiale)&gt; has parameter of type &lt;project.CONTROLLER.Controller&gt; in (AggiungiCategoriaDaModificaGUI.java:0)
Constructor &lt;project.VIEW.AggiungiCategoriaEsistenteDaModificaGUI.&lt;init&gt;(project.CONTROLLER.Controller, java.util.List, project.MODEL.Materiale)&gt; has parameter of type &lt;project.CONTROLLER.Controller&gt; in (AggiungiCategoriaEsistenteDaModificaGUI.java:0)
Constructor &lt;project.VIEW.AggiungiCategoriaNuovaDaModificaGUI.&lt;init&gt;(project.CONTROLLER.Controller, project.MODEL.Materiale)&gt; has parameter of type &lt;project.CONTROLLER.Controller&gt; in (AggiungiCategoriaNuovaDaModificaGUI.java:0)
Constructor &lt;project.VIEW.AggiungiGerarchiaNuovaDaModificaGUI.&lt;init&gt;(project.CONTROLLER.Controller, project.MODEL.Materiale)&gt; has parameter of type &lt;project.CONTROLLER.Controller&gt; in (AggiungiGerarchiaNuovaDaModificaGUI.java:0)
Constructor &lt;project.VIEW.AggiuntaAGerarchiaEsistenteGUI.&lt;init&gt;(project.CONTROLLER.Controller, java.util.List, project.MODEL.Materiale)&gt; has parameter of type &lt;project.CONTROLLER.Controller&gt; in (AggiuntaAGerarchiaEsistenteGUI.java:0)
Constructor &lt;project.VIEW.AggiuntaCategoriaAGerarchiaGUI.&lt;init&gt;(project.CONTROLLER.Controller, project.MODEL.Materiale, project.MODEL.Categoria)&gt; has parameter of type &lt;project.CONTROLLER.Controller&gt; in (AggiuntaCategoriaAGerarchiaGUI.java:0)
Constructor &lt;project.VIEW.AggiuntaCategoriaEsistenteGUI.&lt;init&gt;(project.CONTROLLER.Controller, java.util.List, project.MODEL.Materiale)&gt; has parameter of type &lt;project.CONTROLLER.Controller&gt; in (AggiuntaCategoriaEsistenteGUI.java:0)
Constructor &lt;project.VIEW.AggiuntaCategoriaGUI.&lt;init&gt;(project.CONTROLLER.Controller, project.MODEL.Materiale)&gt; has parameter of type &lt;project.CONTROLLER.Controller&gt; in (AggiuntaCategoriaGUI.java:0)
Constructor &lt;project.VIEW.AggiuntaCategoriaNuovaGUI.&lt;init&gt;(project.CONTROLLER.Controller, project.MODEL.Materiale)&gt; has parameter of type &lt;project.CONTROLLER.Controller&gt; in (AggiuntaCategoriaNuovaGUI.java:0)
Constructor &lt;project.VIEW.AggiuntaCitazioneDaModificaGUI.&lt;init&gt;(project.CONTROLLER.Controller, java.util.List, project.MODEL.Materiale)&gt; has parameter of type &lt;project.CONTROLLER.Controller&gt; in (AggiuntaCitazioneDaModificaGUI.java:0)
Constructor &lt;project.VIEW.AggiuntaCitazioneGUI.&lt;init&gt;(project.CONTROLLER.Controller, java.util.List, project.MODEL.Materiale)&gt; has parameter of type &lt;project.CONTROLLER.Controller&gt; in (AggiuntaCitazioneGUI.java:0)
Constructor &lt;project.VIEW.AggiuntaGerarchiaNuovaGUI.&lt;init&gt;(project.CONTROLLER.Controller, project.MODEL.Materiale)&gt; has parameter of type &lt;project.CONTROLLER.Controller&gt; in (AggiuntaGerarchiaNuovaGUI.java:0)
Constructor &lt;project.VIEW.AggiuntaParolaChiaveGUI.&lt;init&gt;(project.CONTROLLER.Controller, project.MODEL.Materiale)&gt; has parameter of type &lt;project.CONTROLLER.Controller&gt; in (AggiuntaParolaChiaveGUI.java:0)
Constructor &lt;project.VIEW.HomeGUI.&lt;init&gt;(project.CONTROLLER.Controller)&gt; has parameter of type &lt;project.CONTROLLER.Controller&gt; in (HomeGUI.java:0)
Constructor &lt;project.VIEW.InserimentoArticoloSuConferenzaGUI.&lt;init&gt;(project.CONTROLLER.Controller)&gt; has parameter of type &lt;project.CONTROLLER.Controller&gt; in (InserimentoArticoloSuConferenzaGUI.java:0)
Constructor &lt;project.VIEW.InserimentoArticoloSuRivistaGUI.&lt;init&gt;(project.CONTROLLER.Controller)&gt; has parameter of type &lt;project.CONTROLLER.Controller&gt; in (InserimentoArticoloSuRivistaGUI.java:0)
Constructor &lt;project.VIEW.InserimentoDatasetGUI.&lt;init&gt;(project.CONTROLLER.Controller)&gt; has parameter of type &lt;project.CONTROLLER.Controller&gt; in (InserimentoDatasetGUI.java:0)
Constructor &lt;project.VIEW.InserimentoLibroGUI.&lt;init&gt;(project.CONTROLLER.Controller)&gt; has parameter of type &lt;project.CONTROLLER.Controller&gt; in (InserimentoLibroGUI.java:0)
Constructor &lt;project.VIEW.InserimentoRisorsaOnlineGUI.&lt;init&gt;(project.CONTROLLER.Controller)&gt; has parameter of type &lt;project.CONTROLLER.Controller&gt; in (InserimentoRisorsaOnlineGUI.java:0)
Constructor &lt;project.VIEW.InserisciMaterialeGUI.&lt;init&gt;(project.CONTROLLER.Controller)&gt; has parameter of type &lt;project.CONTROLLER.Controller&gt; in (InserisciMaterialeGUI.java:0)
Constructor &lt;project.VIEW.LibreriaGUI.&lt;init&gt;(project.CONTROLLER.Controller)&gt; has parameter of type &lt;project.CONTROLLER.Controller&gt; in (LibreriaGUI.java:0)
Constructor &lt;project.VIEW.ModificaArticoloSuConferenzaGUI.&lt;init&gt;(project.CONTROLLER.Controller, project.struttureDiAppoggio.RigaTabellaArticoloSuConferenza)&gt; has parameter of type &lt;project.CONTROLLER.Controller&gt; in (ModificaArticoloSuConferenzaGUI.java:0)
Constructor &lt;project.VIEW.ModificaArticoloSuRivistaGUI.&lt;init&gt;(project.CONTROLLER.Controller, project.struttureDiAppoggio.RigaTabellaArticoloSuRivista)&gt; has parameter of type &lt;project.CONTROLLER.Controller&gt; in (ModificaArticoloSuRivistaGUI.java:0)
Constructor &lt;project.VIEW.ModificaAutoreADMINGUI.&lt;init&gt;(project.CONTROLLER.Controller, project.MODEL.Autore)&gt; has parameter of type &lt;project.CONTROLLER.Controller&gt; in (ModificaAutoreADMINGUI.java:0)
Constructor &lt;project.VIEW.ModificaAutoriADMINGUI.&lt;init&gt;(project.CONTROLLER.Controller, java.util.List)&gt; has parameter of type &lt;project.CONTROLLER.Controller&gt; in (ModificaAutoriADMINGUI.java:0)
Constructor &lt;project.VIEW.ModificaCategorieGUI.&lt;init&gt;(project.CONTROLLER.Controller, java.util.List, project.MODEL.Materiale)&gt; has parameter of type &lt;project.CONTROLLER.Controller&gt; in (ModificaCategorieGUI.java:0)
Constructor &lt;project.VIEW.ModificaCitazioneGUI.&lt;init&gt;(project.CONTROLLER.Controller, java.util.List, project.MODEL.Materiale)&gt; has parameter of type &lt;project.CONTROLLER.Controller&gt; in (ModificaCitazioneGUI.java:0)
Constructor &lt;project.VIEW.ModificaDatasetGUI.&lt;init&gt;(project.CONTROLLER.Controller, project.struttureDiAppoggio.RigaTabellaDataset)&gt; has parameter of type &lt;project.CONTROLLER.Controller&gt; in (ModificaDatasetGUI.java:0)
Constructor &lt;project.VIEW.ModificaLibroGUI.&lt;init&gt;(project.CONTROLLER.Controller, project.struttureDiAppoggio.RigaTabellaLibro)&gt; has parameter of type &lt;project.CONTROLLER.Controller&gt; in (ModificaLibroGUI.java:0)
Constructor &lt;project.VIEW.ModificaMaterialeGUI.&lt;init&gt;(project.CONTROLLER.Controller, java.util.List)&gt; has parameter of type &lt;project.CONTROLLER.Controller&gt; in (ModificaMaterialeGUI.java:0)
Constructor &lt;project.VIEW.ModificaMaterialiADMINGUI.&lt;init&gt;(project.CONTROLLER.Controller, java.util.List)&gt; has parameter of type &lt;project.CONTROLLER.Controller&gt; in (ModificaMaterialiADMINGUI.java:0)
Constructor &lt;project.VIEW.ModificaParoleAssociateGUI.&lt;init&gt;(project.CONTROLLER.Controller, java.util.List, project.MODEL.Materiale)&gt; has parameter of type &lt;project.CONTROLLER.Controller&gt; in (ModificaParoleAssociateGUI.java:0)
Constructor &lt;project.VIEW.ModificaRisorsaOnlineGUI.&lt;init&gt;(project.CONTROLLER.Controller, project.struttureDiAppoggio.RigaTabellaRisorsaOnline)&gt; has parameter of type &lt;project.CONTROLLER.Controller&gt; in (ModificaRisorsaOnlineGUI.java:0)
Constructor &lt;project.VIEW.PortaleAmministratoreGUI.&lt;init&gt;(project.CONTROLLER.Controller)&gt; has parameter of type &lt;project.CONTROLLER.Controller&gt; in (PortaleAmministratoreGUI.java:0)
Constructor &lt;project.VIEW.PortaleAutoriGUI.&lt;init&gt;(project.CONTROLLER.Controller, project.MODEL.Autore)&gt; has parameter of type &lt;project.CONTROLLER.Controller&gt; in (PortaleAutoriGUI.java:0)
Constructor &lt;project.VIEW.RegistrazioneGUI.&lt;init&gt;(project.CONTROLLER.Controller)&gt; has parameter of type &lt;project.CONTROLLER.Controller&gt; in (RegistrazioneGUI.java:0)
Constructor &lt;project.VIEW.RicercaGUI.&lt;init&gt;(project.CONTROLLER.Controller)&gt; has parameter of type &lt;project.CONTROLLER.Controller&gt; in (RicercaGUI.java:0)
Constructor &lt;project.VIEW.VisualizzaArticoliSuConferenzaGUI.&lt;init&gt;(project.CONTROLLER.Controller, java.util.List)&gt; has parameter of type &lt;project.CONTROLLER.Controller&gt; in (VisualizzaArticoliSuConferenzaGUI.java:0)
Constructor &lt;project.VIEW.VisualizzaArticoliSuRivistaGUI.&lt;init&gt;(project.CONTROLLER.Controller, java.util.List)&gt; has parameter of type &lt;project.CONTROLLER.Controller&gt; in (VisualizzaArticoliSuRivistaGUI.java:0)
Constructor &lt;project.VIEW.VisualizzaCategorieGUI.&lt;init&gt;(project.CONTROLLER.Controller, java.util.List, java.lang.String)&gt; has parameter of type &lt;project.CONTROLLER.Controller&gt; in (VisualizzaCategorieGUI.java:0)
Constructor &lt;project.VIEW.VisualizzaCitazioniGUI.&lt;init&gt;(project.CONTROLLER.Controller, java.util.List, java.lang.String)&gt; has parameter of type &lt;project.CONTROLLER.Controller&gt; in (VisualizzaCitazioniGUI.java:0)
Constructor &lt;project.VIEW.VisualizzaDatasetGUI.&lt;init&gt;(project.CONTROLLER.Controller, java.util.List)&gt; has parameter of type &lt;project.CONTROLLER.Controller&gt; in (VisualizzaDatasetGUI.java:0)
Constructor &lt;project.VIEW.VisualizzaDettagliArticoloSuConferenzaGUI.&lt;init&gt;(project.CONTROLLER.Controller, project.struttureDiAppoggio.RigaTabellaArticoloSuConferenza)&gt; has parameter of type &lt;project.CONTROLLER.Controller&gt; in (VisualizzaDettagliArticoloSuConferenzaGUI.java:0)
Constructor &lt;project.VIEW.VisualizzaDettagliArticoloSuRivistaGUI.&lt;init&gt;(project.CONTROLLER.Controller, project.struttureDiAppoggio.RigaTabellaArticoloSuRivista)&gt; has parameter of type &lt;project.CONTROLLER.Controller&gt; in (VisualizzaDettagliArticoloSuRivistaGUI.java:0)
Constructor &lt;project.VIEW.VisualizzaDettagliDatasetGUI.&lt;init&gt;(project.CONTROLLER.Controller, project.struttureDiAppoggio.RigaTabellaDataset)&gt; has parameter of type &lt;project.CONTROLLER.Controller&gt; in (VisualizzaDettagliDatasetGUI.java:0)
Constructor &lt;project.VIEW.VisualizzaDettagliLibroGUI.&lt;init&gt;(project.CONTROLLER.Controller, project.struttureDiAppoggio.RigaTabellaLibro)&gt; has parameter of type &lt;project.CONTROLLER.Controller&gt; in (VisualizzaDettagliLibroGUI.java:0)
Constructor &lt;project.VIEW.VisualizzaDettagliRisorsaOnlineGUI.&lt;init&gt;(project.CONTROLLER.Controller, project.struttureDiAppoggio.RigaTabellaRisorsaOnline)&gt; has parameter of type &lt;project.CONTROLLER.Controller&gt; in (VisualizzaDettagliRisorsaOnlineGUI.java:0)
Constructor &lt;project.VIEW.VisualizzaLibreriaGUI.&lt;init&gt;(project.CONTROLLER.Controller, java.util.List)&gt; has parameter of type &lt;project.CONTROLLER.Controller&gt; in (VisualizzaLibreriaGUI.java:0)
Constructor &lt;project.VIEW.VisualizzaLibriGUI.&lt;init&gt;(project.CONTROLLER.Controller, java.util.List)&gt; has parameter of type &lt;project.CONTROLLER.Controller&gt; in (VisualizzaLibriGUI.java:0)
Constructor &lt;project.VIEW.VisualizzaParoleAssociateGUI.&lt;init&gt;(project.CONTROLLER.Controller, java.util.List, java.lang.String)&gt; has parameter of type &lt;project.CONTROLLER.Controller&gt; in (VisualizzaParoleAssociateGUI.java:0)
Constructor &lt;project.VIEW.VisualizzaRisorsaOnlineGUI.&lt;init&gt;(project.CONTROLLER.Controller, java.util.List)&gt; has parameter of type &lt;project.CONTROLLER.Controller&gt; in (VisualizzaRisorsaOnlineGUI.java:0)
Constructor &lt;project.VIEW.VisualizzaRisultatiGUI.&lt;init&gt;(project.CONTROLLER.Controller, java.util.List)&gt; has parameter of type &lt;project.CONTROLLER.Controller&gt; in (VisualizzaRisultatiGUI.java:0)
Field &lt;project.VIEW.AccessoPortaleAmministratoreGUI.controller&gt; has type &lt;project.CONTROLLER.Controller&gt; in (AccessoPortaleAmministratoreGUI.java:0)
Field &lt;project.VIEW.AccessoPortaleAutoriGUI.controller&gt; has type &lt;project.CONTROLLER.Controller&gt; in (AccessoPortaleAutoriGUI.java:0)
Field &lt;project.VIEW.AggiungiAGerarchiaEsistenteDaModificaGUI.controller&gt; has type &lt;project.CONTROLLER.Controller&gt; in (AggiungiAGerarchiaEsistenteDaModificaGUI.java:0)
Field &lt;project.VIEW.AggiungiCategoriaAGerarchiaDaModificaGUI.controller&gt; has type &lt;project.CONTROLLER.Controller&gt; in (AggiungiCategoriaAGerarchiaDaModificaGUI.java:0)
Field &lt;project.VIEW.AggiungiCategoriaDaModificaGUI.controller&gt; has type &lt;project.CONTROLLER.Controller&gt; in (AggiungiCategoriaDaModificaGUI.java:0)
Field &lt;project.VIEW.AggiungiCategoriaEsistenteDaModificaGUI.controller&gt; has type &lt;project.CONTROLLER.Controller&gt; in (AggiungiCategoriaEsistenteDaModificaGUI.java:0)
Field &lt;project.VIEW.AggiungiCategoriaNuovaDaModificaGUI.controller&gt; has type &lt;project.CONTROLLER.Controller&gt; in (AggiungiCategoriaNuovaDaModificaGUI.java:0)
Field &lt;project.VIEW.AggiungiGerarchiaNuovaDaModificaGUI.controller&gt; has type &lt;project.CONTROLLER.Controller&gt; in (AggiungiGerarchiaNuovaDaModificaGUI.java:0)
Field &lt;project.VIEW.AggiuntaAGerarchiaEsistenteGUI.controller&gt; has type &lt;project.CONTROLLER.Controller&gt; in (AggiuntaAGerarchiaEsistenteGUI.java:0)
Field &lt;project.VIEW.AggiuntaCategoriaAGerarchiaGUI.controller&gt; has type &lt;project.CONTROLLER.Controller&gt; in (AggiuntaCategoriaAGerarchiaGUI.java:0)
Field &lt;project.VIEW.AggiuntaCategoriaEsistenteGUI.controller&gt; has type &lt;project.CONTROLLER.Controller&gt; in (AggiuntaCategoriaEsistenteGUI.java:0)
Field &lt;project.VIEW.AggiuntaCategoriaGUI.controller&gt; has type &lt;project.CONTROLLER.Controller&gt; in (AggiuntaCategoriaGUI.java:0)
Field &lt;project.VIEW.AggiuntaCategoriaNuovaGUI.controller&gt; has type &lt;project.CONTROLLER.Controller&gt; in (AggiuntaCategoriaNuovaGUI.java:0)
Field &lt;project.VIEW.AggiuntaCitazioneDaModificaGUI.controller&gt; has type &lt;project.CONTROLLER.Controller&gt; in (AggiuntaCitazioneDaModificaGUI.java:0)
Field &lt;project.VIEW.AggiuntaCitazioneGUI.controller&gt; has type &lt;project.CONTROLLER.Controller&gt; in (AggiuntaCitazioneGUI.java:0)
Field &lt;project.VIEW.AggiuntaGerarchiaNuovaGUI.controller&gt; has type &lt;project.CONTROLLER.Controller&gt; in (AggiuntaGerarchiaNuovaGUI.java:0)
Field &lt;project.VIEW.AggiuntaParolaChiaveGUI.controller&gt; has type &lt;project.CONTROLLER.Controller&gt; in (AggiuntaParolaChiaveGUI.java:0)
Field &lt;project.VIEW.HomeGUI.controller&gt; has type &lt;project.CONTROLLER.Controller&gt; in (HomeGUI.java:0)
Field &lt;project.VIEW.InserimentoArticoloSuConferenzaGUI.controller&gt; has type &lt;project.CONTROLLER.Controller&gt; in (InserimentoArticoloSuConferenzaGUI.java:0)
Field &lt;project.VIEW.InserimentoArticoloSuRivistaGUI.controller&gt; has type &lt;project.CONTROLLER.Controller&gt; in (InserimentoArticoloSuRivistaGUI.java:0)
Field &lt;project.VIEW.InserimentoDatasetGUI.controller&gt; has type &lt;project.CONTROLLER.Controller&gt; in (InserimentoDatasetGUI.java:0)
Field &lt;project.VIEW.InserimentoLibroGUI.controller&gt; has type &lt;project.CONTROLLER.Controller&gt; in (InserimentoLibroGUI.java:0)
Field &lt;project.VIEW.InserimentoRisorsaOnlineGUI.controller&gt; has type &lt;project.CONTROLLER.Controller&gt; in (InserimentoRisorsaOnlineGUI.java:0)
Field &lt;project.VIEW.InserisciMaterialeGUI.controller&gt; has type &lt;project.CONTROLLER.Controller&gt; in (InserisciMaterialeGUI.java:0)
Field &lt;project.VIEW.LibreriaGUI.controller&gt; has type &lt;project.CONTROLLER.Controller&gt; in (LibreriaGUI.java:0)
Field &lt;project.VIEW.ModificaArticoloSuConferenzaGUI.controller&gt; has type &lt;project.CONTROLLER.Controller&gt; in (ModificaArticoloSuConferenzaGUI.java:0)
Field &lt;project.VIEW.ModificaArticoloSuRivistaGUI.controller&gt; has type &lt;project.CONTROLLER.Controller&gt; in (ModificaArticoloSuRivistaGUI.java:0)
Field &lt;project.VIEW.ModificaAutoreADMINGUI.controller&gt; has type &lt;project.CONTROLLER.Controller&gt; in (ModificaAutoreADMINGUI.java:0)
Field &lt;project.VIEW.ModificaAutoriADMINGUI.controller&gt; has type &lt;project.CONTROLLER.Controller&gt; in (ModificaAutoriADMINGUI.java:0)
Field &lt;project.VIEW.ModificaCategorieGUI.controller&gt; has type &lt;project.CONTROLLER.Controller&gt; in (ModificaCategorieGUI.java:0)
Field &lt;project.VIEW.ModificaCitazioneGUI.controller&gt; has type &lt;project.CONTROLLER.Controller&gt; in (ModificaCitazioneGUI.java:0)
Field &lt;project.VIEW.ModificaDatasetGUI.controller&gt; has type &lt;project.CONTROLLER.Controller&gt; in (ModificaDatasetGUI.java:0)
Field &lt;project.VIEW.ModificaLibroGUI.controller&gt; has type &lt;project.CONTROLLER.Controller&gt; in (ModificaLibroGUI.java:0)
Field &lt;project.VIEW.ModificaMaterialeGUI.controller&gt; has type &lt;project.CONTROLLER.Controller&gt; in (ModificaMaterialeGUI.java:0)
Field &lt;project.VIEW.ModificaMaterialiADMINGUI.controller&gt; has type &lt;project.CONTROLLER.Controller&gt; in (ModificaMaterialiADMINGUI.java:0)
Field &lt;project.VIEW.ModificaParoleAssociateGUI.controller&gt; has type &lt;project.CONTROLLER.Controller&gt; in (ModificaParoleAssociateGUI.java:0)
Field &lt;project.VIEW.ModificaRisorsaOnlineGUI.controller&gt; has type &lt;project.CONTROLLER.Controller&gt; in (ModificaRisorsaOnlineGUI.java:0)
Field &lt;project.VIEW.PortaleAmministratoreGUI.controller&gt; has type &lt;project.CONTROLLER.Controller&gt; in (PortaleAmministratoreGUI.java:0)
Field &lt;project.VIEW.PortaleAutoriGUI.controller&gt; has type &lt;project.CONTROLLER.Controller&gt; in (PortaleAutoriGUI.java:0)
Field &lt;project.VIEW.RegistrazioneGUI.controller&gt; has type &lt;project.CONTROLLER.Controller&gt; in (RegistrazioneGUI.java:0)
Field &lt;project.VIEW.RicercaGUI.controller&gt; has type &lt;project.CONTROLLER.Controller&gt; in (RicercaGUI.java:0)
Field &lt;project.VIEW.VisualizzaArticoliSuConferenzaGUI.controller&gt; has type &lt;project.CONTROLLER.Controller&gt; in (VisualizzaArticoliSuConferenzaGUI.java:0)
Field &lt;project.VIEW.VisualizzaArticoliSuRivistaGUI.controller&gt; has type &lt;project.CONTROLLER.Controller&gt; in (VisualizzaArticoliSuRivistaGUI.java:0)
Field &lt;project.VIEW.VisualizzaCategorieGUI.controller&gt; has type &lt;project.CONTROLLER.Controller&gt; in (VisualizzaCategorieGUI.java:0)
Field &lt;project.VIEW.VisualizzaCitazioniGUI.controller&gt; has type &lt;project.CONTROLLER.Controller&gt; in (VisualizzaCitazioniGUI.java:0)
Field &lt;project.VIEW.VisualizzaDatasetGUI.controller&gt; has type &lt;project.CONTROLLER.Controller&gt; in (VisualizzaDatasetGUI.java:0)
Field &lt;project.VIEW.VisualizzaDettagliArticoloSuConferenzaGUI.controller&gt; has type &lt;project.CONTROLLER.Controller&gt; in (VisualizzaDettagliArticoloSuConferenzaGUI.java:0)
Field &lt;project.VIEW.VisualizzaDettagliArticoloSuRivistaGUI.controller&gt; has type &lt;project.CONTROLLER.Controller&gt; in (VisualizzaDettagliArticoloSuRivistaGUI.java:0)
Field &lt;project.VIEW.VisualizzaDettagliDatasetGUI.controller&gt; has type &lt;project.CONTROLLER.Controller&gt; in (VisualizzaDettagliDatasetGUI.java:0)
Field &lt;project.VIEW.VisualizzaDettagliLibroGUI.controller&gt; has type &lt;project.CONTROLLER.Controller&gt; in (VisualizzaDettagliLibroGUI.java:0)
Field &lt;project.VIEW.VisualizzaDettagliRisorsaOnlineGUI.controller&gt; has type &lt;project.CONTROLLER.Controller&gt; in (VisualizzaDettagliRisorsaOnlineGUI.java:0)
Field &lt;project.VIEW.VisualizzaLibreriaGUI.controller&gt; has type &lt;project.CONTROLLER.Controller&gt; in (VisualizzaLibreriaGUI.java:0)
Field &lt;project.VIEW.VisualizzaLibriGUI.controller&gt; has type &lt;project.CONTROLLER.Controller&gt; in (VisualizzaLibriGUI.java:0)
Field &lt;project.VIEW.VisualizzaParoleAssociateGUI.controller&gt; has type &lt;project.CONTROLLER.Controller&gt; in (VisualizzaParoleAssociateGUI.java:0)
Field &lt;project.VIEW.VisualizzaRisorsaOnlineGUI.controller&gt; has type &lt;project.CONTROLLER.Controller&gt; in (VisualizzaRisorsaOnlineGUI.java:0)
Field &lt;project.VIEW.VisualizzaRisultatiGUI.controller&gt; has type &lt;project.CONTROLLER.Controller&gt; in (VisualizzaRisultatiGUI.java:0)
Method &lt;project.VIEW.AccessoPortaleAmministratoreGUI$1.loginAmministrazione()&gt; calls method &lt;project.CONTROLLER.Controller.loginAmministratore(java.lang.String, java.lang.String)&gt; in (AccessoPortaleAmministratoreGUI.java:66)
Method &lt;project.VIEW.AccessoPortaleAmministratoreGUI$3.actionPerformed(java.awt.event.ActionEvent)&gt; calls method &lt;project.CONTROLLER.Controller.openHome()&gt; in (AccessoPortaleAmministratoreGUI.java:116)
Method &lt;project.VIEW.AccessoPortaleAutoriGUI$1.loginAutore()&gt; calls method &lt;project.CONTROLLER.Controller.loginAutore(java.lang.String, java.lang.String)&gt; in (AccessoPortaleAutoriGUI.java:66)
Method &lt;project.VIEW.AccessoPortaleAutoriGUI$2.actionPerformed(java.awt.event.ActionEvent)&gt; calls method &lt;project.CONTROLLER.Controller.openRegistrazione()&gt; in (AccessoPortaleAutoriGUI.java:98)
Method &lt;project.VIEW.AccessoPortaleAutoriGUI$4.actionPerformed(java.awt.event.ActionEvent)&gt; calls method &lt;project.CONTROLLER.Controller.openHome()&gt; in (AccessoPortaleAutoriGUI.java:134)
Method &lt;project.VIEW.AggiungiAGerarchiaEsistenteDaModificaGUI$1.actionPerformed(java.awt.event.ActionEvent)&gt; calls method &lt;project.CONTROLLER.Controller.openAggiungiCategoriaAGerarchiaDaModifica(project.MODEL.Materiale, project.MODEL.Categoria)&gt; in (AggiungiAGerarchiaEsistenteDaModificaGUI.java:95)
Method &lt;project.VIEW.AggiungiAGerarchiaEsistenteDaModificaGUI$1.actionPerformed(java.awt.event.ActionEvent)&gt; calls method &lt;project.CONTROLLER.Controller.openDialog(java.lang.String)&gt; in (AggiungiAGerarchiaEsistenteDaModificaGUI.java:101)
Method &lt;project.VIEW.AggiungiAGerarchiaEsistenteDaModificaGUI$2.actionPerformed(java.awt.event.ActionEvent)&gt; calls method &lt;project.CONTROLLER.Controller.openAggiungiCategoriaDaModifica(project.MODEL.Materiale)&gt; in (AggiungiAGerarchiaEsistenteDaModificaGUI.java:114)
Method &lt;project.VIEW.AggiungiCategoriaAGerarchiaDaModificaGUI$1.actionPerformed(java.awt.event.ActionEvent)&gt; calls method &lt;project.CONTROLLER.Controller.associaCategoriaAGerarchia(project.MODEL.Materiale, project.MODEL.Categoria)&gt; in (AggiungiCategoriaAGerarchiaDaModificaGUI.java:84)
Method &lt;project.VIEW.AggiungiCategoriaAGerarchiaDaModificaGUI$1.actionPerformed(java.awt.event.ActionEvent)&gt; calls method &lt;project.CONTROLLER.Controller.openDialog(java.lang.String)&gt; in (AggiungiCategoriaAGerarchiaDaModificaGUI.java:78)
Method &lt;project.VIEW.AggiungiCategoriaAGerarchiaDaModificaGUI$1.actionPerformed(java.awt.event.ActionEvent)&gt; calls method &lt;project.CONTROLLER.Controller.openDialog(java.lang.String)&gt; in (AggiungiCategoriaAGerarchiaDaModificaGUI.java:87)
Method &lt;project.VIEW.AggiungiCategoriaAGerarchiaDaModificaGUI$1.actionPerformed(java.awt.event.ActionEvent)&gt; calls method &lt;project.CONTROLLER.Controller.openDialog(java.lang.String)&gt; in (AggiungiCategoriaAGerarchiaDaModificaGUI.java:90)
Method &lt;project.VIEW.AggiungiCategoriaAGerarchiaDaModificaGUI$2.actionPerformed(java.awt.event.ActionEvent)&gt; calls method &lt;project.CONTROLLER.Controller.openModificaCategorie(project.MODEL.Materiale)&gt; in (AggiungiCategoriaAGerarchiaDaModificaGUI.java:118)
Method &lt;project.VIEW.AggiungiCategoriaAGerarchiaDaModificaGUI$3.actionPerformed(java.awt.event.ActionEvent)&gt; calls method &lt;project.CONTROLLER.Controller.openAggiuntaAGerarchiaEsistenteDaModifica(project.MODEL.Materiale)&gt; in (AggiungiCategoriaAGerarchiaDaModificaGUI.java:136)
Method &lt;project.VIEW.AggiungiCategoriaDaModificaGUI$1.actionPerformed(java.awt.event.ActionEvent)&gt; calls method &lt;project.CONTROLLER.Controller.openAggiungiCategoriaNuovaDaModifica(project.MODEL.Materiale)&gt; in (AggiungiCategoriaDaModificaGUI.java:52)
Method &lt;project.VIEW.AggiungiCategoriaDaModificaGUI$2.actionPerformed(java.awt.event.ActionEvent)&gt; calls method &lt;project.CONTROLLER.Controller.openAggiungiCategoriaEsistenteDaModifica(project.MODEL.Materiale)&gt; in (AggiungiCategoriaDaModificaGUI.java:63)
Method &lt;project.VIEW.AggiungiCategoriaDaModificaGUI$3.actionPerformed(java.awt.event.ActionEvent)&gt; calls method &lt;project.CONTROLLER.Controller.openModificaCategorie(project.MODEL.Materiale)&gt; in (AggiungiCategoriaDaModificaGUI.java:77)
Method &lt;project.VIEW.AggiungiCategoriaEsistenteDaModificaGUI$1.actionPerformed(java.awt.event.ActionEvent)&gt; calls method &lt;project.CONTROLLER.Controller.associaCategoriaEsistente(project.MODEL.Materiale, project.MODEL.Categoria)&gt; in (AggiungiCategoriaEsistenteDaModificaGUI.java:97)
Method &lt;project.VIEW.AggiungiCategoriaEsistenteDaModificaGUI$1.actionPerformed(java.awt.event.ActionEvent)&gt; calls method &lt;project.CONTROLLER.Controller.openDialog(java.lang.String)&gt; in (AggiungiCategoriaEsistenteDaModificaGUI.java:103)
Method &lt;project.VIEW.AggiungiCategoriaEsistenteDaModificaGUI$2.actionPerformed(java.awt.event.ActionEvent)&gt; calls method &lt;project.CONTROLLER.Controller.openAggiungiCategoriaDaModifica(project.MODEL.Materiale)&gt; in (AggiungiCategoriaEsistenteDaModificaGUI.java:116)
Method &lt;project.VIEW.AggiungiCategoriaNuovaDaModificaGUI$1.actionPerformed(java.awt.event.ActionEvent)&gt; calls method &lt;project.CONTROLLER.Controller.openAggiuntaGerarchiaNuovaDaModifica(project.MODEL.Materiale)&gt; in (AggiungiCategoriaNuovaDaModificaGUI.java:55)
Method &lt;project.VIEW.AggiungiCategoriaNuovaDaModificaGUI$2.actionPerformed(java.awt.event.ActionEvent)&gt; calls method &lt;project.CONTROLLER.Controller.openAggiuntaAGerarchiaEsistenteDaModifica(project.MODEL.Materiale)&gt; in (AggiungiCategoriaNuovaDaModificaGUI.java:66)
Method &lt;project.VIEW.AggiungiGerarchiaNuovaDaModificaGUI$1.actionPerformed(java.awt.event.ActionEvent)&gt; calls method &lt;project.CONTROLLER.Controller.associaCategoria(project.MODEL.Materiale, project.MODEL.Categoria)&gt; in (AggiungiGerarchiaNuovaDaModificaGUI.java:83)
Method &lt;project.VIEW.AggiungiGerarchiaNuovaDaModificaGUI$1.actionPerformed(java.awt.event.ActionEvent)&gt; calls method &lt;project.CONTROLLER.Controller.openDialog(java.lang.String)&gt; in (AggiungiGerarchiaNuovaDaModificaGUI.java:78)
Method &lt;project.VIEW.AggiungiGerarchiaNuovaDaModificaGUI$1.actionPerformed(java.awt.event.ActionEvent)&gt; calls method &lt;project.CONTROLLER.Controller.openDialog(java.lang.String)&gt; in (AggiungiGerarchiaNuovaDaModificaGUI.java:86)
Method &lt;project.VIEW.AggiungiGerarchiaNuovaDaModificaGUI$1.actionPerformed(java.awt.event.ActionEvent)&gt; calls method &lt;project.CONTROLLER.Controller.openDialog(java.lang.String)&gt; in (AggiungiGerarchiaNuovaDaModificaGUI.java:89)
Method &lt;project.VIEW.AggiungiGerarchiaNuovaDaModificaGUI$2.actionPerformed(java.awt.event.ActionEvent)&gt; calls method &lt;project.CONTROLLER.Controller.openAggiungiCategoriaDaModifica(project.MODEL.Materiale)&gt; in (AggiungiGerarchiaNuovaDaModificaGUI.java:123)
Method &lt;project.VIEW.AggiuntaAGerarchiaEsistenteGUI$1.actionPerformed(java.awt.event.ActionEvent)&gt; calls method &lt;project.CONTROLLER.Controller.openAggiuntaCategoriaAGerarchia(project.MODEL.Materiale, project.MODEL.Categoria)&gt; in (AggiuntaAGerarchiaEsistenteGUI.java:95)
Method &lt;project.VIEW.AggiuntaAGerarchiaEsistenteGUI$1.actionPerformed(java.awt.event.ActionEvent)&gt; calls method &lt;project.CONTROLLER.Controller.openDialog(java.lang.String)&gt; in (AggiuntaAGerarchiaEsistenteGUI.java:101)
Method &lt;project.VIEW.AggiuntaAGerarchiaEsistenteGUI$2.actionPerformed(java.awt.event.ActionEvent)&gt; calls method &lt;project.CONTROLLER.Controller.openAggiuntaCategoria(project.MODEL.Materiale)&gt; in (AggiuntaAGerarchiaEsistenteGUI.java:114)
Method &lt;project.VIEW.AggiuntaCategoriaAGerarchiaGUI$1.actionPerformed(java.awt.event.ActionEvent)&gt; calls method &lt;project.CONTROLLER.Controller.associaCategoriaAGerarchia(project.MODEL.Materiale, project.MODEL.Categoria)&gt; in (AggiuntaCategoriaAGerarchiaGUI.java:84)
Method &lt;project.VIEW.AggiuntaCategoriaAGerarchiaGUI$1.actionPerformed(java.awt.event.ActionEvent)&gt; calls method &lt;project.CONTROLLER.Controller.openDialog(java.lang.String)&gt; in (AggiuntaCategoriaAGerarchiaGUI.java:78)
Method &lt;project.VIEW.AggiuntaCategoriaAGerarchiaGUI$1.actionPerformed(java.awt.event.ActionEvent)&gt; calls method &lt;project.CONTROLLER.Controller.openDialog(java.lang.String)&gt; in (AggiuntaCategoriaAGerarchiaGUI.java:87)
Method &lt;project.VIEW.AggiuntaCategoriaAGerarchiaGUI$1.actionPerformed(java.awt.event.ActionEvent)&gt; calls method &lt;project.CONTROLLER.Controller.openDialog(java.lang.String)&gt; in (AggiuntaCategoriaAGerarchiaGUI.java:90)
Method &lt;project.VIEW.AggiuntaCategoriaAGerarchiaGUI$2.actionPerformed(java.awt.event.ActionEvent)&gt; calls method &lt;project.CONTROLLER.Controller.returnToPortaleAutori()&gt; in (AggiuntaCategoriaAGerarchiaGUI.java:117)
Method &lt;project.VIEW.AggiuntaCategoriaAGerarchiaGUI$3.actionPerformed(java.awt.event.ActionEvent)&gt; calls method &lt;project.CONTROLLER.Controller.openAggiuntaAGerarchiaEsistente(project.MODEL.Materiale)&gt; in (AggiuntaCategoriaAGerarchiaGUI.java:135)
Method &lt;project.VIEW.AggiuntaCategoriaEsistenteGUI$1.actionPerformed(java.awt.event.ActionEvent)&gt; calls method &lt;project.CONTROLLER.Controller.associaCategoriaEsistente(project.MODEL.Materiale, project.MODEL.Categoria)&gt; in (AggiuntaCategoriaEsistenteGUI.java:97)
Method &lt;project.VIEW.AggiuntaCategoriaEsistenteGUI$1.actionPerformed(java.awt.event.ActionEvent)&gt; calls method &lt;project.CONTROLLER.Controller.openDialog(java.lang.String)&gt; in (AggiuntaCategoriaEsistenteGUI.java:103)
Method &lt;project.VIEW.AggiuntaCategoriaEsistenteGUI$2.actionPerformed(java.awt.event.ActionEvent)&gt; calls method &lt;project.CONTROLLER.Controller.openAggiuntaCategoria(project.MODEL.Materiale)&gt; in (AggiuntaCategoriaEsistenteGUI.java:116)
Method &lt;project.VIEW.AggiuntaCategoriaGUI$1.actionPerformed(java.awt.event.ActionEvent)&gt; calls method &lt;project.CONTROLLER.Controller.openAggiuntaCategoriaNuova(project.MODEL.Materiale)&gt; in (AggiuntaCategoriaGUI.java:50)
Method &lt;project.VIEW.AggiuntaCategoriaGUI$2.actionPerformed(java.awt.event.ActionEvent)&gt; calls method &lt;project.CONTROLLER.Controller.openAggiungiCategoriaEsistente(project.MODEL.Materiale)&gt; in (AggiuntaCategoriaGUI.java:61)
Method &lt;project.VIEW.AggiuntaCategoriaGUI$3.actionPerformed(java.awt.event.ActionEvent)&gt; calls method &lt;project.CONTROLLER.Controller.chiediCitazioni(project.MODEL.Materiale)&gt; in (AggiuntaCategoriaGUI.java:74)
Method &lt;project.VIEW.AggiuntaCategoriaNuovaGUI$1.actionPerformed(java.awt.event.ActionEvent)&gt; calls method &lt;project.CONTROLLER.Controller.openAggiuntaGerarchiaNuova(project.MODEL.Materiale)&gt; in (AggiuntaCategoriaNuovaGUI.java:55)
Method &lt;project.VIEW.AggiuntaCategoriaNuovaGUI$2.actionPerformed(java.awt.event.ActionEvent)&gt; calls method &lt;project.CONTROLLER.Controller.openAggiuntaAGerarchiaEsistente(project.MODEL.Materiale)&gt; in (AggiuntaCategoriaNuovaGUI.java:66)
Method &lt;project.VIEW.AggiuntaCitazioneDaModificaGUI$1.actionPerformed(java.awt.event.ActionEvent)&gt; calls method &lt;project.CONTROLLER.Controller.aggiungiCitazione(project.MODEL.Citazione)&gt; in (AggiuntaCitazioneDaModificaGUI.java:101)
Method &lt;project.VIEW.AggiuntaCitazioneDaModificaGUI$1.actionPerformed(java.awt.event.ActionEvent)&gt; calls method &lt;project.CONTROLLER.Controller.openDialog(java.lang.String)&gt; in (AggiuntaCitazioneDaModificaGUI.java:107)
Method &lt;project.VIEW.AggiuntaCitazioneDaModificaGUI$1.actionPerformed(java.awt.event.ActionEvent)&gt; calls method &lt;project.CONTROLLER.Controller.openDialog(java.lang.String)&gt; in (AggiuntaCitazioneDaModificaGUI.java:112)
Method &lt;project.VIEW.AggiuntaCitazioneDaModificaGUI$1.actionPerformed(java.awt.event.ActionEvent)&gt; calls method &lt;project.CONTROLLER.Controller.openDialog(java.lang.String)&gt; in (AggiuntaCitazioneDaModificaGUI.java:91)
Method &lt;project.VIEW.AggiuntaCitazioneDaModificaGUI$2.actionPerformed(java.awt.event.ActionEvent)&gt; calls method &lt;project.CONTROLLER.Controller.openModificaCitazioni(project.MODEL.Materiale)&gt; in (AggiuntaCitazioneDaModificaGUI.java:127)
Method &lt;project.VIEW.AggiuntaCitazioneGUI$1.actionPerformed(java.awt.event.ActionEvent)&gt; calls method &lt;project.CONTROLLER.Controller.aggiungiCitazione(project.MODEL.Citazione)&gt; in (AggiuntaCitazioneGUI.java:101)
Method &lt;project.VIEW.AggiuntaCitazioneGUI$1.actionPerformed(java.awt.event.ActionEvent)&gt; calls method &lt;project.CONTROLLER.Controller.openDialog(java.lang.String)&gt; in (AggiuntaCitazioneGUI.java:107)
Method &lt;project.VIEW.AggiuntaCitazioneGUI$1.actionPerformed(java.awt.event.ActionEvent)&gt; calls method &lt;project.CONTROLLER.Controller.openDialog(java.lang.String)&gt; in (AggiuntaCitazioneGUI.java:112)
Method &lt;project.VIEW.AggiuntaCitazioneGUI$1.actionPerformed(java.awt.event.ActionEvent)&gt; calls method &lt;project.CONTROLLER.Controller.openDialog(java.lang.String)&gt; in (AggiuntaCitazioneGUI.java:91)
Method &lt;project.VIEW.AggiuntaCitazioneGUI$2.actionPerformed(java.awt.event.ActionEvent)&gt; calls method &lt;project.CONTROLLER.Controller.returnToPortaleAutori()&gt; in (AggiuntaCitazioneGUI.java:127)
Method &lt;project.VIEW.AggiuntaGerarchiaNuovaGUI$1.actionPerformed(java.awt.event.ActionEvent)&gt; calls method &lt;project.CONTROLLER.Controller.associaCategoria(project.MODEL.Materiale, project.MODEL.Categoria)&gt; in (AggiuntaGerarchiaNuovaGUI.java:83)
Method &lt;project.VIEW.AggiuntaGerarchiaNuovaGUI$1.actionPerformed(java.awt.event.ActionEvent)&gt; calls method &lt;project.CONTROLLER.Controller.openDialog(java.lang.String)&gt; in (AggiuntaGerarchiaNuovaGUI.java:78)
Method &lt;project.VIEW.AggiuntaGerarchiaNuovaGUI$1.actionPerformed(java.awt.event.ActionEvent)&gt; calls method &lt;project.CONTROLLER.Controller.openDialog(java.lang.String)&gt; in (AggiuntaGerarchiaNuovaGUI.java:86)
Method &lt;project.VIEW.AggiuntaGerarchiaNuovaGUI$1.actionPerformed(java.awt.event.ActionEvent)&gt; calls method &lt;project.CONTROLLER.Controller.openDialog(java.lang.String)&gt; in (AggiuntaGerarchiaNuovaGUI.java:89)
Method &lt;project.VIEW.AggiuntaGerarchiaNuovaGUI$2.actionPerformed(java.awt.event.ActionEvent)&gt; calls method &lt;project.CONTROLLER.Controller.openAggiuntaCategoria(project.MODEL.Materiale)&gt; in (AggiuntaGerarchiaNuovaGUI.java:122)
Method &lt;project.VIEW.AggiuntaParolaChiaveGUI$1.actionPerformed(java.awt.event.ActionEvent)&gt; calls method &lt;project.CONTROLLER.Controller.associaParola(project.MODEL.Materiale, project.MODEL.ParolaChiave)&gt; in (AggiuntaParolaChiaveGUI.java:76)
Method &lt;project.VIEW.AggiuntaParolaChiaveGUI$1.actionPerformed(java.awt.event.ActionEvent)&gt; calls method &lt;project.CONTROLLER.Controller.openDialog(java.lang.String)&gt; in (AggiuntaParolaChiaveGUI.java:72)
Method &lt;project.VIEW.AggiuntaParolaChiaveGUI$1.actionPerformed(java.awt.event.ActionEvent)&gt; calls method &lt;project.CONTROLLER.Controller.openDialog(java.lang.String)&gt; in (AggiuntaParolaChiaveGUI.java:79)
Method &lt;project.VIEW.AggiuntaParolaChiaveGUI$2.actionPerformed(java.awt.event.ActionEvent)&gt; calls method &lt;project.CONTROLLER.Controller.chiediCategoria(project.MODEL.Materiale)&gt; in (AggiuntaParolaChiaveGUI.java:95)
Method &lt;project.VIEW.HomeGUI$1.actionPerformed(java.awt.event.ActionEvent)&gt; calls method &lt;project.CONTROLLER.Controller.openLibreria()&gt; in (HomeGUI.java:53)
Method &lt;project.VIEW.HomeGUI$2.actionPerformed(java.awt.event.ActionEvent)&gt; calls method &lt;project.CONTROLLER.Controller.openAccessoPortaleAutori()&gt; in (HomeGUI.java:63)
Method &lt;project.VIEW.HomeGUI$3.actionPerformed(java.awt.event.ActionEvent)&gt; calls method &lt;project.CONTROLLER.Controller.openAccessoPortaleAmministratore()&gt; in (HomeGUI.java:74)
Method &lt;project.VIEW.InserimentoArticoloSuConferenzaGUI$1.actionPerformed(java.awt.event.ActionEvent)&gt; calls method &lt;project.CONTROLLER.Controller.chiediParolaChiave(project.MODEL.Materiale)&gt; in (InserimentoArticoloSuConferenzaGUI.java:298)
Method &lt;project.VIEW.InserimentoArticoloSuConferenzaGUI$1.actionPerformed(java.awt.event.ActionEvent)&gt; calls method &lt;project.CONTROLLER.Controller.getAutore()&gt; in (InserimentoArticoloSuConferenzaGUI.java:297)
Method &lt;project.VIEW.InserimentoArticoloSuConferenzaGUI$1.actionPerformed(java.awt.event.ActionEvent)&gt; calls method &lt;project.CONTROLLER.Controller.inserisciArticoloSuConferenza(project.MODEL.ArticoloSuConferenza)&gt; in (InserimentoArticoloSuConferenzaGUI.java:296)
Method &lt;project.VIEW.InserimentoArticoloSuConferenzaGUI$1.actionPerformed(java.awt.event.ActionEvent)&gt; calls method &lt;project.CONTROLLER.Controller.inserisciPubblicazione(java.lang.String, java.lang.String, java.util.Date)&gt; in (InserimentoArticoloSuConferenzaGUI.java:297)
Method &lt;project.VIEW.InserimentoArticoloSuConferenzaGUI$1.actionPerformed(java.awt.event.ActionEvent)&gt; calls method &lt;project.CONTROLLER.Controller.openDialog(java.lang.String)&gt; in (InserimentoArticoloSuConferenzaGUI.java:305)
Method &lt;project.VIEW.InserimentoArticoloSuConferenzaGUI$2.actionPerformed(java.awt.event.ActionEvent)&gt; calls method &lt;project.CONTROLLER.Controller.openInsesciMaterialeGUI()&gt; in (InserimentoArticoloSuConferenzaGUI.java:329)
Method &lt;project.VIEW.InserimentoArticoloSuRivistaGUI$1.actionPerformed(java.awt.event.ActionEvent)&gt; calls method &lt;project.CONTROLLER.Controller.chiediParolaChiave(project.MODEL.Materiale)&gt; in (InserimentoArticoloSuRivistaGUI.java:279)
Method &lt;project.VIEW.InserimentoArticoloSuRivistaGUI$1.actionPerformed(java.awt.event.ActionEvent)&gt; calls method &lt;project.CONTROLLER.Controller.getAutore()&gt; in (InserimentoArticoloSuRivistaGUI.java:278)
Method &lt;project.VIEW.InserimentoArticoloSuRivistaGUI$1.actionPerformed(java.awt.event.ActionEvent)&gt; calls method &lt;project.CONTROLLER.Controller.inserisciArticoloSuRivista(project.MODEL.ArticoloSuRivista)&gt; in (InserimentoArticoloSuRivistaGUI.java:277)
Method &lt;project.VIEW.InserimentoArticoloSuRivistaGUI$1.actionPerformed(java.awt.event.ActionEvent)&gt; calls method &lt;project.CONTROLLER.Controller.inserisciPubblicazione(java.lang.String, java.lang.String, java.util.Date)&gt; in (InserimentoArticoloSuRivistaGUI.java:278)
Method &lt;project.VIEW.InserimentoArticoloSuRivistaGUI$1.actionPerformed(java.awt.event.ActionEvent)&gt; calls method &lt;project.CONTROLLER.Controller.openDialog(java.lang.String)&gt; in (InserimentoArticoloSuRivistaGUI.java:286)
Method &lt;project.VIEW.InserimentoArticoloSuRivistaGUI$2.actionPerformed(java.awt.event.ActionEvent)&gt; calls method &lt;project.CONTROLLER.Controller.openInsesciMaterialeGUI()&gt; in (InserimentoArticoloSuRivistaGUI.java:331)
Method &lt;project.VIEW.InserimentoDatasetGUI$1.inserisciDataset(javax.swing.JSpinner, javax.swing.JSpinner, javax.swing.JTextArea, com.toedter.calendar.JDateChooser)&gt; calls method &lt;project.CONTROLLER.Controller.chiediParolaChiave(project.MODEL.Materiale)&gt; in (InserimentoDatasetGUI.java:223)
Method &lt;project.VIEW.InserimentoDatasetGUI$1.inserisciDataset(javax.swing.JSpinner, javax.swing.JSpinner, javax.swing.JTextArea, com.toedter.calendar.JDateChooser)&gt; calls method &lt;project.CONTROLLER.Controller.getAutore()&gt; in (InserimentoDatasetGUI.java:222)
Method &lt;project.VIEW.InserimentoDatasetGUI$1.inserisciDataset(javax.swing.JSpinner, javax.swing.JSpinner, javax.swing.JTextArea, com.toedter.calendar.JDateChooser)&gt; calls method &lt;project.CONTROLLER.Controller.inserisciDataset(project.MODEL.Dataset)&gt; in (InserimentoDatasetGUI.java:221)
Method &lt;project.VIEW.InserimentoDatasetGUI$1.inserisciDataset(javax.swing.JSpinner, javax.swing.JSpinner, javax.swing.JTextArea, com.toedter.calendar.JDateChooser)&gt; calls method &lt;project.CONTROLLER.Controller.inserisciPubblicazione(java.lang.String, java.lang.String, java.util.Date)&gt; in (InserimentoDatasetGUI.java:222)
Method &lt;project.VIEW.InserimentoDatasetGUI$1.inserisciDataset(javax.swing.JSpinner, javax.swing.JSpinner, javax.swing.JTextArea, com.toedter.calendar.JDateChooser)&gt; calls method &lt;project.CONTROLLER.Controller.openDialog(java.lang.String)&gt; in (InserimentoDatasetGUI.java:230)
Method &lt;project.VIEW.InserimentoDatasetGUI$2.actionPerformed(java.awt.event.ActionEvent)&gt; calls method &lt;project.CONTROLLER.Controller.openInsesciMaterialeGUI()&gt; in (InserimentoDatasetGUI.java:258)
Method &lt;project.VIEW.InserimentoLibroGUI$1.inserisciLibro(javax.swing.JComboBox, javax.swing.JSpinner, javax.swing.JTextArea)&gt; calls method &lt;project.CONTROLLER.Controller.chiediParolaChiave(project.MODEL.Materiale)&gt; in (InserimentoLibroGUI.java:255)
Method &lt;project.VIEW.InserimentoLibroGUI$1.inserisciLibro(javax.swing.JComboBox, javax.swing.JSpinner, javax.swing.JTextArea)&gt; calls method &lt;project.CONTROLLER.Controller.getAutore()&gt; in (InserimentoLibroGUI.java:254)
Method &lt;project.VIEW.InserimentoLibroGUI$1.inserisciLibro(javax.swing.JComboBox, javax.swing.JSpinner, javax.swing.JTextArea)&gt; calls method &lt;project.CONTROLLER.Controller.inserisciLibro(project.MODEL.Libro)&gt; in (InserimentoLibroGUI.java:253)
Method &lt;project.VIEW.InserimentoLibroGUI$1.inserisciLibro(javax.swing.JComboBox, javax.swing.JSpinner, javax.swing.JTextArea)&gt; calls method &lt;project.CONTROLLER.Controller.inserisciPubblicazione(java.lang.String, java.lang.String, java.util.Date)&gt; in (InserimentoLibroGUI.java:254)
Method &lt;project.VIEW.InserimentoLibroGUI$1.inserisciLibro(javax.swing.JComboBox, javax.swing.JSpinner, javax.swing.JTextArea)&gt; calls method &lt;project.CONTROLLER.Controller.openDialog(java.lang.String)&gt; in (InserimentoLibroGUI.java:261)
Method &lt;project.VIEW.InserimentoLibroGUI$2.actionPerformed(java.awt.event.ActionEvent)&gt; calls method &lt;project.CONTROLLER.Controller.openInsesciMaterialeGUI()&gt; in (InserimentoLibroGUI.java:313)
Method &lt;project.VIEW.InserimentoRisorsaOnlineGUI$1.inserisciRisorsaOnline(javax.swing.JTextArea, com.toedter.calendar.JDateChooser)&gt; calls method &lt;project.CONTROLLER.Controller.chiediParolaChiave(project.MODEL.Materiale)&gt; in (InserimentoRisorsaOnlineGUI.java:174)
Method &lt;project.VIEW.InserimentoRisorsaOnlineGUI$1.inserisciRisorsaOnline(javax.swing.JTextArea, com.toedter.calendar.JDateChooser)&gt; calls method &lt;project.CONTROLLER.Controller.getAutore()&gt; in (InserimentoRisorsaOnlineGUI.java:173)
Method &lt;project.VIEW.InserimentoRisorsaOnlineGUI$1.inserisciRisorsaOnline(javax.swing.JTextArea, com.toedter.calendar.JDateChooser)&gt; calls method &lt;project.CONTROLLER.Controller.inserisciPubblicazione(java.lang.String, java.lang.String, java.util.Date)&gt; in (InserimentoRisorsaOnlineGUI.java:173)
Method &lt;project.VIEW.InserimentoRisorsaOnlineGUI$1.inserisciRisorsaOnline(javax.swing.JTextArea, com.toedter.calendar.JDateChooser)&gt; calls method &lt;project.CONTROLLER.Controller.inserisciRisorsaOnline(project.MODEL.RisorsaOnline)&gt; in (InserimentoRisorsaOnlineGUI.java:172)
Method &lt;project.VIEW.InserimentoRisorsaOnlineGUI$1.inserisciRisorsaOnline(javax.swing.JTextArea, com.toedter.calendar.JDateChooser)&gt; calls method &lt;project.CONTROLLER.Controller.openDialog(java.lang.String)&gt; in (InserimentoRisorsaOnlineGUI.java:182)
Method &lt;project.VIEW.InserimentoRisorsaOnlineGUI$2.actionPerformed(java.awt.event.ActionEvent)&gt; calls method &lt;project.CONTROLLER.Controller.openInsesciMaterialeGUI()&gt; in (InserimentoRisorsaOnlineGUI.java:209)
Method &lt;project.VIEW.InserisciMaterialeGUI$1.actionPerformed(java.awt.event.ActionEvent)&gt; calls method &lt;project.CONTROLLER.Controller.openInserimentoLibro()&gt; in (InserisciMaterialeGUI.java:53)
Method &lt;project.VIEW.InserisciMaterialeGUI$2.actionPerformed(java.awt.event.ActionEvent)&gt; calls method &lt;project.CONTROLLER.Controller.openInserimentoDataset()&gt; in (InserisciMaterialeGUI.java:62)
Method &lt;project.VIEW.InserisciMaterialeGUI$3.actionPerformed(java.awt.event.ActionEvent)&gt; calls method &lt;project.CONTROLLER.Controller.openInserimentoArticoloSuConferenza()&gt; in (InserisciMaterialeGUI.java:72)
Method &lt;project.VIEW.InserisciMaterialeGUI$4.actionPerformed(java.awt.event.ActionEvent)&gt; calls method &lt;project.CONTROLLER.Controller.openInserimentoArticoloSuRivista()&gt; in (InserisciMaterialeGUI.java:82)
Method &lt;project.VIEW.InserisciMaterialeGUI$5.actionPerformed(java.awt.event.ActionEvent)&gt; calls method &lt;project.CONTROLLER.Controller.openInserimentoRisoraOnline()&gt; in (InserisciMaterialeGUI.java:92)
Method &lt;project.VIEW.InserisciMaterialeGUI$6.actionPerformed(java.awt.event.ActionEvent)&gt; calls method &lt;project.CONTROLLER.Controller.returnToPortaleAutori()&gt; in (InserisciMaterialeGUI.java:103)
Method &lt;project.VIEW.LibreriaGUI$1.actionPerformed(java.awt.event.ActionEvent)&gt; calls method &lt;project.CONTROLLER.Controller.openRicerca()&gt; in (LibreriaGUI.java:48)
Method &lt;project.VIEW.LibreriaGUI$2.actionPerformed(java.awt.event.ActionEvent)&gt; calls method &lt;project.CONTROLLER.Controller.openVisualizzaLibreria()&gt; in (LibreriaGUI.java:57)
Method &lt;project.VIEW.LibreriaGUI$3.actionPerformed(java.awt.event.ActionEvent)&gt; calls method &lt;project.CONTROLLER.Controller.getADMIN()&gt; in (LibreriaGUI.java:69)
Method &lt;project.VIEW.LibreriaGUI$3.actionPerformed(java.awt.event.ActionEvent)&gt; calls method &lt;project.CONTROLLER.Controller.getAutore()&gt; in (LibreriaGUI.java:74)
Method &lt;project.VIEW.LibreriaGUI$3.actionPerformed(java.awt.event.ActionEvent)&gt; calls method &lt;project.CONTROLLER.Controller.openHome()&gt; in (LibreriaGUI.java:75)
Method &lt;project.VIEW.LibreriaGUI$3.actionPerformed(java.awt.event.ActionEvent)&gt; calls method &lt;project.CONTROLLER.Controller.openPortaleAmministratore()&gt; in (LibreriaGUI.java:70)
Method &lt;project.VIEW.LibreriaGUI$3.actionPerformed(java.awt.event.ActionEvent)&gt; calls method &lt;project.CONTROLLER.Controller.openPortaleAutori()&gt; in (LibreriaGUI.java:79)
Method &lt;project.VIEW.ModificaArticoloSuConferenzaGUI$1.actionPerformed(java.awt.event.ActionEvent)&gt; calls method &lt;project.CONTROLLER.Controller.getAutore()&gt; in (ModificaArticoloSuConferenzaGUI.java:303)
Method &lt;project.VIEW.ModificaArticoloSuConferenzaGUI$1.actionPerformed(java.awt.event.ActionEvent)&gt; calls method &lt;project.CONTROLLER.Controller.openDialog(java.lang.String)&gt; in (ModificaArticoloSuConferenzaGUI.java:312)
Method &lt;project.VIEW.ModificaArticoloSuConferenzaGUI$1.actionPerformed(java.awt.event.ActionEvent)&gt; calls method &lt;project.CONTROLLER.Controller.openModificaMateriale()&gt; in (ModificaArticoloSuConferenzaGUI.java:308)
Method &lt;project.VIEW.ModificaArticoloSuConferenzaGUI$1.actionPerformed(java.awt.event.ActionEvent)&gt; calls method &lt;project.CONTROLLER.Controller.updateArticoloSuConferenza(project.MODEL.ArticoloSuConferenza, project.MODEL.ArticoloSuConferenza)&gt; in (ModificaArticoloSuConferenzaGUI.java:301)
Method &lt;project.VIEW.ModificaArticoloSuConferenzaGUI$1.actionPerformed(java.awt.event.ActionEvent)&gt; calls method &lt;project.CONTROLLER.Controller.updatePubblicazione(java.lang.String, java.lang.String, java.util.Date)&gt; in (ModificaArticoloSuConferenzaGUI.java:303)
Method &lt;project.VIEW.ModificaArticoloSuConferenzaGUI$2.actionPerformed(java.awt.event.ActionEvent)&gt; calls method &lt;project.CONTROLLER.Controller.getADMIN()&gt; in (ModificaArticoloSuConferenzaGUI.java:322)
Method &lt;project.VIEW.ModificaArticoloSuConferenzaGUI$2.actionPerformed(java.awt.event.ActionEvent)&gt; calls method &lt;project.CONTROLLER.Controller.openModificaMateriale()&gt; in (ModificaArticoloSuConferenzaGUI.java:325)
Method &lt;project.VIEW.ModificaArticoloSuConferenzaGUI$2.actionPerformed(java.awt.event.ActionEvent)&gt; calls method &lt;project.CONTROLLER.Controller.openModificaMaterialeADMIN()&gt; in (ModificaArticoloSuConferenzaGUI.java:323)
Method &lt;project.VIEW.ModificaArticoloSuConferenzaGUI$3.actionPerformed(java.awt.event.ActionEvent)&gt; calls method &lt;project.CONTROLLER.Controller.openModificaCitazioni(project.MODEL.Materiale)&gt; in (ModificaArticoloSuConferenzaGUI.java:346)
Method &lt;project.VIEW.ModificaArticoloSuConferenzaGUI$4.actionPerformed(java.awt.event.ActionEvent)&gt; calls method &lt;project.CONTROLLER.Controller.openModificaCategorie(project.MODEL.Materiale)&gt; in (ModificaArticoloSuConferenzaGUI.java:356)
Method &lt;project.VIEW.ModificaArticoloSuConferenzaGUI$5.actionPerformed(java.awt.event.ActionEvent)&gt; calls method &lt;project.CONTROLLER.Controller.openModificaParoleChiave(project.MODEL.Materiale)&gt; in (ModificaArticoloSuConferenzaGUI.java:366)
Method &lt;project.VIEW.ModificaArticoloSuRivistaGUI$1.actionPerformed(java.awt.event.ActionEvent)&gt; calls method &lt;project.CONTROLLER.Controller.getAutore()&gt; in (ModificaArticoloSuRivistaGUI.java:295)
Method &lt;project.VIEW.ModificaArticoloSuRivistaGUI$1.actionPerformed(java.awt.event.ActionEvent)&gt; calls method &lt;project.CONTROLLER.Controller.openDialog(java.lang.String)&gt; in (ModificaArticoloSuRivistaGUI.java:304)
Method &lt;project.VIEW.ModificaArticoloSuRivistaGUI$1.actionPerformed(java.awt.event.ActionEvent)&gt; calls method &lt;project.CONTROLLER.Controller.openModificaMateriale()&gt; in (ModificaArticoloSuRivistaGUI.java:300)
Method &lt;project.VIEW.ModificaArticoloSuRivistaGUI$1.actionPerformed(java.awt.event.ActionEvent)&gt; calls method &lt;project.CONTROLLER.Controller.updateArticoloSuRivista(project.MODEL.ArticoloSuRivista, project.MODEL.ArticoloSuRivista)&gt; in (ModificaArticoloSuRivistaGUI.java:293)
Method &lt;project.VIEW.ModificaArticoloSuRivistaGUI$1.actionPerformed(java.awt.event.ActionEvent)&gt; calls method &lt;project.CONTROLLER.Controller.updatePubblicazione(java.lang.String, java.lang.String, java.util.Date)&gt; in (ModificaArticoloSuRivistaGUI.java:295)
Method &lt;project.VIEW.ModificaArticoloSuRivistaGUI$2.actionPerformed(java.awt.event.ActionEvent)&gt; calls method &lt;project.CONTROLLER.Controller.getADMIN()&gt; in (ModificaArticoloSuRivistaGUI.java:337)
Method &lt;project.VIEW.ModificaArticoloSuRivistaGUI$2.actionPerformed(java.awt.event.ActionEvent)&gt; calls method &lt;project.CONTROLLER.Controller.openModificaMateriale()&gt; in (ModificaArticoloSuRivistaGUI.java:340)
Method &lt;project.VIEW.ModificaArticoloSuRivistaGUI$2.actionPerformed(java.awt.event.ActionEvent)&gt; calls method &lt;project.CONTROLLER.Controller.openModificaMaterialeADMIN()&gt; in (ModificaArticoloSuRivistaGUI.java:338)
Method &lt;project.VIEW.ModificaArticoloSuRivistaGUI$3.actionPerformed(java.awt.event.ActionEvent)&gt; calls method &lt;project.CONTROLLER.Controller.openModificaCitazioni(project.MODEL.Materiale)&gt; in (ModificaArticoloSuRivistaGUI.java:352)
Method &lt;project.VIEW.ModificaArticoloSuRivistaGUI$4.actionPerformed(java.awt.event.ActionEvent)&gt; calls method &lt;project.CONTROLLER.Controller.openModificaCategorie(project.MODEL.Materiale)&gt; in (ModificaArticoloSuRivistaGUI.java:362)
Method &lt;project.VIEW.ModificaArticoloSuRivistaGUI$5.actionPerformed(java.awt.event.ActionEvent)&gt; calls method &lt;project.CONTROLLER.Controller.openModificaParoleChiave(project.MODEL.Materiale)&gt; in (ModificaArticoloSuRivistaGUI.java:372)
Method &lt;project.VIEW.ModificaAutoreADMINGUI$1.actionPerformed(java.awt.event.ActionEvent)&gt; calls method &lt;project.CONTROLLER.Controller.openModificaAutoriADMIN()&gt; in (ModificaAutoreADMINGUI.java:70)
Method &lt;project.VIEW.ModificaAutoreADMINGUI$1.actionPerformed(java.awt.event.ActionEvent)&gt; calls method &lt;project.CONTROLLER.Controller.openModificaAutoriADMIN()&gt; in (ModificaAutoreADMINGUI.java:77)
Method &lt;project.VIEW.ModificaAutoreADMINGUI$1.actionPerformed(java.awt.event.ActionEvent)&gt; calls method &lt;project.CONTROLLER.Controller.updateAutore(java.lang.String, java.lang.String, java.lang.String, java.lang.String, java.lang.String, project.MODEL.Autore)&gt; in (ModificaAutoreADMINGUI.java:74)
Method &lt;project.VIEW.ModificaAutoreADMINGUI$1.actionPerformed(java.awt.event.ActionEvent)&gt; calls method &lt;project.CONTROLLER.Controller.updateAutore(java.lang.String, java.lang.String, java.lang.String, java.lang.String, project.MODEL.Autore)&gt; in (ModificaAutoreADMINGUI.java:67)
Method &lt;project.VIEW.ModificaAutoreADMINGUI$2.actionPerformed(java.awt.event.ActionEvent)&gt; calls method &lt;project.CONTROLLER.Controller.openModificaAutoriADMIN()&gt; in (ModificaAutoreADMINGUI.java:150)
Method &lt;project.VIEW.ModificaAutoriADMINGUI$1.actionPerformed(java.awt.event.ActionEvent)&gt; calls method &lt;project.CONTROLLER.Controller.modificaAutore(project.MODEL.Autore)&gt; in (ModificaAutoriADMINGUI.java:87)
Method &lt;project.VIEW.ModificaAutoriADMINGUI$1.actionPerformed(java.awt.event.ActionEvent)&gt; calls method &lt;project.CONTROLLER.Controller.openDialog(java.lang.String)&gt; in (ModificaAutoriADMINGUI.java:93)
Method &lt;project.VIEW.ModificaAutoriADMINGUI$2.actionPerformed(java.awt.event.ActionEvent)&gt; calls method &lt;project.CONTROLLER.Controller.openPortaleAmministratore()&gt; in (ModificaAutoriADMINGUI.java:104)
Method &lt;project.VIEW.ModificaAutoriADMINGUI$3.actionPerformed(java.awt.event.ActionEvent)&gt; calls method &lt;project.CONTROLLER.Controller.eliminaAutore(project.MODEL.Autore)&gt; in (ModificaAutoriADMINGUI.java:123)
Method &lt;project.VIEW.ModificaAutoriADMINGUI$3.actionPerformed(java.awt.event.ActionEvent)&gt; calls method &lt;project.CONTROLLER.Controller.openDialog(java.lang.String)&gt; in (ModificaAutoriADMINGUI.java:129)
Method &lt;project.VIEW.ModificaCategorieGUI$1.actionPerformed(java.awt.event.ActionEvent)&gt; calls method &lt;project.CONTROLLER.Controller.openAggiungiCategoriaDaModifica(project.MODEL.Materiale)&gt; in (ModificaCategorieGUI.java:94)
Method &lt;project.VIEW.ModificaCategorieGUI$2.actionPerformed(java.awt.event.ActionEvent)&gt; calls method &lt;project.CONTROLLER.Controller.eliminaCategoria(project.MODEL.Materiale, project.MODEL.Categoria)&gt; in (ModificaCategorieGUI.java:107)
Method &lt;project.VIEW.ModificaCategorieGUI$2.actionPerformed(java.awt.event.ActionEvent)&gt; calls method &lt;project.CONTROLLER.Controller.openDialog(java.lang.String)&gt; in (ModificaCategorieGUI.java:114)
Method &lt;project.VIEW.ModificaCategorieGUI$2.actionPerformed(java.awt.event.ActionEvent)&gt; calls method &lt;project.CONTROLLER.Controller.openModificaCategorie(project.MODEL.Materiale)&gt; in (ModificaCategorieGUI.java:109)
Method &lt;project.VIEW.ModificaCitazioneGUI$1.actionPerformed(java.awt.event.ActionEvent)&gt; calls method &lt;project.CONTROLLER.Controller.openAggiuntaCitazioneDaModifica(project.MODEL.Materiale)&gt; in (ModificaCitazioneGUI.java:96)
Method &lt;project.VIEW.ModificaCitazioneGUI$2.actionPerformed(java.awt.event.ActionEvent)&gt; calls method &lt;project.CONTROLLER.Controller.eliminaCitazione(project.MODEL.Citazione)&gt; in (ModificaCitazioneGUI.java:111)
Method &lt;project.VIEW.ModificaCitazioneGUI$2.actionPerformed(java.awt.event.ActionEvent)&gt; calls method &lt;project.CONTROLLER.Controller.openDialog(java.lang.String)&gt; in (ModificaCitazioneGUI.java:119)
Method &lt;project.VIEW.ModificaCitazioneGUI$2.actionPerformed(java.awt.event.ActionEvent)&gt; calls method &lt;project.CONTROLLER.Controller.openModificaCitazioni(project.MODEL.Materiale)&gt; in (ModificaCitazioneGUI.java:114)
Method &lt;project.VIEW.ModificaDatasetGUI$1.inserisciDataset(javax.swing.JSpinner, javax.swing.JSpinner, javax.swing.JTextArea, com.toedter.calendar.JDateChooser)&gt; calls method &lt;project.CONTROLLER.Controller.getAutore()&gt; in (ModificaDatasetGUI.java:231)
Method &lt;project.VIEW.ModificaDatasetGUI$1.inserisciDataset(javax.swing.JSpinner, javax.swing.JSpinner, javax.swing.JTextArea, com.toedter.calendar.JDateChooser)&gt; calls method &lt;project.CONTROLLER.Controller.openDialog(java.lang.String)&gt; in (ModificaDatasetGUI.java:239)
Method &lt;project.VIEW.ModificaDatasetGUI$1.inserisciDataset(javax.swing.JSpinner, javax.swing.JSpinner, javax.swing.JTextArea, com.toedter.calendar.JDateChooser)&gt; calls method &lt;project.CONTROLLER.Controller.openModificaMateriale()&gt; in (ModificaDatasetGUI.java:235)
Method &lt;project.VIEW.ModificaDatasetGUI$1.inserisciDataset(javax.swing.JSpinner, javax.swing.JSpinner, javax.swing.JTextArea, com.toedter.calendar.JDateChooser)&gt; calls method &lt;project.CONTROLLER.Controller.updateDataset(project.MODEL.Dataset, project.MODEL.Dataset)&gt; in (ModificaDatasetGUI.java:229)
Method &lt;project.VIEW.ModificaDatasetGUI$1.inserisciDataset(javax.swing.JSpinner, javax.swing.JSpinner, javax.swing.JTextArea, com.toedter.calendar.JDateChooser)&gt; calls method &lt;project.CONTROLLER.Controller.updatePubblicazione(java.lang.String, java.lang.String, java.util.Date)&gt; in (ModificaDatasetGUI.java:231)
Method &lt;project.VIEW.ModificaDatasetGUI$2.actionPerformed(java.awt.event.ActionEvent)&gt; calls method &lt;project.CONTROLLER.Controller.getADMIN()&gt; in (ModificaDatasetGUI.java:257)
Method &lt;project.VIEW.ModificaDatasetGUI$2.actionPerformed(java.awt.event.ActionEvent)&gt; calls method &lt;project.CONTROLLER.Controller.openModificaMateriale()&gt; in (ModificaDatasetGUI.java:260)
Method &lt;project.VIEW.ModificaDatasetGUI$2.actionPerformed(java.awt.event.ActionEvent)&gt; calls method &lt;project.CONTROLLER.Controller.openModificaMaterialeADMIN()&gt; in (ModificaDatasetGUI.java:258)
Method &lt;project.VIEW.ModificaDatasetGUI$3.actionPerformed(java.awt.event.ActionEvent)&gt; calls method &lt;project.CONTROLLER.Controller.openModificaCitazioni(project.MODEL.Materiale)&gt; in (ModificaDatasetGUI.java:272)
Method &lt;project.VIEW.ModificaDatasetGUI$4.actionPerformed(java.awt.event.ActionEvent)&gt; calls method &lt;project.CONTROLLER.Controller.openModificaCitazioni(project.MODEL.Materiale)&gt; in (ModificaDatasetGUI.java:282)
Method &lt;project.VIEW.ModificaDatasetGUI$5.actionPerformed(java.awt.event.ActionEvent)&gt; calls method &lt;project.CONTROLLER.Controller.openModificaParoleChiave(project.MODEL.Materiale)&gt; in (ModificaDatasetGUI.java:292)
Method &lt;project.VIEW.ModificaLibroGUI$1.updateLibro(javax.swing.JComboBox, javax.swing.JSpinner, javax.swing.JTextArea)&gt; calls method &lt;project.CONTROLLER.Controller.getADMIN()&gt; in (ModificaLibroGUI.java:286)
Method &lt;project.VIEW.ModificaLibroGUI$1.updateLibro(javax.swing.JComboBox, javax.swing.JSpinner, javax.swing.JTextArea)&gt; calls method &lt;project.CONTROLLER.Controller.getAutore()&gt; in (ModificaLibroGUI.java:281)
Method &lt;project.VIEW.ModificaLibroGUI$1.updateLibro(javax.swing.JComboBox, javax.swing.JSpinner, javax.swing.JTextArea)&gt; calls method &lt;project.CONTROLLER.Controller.openDialog(java.lang.String)&gt; in (ModificaLibroGUI.java:275)
Method &lt;project.VIEW.ModificaLibroGUI$1.updateLibro(javax.swing.JComboBox, javax.swing.JSpinner, javax.swing.JTextArea)&gt; calls method &lt;project.CONTROLLER.Controller.openDialog(java.lang.String)&gt; in (ModificaLibroGUI.java:293)
Method &lt;project.VIEW.ModificaLibroGUI$1.updateLibro(javax.swing.JComboBox, javax.swing.JSpinner, javax.swing.JTextArea)&gt; calls method &lt;project.CONTROLLER.Controller.openModificaMateriale()&gt; in (ModificaLibroGUI.java:289)
Method &lt;project.VIEW.ModificaLibroGUI$1.updateLibro(javax.swing.JComboBox, javax.swing.JSpinner, javax.swing.JTextArea)&gt; calls method &lt;project.CONTROLLER.Controller.openModificaMaterialeADMIN()&gt; in (ModificaLibroGUI.java:287)
Method &lt;project.VIEW.ModificaLibroGUI$1.updateLibro(javax.swing.JComboBox, javax.swing.JSpinner, javax.swing.JTextArea)&gt; calls method &lt;project.CONTROLLER.Controller.updateLibro(project.MODEL.Libro, project.MODEL.Libro)&gt; in (ModificaLibroGUI.java:279)
Method &lt;project.VIEW.ModificaLibroGUI$1.updateLibro(javax.swing.JComboBox, javax.swing.JSpinner, javax.swing.JTextArea)&gt; calls method &lt;project.CONTROLLER.Controller.updatePubblicazione(java.lang.String, java.lang.String, java.util.Date)&gt; in (ModificaLibroGUI.java:281)
Method &lt;project.VIEW.ModificaLibroGUI$2.actionPerformed(java.awt.event.ActionEvent)&gt; calls method &lt;project.CONTROLLER.Controller.getADMIN()&gt; in (ModificaLibroGUI.java:337)
Method &lt;project.VIEW.ModificaLibroGUI$2.actionPerformed(java.awt.event.ActionEvent)&gt; calls method &lt;project.CONTROLLER.Controller.openModificaMateriale()&gt; in (ModificaLibroGUI.java:340)
Method &lt;project.VIEW.ModificaLibroGUI$2.actionPerformed(java.awt.event.ActionEvent)&gt; calls method &lt;project.CONTROLLER.Controller.openModificaMaterialeADMIN()&gt; in (ModificaLibroGUI.java:338)
Method &lt;project.VIEW.ModificaLibroGUI$3.actionPerformed(java.awt.event.ActionEvent)&gt; calls method &lt;project.CONTROLLER.Controller.openModificaParoleChiave(project.MODEL.Materiale)&gt; in (ModificaLibroGUI.java:352)
Method &lt;project.VIEW.ModificaLibroGUI$4.actionPerformed(java.awt.event.ActionEvent)&gt; calls method &lt;project.CONTROLLER.Controller.openModificaCategorie(project.MODEL.Materiale)&gt; in (ModificaLibroGUI.java:362)
Method &lt;project.VIEW.ModificaLibroGUI$5.actionPerformed(java.awt.event.ActionEvent)&gt; calls method &lt;project.CONTROLLER.Controller.openModificaCitazioni(project.MODEL.Materiale)&gt; in (ModificaLibroGUI.java:372)
Method &lt;project.VIEW.ModificaMaterialeGUI$1.actionPerformed(java.awt.event.ActionEvent)&gt; calls method &lt;project.CONTROLLER.Controller.modificaMateriale(project.MODEL.Materiale)&gt; in (ModificaMaterialeGUI.java:86)
Method &lt;project.VIEW.ModificaMaterialeGUI$1.actionPerformed(java.awt.event.ActionEvent)&gt; calls method &lt;project.CONTROLLER.Controller.openDialog(java.lang.String)&gt; in (ModificaMaterialeGUI.java:92)
Method &lt;project.VIEW.ModificaMaterialeGUI$2.actionPerformed(java.awt.event.ActionEvent)&gt; calls method &lt;project.CONTROLLER.Controller.returnToPortaleAutori()&gt; in (ModificaMaterialeGUI.java:103)
Method &lt;project.VIEW.ModificaMaterialeGUI$3.actionPerformed(java.awt.event.ActionEvent)&gt; calls method &lt;project.CONTROLLER.Controller.eliminaMateriale(project.MODEL.Materiale)&gt; in (ModificaMaterialeGUI.java:122)
Method &lt;project.VIEW.ModificaMaterialeGUI$3.actionPerformed(java.awt.event.ActionEvent)&gt; calls method &lt;project.CONTROLLER.Controller.openDialog(java.lang.String)&gt; in (ModificaMaterialeGUI.java:128)
Method &lt;project.VIEW.ModificaMaterialiADMINGUI$1.actionPerformed(java.awt.event.ActionEvent)&gt; calls method &lt;project.CONTROLLER.Controller.modificaMateriale(project.MODEL.Materiale)&gt; in (ModificaMaterialiADMINGUI.java:96)
Method &lt;project.VIEW.ModificaMaterialiADMINGUI$1.actionPerformed(java.awt.event.ActionEvent)&gt; calls method &lt;project.CONTROLLER.Controller.openDialog(java.lang.String)&gt; in (ModificaMaterialiADMINGUI.java:102)
Method &lt;project.VIEW.ModificaMaterialiADMINGUI$2.actionPerformed(java.awt.event.ActionEvent)&gt; calls method &lt;project.CONTROLLER.Controller.getADMIN()&gt; in (ModificaMaterialiADMINGUI.java:114)
Method &lt;project.VIEW.ModificaMaterialiADMINGUI$2.actionPerformed(java.awt.event.ActionEvent)&gt; calls method &lt;project.CONTROLLER.Controller.openPortaleAmministratore()&gt; in (ModificaMaterialiADMINGUI.java:115)
Method &lt;project.VIEW.ModificaMaterialiADMINGUI$2.actionPerformed(java.awt.event.ActionEvent)&gt; calls method &lt;project.CONTROLLER.Controller.returnToPortaleAutori()&gt; in (ModificaMaterialiADMINGUI.java:117)
Method &lt;project.VIEW.ModificaMaterialiADMINGUI$3.actionPerformed(java.awt.event.ActionEvent)&gt; calls method &lt;project.CONTROLLER.Controller.eliminaMateriale(project.MODEL.Materiale)&gt; in (ModificaMaterialiADMINGUI.java:136)
Method &lt;project.VIEW.ModificaMaterialiADMINGUI$3.actionPerformed(java.awt.event.ActionEvent)&gt; calls method &lt;project.CONTROLLER.Controller.openDialog(java.lang.String)&gt; in (ModificaMaterialiADMINGUI.java:142)
Method &lt;project.VIEW.ModificaParoleAssociateGUI$1.actionPerformed(java.awt.event.ActionEvent)&gt; calls method &lt;project.CONTROLLER.Controller.eliminaParolaChiave(project.MODEL.ParolaChiave, project.MODEL.Materiale)&gt; in (ModificaParoleAssociateGUI.java:96)
Method &lt;project.VIEW.ModificaParoleAssociateGUI$1.actionPerformed(java.awt.event.ActionEvent)&gt; calls method &lt;project.CONTROLLER.Controller.openDialog(java.lang.String)&gt; in (ModificaParoleAssociateGUI.java:105)
Method &lt;project.VIEW.ModificaParoleAssociateGUI$1.actionPerformed(java.awt.event.ActionEvent)&gt; calls method &lt;project.CONTROLLER.Controller.openModificaParoleChiave(project.MODEL.Materiale)&gt; in (ModificaParoleAssociateGUI.java:99)
Method &lt;project.VIEW.ModificaParoleAssociateGUI$2.actionPerformed(java.awt.event.ActionEvent)&gt; calls method &lt;project.CONTROLLER.Controller.associaParola(project.MODEL.Materiale, project.MODEL.ParolaChiave)&gt; in (ModificaParoleAssociateGUI.java:133)
Method &lt;project.VIEW.ModificaParoleAssociateGUI$2.actionPerformed(java.awt.event.ActionEvent)&gt; calls method &lt;project.CONTROLLER.Controller.openDialog(java.lang.String)&gt; in (ModificaParoleAssociateGUI.java:130)
Method &lt;project.VIEW.ModificaParoleAssociateGUI$2.actionPerformed(java.awt.event.ActionEvent)&gt; calls method &lt;project.CONTROLLER.Controller.openModificaParoleChiave(project.MODEL.Materiale)&gt; in (ModificaParoleAssociateGUI.java:136)
Method &lt;project.VIEW.ModificaRisorsaOnlineGUI$1.inserisciRisorsaOnline(javax.swing.JTextArea, com.toedter.calendar.JDateChooser)&gt; calls method &lt;project.CONTROLLER.Controller.getAutore()&gt; in (ModificaRisorsaOnlineGUI.java:179)
Method &lt;project.VIEW.ModificaRisorsaOnlineGUI$1.inserisciRisorsaOnline(javax.swing.JTextArea, com.toedter.calendar.JDateChooser)&gt; calls method &lt;project.CONTROLLER.Controller.openDialog(java.lang.String)&gt; in (ModificaRisorsaOnlineGUI.java:187)
Method &lt;project.VIEW.ModificaRisorsaOnlineGUI$1.inserisciRisorsaOnline(javax.swing.JTextArea, com.toedter.calendar.JDateChooser)&gt; calls method &lt;project.CONTROLLER.Controller.openModificaMateriale()&gt; in (ModificaRisorsaOnlineGUI.java:183)
Method &lt;project.VIEW.ModificaRisorsaOnlineGUI$1.inserisciRisorsaOnline(javax.swing.JTextArea, com.toedter.calendar.JDateChooser)&gt; calls method &lt;project.CONTROLLER.Controller.updatePubblicazione(java.lang.String, java.lang.String, java.util.Date)&gt; in (ModificaRisorsaOnlineGUI.java:179)
Method &lt;project.VIEW.ModificaRisorsaOnlineGUI$1.inserisciRisorsaOnline(javax.swing.JTextArea, com.toedter.calendar.JDateChooser)&gt; calls method &lt;project.CONTROLLER.Controller.updateRisorsaOnline(project.MODEL.RisorsaOnline, project.MODEL.RisorsaOnline)&gt; in (ModificaRisorsaOnlineGUI.java:177)
Method &lt;project.VIEW.ModificaRisorsaOnlineGUI$2.actionPerformed(java.awt.event.ActionEvent)&gt; calls method &lt;project.CONTROLLER.Controller.getADMIN()&gt; in (ModificaRisorsaOnlineGUI.java:204)
Method &lt;project.VIEW.ModificaRisorsaOnlineGUI$2.actionPerformed(java.awt.event.ActionEvent)&gt; calls method &lt;project.CONTROLLER.Controller.openModificaMateriale()&gt; in (ModificaRisorsaOnlineGUI.java:207)
Method &lt;project.VIEW.ModificaRisorsaOnlineGUI$2.actionPerformed(java.awt.event.ActionEvent)&gt; calls method &lt;project.CONTROLLER.Controller.openModificaMaterialeADMIN()&gt; in (ModificaRisorsaOnlineGUI.java:205)
Method &lt;project.VIEW.ModificaRisorsaOnlineGUI$3.actionPerformed(java.awt.event.ActionEvent)&gt; calls method &lt;project.CONTROLLER.Controller.openModificaParoleChiave(project.MODEL.Materiale)&gt; in (ModificaRisorsaOnlineGUI.java:219)
Method &lt;project.VIEW.ModificaRisorsaOnlineGUI$4.actionPerformed(java.awt.event.ActionEvent)&gt; calls method &lt;project.CONTROLLER.Controller.openModificaCategorie(project.MODEL.Materiale)&gt; in (ModificaRisorsaOnlineGUI.java:229)
Method &lt;project.VIEW.ModificaRisorsaOnlineGUI$5.actionPerformed(java.awt.event.ActionEvent)&gt; calls method &lt;project.CONTROLLER.Controller.openModificaCitazioni(project.MODEL.Materiale)&gt; in (ModificaRisorsaOnlineGUI.java:239)
Method &lt;project.VIEW.PortaleAmministratoreGUI$1.actionPerformed(java.awt.event.ActionEvent)&gt; calls method &lt;project.CONTROLLER.Controller.openModificaMaterialeADMIN()&gt; in (PortaleAmministratoreGUI.java:54)
Method &lt;project.VIEW.PortaleAmministratoreGUI$2.actionPerformed(java.awt.event.ActionEvent)&gt; calls method &lt;project.CONTROLLER.Controller.openLibreria()&gt; in (PortaleAmministratoreGUI.java:64)
Method &lt;project.VIEW.PortaleAmministratoreGUI$3.actionPerformed(java.awt.event.ActionEvent)&gt; calls method &lt;project.CONTROLLER.Controller.logoutADMIN()&gt; in (PortaleAmministratoreGUI.java:81)
Method &lt;project.VIEW.PortaleAmministratoreGUI$3.actionPerformed(java.awt.event.ActionEvent)&gt; calls method &lt;project.CONTROLLER.Controller.openHome()&gt; in (PortaleAmministratoreGUI.java:82)
Method &lt;project.VIEW.PortaleAmministratoreGUI$4.actionPerformed(java.awt.event.ActionEvent)&gt; calls method &lt;project.CONTROLLER.Controller.openModificaAutoriADMIN()&gt; in (PortaleAmministratoreGUI.java:91)
Method &lt;project.VIEW.PortaleAutoriGUI$1.actionPerformed(java.awt.event.ActionEvent)&gt; calls method &lt;project.CONTROLLER.Controller.openInsesciMaterialeGUI()&gt; in (PortaleAutoriGUI.java:56)
Method &lt;project.VIEW.PortaleAutoriGUI$2.actionPerformed(java.awt.event.ActionEvent)&gt; calls method &lt;project.CONTROLLER.Controller.openModificaMateriale()&gt; in (PortaleAutoriGUI.java:67)
Method &lt;project.VIEW.PortaleAutoriGUI$3.actionPerformed(java.awt.event.ActionEvent)&gt; calls method &lt;project.CONTROLLER.Controller.openLibreria()&gt; in (PortaleAutoriGUI.java:77)
Method &lt;project.VIEW.PortaleAutoriGUI$4.actionPerformed(java.awt.event.ActionEvent)&gt; calls method &lt;project.CONTROLLER.Controller.openHome()&gt; in (PortaleAutoriGUI.java:104)
Method &lt;project.VIEW.PortaleAutoriGUI$4.actionPerformed(java.awt.event.ActionEvent)&gt; calls method &lt;project.CONTROLLER.Controller.setAutore(project.MODEL.Autore)&gt; in (PortaleAutoriGUI.java:103)
Method &lt;project.VIEW.RegistrazioneGUI$1.actionPerformed(java.awt.event.ActionEvent)&gt; calls method &lt;project.CONTROLLER.Controller.registraAutore(java.lang.String, java.lang.String, java.lang.String, java.lang.String, java.lang.String)&gt; in (RegistrazioneGUI.java:63)
Method &lt;project.VIEW.RegistrazioneGUI$2.actionPerformed(java.awt.event.ActionEvent)&gt; calls method &lt;project.CONTROLLER.Controller.openAccessoPortaleAutori()&gt; in (RegistrazioneGUI.java:131)
Method &lt;project.VIEW.RicercaGUI$1.actionPerformed(java.awt.event.ActionEvent)&gt; calls method &lt;project.CONTROLLER.Controller.openLibreria()&gt; in (RicercaGUI.java:60)
Method &lt;project.VIEW.RicercaGUI$5.actionPerformed(java.awt.event.ActionEvent)&gt; calls method &lt;project.CONTROLLER.Controller.eseguiRicerca(project.struttureDiAppoggio.Ricerca)&gt; in (RicercaGUI.java:317)
Method &lt;project.VIEW.VisualizzaArticoliSuConferenzaGUI$1.actionPerformed(java.awt.event.ActionEvent)&gt; calls method &lt;project.CONTROLLER.Controller.getADMIN()&gt; in (VisualizzaArticoliSuConferenzaGUI.java:123)
Method &lt;project.VIEW.VisualizzaArticoliSuConferenzaGUI$1.actionPerformed(java.awt.event.ActionEvent)&gt; calls method &lt;project.CONTROLLER.Controller.getAutore()&gt; in (VisualizzaArticoliSuConferenzaGUI.java:128)
Method &lt;project.VIEW.VisualizzaArticoliSuConferenzaGUI$1.actionPerformed(java.awt.event.ActionEvent)&gt; calls method &lt;project.CONTROLLER.Controller.openHome()&gt; in (VisualizzaArticoliSuConferenzaGUI.java:129)
Method &lt;project.VIEW.VisualizzaArticoliSuConferenzaGUI$1.actionPerformed(java.awt.event.ActionEvent)&gt; calls method &lt;project.CONTROLLER.Controller.openPortaleAmministratore()&gt; in (VisualizzaArticoliSuConferenzaGUI.java:124)
Method &lt;project.VIEW.VisualizzaArticoliSuConferenzaGUI$1.actionPerformed(java.awt.event.ActionEvent)&gt; calls method &lt;project.CONTROLLER.Controller.openPortaleAutori()&gt; in (VisualizzaArticoliSuConferenzaGUI.java:133)
Method &lt;project.VIEW.VisualizzaArticoliSuConferenzaGUI$2.actionPerformed(java.awt.event.ActionEvent)&gt; calls method &lt;project.CONTROLLER.Controller.openVisualizzaLibri()&gt; in (VisualizzaArticoliSuConferenzaGUI.java:147)
Method &lt;project.VIEW.VisualizzaArticoliSuConferenzaGUI$3.actionPerformed(java.awt.event.ActionEvent)&gt; calls method &lt;project.CONTROLLER.Controller.openVisualizzaDataset()&gt; in (VisualizzaArticoliSuConferenzaGUI.java:158)
Method &lt;project.VIEW.VisualizzaArticoliSuConferenzaGUI$4.actionPerformed(java.awt.event.ActionEvent)&gt; calls method &lt;project.CONTROLLER.Controller.openVisualizzaRisorsaOnline()&gt; in (VisualizzaArticoliSuConferenzaGUI.java:171)
Method &lt;project.VIEW.VisualizzaArticoliSuConferenzaGUI$5.actionPerformed(java.awt.event.ActionEvent)&gt; calls method &lt;project.CONTROLLER.Controller.openVisualizzaArticoloSuRivista()&gt; in (VisualizzaArticoliSuConferenzaGUI.java:193)
Method &lt;project.VIEW.VisualizzaArticoliSuConferenzaGUI$6.actionPerformed(java.awt.event.ActionEvent)&gt; calls method &lt;project.CONTROLLER.Controller.openDettagliArticoloSuConferenza(project.MODEL.Materiale)&gt; in (VisualizzaArticoliSuConferenzaGUI.java:206)
Method &lt;project.VIEW.VisualizzaArticoliSuConferenzaGUI$6.actionPerformed(java.awt.event.ActionEvent)&gt; calls method &lt;project.CONTROLLER.Controller.openDialog(java.lang.String)&gt; in (VisualizzaArticoliSuConferenzaGUI.java:210)
Method &lt;project.VIEW.VisualizzaArticoliSuConferenzaGUI$7.actionPerformed(java.awt.event.ActionEvent)&gt; calls method &lt;project.CONTROLLER.Controller.openVisualizzaLibreria()&gt; in (VisualizzaArticoliSuConferenzaGUI.java:229)
Method &lt;project.VIEW.VisualizzaArticoliSuRivistaGUI$1.actionPerformed(java.awt.event.ActionEvent)&gt; calls method &lt;project.CONTROLLER.Controller.getADMIN()&gt; in (VisualizzaArticoliSuRivistaGUI.java:129)
Method &lt;project.VIEW.VisualizzaArticoliSuRivistaGUI$1.actionPerformed(java.awt.event.ActionEvent)&gt; calls method &lt;project.CONTROLLER.Controller.getAutore()&gt; in (VisualizzaArticoliSuRivistaGUI.java:134)
Method &lt;project.VIEW.VisualizzaArticoliSuRivistaGUI$1.actionPerformed(java.awt.event.ActionEvent)&gt; calls method &lt;project.CONTROLLER.Controller.openHome()&gt; in (VisualizzaArticoliSuRivistaGUI.java:135)
Method &lt;project.VIEW.VisualizzaArticoliSuRivistaGUI$1.actionPerformed(java.awt.event.ActionEvent)&gt; calls method &lt;project.CONTROLLER.Controller.openPortaleAmministratore()&gt; in (VisualizzaArticoliSuRivistaGUI.java:130)
Method &lt;project.VIEW.VisualizzaArticoliSuRivistaGUI$1.actionPerformed(java.awt.event.ActionEvent)&gt; calls method &lt;project.CONTROLLER.Controller.openPortaleAutori()&gt; in (VisualizzaArticoliSuRivistaGUI.java:139)
Method &lt;project.VIEW.VisualizzaArticoliSuRivistaGUI$2.actionPerformed(java.awt.event.ActionEvent)&gt; calls method &lt;project.CONTROLLER.Controller.openVisualizzaLibri()&gt; in (VisualizzaArticoliSuRivistaGUI.java:153)
Method &lt;project.VIEW.VisualizzaArticoliSuRivistaGUI$3.actionPerformed(java.awt.event.ActionEvent)&gt; calls method &lt;project.CONTROLLER.Controller.openVisualizzaDataset()&gt; in (VisualizzaArticoliSuRivistaGUI.java:164)
Method &lt;project.VIEW.VisualizzaArticoliSuRivistaGUI$4.actionPerformed(java.awt.event.ActionEvent)&gt; calls method &lt;project.CONTROLLER.Controller.openVisualizzaRisorsaOnline()&gt; in (VisualizzaArticoliSuRivistaGUI.java:177)
Method &lt;project.VIEW.VisualizzaArticoliSuRivistaGUI$5.actionPerformed(java.awt.event.ActionEvent)&gt; calls method &lt;project.CONTROLLER.Controller.openVisualizzaArticoloSuConferenza()&gt; in (VisualizzaArticoliSuRivistaGUI.java:190)
Method &lt;project.VIEW.VisualizzaArticoliSuRivistaGUI$6.actionPerformed(java.awt.event.ActionEvent)&gt; calls method &lt;project.CONTROLLER.Controller.openDettagliArticoloSuRivista(project.MODEL.Materiale)&gt; in (VisualizzaArticoliSuRivistaGUI.java:212)
Method &lt;project.VIEW.VisualizzaArticoliSuRivistaGUI$6.actionPerformed(java.awt.event.ActionEvent)&gt; calls method &lt;project.CONTROLLER.Controller.openDialog(java.lang.String)&gt; in (VisualizzaArticoliSuRivistaGUI.java:216)
Method &lt;project.VIEW.VisualizzaArticoliSuRivistaGUI$7.actionPerformed(java.awt.event.ActionEvent)&gt; calls method &lt;project.CONTROLLER.Controller.openVisualizzaLibreria()&gt; in (VisualizzaArticoliSuRivistaGUI.java:236)
Method &lt;project.VIEW.VisualizzaDatasetGUI$1.actionPerformed(java.awt.event.ActionEvent)&gt; calls method &lt;project.CONTROLLER.Controller.getADMIN()&gt; in (VisualizzaDatasetGUI.java:112)
Method &lt;project.VIEW.VisualizzaDatasetGUI$1.actionPerformed(java.awt.event.ActionEvent)&gt; calls method &lt;project.CONTROLLER.Controller.getAutore()&gt; in (VisualizzaDatasetGUI.java:117)
Method &lt;project.VIEW.VisualizzaDatasetGUI$1.actionPerformed(java.awt.event.ActionEvent)&gt; calls method &lt;project.CONTROLLER.Controller.openHome()&gt; in (VisualizzaDatasetGUI.java:118)
Method &lt;project.VIEW.VisualizzaDatasetGUI$1.actionPerformed(java.awt.event.ActionEvent)&gt; calls method &lt;project.CONTROLLER.Controller.openPortaleAmministratore()&gt; in (VisualizzaDatasetGUI.java:113)
Method &lt;project.VIEW.VisualizzaDatasetGUI$1.actionPerformed(java.awt.event.ActionEvent)&gt; calls method &lt;project.CONTROLLER.Controller.openPortaleAutori()&gt; in (VisualizzaDatasetGUI.java:122)
Method &lt;project.VIEW.VisualizzaDatasetGUI$2.actionPerformed(java.awt.event.ActionEvent)&gt; calls method &lt;project.CONTROLLER.Controller.openVisualizzaLibri()&gt; in (VisualizzaDatasetGUI.java:134)
Method &lt;project.VIEW.VisualizzaDatasetGUI$3.actionPerformed(java.awt.event.ActionEvent)&gt; calls method &lt;project.CONTROLLER.Controller.openVisualizzaRisorsaOnline()&gt; in (VisualizzaDatasetGUI.java:154)
Method &lt;project.VIEW.VisualizzaDatasetGUI$4.actionPerformed(java.awt.event.ActionEvent)&gt; calls method &lt;project.CONTROLLER.Controller.openVisualizzaArticoloSuConferenza()&gt; in (VisualizzaDatasetGUI.java:169)
Method &lt;project.VIEW.VisualizzaDatasetGUI$5.actionPerformed(java.awt.event.ActionEvent)&gt; calls method &lt;project.CONTROLLER.Controller.openVisualizzaArticoloSuRivista()&gt; in (VisualizzaDatasetGUI.java:182)
Method &lt;project.VIEW.VisualizzaDatasetGUI$6.actionPerformed(java.awt.event.ActionEvent)&gt; calls method &lt;project.CONTROLLER.Controller.openDettagliDataset(project.MODEL.Materiale)&gt; in (VisualizzaDatasetGUI.java:195)
Method &lt;project.VIEW.VisualizzaDatasetGUI$6.actionPerformed(java.awt.event.ActionEvent)&gt; calls method &lt;project.CONTROLLER.Controller.openDialog(java.lang.String)&gt; in (VisualizzaDatasetGUI.java:199)
Method &lt;project.VIEW.VisualizzaDatasetGUI$7.actionPerformed(java.awt.event.ActionEvent)&gt; calls method &lt;project.CONTROLLER.Controller.openVisualizzaLibreria()&gt; in (VisualizzaDatasetGUI.java:219)
Method &lt;project.VIEW.VisualizzaDettagliArticoloSuConferenzaGUI$1.actionPerformed(java.awt.event.ActionEvent)&gt; calls method &lt;project.CONTROLLER.Controller.openCitazioni(java.lang.String)&gt; in (VisualizzaDettagliArticoloSuConferenzaGUI.java:295)
Method &lt;project.VIEW.VisualizzaDettagliArticoloSuConferenzaGUI$2.actionPerformed(java.awt.event.ActionEvent)&gt; calls method &lt;project.CONTROLLER.Controller.openCategorieAssociate(java.lang.String)&gt; in (VisualizzaDettagliArticoloSuConferenzaGUI.java:306)
Method &lt;project.VIEW.VisualizzaDettagliArticoloSuConferenzaGUI$3.actionPerformed(java.awt.event.ActionEvent)&gt; calls method &lt;project.CONTROLLER.Controller.openParoleChiaveAssociate(java.lang.String)&gt; in (VisualizzaDettagliArticoloSuConferenzaGUI.java:317)
Method &lt;project.VIEW.VisualizzaDettagliArticoloSuRivistaGUI$1.actionPerformed(java.awt.event.ActionEvent)&gt; calls method &lt;project.CONTROLLER.Controller.openParoleChiaveAssociate(java.lang.String)&gt; in (VisualizzaDettagliArticoloSuRivistaGUI.java:263)
Method &lt;project.VIEW.VisualizzaDettagliArticoloSuRivistaGUI$2.actionPerformed(java.awt.event.ActionEvent)&gt; calls method &lt;project.CONTROLLER.Controller.openCategorieAssociate(java.lang.String)&gt; in (VisualizzaDettagliArticoloSuRivistaGUI.java:274)
Method &lt;project.VIEW.VisualizzaDettagliArticoloSuRivistaGUI$3.actionPerformed(java.awt.event.ActionEvent)&gt; calls method &lt;project.CONTROLLER.Controller.openCitazioni(java.lang.String)&gt; in (VisualizzaDettagliArticoloSuRivistaGUI.java:285)
Method &lt;project.VIEW.VisualizzaDettagliDatasetGUI$1.actionPerformed(java.awt.event.ActionEvent)&gt; calls method &lt;project.CONTROLLER.Controller.openParoleChiaveAssociate(java.lang.String)&gt; in (VisualizzaDettagliDatasetGUI.java:215)
Method &lt;project.VIEW.VisualizzaDettagliDatasetGUI$2.actionPerformed(java.awt.event.ActionEvent)&gt; calls method &lt;project.CONTROLLER.Controller.openCategorieAssociate(java.lang.String)&gt; in (VisualizzaDettagliDatasetGUI.java:226)
Method &lt;project.VIEW.VisualizzaDettagliDatasetGUI$3.actionPerformed(java.awt.event.ActionEvent)&gt; calls method &lt;project.CONTROLLER.Controller.openCitazioni(java.lang.String)&gt; in (VisualizzaDettagliDatasetGUI.java:237)
Method &lt;project.VIEW.VisualizzaDettagliLibroGUI$1.actionPerformed(java.awt.event.ActionEvent)&gt; calls method &lt;project.CONTROLLER.Controller.openParoleChiaveAssociate(java.lang.String)&gt; in (VisualizzaDettagliLibroGUI.java:201)
Method &lt;project.VIEW.VisualizzaDettagliLibroGUI$2.actionPerformed(java.awt.event.ActionEvent)&gt; calls method &lt;project.CONTROLLER.Controller.openCategorieAssociate(java.lang.String)&gt; in (VisualizzaDettagliLibroGUI.java:212)
Method &lt;project.VIEW.VisualizzaDettagliLibroGUI$3.actionPerformed(java.awt.event.ActionEvent)&gt; calls method &lt;project.CONTROLLER.Controller.openCitazioni(java.lang.String)&gt; in (VisualizzaDettagliLibroGUI.java:223)
Method &lt;project.VIEW.VisualizzaDettagliRisorsaOnlineGUI$1.actionPerformed(java.awt.event.ActionEvent)&gt; calls method &lt;project.CONTROLLER.Controller.openParoleChiaveAssociate(java.lang.String)&gt; in (VisualizzaDettagliRisorsaOnlineGUI.java:162)
Method &lt;project.VIEW.VisualizzaDettagliRisorsaOnlineGUI$2.actionPerformed(java.awt.event.ActionEvent)&gt; calls method &lt;project.CONTROLLER.Controller.openCategorieAssociate(java.lang.String)&gt; in (VisualizzaDettagliRisorsaOnlineGUI.java:173)
Method &lt;project.VIEW.VisualizzaDettagliRisorsaOnlineGUI$3.actionPerformed(java.awt.event.ActionEvent)&gt; calls method &lt;project.CONTROLLER.Controller.openCitazioni(java.lang.String)&gt; in (VisualizzaDettagliRisorsaOnlineGUI.java:184)
Method &lt;project.VIEW.VisualizzaLibreriaGUI$1.actionPerformed(java.awt.event.ActionEvent)&gt; calls method &lt;project.CONTROLLER.Controller.getADMIN()&gt; in (VisualizzaLibreriaGUI.java:110)
Method &lt;project.VIEW.VisualizzaLibreriaGUI$1.actionPerformed(java.awt.event.ActionEvent)&gt; calls method &lt;project.CONTROLLER.Controller.getAutore()&gt; in (VisualizzaLibreriaGUI.java:115)
Method &lt;project.VIEW.VisualizzaLibreriaGUI$1.actionPerformed(java.awt.event.ActionEvent)&gt; calls method &lt;project.CONTROLLER.Controller.openHome()&gt; in (VisualizzaLibreriaGUI.java:116)
Method &lt;project.VIEW.VisualizzaLibreriaGUI$1.actionPerformed(java.awt.event.ActionEvent)&gt; calls method &lt;project.CONTROLLER.Controller.openPortaleAmministratore()&gt; in (VisualizzaLibreriaGUI.java:111)
Method &lt;project.VIEW.VisualizzaLibreriaGUI$1.actionPerformed(java.awt.event.ActionEvent)&gt; calls method &lt;project.CONTROLLER.Controller.openPortaleAutori()&gt; in (VisualizzaLibreriaGUI.java:120)
Method &lt;project.VIEW.VisualizzaLibreriaGUI$2.actionPerformed(java.awt.event.ActionEvent)&gt; calls method &lt;project.CONTROLLER.Controller.openVisualizzaLibri()&gt; in (VisualizzaLibreriaGUI.java:134)
Method &lt;project.VIEW.VisualizzaLibreriaGUI$3.actionPerformed(java.awt.event.ActionEvent)&gt; calls method &lt;project.CONTROLLER.Controller.openVisualizzaDataset()&gt; in (VisualizzaLibreriaGUI.java:147)
Method &lt;project.VIEW.VisualizzaLibreriaGUI$4.actionPerformed(java.awt.event.ActionEvent)&gt; calls method &lt;project.CONTROLLER.Controller.openVisualizzaRisorsaOnline()&gt; in (VisualizzaLibreriaGUI.java:160)
Method &lt;project.VIEW.VisualizzaLibreriaGUI$5.actionPerformed(java.awt.event.ActionEvent)&gt; calls method &lt;project.CONTROLLER.Controller.openVisualizzaArticoloSuConferenza()&gt; in (VisualizzaLibreriaGUI.java:173)
Method &lt;project.VIEW.VisualizzaLibreriaGUI$6.actionPerformed(java.awt.event.ActionEvent)&gt; calls method &lt;project.CONTROLLER.Controller.openVisualizzaArticoloSuRivista()&gt; in (VisualizzaLibreriaGUI.java:186)
Method &lt;project.VIEW.VisualizzaLibreriaGUI$7.actionPerformed(java.awt.event.ActionEvent)&gt; calls method &lt;project.CONTROLLER.Controller.openDettagliMateriale(project.MODEL.Materiale)&gt; in (VisualizzaLibreriaGUI.java:206)
Method &lt;project.VIEW.VisualizzaLibreriaGUI$7.actionPerformed(java.awt.event.ActionEvent)&gt; calls method &lt;project.CONTROLLER.Controller.openDialog(java.lang.String)&gt; in (VisualizzaLibreriaGUI.java:210)
Method &lt;project.VIEW.VisualizzaLibriGUI$1.actionPerformed(java.awt.event.ActionEvent)&gt; calls method &lt;project.CONTROLLER.Controller.getADMIN()&gt; in (VisualizzaLibriGUI.java:118)
Method &lt;project.VIEW.VisualizzaLibriGUI$1.actionPerformed(java.awt.event.ActionEvent)&gt; calls method &lt;project.CONTROLLER.Controller.getAutore()&gt; in (VisualizzaLibriGUI.java:123)
Method &lt;project.VIEW.VisualizzaLibriGUI$1.actionPerformed(java.awt.event.ActionEvent)&gt; calls method &lt;project.CONTROLLER.Controller.openHome()&gt; in (VisualizzaLibriGUI.java:124)
Method &lt;project.VIEW.VisualizzaLibriGUI$1.actionPerformed(java.awt.event.ActionEvent)&gt; calls method &lt;project.CONTROLLER.Controller.openPortaleAmministratore()&gt; in (VisualizzaLibriGUI.java:119)
Method &lt;project.VIEW.VisualizzaLibriGUI$1.actionPerformed(java.awt.event.ActionEvent)&gt; calls method &lt;project.CONTROLLER.Controller.openPortaleAutori()&gt; in (VisualizzaLibriGUI.java:128)
Method &lt;project.VIEW.VisualizzaLibriGUI$2.actionPerformed(java.awt.event.ActionEvent)&gt; calls method &lt;project.CONTROLLER.Controller.openVisualizzaDataset()&gt; in (VisualizzaLibriGUI.java:147)
Method &lt;project.VIEW.VisualizzaLibriGUI$3.actionPerformed(java.awt.event.ActionEvent)&gt; calls method &lt;project.CONTROLLER.Controller.openVisualizzaRisorsaOnline()&gt; in (VisualizzaLibriGUI.java:160)
Method &lt;project.VIEW.VisualizzaLibriGUI$4.actionPerformed(java.awt.event.ActionEvent)&gt; calls method &lt;project.CONTROLLER.Controller.openVisualizzaArticoloSuConferenza()&gt; in (VisualizzaLibriGUI.java:175)
Method &lt;project.VIEW.VisualizzaLibriGUI$5.actionPerformed(java.awt.event.ActionEvent)&gt; calls method &lt;project.CONTROLLER.Controller.openVisualizzaArticoloSuRivista()&gt; in (VisualizzaLibriGUI.java:188)
Method &lt;project.VIEW.VisualizzaLibriGUI$6.actionPerformed(java.awt.event.ActionEvent)&gt; calls method &lt;project.CONTROLLER.Controller.openDettagliLibro(project.MODEL.Materiale)&gt; in (VisualizzaLibriGUI.java:208)
Method &lt;project.VIEW.VisualizzaLibriGUI$6.actionPerformed(java.awt.event.ActionEvent)&gt; calls method &lt;project.CONTROLLER.Controller.openDialog(java.lang.String)&gt; in (VisualizzaLibriGUI.java:212)
Method &lt;project.VIEW.VisualizzaLibriGUI$7.actionPerformed(java.awt.event.ActionEvent)&gt; calls method &lt;project.CONTROLLER.Controller.openVisualizzaLibreria()&gt; in (VisualizzaLibriGUI.java:222)
Method &lt;project.VIEW.VisualizzaRisorsaOnlineGUI$1.actionPerformed(java.awt.event.ActionEvent)&gt; calls method &lt;project.CONTROLLER.Controller.getADMIN()&gt; in (VisualizzaRisorsaOnlineGUI.java:108)
Method &lt;project.VIEW.VisualizzaRisorsaOnlineGUI$1.actionPerformed(java.awt.event.ActionEvent)&gt; calls method &lt;project.CONTROLLER.Controller.getAutore()&gt; in (VisualizzaRisorsaOnlineGUI.java:113)
Method &lt;project.VIEW.VisualizzaRisorsaOnlineGUI$1.actionPerformed(java.awt.event.ActionEvent)&gt; calls method &lt;project.CONTROLLER.Controller.openHome()&gt; in (VisualizzaRisorsaOnlineGUI.java:114)
Method &lt;project.VIEW.VisualizzaRisorsaOnlineGUI$1.actionPerformed(java.awt.event.ActionEvent)&gt; calls method &lt;project.CONTROLLER.Controller.openPortaleAmministratore()&gt; in (VisualizzaRisorsaOnlineGUI.java:109)
Method &lt;project.VIEW.VisualizzaRisorsaOnlineGUI$1.actionPerformed(java.awt.event.ActionEvent)&gt; calls method &lt;project.CONTROLLER.Controller.openPortaleAutori()&gt; in (VisualizzaRisorsaOnlineGUI.java:118)
Method &lt;project.VIEW.VisualizzaRisorsaOnlineGUI$2.actionPerformed(java.awt.event.ActionEvent)&gt; calls method &lt;project.CONTROLLER.Controller.openVisualizzaLibri()&gt; in (VisualizzaRisorsaOnlineGUI.java:130)
Method &lt;project.VIEW.VisualizzaRisorsaOnlineGUI$3.actionPerformed(java.awt.event.ActionEvent)&gt; calls method &lt;project.CONTROLLER.Controller.openVisualizzaDataset()&gt; in (VisualizzaRisorsaOnlineGUI.java:143)
Method &lt;project.VIEW.VisualizzaRisorsaOnlineGUI$4.actionPerformed(java.awt.event.ActionEvent)&gt; calls method &lt;project.CONTROLLER.Controller.openVisualizzaArticoloSuConferenza()&gt; in (VisualizzaRisorsaOnlineGUI.java:165)
Method &lt;project.VIEW.VisualizzaRisorsaOnlineGUI$5.actionPerformed(java.awt.event.ActionEvent)&gt; calls method &lt;project.CONTROLLER.Controller.openVisualizzaArticoloSuRivista()&gt; in (VisualizzaRisorsaOnlineGUI.java:178)
Method &lt;project.VIEW.VisualizzaRisorsaOnlineGUI$6.actionPerformed(java.awt.event.ActionEvent)&gt; calls method &lt;project.CONTROLLER.Controller.openDettagliRisorsaOnline(project.MODEL.Materiale)&gt; in (VisualizzaRisorsaOnlineGUI.java:191)
Method &lt;project.VIEW.VisualizzaRisorsaOnlineGUI$6.actionPerformed(java.awt.event.ActionEvent)&gt; calls method &lt;project.CONTROLLER.Controller.openDialog(java.lang.String)&gt; in (VisualizzaRisorsaOnlineGUI.java:195)
Method &lt;project.VIEW.VisualizzaRisorsaOnlineGUI$7.actionPerformed(java.awt.event.ActionEvent)&gt; calls method &lt;project.CONTROLLER.Controller.openVisualizzaLibreria()&gt; in (VisualizzaRisorsaOnlineGUI.java:214)
Method &lt;project.VIEW.VisualizzaRisultatiGUI$2.actionPerformed(java.awt.event.ActionEvent)&gt; calls method &lt;project.CONTROLLER.Controller.openDettagliMateriale(project.MODEL.Materiale)&gt; in (VisualizzaRisultatiGUI.java:131)
Method &lt;project.VIEW.VisualizzaRisultatiGUI$2.actionPerformed(java.awt.event.ActionEvent)&gt; calls method &lt;project.CONTROLLER.Controller.openDialog(java.lang.String)&gt; in (VisualizzaRisultatiGUI.java:135)
	at com.tngtech.archunit.lang.ArchRule$Assertions.assertNoViolation(ArchRule.java:94)
	at com.tngtech.archunit.lang.ArchRule$Assertions.check(ArchRule.java:82)
	at com.tngtech.archunit.library.Architectures$LayeredArchitecture.check(Architectures.java:291)
	at com.tngtech.archunit.junit.ArchRuleExecution.evaluateOn(ArchRuleExecution.java:43)
	at com.tngtech.archunit.junit.ArchUnitRunner.runChild(ArchUnitRunner.java:154)
	at com.tngtech.archunit.junit.ArchUnitRunner.runChild(ArchUnitRunner.java:63)
	at org.junit.runners.ParentRunner$4.run(ParentRunner.java:331)
	at org.junit.runners.ParentRunner$1.schedule(ParentRunner.java:79)
	at org.junit.runners.ParentRunner.runChildren(ParentRunner.java:329)
	at org.junit.runners.ParentRunner.access$100(ParentRunner.java:66)
	at org.junit.runners.ParentRunner$2.evaluate(ParentRunner.java:293)
	at org.junit.runners.ParentRunner$3.evaluate(ParentRunner.java:306)
	at com.tngtech.archunit.junit.ArchUnitRunner$1.evaluate(ArchUnitRunner.java:88)
	at org.junit.runners.ParentRunner.run(ParentRunner.java:413)
	at org.apache.maven.surefire.junit4.JUnit4Provider.execute(JUnit4Provider.java:252)
	at org.apache.maven.surefire.junit4.JUnit4Provider.executeTestSet(JUnit4Provider.java:141)
	at org.apache.maven.surefire.junit4.JUnit4Provider.invoke(JUnit4Provider.java:112)
	at java.base/jdk.internal.reflect.NativeMethodAccessorImpl.invoke0(Native Method)
	at java.base/jdk.internal.reflect.NativeMethodAccessorImpl.invoke(NativeMethodAccessorImpl.java:62)
	at java.base/jdk.internal.reflect.DelegatingMethodAccessorImpl.invoke(DelegatingMethodAccessorImpl.java:43)
	at java.base/java.lang.reflect.Method.invoke(Method.java:566)
	at org.apache.maven.surefire.util.ReflectionUtils.invokeMethodWithArray(ReflectionUtils.java:189)
	at org.apache.maven.surefire.booter.ProviderFactory$ProviderProxy.invoke(ProviderFactory.java:165)
	at org.apache.maven.surefire.booter.ProviderFactory.invokeProvider(ProviderFactory.java:85)
	at org.apache.maven.surefire.booter.ForkedBooter.runSuitesInProcess(ForkedBooter.java:115)
	at org.apache.maven.surefire.booter.ForkedBooter.main(ForkedBooter.java:75)
</failure>
    <system-out>[                          main] PluginLoader                   INFO  Detected Java version 11.0.17
</system-out>
  </testcase>
  <testcase classname="LayeredArchitectureTest" name="controller_loop" time="0"/>
  <testcase classname="LayeredArchitectureTest" name="database_loop" time="0"/>
  <testcase classname="LayeredArchitectureTest" name="db_dependencies_are_respected" time="0.011">
    <failure message="Architecture Violation [Priority: MEDIUM] - Rule &apos;Layered architecture consisting of
layer &apos;View&apos; (&apos;project.VIEW..&apos;)
layer &apos;Controller&apos; (&apos;project.CONTROLLER..&apos;)
layer &apos;Model&apos; (&apos;project.MODEL..&apos;)
layer &apos;Database&apos; (&apos;project.DAO..&apos;)
where layer &apos;Database&apos; may not be accessed by any layer&apos; was violated (191 times):
Field &lt;project.CONTROLLER.Controller.singleton&gt; has type &lt;project.DAO.ConnectionPostgres&gt; in (Controller.java:0)
Method &lt;project.CONTROLLER.Controller.aggiungiCitazione(project.MODEL.Citazione)&gt; calls constructor &lt;project.DAO.DAOPostgres.CitazioneDAOPostgres.&lt;init&gt;(project.DAO.ConnectionPostgres)&gt; in (Controller.java:1051)
Method &lt;project.CONTROLLER.Controller.aggiungiCitazione(project.MODEL.Citazione)&gt; calls method &lt;project.DAO.DAOPostgres.CitazioneDAOPostgres.checkUniqueCitazione(project.MODEL.Citazione)&gt; in (Controller.java:1053)
Method &lt;project.CONTROLLER.Controller.aggiungiCitazione(project.MODEL.Citazione)&gt; calls method &lt;project.DAO.DAOPostgres.CitazioneDAOPostgres.inserisciCitazione(project.MODEL.Citazione)&gt; in (Controller.java:1054)
Method &lt;project.CONTROLLER.Controller.associaCategoria(project.MODEL.Materiale, project.MODEL.Categoria)&gt; calls constructor &lt;project.DAO.DAOPostgres.CategoriaDAOPostgres.&lt;init&gt;(project.DAO.ConnectionPostgres)&gt; in (Controller.java:1023)
Method &lt;project.CONTROLLER.Controller.associaCategoria(project.MODEL.Materiale, project.MODEL.Categoria)&gt; calls constructor &lt;project.DAO.DAOPostgres.CategoriaDiAppartenenzaDAOPostgres.&lt;init&gt;(project.DAO.ConnectionPostgres)&gt; in (Controller.java:1027)
Method &lt;project.CONTROLLER.Controller.associaCategoria(project.MODEL.Materiale, project.MODEL.Categoria)&gt; calls method &lt;project.DAO.DAOPostgres.CategoriaDAOPostgres.checkUniqueCategoria(project.MODEL.Categoria)&gt; in (Controller.java:1025)
Method &lt;project.CONTROLLER.Controller.associaCategoria(project.MODEL.Materiale, project.MODEL.Categoria)&gt; calls method &lt;project.DAO.DAOPostgres.CategoriaDAOPostgres.insertCategoria(project.MODEL.Categoria)&gt; in (Controller.java:1026)
Method &lt;project.CONTROLLER.Controller.associaCategoria(project.MODEL.Materiale, project.MODEL.Categoria)&gt; calls method &lt;project.DAO.DAOPostgres.CategoriaDiAppartenenzaDAOPostgres.checkNotLoop(project.MODEL.CategoriaDiAppartenenza)&gt; in (Controller.java:1029)
Method &lt;project.CONTROLLER.Controller.associaCategoria(project.MODEL.Materiale, project.MODEL.Categoria)&gt; calls method &lt;project.DAO.DAOPostgres.CategoriaDiAppartenenzaDAOPostgres.checkUniqueAssociazione(project.MODEL.CategoriaDiAppartenenza)&gt; in (Controller.java:1029)
Method &lt;project.CONTROLLER.Controller.associaCategoria(project.MODEL.Materiale, project.MODEL.Categoria)&gt; calls method &lt;project.DAO.DAOPostgres.CategoriaDiAppartenenzaDAOPostgres.insertAssociazione(project.MODEL.CategoriaDiAppartenenza)&gt; in (Controller.java:1030)
Method &lt;project.CONTROLLER.Controller.associaCategoriaAGerarchia(project.MODEL.Materiale, project.MODEL.Categoria)&gt; calls constructor &lt;project.DAO.DAOPostgres.CategoriaDAOPostgres.&lt;init&gt;(project.DAO.ConnectionPostgres)&gt; in (Controller.java:1084)
Method &lt;project.CONTROLLER.Controller.associaCategoriaAGerarchia(project.MODEL.Materiale, project.MODEL.Categoria)&gt; calls constructor &lt;project.DAO.DAOPostgres.CategoriaDiAppartenenzaDAOPostgres.&lt;init&gt;(project.DAO.ConnectionPostgres)&gt; in (Controller.java:1088)
Method &lt;project.CONTROLLER.Controller.associaCategoriaAGerarchia(project.MODEL.Materiale, project.MODEL.Categoria)&gt; calls method &lt;project.DAO.DAOPostgres.CategoriaDAOPostgres.checkUniqueCategoria(project.MODEL.Categoria)&gt; in (Controller.java:1086)
Method &lt;project.CONTROLLER.Controller.associaCategoriaAGerarchia(project.MODEL.Materiale, project.MODEL.Categoria)&gt; calls method &lt;project.DAO.DAOPostgres.CategoriaDAOPostgres.insertCategoriaInGerarchia(project.MODEL.Categoria)&gt; in (Controller.java:1087)
Method &lt;project.CONTROLLER.Controller.associaCategoriaAGerarchia(project.MODEL.Materiale, project.MODEL.Categoria)&gt; calls method &lt;project.DAO.DAOPostgres.CategoriaDiAppartenenzaDAOPostgres.checkNotLoop(project.MODEL.CategoriaDiAppartenenza)&gt; in (Controller.java:1090)
Method &lt;project.CONTROLLER.Controller.associaCategoriaAGerarchia(project.MODEL.Materiale, project.MODEL.Categoria)&gt; calls method &lt;project.DAO.DAOPostgres.CategoriaDiAppartenenzaDAOPostgres.checkUniqueAssociazione(project.MODEL.CategoriaDiAppartenenza)&gt; in (Controller.java:1090)
Method &lt;project.CONTROLLER.Controller.associaCategoriaAGerarchia(project.MODEL.Materiale, project.MODEL.Categoria)&gt; calls method &lt;project.DAO.DAOPostgres.CategoriaDiAppartenenzaDAOPostgres.insertAssociazione(project.MODEL.CategoriaDiAppartenenza)&gt; in (Controller.java:1091)
Method &lt;project.CONTROLLER.Controller.associaCategoriaEsistente(project.MODEL.Materiale, project.MODEL.Categoria)&gt; calls constructor &lt;project.DAO.DAOPostgres.CategoriaDiAppartenenzaDAOPostgres.&lt;init&gt;(project.DAO.ConnectionPostgres)&gt; in (Controller.java:1071)
Method &lt;project.CONTROLLER.Controller.associaCategoriaEsistente(project.MODEL.Materiale, project.MODEL.Categoria)&gt; calls method &lt;project.DAO.DAOPostgres.CategoriaDiAppartenenzaDAOPostgres.checkNotLoop(project.MODEL.CategoriaDiAppartenenza)&gt; in (Controller.java:1074)
Method &lt;project.CONTROLLER.Controller.associaCategoriaEsistente(project.MODEL.Materiale, project.MODEL.Categoria)&gt; calls method &lt;project.DAO.DAOPostgres.CategoriaDiAppartenenzaDAOPostgres.checkUniqueAssociazione(project.MODEL.CategoriaDiAppartenenza)&gt; in (Controller.java:1074)
Method &lt;project.CONTROLLER.Controller.associaCategoriaEsistente(project.MODEL.Materiale, project.MODEL.Categoria)&gt; calls method &lt;project.DAO.DAOPostgres.CategoriaDiAppartenenzaDAOPostgres.insertAssociazione(project.MODEL.CategoriaDiAppartenenza)&gt; in (Controller.java:1075)
Method &lt;project.CONTROLLER.Controller.associaParola(project.MODEL.Materiale, project.MODEL.ParolaChiave)&gt; calls constructor &lt;project.DAO.DAOPostgres.ParolaChiaveDAOPostgres.&lt;init&gt;(project.DAO.ConnectionPostgres)&gt; in (Controller.java:986)
Method &lt;project.CONTROLLER.Controller.associaParola(project.MODEL.Materiale, project.MODEL.ParolaChiave)&gt; calls constructor &lt;project.DAO.DAOPostgres.ParolaChiaveDelMaterialeDAOPostgres.&lt;init&gt;(project.DAO.ConnectionPostgres)&gt; in (Controller.java:1000)
Method &lt;project.CONTROLLER.Controller.associaParola(project.MODEL.Materiale, project.MODEL.ParolaChiave)&gt; calls constructor &lt;project.DAO.DAOPostgres.ParolaChiaveDelMaterialeDAOPostgres.&lt;init&gt;(project.DAO.ConnectionPostgres)&gt; in (Controller.java:990)
Method &lt;project.CONTROLLER.Controller.associaParola(project.MODEL.Materiale, project.MODEL.ParolaChiave)&gt; calls method &lt;project.DAO.DAOPostgres.ParolaChiaveDAOPostgres.checkUniqueParolaChiave(project.MODEL.ParolaChiave)&gt; in (Controller.java:988)
Method &lt;project.CONTROLLER.Controller.associaParola(project.MODEL.Materiale, project.MODEL.ParolaChiave)&gt; calls method &lt;project.DAO.DAOPostgres.ParolaChiaveDAOPostgres.insertParolaChiave(project.MODEL.ParolaChiave)&gt; in (Controller.java:989)
Method &lt;project.CONTROLLER.Controller.associaParola(project.MODEL.Materiale, project.MODEL.ParolaChiave)&gt; calls method &lt;project.DAO.DAOPostgres.ParolaChiaveDelMaterialeDAOPostgres.checkUniqueAssociazione(project.MODEL.ParolaChiaveDelMateriale)&gt; in (Controller.java:1003)
Method &lt;project.CONTROLLER.Controller.associaParola(project.MODEL.Materiale, project.MODEL.ParolaChiave)&gt; calls method &lt;project.DAO.DAOPostgres.ParolaChiaveDelMaterialeDAOPostgres.checkUniqueAssociazione(project.MODEL.ParolaChiaveDelMateriale)&gt; in (Controller.java:992)
Method &lt;project.CONTROLLER.Controller.associaParola(project.MODEL.Materiale, project.MODEL.ParolaChiave)&gt; calls method &lt;project.DAO.DAOPostgres.ParolaChiaveDelMaterialeDAOPostgres.insertAssociazione(project.MODEL.ParolaChiaveDelMateriale)&gt; in (Controller.java:1004)
Method &lt;project.CONTROLLER.Controller.associaParola(project.MODEL.Materiale, project.MODEL.ParolaChiave)&gt; calls method &lt;project.DAO.DAOPostgres.ParolaChiaveDelMaterialeDAOPostgres.insertAssociazione(project.MODEL.ParolaChiaveDelMateriale)&gt; in (Controller.java:993)
Method &lt;project.CONTROLLER.Controller.cancellaPubblicazione(java.lang.String, java.lang.String)&gt; calls constructor &lt;project.DAO.DAOPostgres.PubblicazioneDAOPostgres.&lt;init&gt;(project.DAO.ConnectionPostgres)&gt; in (Controller.java:975)
Method &lt;project.CONTROLLER.Controller.cancellaPubblicazione(java.lang.String, java.lang.String)&gt; calls method &lt;project.DAO.DAOPostgres.PubblicazioneDAOPostgres.deletePubblicazione(java.lang.String, java.lang.String)&gt; in (Controller.java:977)
Method &lt;project.CONTROLLER.Controller.controllaIntegritaPubblicazioni()&gt; calls constructor &lt;project.DAO.DAOPostgres.MaterialeDAOPostgres.&lt;init&gt;(project.DAO.ConnectionPostgres)&gt; in (Controller.java:301)
Method &lt;project.CONTROLLER.Controller.controllaIntegritaPubblicazioni()&gt; calls method &lt;project.DAO.DAOPostgres.MaterialeDAOPostgres.controllaIntegrita()&gt; in (Controller.java:303)
Method &lt;project.CONTROLLER.Controller.eliminaAutore(project.MODEL.Autore)&gt; calls constructor &lt;project.DAO.DAOPostgres.AutoreDAOPostgres.&lt;init&gt;(project.DAO.ConnectionPostgres)&gt; in (Controller.java:289)
Method &lt;project.CONTROLLER.Controller.eliminaAutore(project.MODEL.Autore)&gt; calls method &lt;project.DAO.DAOPostgres.AutoreDAOPostgres.deleteAutore(project.MODEL.Autore)&gt; in (Controller.java:291)
Method &lt;project.CONTROLLER.Controller.eliminaCategoria(project.MODEL.Materiale, project.MODEL.Categoria)&gt; calls constructor &lt;project.DAO.DAOPostgres.CategoriaDiAppartenenzaDAOPostgres.&lt;init&gt;(project.DAO.ConnectionPostgres)&gt; in (Controller.java:1042)
Method &lt;project.CONTROLLER.Controller.eliminaCategoria(project.MODEL.Materiale, project.MODEL.Categoria)&gt; calls method &lt;project.DAO.DAOPostgres.CategoriaDiAppartenenzaDAOPostgres.eliminaCategoriaDiAppartenenza(project.MODEL.CategoriaDiAppartenenza)&gt; in (Controller.java:1046)
Method &lt;project.CONTROLLER.Controller.eliminaCitazione(project.MODEL.Citazione)&gt; calls constructor &lt;project.DAO.DAOPostgres.CitazioneDAOPostgres.&lt;init&gt;(project.DAO.ConnectionPostgres)&gt; in (Controller.java:1063)
Method &lt;project.CONTROLLER.Controller.eliminaCitazione(project.MODEL.Citazione)&gt; calls method &lt;project.DAO.DAOPostgres.CitazioneDAOPostgres.eliminaCitazione(project.MODEL.Citazione)&gt; in (Controller.java:1065)
Method &lt;project.CONTROLLER.Controller.eliminaMateriale(project.MODEL.Materiale)&gt; calls constructor &lt;project.DAO.DAOPostgres.MaterialeDAOPostgres.&lt;init&gt;(project.DAO.ConnectionPostgres)&gt; in (Controller.java:1105)
Method &lt;project.CONTROLLER.Controller.eliminaMateriale(project.MODEL.Materiale)&gt; calls method &lt;project.DAO.DAOPostgres.MaterialeDAOPostgres.eliminaMateriale(project.MODEL.Materiale)&gt; in (Controller.java:1107)
Method &lt;project.CONTROLLER.Controller.eliminaParolaChiave(project.MODEL.ParolaChiave, project.MODEL.Materiale)&gt; calls constructor &lt;project.DAO.DAOPostgres.ParolaChiaveDelMaterialeDAOPostgres.&lt;init&gt;(project.DAO.ConnectionPostgres)&gt; in (Controller.java:1014)
Method &lt;project.CONTROLLER.Controller.eliminaParolaChiave(project.MODEL.ParolaChiave, project.MODEL.Materiale)&gt; calls method &lt;project.DAO.DAOPostgres.ParolaChiaveDelMaterialeDAOPostgres.eliminaParolaDelMateriale(project.MODEL.ParolaChiaveDelMateriale)&gt; in (Controller.java:1016)
Method &lt;project.CONTROLLER.Controller.eseguiRicerca(project.struttureDiAppoggio.Ricerca)&gt; calls constructor &lt;project.DAO.DAOPostgres.RigaTabellaMaterialeDAOPostgres.&lt;init&gt;(project.DAO.ConnectionPostgres)&gt; in (Controller.java:313)
Method &lt;project.CONTROLLER.Controller.eseguiRicerca(project.struttureDiAppoggio.Ricerca)&gt; calls method &lt;project.DAO.DAOPostgres.RigaTabellaMaterialeDAOPostgres.getRigheRicerca(project.struttureDiAppoggio.Ricerca)&gt; in (Controller.java:316)
Method &lt;project.CONTROLLER.Controller.inserisciArticoloSuConferenza(project.MODEL.ArticoloSuConferenza)&gt; calls constructor &lt;project.DAO.DAOPostgres.ArticoloSuConferenzaDAOPostgres.&lt;init&gt;(project.DAO.ConnectionPostgres)&gt; in (Controller.java:860)
Method &lt;project.CONTROLLER.Controller.inserisciArticoloSuConferenza(project.MODEL.ArticoloSuConferenza)&gt; calls constructor &lt;project.DAO.DAOPostgres.ConferenzaDAOPostgres.&lt;init&gt;(project.DAO.ConnectionPostgres)&gt; in (Controller.java:859)
Method &lt;project.CONTROLLER.Controller.inserisciArticoloSuConferenza(project.MODEL.ArticoloSuConferenza)&gt; calls method &lt;project.DAO.DAOPostgres.ArticoloSuConferenzaDAOPostgres.checkUniqueDOI(java.lang.String)&gt; in (Controller.java:875)
Method &lt;project.CONTROLLER.Controller.inserisciArticoloSuConferenza(project.MODEL.ArticoloSuConferenza)&gt; calls method &lt;project.DAO.DAOPostgres.ArticoloSuConferenzaDAOPostgres.checkUniqueTitolo(java.lang.String)&gt; in (Controller.java:869)
Method &lt;project.CONTROLLER.Controller.inserisciArticoloSuConferenza(project.MODEL.ArticoloSuConferenza)&gt; calls method &lt;project.DAO.DAOPostgres.ArticoloSuConferenzaDAOPostgres.identico(project.MODEL.ArticoloSuConferenza)&gt; in (Controller.java:862)
Method &lt;project.CONTROLLER.Controller.inserisciArticoloSuConferenza(project.MODEL.ArticoloSuConferenza)&gt; calls method &lt;project.DAO.DAOPostgres.ArticoloSuConferenzaDAOPostgres.insertArticoloSuConferenza(project.MODEL.ArticoloSuConferenza)&gt; in (Controller.java:883)
Method &lt;project.CONTROLLER.Controller.inserisciArticoloSuConferenza(project.MODEL.ArticoloSuConferenza)&gt; calls method &lt;project.DAO.DAOPostgres.ArticoloSuConferenzaDAOPostgres.insertArticoloSuConferenza(project.MODEL.ArticoloSuConferenza)&gt; in (Controller.java:886)
Method &lt;project.CONTROLLER.Controller.inserisciArticoloSuConferenza(project.MODEL.ArticoloSuConferenza)&gt; calls method &lt;project.DAO.DAOPostgres.ConferenzaDAOPostgres.checkUniqueConferenza(project.MODEL.Conferenza)&gt; in (Controller.java:880)
Method &lt;project.CONTROLLER.Controller.inserisciArticoloSuConferenza(project.MODEL.ArticoloSuConferenza)&gt; calls method &lt;project.DAO.DAOPostgres.ConferenzaDAOPostgres.insertConferenza(project.MODEL.Conferenza)&gt; in (Controller.java:881)
Method &lt;project.CONTROLLER.Controller.inserisciArticoloSuRivista(project.MODEL.ArticoloSuRivista)&gt; calls constructor &lt;project.DAO.DAOPostgres.ArticoloSuRivistaDAOPostgres.&lt;init&gt;(project.DAO.ConnectionPostgres)&gt; in (Controller.java:905)
Method &lt;project.CONTROLLER.Controller.inserisciArticoloSuRivista(project.MODEL.ArticoloSuRivista)&gt; calls constructor &lt;project.DAO.DAOPostgres.RivistaDAOPostgres.&lt;init&gt;(project.DAO.ConnectionPostgres)&gt; in (Controller.java:904)
Method &lt;project.CONTROLLER.Controller.inserisciArticoloSuRivista(project.MODEL.ArticoloSuRivista)&gt; calls method &lt;project.DAO.DAOPostgres.ArticoloSuRivistaDAOPostgres.checkUniqueDOI(java.lang.String)&gt; in (Controller.java:920)
Method &lt;project.CONTROLLER.Controller.inserisciArticoloSuRivista(project.MODEL.ArticoloSuRivista)&gt; calls method &lt;project.DAO.DAOPostgres.ArticoloSuRivistaDAOPostgres.checkUniqueISSNRivista(java.lang.String)&gt; in (Controller.java:926)
Method &lt;project.CONTROLLER.Controller.inserisciArticoloSuRivista(project.MODEL.ArticoloSuRivista)&gt; calls method &lt;project.DAO.DAOPostgres.ArticoloSuRivistaDAOPostgres.checkUniqueTitolo(java.lang.String)&gt; in (Controller.java:914)
Method &lt;project.CONTROLLER.Controller.inserisciArticoloSuRivista(project.MODEL.ArticoloSuRivista)&gt; calls method &lt;project.DAO.DAOPostgres.ArticoloSuRivistaDAOPostgres.checkUniqueTitoloRivista(java.lang.String)&gt; in (Controller.java:932)
Method &lt;project.CONTROLLER.Controller.inserisciArticoloSuRivista(project.MODEL.ArticoloSuRivista)&gt; calls method &lt;project.DAO.DAOPostgres.ArticoloSuRivistaDAOPostgres.identico(project.MODEL.ArticoloSuRivista)&gt; in (Controller.java:907)
Method &lt;project.CONTROLLER.Controller.inserisciArticoloSuRivista(project.MODEL.ArticoloSuRivista)&gt; calls method &lt;project.DAO.DAOPostgres.ArticoloSuRivistaDAOPostgres.insertArticoloSuConferenza(project.MODEL.ArticoloSuRivista)&gt; in (Controller.java:940)
Method &lt;project.CONTROLLER.Controller.inserisciArticoloSuRivista(project.MODEL.ArticoloSuRivista)&gt; calls method &lt;project.DAO.DAOPostgres.ArticoloSuRivistaDAOPostgres.insertArticoloSuConferenza(project.MODEL.ArticoloSuRivista)&gt; in (Controller.java:943)
Method &lt;project.CONTROLLER.Controller.inserisciArticoloSuRivista(project.MODEL.ArticoloSuRivista)&gt; calls method &lt;project.DAO.DAOPostgres.RivistaDAOPostgres.checkUniqueISSNRivista(project.MODEL.Rivista)&gt; in (Controller.java:938)
Method &lt;project.CONTROLLER.Controller.inserisciArticoloSuRivista(project.MODEL.ArticoloSuRivista)&gt; calls method &lt;project.DAO.DAOPostgres.RivistaDAOPostgres.checkUniqueTitoloRivista(project.MODEL.Rivista)&gt; in (Controller.java:938)
Method &lt;project.CONTROLLER.Controller.inserisciArticoloSuRivista(project.MODEL.ArticoloSuRivista)&gt; calls method &lt;project.DAO.DAOPostgres.RivistaDAOPostgres.insertRivista(project.MODEL.Rivista)&gt; in (Controller.java:939)
Method &lt;project.CONTROLLER.Controller.inserisciDataset(project.MODEL.Dataset)&gt; calls constructor &lt;project.DAO.DAOPostgres.DatasetDAOPostgres.&lt;init&gt;(project.DAO.ConnectionPostgres)&gt; in (Controller.java:783)
Method &lt;project.CONTROLLER.Controller.inserisciDataset(project.MODEL.Dataset)&gt; calls method &lt;project.DAO.DAOPostgres.DatasetDAOPostgres.checkUniqueDOI(java.lang.String)&gt; in (Controller.java:798)
Method &lt;project.CONTROLLER.Controller.inserisciDataset(project.MODEL.Dataset)&gt; calls method &lt;project.DAO.DAOPostgres.DatasetDAOPostgres.checkUniqueTitolo(java.lang.String)&gt; in (Controller.java:792)
Method &lt;project.CONTROLLER.Controller.inserisciDataset(project.MODEL.Dataset)&gt; calls method &lt;project.DAO.DAOPostgres.DatasetDAOPostgres.checkUniqueURL(java.lang.String)&gt; in (Controller.java:803)
Method &lt;project.CONTROLLER.Controller.inserisciDataset(project.MODEL.Dataset)&gt; calls method &lt;project.DAO.DAOPostgres.DatasetDAOPostgres.identico(project.MODEL.Dataset)&gt; in (Controller.java:785)
Method &lt;project.CONTROLLER.Controller.inserisciDataset(project.MODEL.Dataset)&gt; calls method &lt;project.DAO.DAOPostgres.DatasetDAOPostgres.insertDataset(project.MODEL.Dataset)&gt; in (Controller.java:808)
Method &lt;project.CONTROLLER.Controller.inserisciLibro(project.MODEL.Libro)&gt; calls constructor &lt;project.DAO.DAOPostgres.LibroDAOPostgres.&lt;init&gt;(project.DAO.ConnectionPostgres)&gt; in (Controller.java:748)
Method &lt;project.CONTROLLER.Controller.inserisciLibro(project.MODEL.Libro)&gt; calls method &lt;project.DAO.DAOPostgres.LibroDAOPostgres.checkUniqueDOI(java.lang.String)&gt; in (Controller.java:763)
Method &lt;project.CONTROLLER.Controller.inserisciLibro(project.MODEL.Libro)&gt; calls method &lt;project.DAO.DAOPostgres.LibroDAOPostgres.checkUniqueISBN(java.lang.String)&gt; in (Controller.java:768)
Method &lt;project.CONTROLLER.Controller.inserisciLibro(project.MODEL.Libro)&gt; calls method &lt;project.DAO.DAOPostgres.LibroDAOPostgres.checkUniqueTitolo(java.lang.String)&gt; in (Controller.java:757)
Method &lt;project.CONTROLLER.Controller.inserisciLibro(project.MODEL.Libro)&gt; calls method &lt;project.DAO.DAOPostgres.LibroDAOPostgres.identico(project.MODEL.Libro)&gt; in (Controller.java:750)
Method &lt;project.CONTROLLER.Controller.inserisciLibro(project.MODEL.Libro)&gt; calls method &lt;project.DAO.DAOPostgres.LibroDAOPostgres.insertLibro(project.MODEL.Libro)&gt; in (Controller.java:773)
Method &lt;project.CONTROLLER.Controller.inserisciPubblicazione(java.lang.String, java.lang.String, java.util.Date)&gt; calls constructor &lt;project.DAO.DAOPostgres.PubblicazioneDAOPostgres.&lt;init&gt;(project.DAO.ConnectionPostgres)&gt; in (Controller.java:967)
Method &lt;project.CONTROLLER.Controller.inserisciPubblicazione(java.lang.String, java.lang.String, java.util.Date)&gt; calls method &lt;project.DAO.DAOPostgres.PubblicazioneDAOPostgres.insertPubblicazione(java.lang.String, java.lang.String, java.util.Date)&gt; in (Controller.java:969)
Method &lt;project.CONTROLLER.Controller.inserisciRisorsaOnline(project.MODEL.RisorsaOnline)&gt; calls constructor &lt;project.DAO.DAOPostgres.RisorsaOnlineDAOPostgres.&lt;init&gt;(project.DAO.ConnectionPostgres)&gt; in (Controller.java:818)
Method &lt;project.CONTROLLER.Controller.inserisciRisorsaOnline(project.MODEL.RisorsaOnline)&gt; calls method &lt;project.DAO.DAOPostgres.RisorsaOnlineDAOPostgres.checkUniqueDOI(java.lang.String)&gt; in (Controller.java:833)
Method &lt;project.CONTROLLER.Controller.inserisciRisorsaOnline(project.MODEL.RisorsaOnline)&gt; calls method &lt;project.DAO.DAOPostgres.RisorsaOnlineDAOPostgres.checkUniqueTitolo(java.lang.String)&gt; in (Controller.java:827)
Method &lt;project.CONTROLLER.Controller.inserisciRisorsaOnline(project.MODEL.RisorsaOnline)&gt; calls method &lt;project.DAO.DAOPostgres.RisorsaOnlineDAOPostgres.checkUniqueURL(java.lang.String)&gt; in (Controller.java:838)
Method &lt;project.CONTROLLER.Controller.inserisciRisorsaOnline(project.MODEL.RisorsaOnline)&gt; calls method &lt;project.DAO.DAOPostgres.RisorsaOnlineDAOPostgres.identico(project.MODEL.RisorsaOnline)&gt; in (Controller.java:820)
Method &lt;project.CONTROLLER.Controller.inserisciRisorsaOnline(project.MODEL.RisorsaOnline)&gt; calls method &lt;project.DAO.DAOPostgres.RisorsaOnlineDAOPostgres.insertRisorsaOnline(project.MODEL.RisorsaOnline)&gt; in (Controller.java:843)
Method &lt;project.CONTROLLER.Controller.loginAutore(java.lang.String, java.lang.String)&gt; calls constructor &lt;project.DAO.DAOPostgres.AutoreDAOPostgres.&lt;init&gt;(project.DAO.ConnectionPostgres)&gt; in (Controller.java:678)
Method &lt;project.CONTROLLER.Controller.loginAutore(java.lang.String, java.lang.String)&gt; calls method &lt;project.DAO.DAOPostgres.AutoreDAOPostgres.checkPresenzaUsername(java.lang.String)&gt; in (Controller.java:679)
Method &lt;project.CONTROLLER.Controller.loginAutore(java.lang.String, java.lang.String)&gt; calls method &lt;project.DAO.DAOPostgres.AutoreDAOPostgres.getAutore(java.lang.String, java.lang.String)&gt; in (Controller.java:680)
Method &lt;project.CONTROLLER.Controller.main([Ljava.lang.String;)&gt; calls method &lt;project.DAO.ConnectionPostgres.getInstance()&gt; in (Controller.java:74)
Method &lt;project.CONTROLLER.Controller.modificaMateriale(project.MODEL.Materiale)&gt; calls constructor &lt;project.DAO.DAOPostgres.RigaTabellaArticoloSuConferenzaDAOPostgres.&lt;init&gt;(project.DAO.ConnectionPostgres)&gt; in (Controller.java:1138)
Method &lt;project.CONTROLLER.Controller.modificaMateriale(project.MODEL.Materiale)&gt; calls constructor &lt;project.DAO.DAOPostgres.RigaTabellaArticoloSuRivistaDAOPostgres.&lt;init&gt;(project.DAO.ConnectionPostgres)&gt; in (Controller.java:1143)
Method &lt;project.CONTROLLER.Controller.modificaMateriale(project.MODEL.Materiale)&gt; calls constructor &lt;project.DAO.DAOPostgres.RigaTabellaDatasetDAOPostgres.&lt;init&gt;(project.DAO.ConnectionPostgres)&gt; in (Controller.java:1128)
Method &lt;project.CONTROLLER.Controller.modificaMateriale(project.MODEL.Materiale)&gt; calls constructor &lt;project.DAO.DAOPostgres.RigaTabellaLibroDAOPostgres.&lt;init&gt;(project.DAO.ConnectionPostgres)&gt; in (Controller.java:1123)
Method &lt;project.CONTROLLER.Controller.modificaMateriale(project.MODEL.Materiale)&gt; calls constructor &lt;project.DAO.DAOPostgres.RigaTabellaRisorsaOnlineDAOPostgres.&lt;init&gt;(project.DAO.ConnectionPostgres)&gt; in (Controller.java:1133)
Method &lt;project.CONTROLLER.Controller.modificaMateriale(project.MODEL.Materiale)&gt; calls method &lt;project.DAO.DAOPostgres.RigaTabellaArticoloSuConferenzaDAOPostgres.getRigaArticoloSuConferenza(java.lang.String)&gt; in (Controller.java:1139)
Method &lt;project.CONTROLLER.Controller.modificaMateriale(project.MODEL.Materiale)&gt; calls method &lt;project.DAO.DAOPostgres.RigaTabellaArticoloSuRivistaDAOPostgres.getRigaArticoloSuRivista(java.lang.String)&gt; in (Controller.java:1144)
Method &lt;project.CONTROLLER.Controller.modificaMateriale(project.MODEL.Materiale)&gt; calls method &lt;project.DAO.DAOPostgres.RigaTabellaDatasetDAOPostgres.getRigaDataset(java.lang.String)&gt; in (Controller.java:1129)
Method &lt;project.CONTROLLER.Controller.modificaMateriale(project.MODEL.Materiale)&gt; calls method &lt;project.DAO.DAOPostgres.RigaTabellaLibroDAOPostgres.getRigaLibro(java.lang.String)&gt; in (Controller.java:1124)
Method &lt;project.CONTROLLER.Controller.modificaMateriale(project.MODEL.Materiale)&gt; calls method &lt;project.DAO.DAOPostgres.RigaTabellaRisorsaOnlineDAOPostgres.getRigaRisorsaOnline(java.lang.String)&gt; in (Controller.java:1134)
Method &lt;project.CONTROLLER.Controller.openAggiungiCategoriaEsistente(project.MODEL.Materiale)&gt; calls constructor &lt;project.DAO.DAOPostgres.CategoriaDAOPostgres.&lt;init&gt;(project.DAO.ConnectionPostgres)&gt; in (Controller.java:493)
Method &lt;project.CONTROLLER.Controller.openAggiungiCategoriaEsistente(project.MODEL.Materiale)&gt; calls method &lt;project.DAO.DAOPostgres.CategoriaDAOPostgres.getAllCategorie()&gt; in (Controller.java:496)
Method &lt;project.CONTROLLER.Controller.openAggiungiCategoriaEsistenteDaModifica(project.MODEL.Materiale)&gt; calls constructor &lt;project.DAO.DAOPostgres.CategoriaDAOPostgres.&lt;init&gt;(project.DAO.ConnectionPostgres)&gt; in (Controller.java:362)
Method &lt;project.CONTROLLER.Controller.openAggiungiCategoriaEsistenteDaModifica(project.MODEL.Materiale)&gt; calls method &lt;project.DAO.DAOPostgres.CategoriaDAOPostgres.getAllCategorie()&gt; in (Controller.java:365)
Method &lt;project.CONTROLLER.Controller.openAggiuntaAGerarchiaEsistente(project.MODEL.Materiale)&gt; calls constructor &lt;project.DAO.DAOPostgres.CategoriaDAOPostgres.&lt;init&gt;(project.DAO.ConnectionPostgres)&gt; in (Controller.java:474)
Method &lt;project.CONTROLLER.Controller.openAggiuntaAGerarchiaEsistente(project.MODEL.Materiale)&gt; calls method &lt;project.DAO.DAOPostgres.CategoriaDAOPostgres.getAllCategorie()&gt; in (Controller.java:477)
Method &lt;project.CONTROLLER.Controller.openAggiuntaAGerarchiaEsistenteDaModifica(project.MODEL.Materiale)&gt; calls constructor &lt;project.DAO.DAOPostgres.CategoriaDAOPostgres.&lt;init&gt;(project.DAO.ConnectionPostgres)&gt; in (Controller.java:373)
Method &lt;project.CONTROLLER.Controller.openAggiuntaAGerarchiaEsistenteDaModifica(project.MODEL.Materiale)&gt; calls method &lt;project.DAO.DAOPostgres.CategoriaDAOPostgres.getAllCategorie()&gt; in (Controller.java:376)
Method &lt;project.CONTROLLER.Controller.openAggiuntaCitazione(project.MODEL.Materiale)&gt; calls constructor &lt;project.DAO.DAOPostgres.MaterialeDAOPostgres.&lt;init&gt;(project.DAO.ConnectionPostgres)&gt; in (Controller.java:504)
Method &lt;project.CONTROLLER.Controller.openAggiuntaCitazione(project.MODEL.Materiale)&gt; calls method &lt;project.DAO.DAOPostgres.MaterialeDAOPostgres.getMateriali()&gt; in (Controller.java:507)
Method &lt;project.CONTROLLER.Controller.openAggiuntaCitazioneDaModifica(project.MODEL.Materiale)&gt; calls constructor &lt;project.DAO.DAOPostgres.MaterialeDAOPostgres.&lt;init&gt;(project.DAO.ConnectionPostgres)&gt; in (Controller.java:409)
Method &lt;project.CONTROLLER.Controller.openAggiuntaCitazioneDaModifica(project.MODEL.Materiale)&gt; calls method &lt;project.DAO.DAOPostgres.MaterialeDAOPostgres.getMateriali()&gt; in (Controller.java:412)
Method &lt;project.CONTROLLER.Controller.openCategorieAssociate(java.lang.String)&gt; calls constructor &lt;project.DAO.DAOPostgres.CategoriaDAOPostgres.&lt;init&gt;(project.DAO.ConnectionPostgres)&gt; in (Controller.java:640)
Method &lt;project.CONTROLLER.Controller.openCategorieAssociate(java.lang.String)&gt; calls method &lt;project.DAO.DAOPostgres.CategoriaDAOPostgres.getCategorie(java.lang.String)&gt; in (Controller.java:642)
Method &lt;project.CONTROLLER.Controller.openCitazioni(java.lang.String)&gt; calls constructor &lt;project.DAO.DAOPostgres.CitazioneDAOPostgres.&lt;init&gt;(project.DAO.ConnectionPostgres)&gt; in (Controller.java:620)
Method &lt;project.CONTROLLER.Controller.openCitazioni(java.lang.String)&gt; calls method &lt;project.DAO.DAOPostgres.CitazioneDAOPostgres.getCitazioni(java.lang.String)&gt; in (Controller.java:622)
Method &lt;project.CONTROLLER.Controller.openDettagliArticoloSuConferenza(project.MODEL.Materiale)&gt; calls constructor &lt;project.DAO.DAOPostgres.RigaTabellaArticoloSuConferenzaDAOPostgres.&lt;init&gt;(project.DAO.ConnectionPostgres)&gt; in (Controller.java:457)
Method &lt;project.CONTROLLER.Controller.openDettagliArticoloSuConferenza(project.MODEL.Materiale)&gt; calls method &lt;project.DAO.DAOPostgres.RigaTabellaArticoloSuConferenzaDAOPostgres.getRigaArticoloSuConferenza(java.lang.String)&gt; in (Controller.java:458)
Method &lt;project.CONTROLLER.Controller.openDettagliArticoloSuRivista(project.MODEL.Materiale)&gt; calls constructor &lt;project.DAO.DAOPostgres.RigaTabellaArticoloSuRivistaDAOPostgres.&lt;init&gt;(project.DAO.ConnectionPostgres)&gt; in (Controller.java:449)
Method &lt;project.CONTROLLER.Controller.openDettagliArticoloSuRivista(project.MODEL.Materiale)&gt; calls method &lt;project.DAO.DAOPostgres.RigaTabellaArticoloSuRivistaDAOPostgres.getRigaArticoloSuRivista(java.lang.String)&gt; in (Controller.java:450)
Method &lt;project.CONTROLLER.Controller.openDettagliDataset(project.MODEL.Materiale)&gt; calls constructor &lt;project.DAO.DAOPostgres.RigaTabellaDatasetDAOPostgres.&lt;init&gt;(project.DAO.ConnectionPostgres)&gt; in (Controller.java:432)
Method &lt;project.CONTROLLER.Controller.openDettagliDataset(project.MODEL.Materiale)&gt; calls method &lt;project.DAO.DAOPostgres.RigaTabellaDatasetDAOPostgres.getRigaDataset(java.lang.String)&gt; in (Controller.java:433)
Method &lt;project.CONTROLLER.Controller.openDettagliLibro(project.MODEL.Materiale)&gt; calls constructor &lt;project.DAO.DAOPostgres.RigaTabellaLibroDAOPostgres.&lt;init&gt;(project.DAO.ConnectionPostgres)&gt; in (Controller.java:424)
Method &lt;project.CONTROLLER.Controller.openDettagliLibro(project.MODEL.Materiale)&gt; calls method &lt;project.DAO.DAOPostgres.RigaTabellaLibroDAOPostgres.getRigaLibro(java.lang.String)&gt; in (Controller.java:425)
Method &lt;project.CONTROLLER.Controller.openDettagliRisorsaOnline(project.MODEL.Materiale)&gt; calls constructor &lt;project.DAO.DAOPostgres.RigaTabellaRisorsaOnlineDAOPostgres.&lt;init&gt;(project.DAO.ConnectionPostgres)&gt; in (Controller.java:441)
Method &lt;project.CONTROLLER.Controller.openDettagliRisorsaOnline(project.MODEL.Materiale)&gt; calls method &lt;project.DAO.DAOPostgres.RigaTabellaRisorsaOnlineDAOPostgres.getRigaRisorsaOnline(java.lang.String)&gt; in (Controller.java:442)
Method &lt;project.CONTROLLER.Controller.openModificaAutoriADMIN()&gt; calls constructor &lt;project.DAO.DAOPostgres.AutoreDAOPostgres.&lt;init&gt;(project.DAO.ConnectionPostgres)&gt; in (Controller.java:255)
Method &lt;project.CONTROLLER.Controller.openModificaAutoriADMIN()&gt; calls method &lt;project.DAO.DAOPostgres.AutoreDAOPostgres.getAutori()&gt; in (Controller.java:257)
Method &lt;project.CONTROLLER.Controller.openModificaCategorie(project.MODEL.Materiale)&gt; calls constructor &lt;project.DAO.DAOPostgres.CategoriaDAOPostgres.&lt;init&gt;(project.DAO.ConnectionPostgres)&gt; in (Controller.java:338)
Method &lt;project.CONTROLLER.Controller.openModificaCategorie(project.MODEL.Materiale)&gt; calls method &lt;project.DAO.DAOPostgres.CategoriaDAOPostgres.getCategorie(java.lang.String)&gt; in (Controller.java:340)
Method &lt;project.CONTROLLER.Controller.openModificaCitazioni(project.MODEL.Materiale)&gt; calls constructor &lt;project.DAO.DAOPostgres.CitazioneDAOPostgres.&lt;init&gt;(project.DAO.ConnectionPostgres)&gt; in (Controller.java:398)
Method &lt;project.CONTROLLER.Controller.openModificaCitazioni(project.MODEL.Materiale)&gt; calls method &lt;project.DAO.DAOPostgres.CitazioneDAOPostgres.getCitati(java.lang.String)&gt; in (Controller.java:400)
Method &lt;project.CONTROLLER.Controller.openModificaMateriale()&gt; calls constructor &lt;project.DAO.DAOPostgres.MaterialeDAOPostgres.&lt;init&gt;(project.DAO.ConnectionPostgres)&gt; in (Controller.java:205)
Method &lt;project.CONTROLLER.Controller.openModificaMateriale()&gt; calls method &lt;project.DAO.DAOPostgres.MaterialeDAOPostgres.getMaterialiDiAutore(java.lang.String)&gt; in (Controller.java:208)
Method &lt;project.CONTROLLER.Controller.openModificaMaterialeADMIN()&gt; calls constructor &lt;project.DAO.DAOPostgres.RigaTabellaMaterialeDAOPostgres.&lt;init&gt;(project.DAO.ConnectionPostgres)&gt; in (Controller.java:216)
Method &lt;project.CONTROLLER.Controller.openModificaMaterialeADMIN()&gt; calls method &lt;project.DAO.DAOPostgres.RigaTabellaMaterialeDAOPostgres.getRigheMateriali()&gt; in (Controller.java:220)
Method &lt;project.CONTROLLER.Controller.openModificaParoleChiave(project.MODEL.Materiale)&gt; calls constructor &lt;project.DAO.DAOPostgres.ParolaChiaveDAOPostgres.&lt;init&gt;(project.DAO.ConnectionPostgres)&gt; in (Controller.java:326)
Method &lt;project.CONTROLLER.Controller.openModificaParoleChiave(project.MODEL.Materiale)&gt; calls method &lt;project.DAO.DAOPostgres.ParolaChiaveDAOPostgres.getParoleAssociate(java.lang.String)&gt; in (Controller.java:328)
Method &lt;project.CONTROLLER.Controller.openParoleChiaveAssociate(java.lang.String)&gt; calls constructor &lt;project.DAO.DAOPostgres.ParolaChiaveDAOPostgres.&lt;init&gt;(project.DAO.ConnectionPostgres)&gt; in (Controller.java:600)
Method &lt;project.CONTROLLER.Controller.openParoleChiaveAssociate(java.lang.String)&gt; calls method &lt;project.DAO.DAOPostgres.ParolaChiaveDAOPostgres.getParoleAssociate(java.lang.String)&gt; in (Controller.java:602)
Method &lt;project.CONTROLLER.Controller.openVisualizzaArticoloSuConferenza()&gt; calls constructor &lt;project.DAO.DAOPostgres.RigaTabellaArticoloSuConferenzaDAOPostgres.&lt;init&gt;(project.DAO.ConnectionPostgres)&gt; in (Controller.java:573)
Method &lt;project.CONTROLLER.Controller.openVisualizzaArticoloSuConferenza()&gt; calls method &lt;project.DAO.DAOPostgres.RigaTabellaArticoloSuConferenzaDAOPostgres.getArticoliSuConferenza()&gt; in (Controller.java:576)
Method &lt;project.CONTROLLER.Controller.openVisualizzaArticoloSuRivista()&gt; calls constructor &lt;project.DAO.DAOPostgres.RigaTabellaArticoloSuRivistaDAOPostgres.&lt;init&gt;(project.DAO.ConnectionPostgres)&gt; in (Controller.java:585)
Method &lt;project.CONTROLLER.Controller.openVisualizzaArticoloSuRivista()&gt; calls method &lt;project.DAO.DAOPostgres.RigaTabellaArticoloSuRivistaDAOPostgres.getArticoliSuRivista()&gt; in (Controller.java:588)
Method &lt;project.CONTROLLER.Controller.openVisualizzaDataset()&gt; calls constructor &lt;project.DAO.DAOPostgres.RigaTabellaDatasetDAOPostgres.&lt;init&gt;(project.DAO.ConnectionPostgres)&gt; in (Controller.java:548)
Method &lt;project.CONTROLLER.Controller.openVisualizzaDataset()&gt; calls method &lt;project.DAO.DAOPostgres.RigaTabellaDatasetDAOPostgres.getDataset()&gt; in (Controller.java:551)
Method &lt;project.CONTROLLER.Controller.openVisualizzaLibreria()&gt; calls constructor &lt;project.DAO.DAOPostgres.RigaTabellaMaterialeDAOPostgres.&lt;init&gt;(project.DAO.ConnectionPostgres)&gt; in (Controller.java:523)
Method &lt;project.CONTROLLER.Controller.openVisualizzaLibreria()&gt; calls method &lt;project.DAO.DAOPostgres.RigaTabellaMaterialeDAOPostgres.getRigheMateriali()&gt; in (Controller.java:526)
Method &lt;project.CONTROLLER.Controller.openVisualizzaLibri()&gt; calls constructor &lt;project.DAO.DAOPostgres.RigaTabellaLibroDAOPostgres.&lt;init&gt;(project.DAO.ConnectionPostgres)&gt; in (Controller.java:535)
Method &lt;project.CONTROLLER.Controller.openVisualizzaLibri()&gt; calls method &lt;project.DAO.DAOPostgres.RigaTabellaLibroDAOPostgres.getLibri()&gt; in (Controller.java:538)
Method &lt;project.CONTROLLER.Controller.openVisualizzaRisorsaOnline()&gt; calls constructor &lt;project.DAO.DAOPostgres.RigaTabellaRisorsaOnlineDAOPostgres.&lt;init&gt;(project.DAO.ConnectionPostgres)&gt; in (Controller.java:560)
Method &lt;project.CONTROLLER.Controller.openVisualizzaRisorsaOnline()&gt; calls method &lt;project.DAO.DAOPostgres.RigaTabellaRisorsaOnlineDAOPostgres.getRisorsaOnline()&gt; in (Controller.java:563)
Method &lt;project.CONTROLLER.Controller.registraAutore(java.lang.String, java.lang.String, java.lang.String, java.lang.String, java.lang.String)&gt; calls constructor &lt;project.DAO.DAOPostgres.AutoreDAOPostgres.&lt;init&gt;(project.DAO.ConnectionPostgres)&gt; in (Controller.java:726)
Method &lt;project.CONTROLLER.Controller.registraAutore(java.lang.String, java.lang.String, java.lang.String, java.lang.String, java.lang.String)&gt; calls method &lt;project.DAO.DAOPostgres.AutoreDAOPostgres.checkNotUniqueORCID(java.lang.String)&gt; in (Controller.java:728)
Method &lt;project.CONTROLLER.Controller.registraAutore(java.lang.String, java.lang.String, java.lang.String, java.lang.String, java.lang.String)&gt; calls method &lt;project.DAO.DAOPostgres.AutoreDAOPostgres.checkUniqueUsername(java.lang.String)&gt; in (Controller.java:733)
Method &lt;project.CONTROLLER.Controller.registraAutore(java.lang.String, java.lang.String, java.lang.String, java.lang.String, java.lang.String)&gt; calls method &lt;project.DAO.DAOPostgres.AutoreDAOPostgres.insertAutore(java.lang.String, java.lang.String, java.lang.String, java.lang.String, java.lang.String)&gt; in (Controller.java:738)
Method &lt;project.CONTROLLER.Controller.updateArticoloSuConferenza(project.MODEL.ArticoloSuConferenza, project.MODEL.ArticoloSuConferenza)&gt; calls constructor &lt;project.DAO.DAOPostgres.ArticoloSuConferenzaDAOPostgres.&lt;init&gt;(project.DAO.ConnectionPostgres)&gt; in (Controller.java:1276)
Method &lt;project.CONTROLLER.Controller.updateArticoloSuConferenza(project.MODEL.ArticoloSuConferenza, project.MODEL.ArticoloSuConferenza)&gt; calls constructor &lt;project.DAO.DAOPostgres.ConferenzaDAOPostgres.&lt;init&gt;(project.DAO.ConnectionPostgres)&gt; in (Controller.java:1277)
Method &lt;project.CONTROLLER.Controller.updateArticoloSuConferenza(project.MODEL.ArticoloSuConferenza, project.MODEL.ArticoloSuConferenza)&gt; calls method &lt;project.DAO.DAOPostgres.ArticoloSuConferenzaDAOPostgres.checkUniqueDOI(java.lang.String)&gt; in (Controller.java:1288)
Method &lt;project.CONTROLLER.Controller.updateArticoloSuConferenza(project.MODEL.ArticoloSuConferenza, project.MODEL.ArticoloSuConferenza)&gt; calls method &lt;project.DAO.DAOPostgres.ArticoloSuConferenzaDAOPostgres.checkUniqueTitolo(java.lang.String)&gt; in (Controller.java:1280)
Method &lt;project.CONTROLLER.Controller.updateArticoloSuConferenza(project.MODEL.ArticoloSuConferenza, project.MODEL.ArticoloSuConferenza)&gt; calls method &lt;project.DAO.DAOPostgres.ArticoloSuConferenzaDAOPostgres.updateArticolo(project.MODEL.ArticoloSuConferenza, project.MODEL.ArticoloSuConferenza)&gt; in (Controller.java:1294)
Method &lt;project.CONTROLLER.Controller.updateArticoloSuConferenza(project.MODEL.ArticoloSuConferenza, project.MODEL.ArticoloSuConferenza)&gt; calls method &lt;project.DAO.DAOPostgres.ConferenzaDAOPostgres.updateConferenza(project.MODEL.Conferenza, project.MODEL.Conferenza)&gt; in (Controller.java:1293)
Method &lt;project.CONTROLLER.Controller.updateArticoloSuRivista(project.MODEL.ArticoloSuRivista, project.MODEL.ArticoloSuRivista)&gt; calls constructor &lt;project.DAO.DAOPostgres.ArticoloSuRivistaDAOPostgres.&lt;init&gt;(project.DAO.ConnectionPostgres)&gt; in (Controller.java:1302)
Method &lt;project.CONTROLLER.Controller.updateArticoloSuRivista(project.MODEL.ArticoloSuRivista, project.MODEL.ArticoloSuRivista)&gt; calls constructor &lt;project.DAO.DAOPostgres.RivistaDAOPostgres.&lt;init&gt;(project.DAO.ConnectionPostgres)&gt; in (Controller.java:1303)
Method &lt;project.CONTROLLER.Controller.updateArticoloSuRivista(project.MODEL.ArticoloSuRivista, project.MODEL.ArticoloSuRivista)&gt; calls method &lt;project.DAO.DAOPostgres.ArticoloSuRivistaDAOPostgres.checkUniqueDOI(java.lang.String)&gt; in (Controller.java:1314)
Method &lt;project.CONTROLLER.Controller.updateArticoloSuRivista(project.MODEL.ArticoloSuRivista, project.MODEL.ArticoloSuRivista)&gt; calls method &lt;project.DAO.DAOPostgres.ArticoloSuRivistaDAOPostgres.checkUniqueTitolo(java.lang.String)&gt; in (Controller.java:1306)
Method &lt;project.CONTROLLER.Controller.updateArticoloSuRivista(project.MODEL.ArticoloSuRivista, project.MODEL.ArticoloSuRivista)&gt; calls method &lt;project.DAO.DAOPostgres.ArticoloSuRivistaDAOPostgres.updateArticolo(project.MODEL.ArticoloSuRivista, project.MODEL.ArticoloSuRivista)&gt; in (Controller.java:1320)
Method &lt;project.CONTROLLER.Controller.updateArticoloSuRivista(project.MODEL.ArticoloSuRivista, project.MODEL.ArticoloSuRivista)&gt; calls method &lt;project.DAO.DAOPostgres.RivistaDAOPostgres.updateRivista(project.MODEL.Rivista, project.MODEL.Rivista)&gt; in (Controller.java:1319)
Method &lt;project.CONTROLLER.Controller.updateAutore(java.lang.String, java.lang.String, java.lang.String, java.lang.String, java.lang.String, project.MODEL.Autore)&gt; calls constructor &lt;project.DAO.DAOPostgres.AutoreDAOPostgres.&lt;init&gt;(project.DAO.ConnectionPostgres)&gt; in (Controller.java:281)
Method &lt;project.CONTROLLER.Controller.updateAutore(java.lang.String, java.lang.String, java.lang.String, java.lang.String, java.lang.String, project.MODEL.Autore)&gt; calls method &lt;project.DAO.DAOPostgres.AutoreDAOPostgres.updateAutore(java.lang.String, java.lang.String, java.lang.String, java.lang.String, java.lang.String, project.MODEL.Autore)&gt; in (Controller.java:283)
Method &lt;project.CONTROLLER.Controller.updateAutore(java.lang.String, java.lang.String, java.lang.String, java.lang.String, project.MODEL.Autore)&gt; calls constructor &lt;project.DAO.DAOPostgres.AutoreDAOPostgres.&lt;init&gt;(project.DAO.ConnectionPostgres)&gt; in (Controller.java:272)
Method &lt;project.CONTROLLER.Controller.updateAutore(java.lang.String, java.lang.String, java.lang.String, java.lang.String, project.MODEL.Autore)&gt; calls method &lt;project.DAO.DAOPostgres.AutoreDAOPostgres.updateAutore(java.lang.String, java.lang.String, java.lang.String, java.lang.String, project.MODEL.Autore)&gt; in (Controller.java:274)
Method &lt;project.CONTROLLER.Controller.updateDataset(project.MODEL.Dataset, project.MODEL.Dataset)&gt; calls constructor &lt;project.DAO.DAOPostgres.DatasetDAOPostgres.&lt;init&gt;(project.DAO.ConnectionPostgres)&gt; in (Controller.java:1216)
Method &lt;project.CONTROLLER.Controller.updateDataset(project.MODEL.Dataset, project.MODEL.Dataset)&gt; calls method &lt;project.DAO.DAOPostgres.DatasetDAOPostgres.checkUniqueDOI(java.lang.String)&gt; in (Controller.java:1225)
Method &lt;project.CONTROLLER.Controller.updateDataset(project.MODEL.Dataset, project.MODEL.Dataset)&gt; calls method &lt;project.DAO.DAOPostgres.DatasetDAOPostgres.checkUniqueTitolo(java.lang.String)&gt; in (Controller.java:1218)
Method &lt;project.CONTROLLER.Controller.updateDataset(project.MODEL.Dataset, project.MODEL.Dataset)&gt; calls method &lt;project.DAO.DAOPostgres.DatasetDAOPostgres.checkUniqueURL(java.lang.String)&gt; in (Controller.java:1231)
Method &lt;project.CONTROLLER.Controller.updateDataset(project.MODEL.Dataset, project.MODEL.Dataset)&gt; calls method &lt;project.DAO.DAOPostgres.DatasetDAOPostgres.updateDataset(project.MODEL.Dataset, project.MODEL.Dataset)&gt; in (Controller.java:1236)
Method &lt;project.CONTROLLER.Controller.updateLibro(project.MODEL.Libro, project.MODEL.Libro)&gt; calls constructor &lt;project.DAO.DAOPostgres.LibroDAOPostgres.&lt;init&gt;(project.DAO.ConnectionPostgres)&gt; in (Controller.java:1184)
Method &lt;project.CONTROLLER.Controller.updateLibro(project.MODEL.Libro, project.MODEL.Libro)&gt; calls method &lt;project.DAO.DAOPostgres.LibroDAOPostgres.checkUniqueDOI(java.lang.String)&gt; in (Controller.java:1195)
Method &lt;project.CONTROLLER.Controller.updateLibro(project.MODEL.Libro, project.MODEL.Libro)&gt; calls method &lt;project.DAO.DAOPostgres.LibroDAOPostgres.checkUniqueISBN(java.lang.String)&gt; in (Controller.java:1201)
Method &lt;project.CONTROLLER.Controller.updateLibro(project.MODEL.Libro, project.MODEL.Libro)&gt; calls method &lt;project.DAO.DAOPostgres.LibroDAOPostgres.checkUniqueTitolo(java.lang.String)&gt; in (Controller.java:1187)
Method &lt;project.CONTROLLER.Controller.updateLibro(project.MODEL.Libro, project.MODEL.Libro)&gt; calls method &lt;project.DAO.DAOPostgres.LibroDAOPostgres.updateLibro(project.MODEL.Libro, project.MODEL.Libro)&gt; in (Controller.java:1206)
Method &lt;project.CONTROLLER.Controller.updatePubblicazione(java.lang.String, java.lang.String, java.util.Date)&gt; calls constructor &lt;project.DAO.DAOPostgres.PubblicazioneDAOPostgres.&lt;init&gt;(project.DAO.ConnectionPostgres)&gt; in (Controller.java:1328)
Method &lt;project.CONTROLLER.Controller.updatePubblicazione(java.lang.String, java.lang.String, java.util.Date)&gt; calls method &lt;project.DAO.DAOPostgres.PubblicazioneDAOPostgres.updatePubblicazione(java.lang.String, java.lang.String, java.util.Date)&gt; in (Controller.java:1330)
Method &lt;project.CONTROLLER.Controller.updateRisorsaOnline(project.MODEL.RisorsaOnline, project.MODEL.RisorsaOnline)&gt; calls constructor &lt;project.DAO.DAOPostgres.RisorsaOnlineDAOPostgres.&lt;init&gt;(project.DAO.ConnectionPostgres)&gt; in (Controller.java:1246)
Method &lt;project.CONTROLLER.Controller.updateRisorsaOnline(project.MODEL.RisorsaOnline, project.MODEL.RisorsaOnline)&gt; calls method &lt;project.DAO.DAOPostgres.RisorsaOnlineDAOPostgres.checkUniqueDOI(java.lang.String)&gt; in (Controller.java:1256)
Method &lt;project.CONTROLLER.Controller.updateRisorsaOnline(project.MODEL.RisorsaOnline, project.MODEL.RisorsaOnline)&gt; calls method &lt;project.DAO.DAOPostgres.RisorsaOnlineDAOPostgres.checkUniqueTitolo(java.lang.String)&gt; in (Controller.java:1248)
Method &lt;project.CONTROLLER.Controller.updateRisorsaOnline(project.MODEL.RisorsaOnline, project.MODEL.RisorsaOnline)&gt; calls method &lt;project.DAO.DAOPostgres.RisorsaOnlineDAOPostgres.checkUniqueURL(java.lang.String)&gt; in (Controller.java:1262)
Method &lt;project.CONTROLLER.Controller.updateRisorsaOnline(project.MODEL.RisorsaOnline, project.MODEL.RisorsaOnline)&gt; calls method &lt;project.DAO.DAOPostgres.RisorsaOnlineDAOPostgres.updateRisorsaOnline(project.MODEL.RisorsaOnline, project.MODEL.RisorsaOnline)&gt; in (Controller.java:1267)" type="java.lang.AssertionError">java.lang.AssertionError: Architecture Violation [Priority: MEDIUM] - Rule &apos;Layered architecture consisting of
layer &apos;View&apos; (&apos;project.VIEW..&apos;)
layer &apos;Controller&apos; (&apos;project.CONTROLLER..&apos;)
layer &apos;Model&apos; (&apos;project.MODEL..&apos;)
layer &apos;Database&apos; (&apos;project.DAO..&apos;)
where layer &apos;Database&apos; may not be accessed by any layer&apos; was violated (191 times):
Field &lt;project.CONTROLLER.Controller.singleton&gt; has type &lt;project.DAO.ConnectionPostgres&gt; in (Controller.java:0)
Method &lt;project.CONTROLLER.Controller.aggiungiCitazione(project.MODEL.Citazione)&gt; calls constructor &lt;project.DAO.DAOPostgres.CitazioneDAOPostgres.&lt;init&gt;(project.DAO.ConnectionPostgres)&gt; in (Controller.java:1051)
Method &lt;project.CONTROLLER.Controller.aggiungiCitazione(project.MODEL.Citazione)&gt; calls method &lt;project.DAO.DAOPostgres.CitazioneDAOPostgres.checkUniqueCitazione(project.MODEL.Citazione)&gt; in (Controller.java:1053)
Method &lt;project.CONTROLLER.Controller.aggiungiCitazione(project.MODEL.Citazione)&gt; calls method &lt;project.DAO.DAOPostgres.CitazioneDAOPostgres.inserisciCitazione(project.MODEL.Citazione)&gt; in (Controller.java:1054)
Method &lt;project.CONTROLLER.Controller.associaCategoria(project.MODEL.Materiale, project.MODEL.Categoria)&gt; calls constructor &lt;project.DAO.DAOPostgres.CategoriaDAOPostgres.&lt;init&gt;(project.DAO.ConnectionPostgres)&gt; in (Controller.java:1023)
Method &lt;project.CONTROLLER.Controller.associaCategoria(project.MODEL.Materiale, project.MODEL.Categoria)&gt; calls constructor &lt;project.DAO.DAOPostgres.CategoriaDiAppartenenzaDAOPostgres.&lt;init&gt;(project.DAO.ConnectionPostgres)&gt; in (Controller.java:1027)
Method &lt;project.CONTROLLER.Controller.associaCategoria(project.MODEL.Materiale, project.MODEL.Categoria)&gt; calls method &lt;project.DAO.DAOPostgres.CategoriaDAOPostgres.checkUniqueCategoria(project.MODEL.Categoria)&gt; in (Controller.java:1025)
Method &lt;project.CONTROLLER.Controller.associaCategoria(project.MODEL.Materiale, project.MODEL.Categoria)&gt; calls method &lt;project.DAO.DAOPostgres.CategoriaDAOPostgres.insertCategoria(project.MODEL.Categoria)&gt; in (Controller.java:1026)
Method &lt;project.CONTROLLER.Controller.associaCategoria(project.MODEL.Materiale, project.MODEL.Categoria)&gt; calls method &lt;project.DAO.DAOPostgres.CategoriaDiAppartenenzaDAOPostgres.checkNotLoop(project.MODEL.CategoriaDiAppartenenza)&gt; in (Controller.java:1029)
Method &lt;project.CONTROLLER.Controller.associaCategoria(project.MODEL.Materiale, project.MODEL.Categoria)&gt; calls method &lt;project.DAO.DAOPostgres.CategoriaDiAppartenenzaDAOPostgres.checkUniqueAssociazione(project.MODEL.CategoriaDiAppartenenza)&gt; in (Controller.java:1029)
Method &lt;project.CONTROLLER.Controller.associaCategoria(project.MODEL.Materiale, project.MODEL.Categoria)&gt; calls method &lt;project.DAO.DAOPostgres.CategoriaDiAppartenenzaDAOPostgres.insertAssociazione(project.MODEL.CategoriaDiAppartenenza)&gt; in (Controller.java:1030)
Method &lt;project.CONTROLLER.Controller.associaCategoriaAGerarchia(project.MODEL.Materiale, project.MODEL.Categoria)&gt; calls constructor &lt;project.DAO.DAOPostgres.CategoriaDAOPostgres.&lt;init&gt;(project.DAO.ConnectionPostgres)&gt; in (Controller.java:1084)
Method &lt;project.CONTROLLER.Controller.associaCategoriaAGerarchia(project.MODEL.Materiale, project.MODEL.Categoria)&gt; calls constructor &lt;project.DAO.DAOPostgres.CategoriaDiAppartenenzaDAOPostgres.&lt;init&gt;(project.DAO.ConnectionPostgres)&gt; in (Controller.java:1088)
Method &lt;project.CONTROLLER.Controller.associaCategoriaAGerarchia(project.MODEL.Materiale, project.MODEL.Categoria)&gt; calls method &lt;project.DAO.DAOPostgres.CategoriaDAOPostgres.checkUniqueCategoria(project.MODEL.Categoria)&gt; in (Controller.java:1086)
Method &lt;project.CONTROLLER.Controller.associaCategoriaAGerarchia(project.MODEL.Materiale, project.MODEL.Categoria)&gt; calls method &lt;project.DAO.DAOPostgres.CategoriaDAOPostgres.insertCategoriaInGerarchia(project.MODEL.Categoria)&gt; in (Controller.java:1087)
Method &lt;project.CONTROLLER.Controller.associaCategoriaAGerarchia(project.MODEL.Materiale, project.MODEL.Categoria)&gt; calls method &lt;project.DAO.DAOPostgres.CategoriaDiAppartenenzaDAOPostgres.checkNotLoop(project.MODEL.CategoriaDiAppartenenza)&gt; in (Controller.java:1090)
Method &lt;project.CONTROLLER.Controller.associaCategoriaAGerarchia(project.MODEL.Materiale, project.MODEL.Categoria)&gt; calls method &lt;project.DAO.DAOPostgres.CategoriaDiAppartenenzaDAOPostgres.checkUniqueAssociazione(project.MODEL.CategoriaDiAppartenenza)&gt; in (Controller.java:1090)
Method &lt;project.CONTROLLER.Controller.associaCategoriaAGerarchia(project.MODEL.Materiale, project.MODEL.Categoria)&gt; calls method &lt;project.DAO.DAOPostgres.CategoriaDiAppartenenzaDAOPostgres.insertAssociazione(project.MODEL.CategoriaDiAppartenenza)&gt; in (Controller.java:1091)
Method &lt;project.CONTROLLER.Controller.associaCategoriaEsistente(project.MODEL.Materiale, project.MODEL.Categoria)&gt; calls constructor &lt;project.DAO.DAOPostgres.CategoriaDiAppartenenzaDAOPostgres.&lt;init&gt;(project.DAO.ConnectionPostgres)&gt; in (Controller.java:1071)
Method &lt;project.CONTROLLER.Controller.associaCategoriaEsistente(project.MODEL.Materiale, project.MODEL.Categoria)&gt; calls method &lt;project.DAO.DAOPostgres.CategoriaDiAppartenenzaDAOPostgres.checkNotLoop(project.MODEL.CategoriaDiAppartenenza)&gt; in (Controller.java:1074)
Method &lt;project.CONTROLLER.Controller.associaCategoriaEsistente(project.MODEL.Materiale, project.MODEL.Categoria)&gt; calls method &lt;project.DAO.DAOPostgres.CategoriaDiAppartenenzaDAOPostgres.checkUniqueAssociazione(project.MODEL.CategoriaDiAppartenenza)&gt; in (Controller.java:1074)
Method &lt;project.CONTROLLER.Controller.associaCategoriaEsistente(project.MODEL.Materiale, project.MODEL.Categoria)&gt; calls method &lt;project.DAO.DAOPostgres.CategoriaDiAppartenenzaDAOPostgres.insertAssociazione(project.MODEL.CategoriaDiAppartenenza)&gt; in (Controller.java:1075)
Method &lt;project.CONTROLLER.Controller.associaParola(project.MODEL.Materiale, project.MODEL.ParolaChiave)&gt; calls constructor &lt;project.DAO.DAOPostgres.ParolaChiaveDAOPostgres.&lt;init&gt;(project.DAO.ConnectionPostgres)&gt; in (Controller.java:986)
Method &lt;project.CONTROLLER.Controller.associaParola(project.MODEL.Materiale, project.MODEL.ParolaChiave)&gt; calls constructor &lt;project.DAO.DAOPostgres.ParolaChiaveDelMaterialeDAOPostgres.&lt;init&gt;(project.DAO.ConnectionPostgres)&gt; in (Controller.java:1000)
Method &lt;project.CONTROLLER.Controller.associaParola(project.MODEL.Materiale, project.MODEL.ParolaChiave)&gt; calls constructor &lt;project.DAO.DAOPostgres.ParolaChiaveDelMaterialeDAOPostgres.&lt;init&gt;(project.DAO.ConnectionPostgres)&gt; in (Controller.java:990)
Method &lt;project.CONTROLLER.Controller.associaParola(project.MODEL.Materiale, project.MODEL.ParolaChiave)&gt; calls method &lt;project.DAO.DAOPostgres.ParolaChiaveDAOPostgres.checkUniqueParolaChiave(project.MODEL.ParolaChiave)&gt; in (Controller.java:988)
Method &lt;project.CONTROLLER.Controller.associaParola(project.MODEL.Materiale, project.MODEL.ParolaChiave)&gt; calls method &lt;project.DAO.DAOPostgres.ParolaChiaveDAOPostgres.insertParolaChiave(project.MODEL.ParolaChiave)&gt; in (Controller.java:989)
Method &lt;project.CONTROLLER.Controller.associaParola(project.MODEL.Materiale, project.MODEL.ParolaChiave)&gt; calls method &lt;project.DAO.DAOPostgres.ParolaChiaveDelMaterialeDAOPostgres.checkUniqueAssociazione(project.MODEL.ParolaChiaveDelMateriale)&gt; in (Controller.java:1003)
Method &lt;project.CONTROLLER.Controller.associaParola(project.MODEL.Materiale, project.MODEL.ParolaChiave)&gt; calls method &lt;project.DAO.DAOPostgres.ParolaChiaveDelMaterialeDAOPostgres.checkUniqueAssociazione(project.MODEL.ParolaChiaveDelMateriale)&gt; in (Controller.java:992)
Method &lt;project.CONTROLLER.Controller.associaParola(project.MODEL.Materiale, project.MODEL.ParolaChiave)&gt; calls method &lt;project.DAO.DAOPostgres.ParolaChiaveDelMaterialeDAOPostgres.insertAssociazione(project.MODEL.ParolaChiaveDelMateriale)&gt; in (Controller.java:1004)
Method &lt;project.CONTROLLER.Controller.associaParola(project.MODEL.Materiale, project.MODEL.ParolaChiave)&gt; calls method &lt;project.DAO.DAOPostgres.ParolaChiaveDelMaterialeDAOPostgres.insertAssociazione(project.MODEL.ParolaChiaveDelMateriale)&gt; in (Controller.java:993)
Method &lt;project.CONTROLLER.Controller.cancellaPubblicazione(java.lang.String, java.lang.String)&gt; calls constructor &lt;project.DAO.DAOPostgres.PubblicazioneDAOPostgres.&lt;init&gt;(project.DAO.ConnectionPostgres)&gt; in (Controller.java:975)
Method &lt;project.CONTROLLER.Controller.cancellaPubblicazione(java.lang.String, java.lang.String)&gt; calls method &lt;project.DAO.DAOPostgres.PubblicazioneDAOPostgres.deletePubblicazione(java.lang.String, java.lang.String)&gt; in (Controller.java:977)
Method &lt;project.CONTROLLER.Controller.controllaIntegritaPubblicazioni()&gt; calls constructor &lt;project.DAO.DAOPostgres.MaterialeDAOPostgres.&lt;init&gt;(project.DAO.ConnectionPostgres)&gt; in (Controller.java:301)
Method &lt;project.CONTROLLER.Controller.controllaIntegritaPubblicazioni()&gt; calls method &lt;project.DAO.DAOPostgres.MaterialeDAOPostgres.controllaIntegrita()&gt; in (Controller.java:303)
Method &lt;project.CONTROLLER.Controller.eliminaAutore(project.MODEL.Autore)&gt; calls constructor &lt;project.DAO.DAOPostgres.AutoreDAOPostgres.&lt;init&gt;(project.DAO.ConnectionPostgres)&gt; in (Controller.java:289)
Method &lt;project.CONTROLLER.Controller.eliminaAutore(project.MODEL.Autore)&gt; calls method &lt;project.DAO.DAOPostgres.AutoreDAOPostgres.deleteAutore(project.MODEL.Autore)&gt; in (Controller.java:291)
Method &lt;project.CONTROLLER.Controller.eliminaCategoria(project.MODEL.Materiale, project.MODEL.Categoria)&gt; calls constructor &lt;project.DAO.DAOPostgres.CategoriaDiAppartenenzaDAOPostgres.&lt;init&gt;(project.DAO.ConnectionPostgres)&gt; in (Controller.java:1042)
Method &lt;project.CONTROLLER.Controller.eliminaCategoria(project.MODEL.Materiale, project.MODEL.Categoria)&gt; calls method &lt;project.DAO.DAOPostgres.CategoriaDiAppartenenzaDAOPostgres.eliminaCategoriaDiAppartenenza(project.MODEL.CategoriaDiAppartenenza)&gt; in (Controller.java:1046)
Method &lt;project.CONTROLLER.Controller.eliminaCitazione(project.MODEL.Citazione)&gt; calls constructor &lt;project.DAO.DAOPostgres.CitazioneDAOPostgres.&lt;init&gt;(project.DAO.ConnectionPostgres)&gt; in (Controller.java:1063)
Method &lt;project.CONTROLLER.Controller.eliminaCitazione(project.MODEL.Citazione)&gt; calls method &lt;project.DAO.DAOPostgres.CitazioneDAOPostgres.eliminaCitazione(project.MODEL.Citazione)&gt; in (Controller.java:1065)
Method &lt;project.CONTROLLER.Controller.eliminaMateriale(project.MODEL.Materiale)&gt; calls constructor &lt;project.DAO.DAOPostgres.MaterialeDAOPostgres.&lt;init&gt;(project.DAO.ConnectionPostgres)&gt; in (Controller.java:1105)
Method &lt;project.CONTROLLER.Controller.eliminaMateriale(project.MODEL.Materiale)&gt; calls method &lt;project.DAO.DAOPostgres.MaterialeDAOPostgres.eliminaMateriale(project.MODEL.Materiale)&gt; in (Controller.java:1107)
Method &lt;project.CONTROLLER.Controller.eliminaParolaChiave(project.MODEL.ParolaChiave, project.MODEL.Materiale)&gt; calls constructor &lt;project.DAO.DAOPostgres.ParolaChiaveDelMaterialeDAOPostgres.&lt;init&gt;(project.DAO.ConnectionPostgres)&gt; in (Controller.java:1014)
Method &lt;project.CONTROLLER.Controller.eliminaParolaChiave(project.MODEL.ParolaChiave, project.MODEL.Materiale)&gt; calls method &lt;project.DAO.DAOPostgres.ParolaChiaveDelMaterialeDAOPostgres.eliminaParolaDelMateriale(project.MODEL.ParolaChiaveDelMateriale)&gt; in (Controller.java:1016)
Method &lt;project.CONTROLLER.Controller.eseguiRicerca(project.struttureDiAppoggio.Ricerca)&gt; calls constructor &lt;project.DAO.DAOPostgres.RigaTabellaMaterialeDAOPostgres.&lt;init&gt;(project.DAO.ConnectionPostgres)&gt; in (Controller.java:313)
Method &lt;project.CONTROLLER.Controller.eseguiRicerca(project.struttureDiAppoggio.Ricerca)&gt; calls method &lt;project.DAO.DAOPostgres.RigaTabellaMaterialeDAOPostgres.getRigheRicerca(project.struttureDiAppoggio.Ricerca)&gt; in (Controller.java:316)
Method &lt;project.CONTROLLER.Controller.inserisciArticoloSuConferenza(project.MODEL.ArticoloSuConferenza)&gt; calls constructor &lt;project.DAO.DAOPostgres.ArticoloSuConferenzaDAOPostgres.&lt;init&gt;(project.DAO.ConnectionPostgres)&gt; in (Controller.java:860)
Method &lt;project.CONTROLLER.Controller.inserisciArticoloSuConferenza(project.MODEL.ArticoloSuConferenza)&gt; calls constructor &lt;project.DAO.DAOPostgres.ConferenzaDAOPostgres.&lt;init&gt;(project.DAO.ConnectionPostgres)&gt; in (Controller.java:859)
Method &lt;project.CONTROLLER.Controller.inserisciArticoloSuConferenza(project.MODEL.ArticoloSuConferenza)&gt; calls method &lt;project.DAO.DAOPostgres.ArticoloSuConferenzaDAOPostgres.checkUniqueDOI(java.lang.String)&gt; in (Controller.java:875)
Method &lt;project.CONTROLLER.Controller.inserisciArticoloSuConferenza(project.MODEL.ArticoloSuConferenza)&gt; calls method &lt;project.DAO.DAOPostgres.ArticoloSuConferenzaDAOPostgres.checkUniqueTitolo(java.lang.String)&gt; in (Controller.java:869)
Method &lt;project.CONTROLLER.Controller.inserisciArticoloSuConferenza(project.MODEL.ArticoloSuConferenza)&gt; calls method &lt;project.DAO.DAOPostgres.ArticoloSuConferenzaDAOPostgres.identico(project.MODEL.ArticoloSuConferenza)&gt; in (Controller.java:862)
Method &lt;project.CONTROLLER.Controller.inserisciArticoloSuConferenza(project.MODEL.ArticoloSuConferenza)&gt; calls method &lt;project.DAO.DAOPostgres.ArticoloSuConferenzaDAOPostgres.insertArticoloSuConferenza(project.MODEL.ArticoloSuConferenza)&gt; in (Controller.java:883)
Method &lt;project.CONTROLLER.Controller.inserisciArticoloSuConferenza(project.MODEL.ArticoloSuConferenza)&gt; calls method &lt;project.DAO.DAOPostgres.ArticoloSuConferenzaDAOPostgres.insertArticoloSuConferenza(project.MODEL.ArticoloSuConferenza)&gt; in (Controller.java:886)
Method &lt;project.CONTROLLER.Controller.inserisciArticoloSuConferenza(project.MODEL.ArticoloSuConferenza)&gt; calls method &lt;project.DAO.DAOPostgres.ConferenzaDAOPostgres.checkUniqueConferenza(project.MODEL.Conferenza)&gt; in (Controller.java:880)
Method &lt;project.CONTROLLER.Controller.inserisciArticoloSuConferenza(project.MODEL.ArticoloSuConferenza)&gt; calls method &lt;project.DAO.DAOPostgres.ConferenzaDAOPostgres.insertConferenza(project.MODEL.Conferenza)&gt; in (Controller.java:881)
Method &lt;project.CONTROLLER.Controller.inserisciArticoloSuRivista(project.MODEL.ArticoloSuRivista)&gt; calls constructor &lt;project.DAO.DAOPostgres.ArticoloSuRivistaDAOPostgres.&lt;init&gt;(project.DAO.ConnectionPostgres)&gt; in (Controller.java:905)
Method &lt;project.CONTROLLER.Controller.inserisciArticoloSuRivista(project.MODEL.ArticoloSuRivista)&gt; calls constructor &lt;project.DAO.DAOPostgres.RivistaDAOPostgres.&lt;init&gt;(project.DAO.ConnectionPostgres)&gt; in (Controller.java:904)
Method &lt;project.CONTROLLER.Controller.inserisciArticoloSuRivista(project.MODEL.ArticoloSuRivista)&gt; calls method &lt;project.DAO.DAOPostgres.ArticoloSuRivistaDAOPostgres.checkUniqueDOI(java.lang.String)&gt; in (Controller.java:920)
Method &lt;project.CONTROLLER.Controller.inserisciArticoloSuRivista(project.MODEL.ArticoloSuRivista)&gt; calls method &lt;project.DAO.DAOPostgres.ArticoloSuRivistaDAOPostgres.checkUniqueISSNRivista(java.lang.String)&gt; in (Controller.java:926)
Method &lt;project.CONTROLLER.Controller.inserisciArticoloSuRivista(project.MODEL.ArticoloSuRivista)&gt; calls method &lt;project.DAO.DAOPostgres.ArticoloSuRivistaDAOPostgres.checkUniqueTitolo(java.lang.String)&gt; in (Controller.java:914)
Method &lt;project.CONTROLLER.Controller.inserisciArticoloSuRivista(project.MODEL.ArticoloSuRivista)&gt; calls method &lt;project.DAO.DAOPostgres.ArticoloSuRivistaDAOPostgres.checkUniqueTitoloRivista(java.lang.String)&gt; in (Controller.java:932)
Method &lt;project.CONTROLLER.Controller.inserisciArticoloSuRivista(project.MODEL.ArticoloSuRivista)&gt; calls method &lt;project.DAO.DAOPostgres.ArticoloSuRivistaDAOPostgres.identico(project.MODEL.ArticoloSuRivista)&gt; in (Controller.java:907)
Method &lt;project.CONTROLLER.Controller.inserisciArticoloSuRivista(project.MODEL.ArticoloSuRivista)&gt; calls method &lt;project.DAO.DAOPostgres.ArticoloSuRivistaDAOPostgres.insertArticoloSuConferenza(project.MODEL.ArticoloSuRivista)&gt; in (Controller.java:940)
Method &lt;project.CONTROLLER.Controller.inserisciArticoloSuRivista(project.MODEL.ArticoloSuRivista)&gt; calls method &lt;project.DAO.DAOPostgres.ArticoloSuRivistaDAOPostgres.insertArticoloSuConferenza(project.MODEL.ArticoloSuRivista)&gt; in (Controller.java:943)
Method &lt;project.CONTROLLER.Controller.inserisciArticoloSuRivista(project.MODEL.ArticoloSuRivista)&gt; calls method &lt;project.DAO.DAOPostgres.RivistaDAOPostgres.checkUniqueISSNRivista(project.MODEL.Rivista)&gt; in (Controller.java:938)
Method &lt;project.CONTROLLER.Controller.inserisciArticoloSuRivista(project.MODEL.ArticoloSuRivista)&gt; calls method &lt;project.DAO.DAOPostgres.RivistaDAOPostgres.checkUniqueTitoloRivista(project.MODEL.Rivista)&gt; in (Controller.java:938)
Method &lt;project.CONTROLLER.Controller.inserisciArticoloSuRivista(project.MODEL.ArticoloSuRivista)&gt; calls method &lt;project.DAO.DAOPostgres.RivistaDAOPostgres.insertRivista(project.MODEL.Rivista)&gt; in (Controller.java:939)
Method &lt;project.CONTROLLER.Controller.inserisciDataset(project.MODEL.Dataset)&gt; calls constructor &lt;project.DAO.DAOPostgres.DatasetDAOPostgres.&lt;init&gt;(project.DAO.ConnectionPostgres)&gt; in (Controller.java:783)
Method &lt;project.CONTROLLER.Controller.inserisciDataset(project.MODEL.Dataset)&gt; calls method &lt;project.DAO.DAOPostgres.DatasetDAOPostgres.checkUniqueDOI(java.lang.String)&gt; in (Controller.java:798)
Method &lt;project.CONTROLLER.Controller.inserisciDataset(project.MODEL.Dataset)&gt; calls method &lt;project.DAO.DAOPostgres.DatasetDAOPostgres.checkUniqueTitolo(java.lang.String)&gt; in (Controller.java:792)
Method &lt;project.CONTROLLER.Controller.inserisciDataset(project.MODEL.Dataset)&gt; calls method &lt;project.DAO.DAOPostgres.DatasetDAOPostgres.checkUniqueURL(java.lang.String)&gt; in (Controller.java:803)
Method &lt;project.CONTROLLER.Controller.inserisciDataset(project.MODEL.Dataset)&gt; calls method &lt;project.DAO.DAOPostgres.DatasetDAOPostgres.identico(project.MODEL.Dataset)&gt; in (Controller.java:785)
Method &lt;project.CONTROLLER.Controller.inserisciDataset(project.MODEL.Dataset)&gt; calls method &lt;project.DAO.DAOPostgres.DatasetDAOPostgres.insertDataset(project.MODEL.Dataset)&gt; in (Controller.java:808)
Method &lt;project.CONTROLLER.Controller.inserisciLibro(project.MODEL.Libro)&gt; calls constructor &lt;project.DAO.DAOPostgres.LibroDAOPostgres.&lt;init&gt;(project.DAO.ConnectionPostgres)&gt; in (Controller.java:748)
Method &lt;project.CONTROLLER.Controller.inserisciLibro(project.MODEL.Libro)&gt; calls method &lt;project.DAO.DAOPostgres.LibroDAOPostgres.checkUniqueDOI(java.lang.String)&gt; in (Controller.java:763)
Method &lt;project.CONTROLLER.Controller.inserisciLibro(project.MODEL.Libro)&gt; calls method &lt;project.DAO.DAOPostgres.LibroDAOPostgres.checkUniqueISBN(java.lang.String)&gt; in (Controller.java:768)
Method &lt;project.CONTROLLER.Controller.inserisciLibro(project.MODEL.Libro)&gt; calls method &lt;project.DAO.DAOPostgres.LibroDAOPostgres.checkUniqueTitolo(java.lang.String)&gt; in (Controller.java:757)
Method &lt;project.CONTROLLER.Controller.inserisciLibro(project.MODEL.Libro)&gt; calls method &lt;project.DAO.DAOPostgres.LibroDAOPostgres.identico(project.MODEL.Libro)&gt; in (Controller.java:750)
Method &lt;project.CONTROLLER.Controller.inserisciLibro(project.MODEL.Libro)&gt; calls method &lt;project.DAO.DAOPostgres.LibroDAOPostgres.insertLibro(project.MODEL.Libro)&gt; in (Controller.java:773)
Method &lt;project.CONTROLLER.Controller.inserisciPubblicazione(java.lang.String, java.lang.String, java.util.Date)&gt; calls constructor &lt;project.DAO.DAOPostgres.PubblicazioneDAOPostgres.&lt;init&gt;(project.DAO.ConnectionPostgres)&gt; in (Controller.java:967)
Method &lt;project.CONTROLLER.Controller.inserisciPubblicazione(java.lang.String, java.lang.String, java.util.Date)&gt; calls method &lt;project.DAO.DAOPostgres.PubblicazioneDAOPostgres.insertPubblicazione(java.lang.String, java.lang.String, java.util.Date)&gt; in (Controller.java:969)
Method &lt;project.CONTROLLER.Controller.inserisciRisorsaOnline(project.MODEL.RisorsaOnline)&gt; calls constructor &lt;project.DAO.DAOPostgres.RisorsaOnlineDAOPostgres.&lt;init&gt;(project.DAO.ConnectionPostgres)&gt; in (Controller.java:818)
Method &lt;project.CONTROLLER.Controller.inserisciRisorsaOnline(project.MODEL.RisorsaOnline)&gt; calls method &lt;project.DAO.DAOPostgres.RisorsaOnlineDAOPostgres.checkUniqueDOI(java.lang.String)&gt; in (Controller.java:833)
Method &lt;project.CONTROLLER.Controller.inserisciRisorsaOnline(project.MODEL.RisorsaOnline)&gt; calls method &lt;project.DAO.DAOPostgres.RisorsaOnlineDAOPostgres.checkUniqueTitolo(java.lang.String)&gt; in (Controller.java:827)
Method &lt;project.CONTROLLER.Controller.inserisciRisorsaOnline(project.MODEL.RisorsaOnline)&gt; calls method &lt;project.DAO.DAOPostgres.RisorsaOnlineDAOPostgres.checkUniqueURL(java.lang.String)&gt; in (Controller.java:838)
Method &lt;project.CONTROLLER.Controller.inserisciRisorsaOnline(project.MODEL.RisorsaOnline)&gt; calls method &lt;project.DAO.DAOPostgres.RisorsaOnlineDAOPostgres.identico(project.MODEL.RisorsaOnline)&gt; in (Controller.java:820)
Method &lt;project.CONTROLLER.Controller.inserisciRisorsaOnline(project.MODEL.RisorsaOnline)&gt; calls method &lt;project.DAO.DAOPostgres.RisorsaOnlineDAOPostgres.insertRisorsaOnline(project.MODEL.RisorsaOnline)&gt; in (Controller.java:843)
Method &lt;project.CONTROLLER.Controller.loginAutore(java.lang.String, java.lang.String)&gt; calls constructor &lt;project.DAO.DAOPostgres.AutoreDAOPostgres.&lt;init&gt;(project.DAO.ConnectionPostgres)&gt; in (Controller.java:678)
Method &lt;project.CONTROLLER.Controller.loginAutore(java.lang.String, java.lang.String)&gt; calls method &lt;project.DAO.DAOPostgres.AutoreDAOPostgres.checkPresenzaUsername(java.lang.String)&gt; in (Controller.java:679)
Method &lt;project.CONTROLLER.Controller.loginAutore(java.lang.String, java.lang.String)&gt; calls method &lt;project.DAO.DAOPostgres.AutoreDAOPostgres.getAutore(java.lang.String, java.lang.String)&gt; in (Controller.java:680)
Method &lt;project.CONTROLLER.Controller.main([Ljava.lang.String;)&gt; calls method &lt;project.DAO.ConnectionPostgres.getInstance()&gt; in (Controller.java:74)
Method &lt;project.CONTROLLER.Controller.modificaMateriale(project.MODEL.Materiale)&gt; calls constructor &lt;project.DAO.DAOPostgres.RigaTabellaArticoloSuConferenzaDAOPostgres.&lt;init&gt;(project.DAO.ConnectionPostgres)&gt; in (Controller.java:1138)
Method &lt;project.CONTROLLER.Controller.modificaMateriale(project.MODEL.Materiale)&gt; calls constructor &lt;project.DAO.DAOPostgres.RigaTabellaArticoloSuRivistaDAOPostgres.&lt;init&gt;(project.DAO.ConnectionPostgres)&gt; in (Controller.java:1143)
Method &lt;project.CONTROLLER.Controller.modificaMateriale(project.MODEL.Materiale)&gt; calls constructor &lt;project.DAO.DAOPostgres.RigaTabellaDatasetDAOPostgres.&lt;init&gt;(project.DAO.ConnectionPostgres)&gt; in (Controller.java:1128)
Method &lt;project.CONTROLLER.Controller.modificaMateriale(project.MODEL.Materiale)&gt; calls constructor &lt;project.DAO.DAOPostgres.RigaTabellaLibroDAOPostgres.&lt;init&gt;(project.DAO.ConnectionPostgres)&gt; in (Controller.java:1123)
Method &lt;project.CONTROLLER.Controller.modificaMateriale(project.MODEL.Materiale)&gt; calls constructor &lt;project.DAO.DAOPostgres.RigaTabellaRisorsaOnlineDAOPostgres.&lt;init&gt;(project.DAO.ConnectionPostgres)&gt; in (Controller.java:1133)
Method &lt;project.CONTROLLER.Controller.modificaMateriale(project.MODEL.Materiale)&gt; calls method &lt;project.DAO.DAOPostgres.RigaTabellaArticoloSuConferenzaDAOPostgres.getRigaArticoloSuConferenza(java.lang.String)&gt; in (Controller.java:1139)
Method &lt;project.CONTROLLER.Controller.modificaMateriale(project.MODEL.Materiale)&gt; calls method &lt;project.DAO.DAOPostgres.RigaTabellaArticoloSuRivistaDAOPostgres.getRigaArticoloSuRivista(java.lang.String)&gt; in (Controller.java:1144)
Method &lt;project.CONTROLLER.Controller.modificaMateriale(project.MODEL.Materiale)&gt; calls method &lt;project.DAO.DAOPostgres.RigaTabellaDatasetDAOPostgres.getRigaDataset(java.lang.String)&gt; in (Controller.java:1129)
Method &lt;project.CONTROLLER.Controller.modificaMateriale(project.MODEL.Materiale)&gt; calls method &lt;project.DAO.DAOPostgres.RigaTabellaLibroDAOPostgres.getRigaLibro(java.lang.String)&gt; in (Controller.java:1124)
Method &lt;project.CONTROLLER.Controller.modificaMateriale(project.MODEL.Materiale)&gt; calls method &lt;project.DAO.DAOPostgres.RigaTabellaRisorsaOnlineDAOPostgres.getRigaRisorsaOnline(java.lang.String)&gt; in (Controller.java:1134)
Method &lt;project.CONTROLLER.Controller.openAggiungiCategoriaEsistente(project.MODEL.Materiale)&gt; calls constructor &lt;project.DAO.DAOPostgres.CategoriaDAOPostgres.&lt;init&gt;(project.DAO.ConnectionPostgres)&gt; in (Controller.java:493)
Method &lt;project.CONTROLLER.Controller.openAggiungiCategoriaEsistente(project.MODEL.Materiale)&gt; calls method &lt;project.DAO.DAOPostgres.CategoriaDAOPostgres.getAllCategorie()&gt; in (Controller.java:496)
Method &lt;project.CONTROLLER.Controller.openAggiungiCategoriaEsistenteDaModifica(project.MODEL.Materiale)&gt; calls constructor &lt;project.DAO.DAOPostgres.CategoriaDAOPostgres.&lt;init&gt;(project.DAO.ConnectionPostgres)&gt; in (Controller.java:362)
Method &lt;project.CONTROLLER.Controller.openAggiungiCategoriaEsistenteDaModifica(project.MODEL.Materiale)&gt; calls method &lt;project.DAO.DAOPostgres.CategoriaDAOPostgres.getAllCategorie()&gt; in (Controller.java:365)
Method &lt;project.CONTROLLER.Controller.openAggiuntaAGerarchiaEsistente(project.MODEL.Materiale)&gt; calls constructor &lt;project.DAO.DAOPostgres.CategoriaDAOPostgres.&lt;init&gt;(project.DAO.ConnectionPostgres)&gt; in (Controller.java:474)
Method &lt;project.CONTROLLER.Controller.openAggiuntaAGerarchiaEsistente(project.MODEL.Materiale)&gt; calls method &lt;project.DAO.DAOPostgres.CategoriaDAOPostgres.getAllCategorie()&gt; in (Controller.java:477)
Method &lt;project.CONTROLLER.Controller.openAggiuntaAGerarchiaEsistenteDaModifica(project.MODEL.Materiale)&gt; calls constructor &lt;project.DAO.DAOPostgres.CategoriaDAOPostgres.&lt;init&gt;(project.DAO.ConnectionPostgres)&gt; in (Controller.java:373)
Method &lt;project.CONTROLLER.Controller.openAggiuntaAGerarchiaEsistenteDaModifica(project.MODEL.Materiale)&gt; calls method &lt;project.DAO.DAOPostgres.CategoriaDAOPostgres.getAllCategorie()&gt; in (Controller.java:376)
Method &lt;project.CONTROLLER.Controller.openAggiuntaCitazione(project.MODEL.Materiale)&gt; calls constructor &lt;project.DAO.DAOPostgres.MaterialeDAOPostgres.&lt;init&gt;(project.DAO.ConnectionPostgres)&gt; in (Controller.java:504)
Method &lt;project.CONTROLLER.Controller.openAggiuntaCitazione(project.MODEL.Materiale)&gt; calls method &lt;project.DAO.DAOPostgres.MaterialeDAOPostgres.getMateriali()&gt; in (Controller.java:507)
Method &lt;project.CONTROLLER.Controller.openAggiuntaCitazioneDaModifica(project.MODEL.Materiale)&gt; calls constructor &lt;project.DAO.DAOPostgres.MaterialeDAOPostgres.&lt;init&gt;(project.DAO.ConnectionPostgres)&gt; in (Controller.java:409)
Method &lt;project.CONTROLLER.Controller.openAggiuntaCitazioneDaModifica(project.MODEL.Materiale)&gt; calls method &lt;project.DAO.DAOPostgres.MaterialeDAOPostgres.getMateriali()&gt; in (Controller.java:412)
Method &lt;project.CONTROLLER.Controller.openCategorieAssociate(java.lang.String)&gt; calls constructor &lt;project.DAO.DAOPostgres.CategoriaDAOPostgres.&lt;init&gt;(project.DAO.ConnectionPostgres)&gt; in (Controller.java:640)
Method &lt;project.CONTROLLER.Controller.openCategorieAssociate(java.lang.String)&gt; calls method &lt;project.DAO.DAOPostgres.CategoriaDAOPostgres.getCategorie(java.lang.String)&gt; in (Controller.java:642)
Method &lt;project.CONTROLLER.Controller.openCitazioni(java.lang.String)&gt; calls constructor &lt;project.DAO.DAOPostgres.CitazioneDAOPostgres.&lt;init&gt;(project.DAO.ConnectionPostgres)&gt; in (Controller.java:620)
Method &lt;project.CONTROLLER.Controller.openCitazioni(java.lang.String)&gt; calls method &lt;project.DAO.DAOPostgres.CitazioneDAOPostgres.getCitazioni(java.lang.String)&gt; in (Controller.java:622)
Method &lt;project.CONTROLLER.Controller.openDettagliArticoloSuConferenza(project.MODEL.Materiale)&gt; calls constructor &lt;project.DAO.DAOPostgres.RigaTabellaArticoloSuConferenzaDAOPostgres.&lt;init&gt;(project.DAO.ConnectionPostgres)&gt; in (Controller.java:457)
Method &lt;project.CONTROLLER.Controller.openDettagliArticoloSuConferenza(project.MODEL.Materiale)&gt; calls method &lt;project.DAO.DAOPostgres.RigaTabellaArticoloSuConferenzaDAOPostgres.getRigaArticoloSuConferenza(java.lang.String)&gt; in (Controller.java:458)
Method &lt;project.CONTROLLER.Controller.openDettagliArticoloSuRivista(project.MODEL.Materiale)&gt; calls constructor &lt;project.DAO.DAOPostgres.RigaTabellaArticoloSuRivistaDAOPostgres.&lt;init&gt;(project.DAO.ConnectionPostgres)&gt; in (Controller.java:449)
Method &lt;project.CONTROLLER.Controller.openDettagliArticoloSuRivista(project.MODEL.Materiale)&gt; calls method &lt;project.DAO.DAOPostgres.RigaTabellaArticoloSuRivistaDAOPostgres.getRigaArticoloSuRivista(java.lang.String)&gt; in (Controller.java:450)
Method &lt;project.CONTROLLER.Controller.openDettagliDataset(project.MODEL.Materiale)&gt; calls constructor &lt;project.DAO.DAOPostgres.RigaTabellaDatasetDAOPostgres.&lt;init&gt;(project.DAO.ConnectionPostgres)&gt; in (Controller.java:432)
Method &lt;project.CONTROLLER.Controller.openDettagliDataset(project.MODEL.Materiale)&gt; calls method &lt;project.DAO.DAOPostgres.RigaTabellaDatasetDAOPostgres.getRigaDataset(java.lang.String)&gt; in (Controller.java:433)
Method &lt;project.CONTROLLER.Controller.openDettagliLibro(project.MODEL.Materiale)&gt; calls constructor &lt;project.DAO.DAOPostgres.RigaTabellaLibroDAOPostgres.&lt;init&gt;(project.DAO.ConnectionPostgres)&gt; in (Controller.java:424)
Method &lt;project.CONTROLLER.Controller.openDettagliLibro(project.MODEL.Materiale)&gt; calls method &lt;project.DAO.DAOPostgres.RigaTabellaLibroDAOPostgres.getRigaLibro(java.lang.String)&gt; in (Controller.java:425)
Method &lt;project.CONTROLLER.Controller.openDettagliRisorsaOnline(project.MODEL.Materiale)&gt; calls constructor &lt;project.DAO.DAOPostgres.RigaTabellaRisorsaOnlineDAOPostgres.&lt;init&gt;(project.DAO.ConnectionPostgres)&gt; in (Controller.java:441)
Method &lt;project.CONTROLLER.Controller.openDettagliRisorsaOnline(project.MODEL.Materiale)&gt; calls method &lt;project.DAO.DAOPostgres.RigaTabellaRisorsaOnlineDAOPostgres.getRigaRisorsaOnline(java.lang.String)&gt; in (Controller.java:442)
Method &lt;project.CONTROLLER.Controller.openModificaAutoriADMIN()&gt; calls constructor &lt;project.DAO.DAOPostgres.AutoreDAOPostgres.&lt;init&gt;(project.DAO.ConnectionPostgres)&gt; in (Controller.java:255)
Method &lt;project.CONTROLLER.Controller.openModificaAutoriADMIN()&gt; calls method &lt;project.DAO.DAOPostgres.AutoreDAOPostgres.getAutori()&gt; in (Controller.java:257)
Method &lt;project.CONTROLLER.Controller.openModificaCategorie(project.MODEL.Materiale)&gt; calls constructor &lt;project.DAO.DAOPostgres.CategoriaDAOPostgres.&lt;init&gt;(project.DAO.ConnectionPostgres)&gt; in (Controller.java:338)
Method &lt;project.CONTROLLER.Controller.openModificaCategorie(project.MODEL.Materiale)&gt; calls method &lt;project.DAO.DAOPostgres.CategoriaDAOPostgres.getCategorie(java.lang.String)&gt; in (Controller.java:340)
Method &lt;project.CONTROLLER.Controller.openModificaCitazioni(project.MODEL.Materiale)&gt; calls constructor &lt;project.DAO.DAOPostgres.CitazioneDAOPostgres.&lt;init&gt;(project.DAO.ConnectionPostgres)&gt; in (Controller.java:398)
Method &lt;project.CONTROLLER.Controller.openModificaCitazioni(project.MODEL.Materiale)&gt; calls method &lt;project.DAO.DAOPostgres.CitazioneDAOPostgres.getCitati(java.lang.String)&gt; in (Controller.java:400)
Method &lt;project.CONTROLLER.Controller.openModificaMateriale()&gt; calls constructor &lt;project.DAO.DAOPostgres.MaterialeDAOPostgres.&lt;init&gt;(project.DAO.ConnectionPostgres)&gt; in (Controller.java:205)
Method &lt;project.CONTROLLER.Controller.openModificaMateriale()&gt; calls method &lt;project.DAO.DAOPostgres.MaterialeDAOPostgres.getMaterialiDiAutore(java.lang.String)&gt; in (Controller.java:208)
Method &lt;project.CONTROLLER.Controller.openModificaMaterialeADMIN()&gt; calls constructor &lt;project.DAO.DAOPostgres.RigaTabellaMaterialeDAOPostgres.&lt;init&gt;(project.DAO.ConnectionPostgres)&gt; in (Controller.java:216)
Method &lt;project.CONTROLLER.Controller.openModificaMaterialeADMIN()&gt; calls method &lt;project.DAO.DAOPostgres.RigaTabellaMaterialeDAOPostgres.getRigheMateriali()&gt; in (Controller.java:220)
Method &lt;project.CONTROLLER.Controller.openModificaParoleChiave(project.MODEL.Materiale)&gt; calls constructor &lt;project.DAO.DAOPostgres.ParolaChiaveDAOPostgres.&lt;init&gt;(project.DAO.ConnectionPostgres)&gt; in (Controller.java:326)
Method &lt;project.CONTROLLER.Controller.openModificaParoleChiave(project.MODEL.Materiale)&gt; calls method &lt;project.DAO.DAOPostgres.ParolaChiaveDAOPostgres.getParoleAssociate(java.lang.String)&gt; in (Controller.java:328)
Method &lt;project.CONTROLLER.Controller.openParoleChiaveAssociate(java.lang.String)&gt; calls constructor &lt;project.DAO.DAOPostgres.ParolaChiaveDAOPostgres.&lt;init&gt;(project.DAO.ConnectionPostgres)&gt; in (Controller.java:600)
Method &lt;project.CONTROLLER.Controller.openParoleChiaveAssociate(java.lang.String)&gt; calls method &lt;project.DAO.DAOPostgres.ParolaChiaveDAOPostgres.getParoleAssociate(java.lang.String)&gt; in (Controller.java:602)
Method &lt;project.CONTROLLER.Controller.openVisualizzaArticoloSuConferenza()&gt; calls constructor &lt;project.DAO.DAOPostgres.RigaTabellaArticoloSuConferenzaDAOPostgres.&lt;init&gt;(project.DAO.ConnectionPostgres)&gt; in (Controller.java:573)
Method &lt;project.CONTROLLER.Controller.openVisualizzaArticoloSuConferenza()&gt; calls method &lt;project.DAO.DAOPostgres.RigaTabellaArticoloSuConferenzaDAOPostgres.getArticoliSuConferenza()&gt; in (Controller.java:576)
Method &lt;project.CONTROLLER.Controller.openVisualizzaArticoloSuRivista()&gt; calls constructor &lt;project.DAO.DAOPostgres.RigaTabellaArticoloSuRivistaDAOPostgres.&lt;init&gt;(project.DAO.ConnectionPostgres)&gt; in (Controller.java:585)
Method &lt;project.CONTROLLER.Controller.openVisualizzaArticoloSuRivista()&gt; calls method &lt;project.DAO.DAOPostgres.RigaTabellaArticoloSuRivistaDAOPostgres.getArticoliSuRivista()&gt; in (Controller.java:588)
Method &lt;project.CONTROLLER.Controller.openVisualizzaDataset()&gt; calls constructor &lt;project.DAO.DAOPostgres.RigaTabellaDatasetDAOPostgres.&lt;init&gt;(project.DAO.ConnectionPostgres)&gt; in (Controller.java:548)
Method &lt;project.CONTROLLER.Controller.openVisualizzaDataset()&gt; calls method &lt;project.DAO.DAOPostgres.RigaTabellaDatasetDAOPostgres.getDataset()&gt; in (Controller.java:551)
Method &lt;project.CONTROLLER.Controller.openVisualizzaLibreria()&gt; calls constructor &lt;project.DAO.DAOPostgres.RigaTabellaMaterialeDAOPostgres.&lt;init&gt;(project.DAO.ConnectionPostgres)&gt; in (Controller.java:523)
Method &lt;project.CONTROLLER.Controller.openVisualizzaLibreria()&gt; calls method &lt;project.DAO.DAOPostgres.RigaTabellaMaterialeDAOPostgres.getRigheMateriali()&gt; in (Controller.java:526)
Method &lt;project.CONTROLLER.Controller.openVisualizzaLibri()&gt; calls constructor &lt;project.DAO.DAOPostgres.RigaTabellaLibroDAOPostgres.&lt;init&gt;(project.DAO.ConnectionPostgres)&gt; in (Controller.java:535)
Method &lt;project.CONTROLLER.Controller.openVisualizzaLibri()&gt; calls method &lt;project.DAO.DAOPostgres.RigaTabellaLibroDAOPostgres.getLibri()&gt; in (Controller.java:538)
Method &lt;project.CONTROLLER.Controller.openVisualizzaRisorsaOnline()&gt; calls constructor &lt;project.DAO.DAOPostgres.RigaTabellaRisorsaOnlineDAOPostgres.&lt;init&gt;(project.DAO.ConnectionPostgres)&gt; in (Controller.java:560)
Method &lt;project.CONTROLLER.Controller.openVisualizzaRisorsaOnline()&gt; calls method &lt;project.DAO.DAOPostgres.RigaTabellaRisorsaOnlineDAOPostgres.getRisorsaOnline()&gt; in (Controller.java:563)
Method &lt;project.CONTROLLER.Controller.registraAutore(java.lang.String, java.lang.String, java.lang.String, java.lang.String, java.lang.String)&gt; calls constructor &lt;project.DAO.DAOPostgres.AutoreDAOPostgres.&lt;init&gt;(project.DAO.ConnectionPostgres)&gt; in (Controller.java:726)
Method &lt;project.CONTROLLER.Controller.registraAutore(java.lang.String, java.lang.String, java.lang.String, java.lang.String, java.lang.String)&gt; calls method &lt;project.DAO.DAOPostgres.AutoreDAOPostgres.checkNotUniqueORCID(java.lang.String)&gt; in (Controller.java:728)
Method &lt;project.CONTROLLER.Controller.registraAutore(java.lang.String, java.lang.String, java.lang.String, java.lang.String, java.lang.String)&gt; calls method &lt;project.DAO.DAOPostgres.AutoreDAOPostgres.checkUniqueUsername(java.lang.String)&gt; in (Controller.java:733)
Method &lt;project.CONTROLLER.Controller.registraAutore(java.lang.String, java.lang.String, java.lang.String, java.lang.String, java.lang.String)&gt; calls method &lt;project.DAO.DAOPostgres.AutoreDAOPostgres.insertAutore(java.lang.String, java.lang.String, java.lang.String, java.lang.String, java.lang.String)&gt; in (Controller.java:738)
Method &lt;project.CONTROLLER.Controller.updateArticoloSuConferenza(project.MODEL.ArticoloSuConferenza, project.MODEL.ArticoloSuConferenza)&gt; calls constructor &lt;project.DAO.DAOPostgres.ArticoloSuConferenzaDAOPostgres.&lt;init&gt;(project.DAO.ConnectionPostgres)&gt; in (Controller.java:1276)
Method &lt;project.CONTROLLER.Controller.updateArticoloSuConferenza(project.MODEL.ArticoloSuConferenza, project.MODEL.ArticoloSuConferenza)&gt; calls constructor &lt;project.DAO.DAOPostgres.ConferenzaDAOPostgres.&lt;init&gt;(project.DAO.ConnectionPostgres)&gt; in (Controller.java:1277)
Method &lt;project.CONTROLLER.Controller.updateArticoloSuConferenza(project.MODEL.ArticoloSuConferenza, project.MODEL.ArticoloSuConferenza)&gt; calls method &lt;project.DAO.DAOPostgres.ArticoloSuConferenzaDAOPostgres.checkUniqueDOI(java.lang.String)&gt; in (Controller.java:1288)
Method &lt;project.CONTROLLER.Controller.updateArticoloSuConferenza(project.MODEL.ArticoloSuConferenza, project.MODEL.ArticoloSuConferenza)&gt; calls method &lt;project.DAO.DAOPostgres.ArticoloSuConferenzaDAOPostgres.checkUniqueTitolo(java.lang.String)&gt; in (Controller.java:1280)
Method &lt;project.CONTROLLER.Controller.updateArticoloSuConferenza(project.MODEL.ArticoloSuConferenza, project.MODEL.ArticoloSuConferenza)&gt; calls method &lt;project.DAO.DAOPostgres.ArticoloSuConferenzaDAOPostgres.updateArticolo(project.MODEL.ArticoloSuConferenza, project.MODEL.ArticoloSuConferenza)&gt; in (Controller.java:1294)
Method &lt;project.CONTROLLER.Controller.updateArticoloSuConferenza(project.MODEL.ArticoloSuConferenza, project.MODEL.ArticoloSuConferenza)&gt; calls method &lt;project.DAO.DAOPostgres.ConferenzaDAOPostgres.updateConferenza(project.MODEL.Conferenza, project.MODEL.Conferenza)&gt; in (Controller.java:1293)
Method &lt;project.CONTROLLER.Controller.updateArticoloSuRivista(project.MODEL.ArticoloSuRivista, project.MODEL.ArticoloSuRivista)&gt; calls constructor &lt;project.DAO.DAOPostgres.ArticoloSuRivistaDAOPostgres.&lt;init&gt;(project.DAO.ConnectionPostgres)&gt; in (Controller.java:1302)
Method &lt;project.CONTROLLER.Controller.updateArticoloSuRivista(project.MODEL.ArticoloSuRivista, project.MODEL.ArticoloSuRivista)&gt; calls constructor &lt;project.DAO.DAOPostgres.RivistaDAOPostgres.&lt;init&gt;(project.DAO.ConnectionPostgres)&gt; in (Controller.java:1303)
Method &lt;project.CONTROLLER.Controller.updateArticoloSuRivista(project.MODEL.ArticoloSuRivista, project.MODEL.ArticoloSuRivista)&gt; calls method &lt;project.DAO.DAOPostgres.ArticoloSuRivistaDAOPostgres.checkUniqueDOI(java.lang.String)&gt; in (Controller.java:1314)
Method &lt;project.CONTROLLER.Controller.updateArticoloSuRivista(project.MODEL.ArticoloSuRivista, project.MODEL.ArticoloSuRivista)&gt; calls method &lt;project.DAO.DAOPostgres.ArticoloSuRivistaDAOPostgres.checkUniqueTitolo(java.lang.String)&gt; in (Controller.java:1306)
Method &lt;project.CONTROLLER.Controller.updateArticoloSuRivista(project.MODEL.ArticoloSuRivista, project.MODEL.ArticoloSuRivista)&gt; calls method &lt;project.DAO.DAOPostgres.ArticoloSuRivistaDAOPostgres.updateArticolo(project.MODEL.ArticoloSuRivista, project.MODEL.ArticoloSuRivista)&gt; in (Controller.java:1320)
Method &lt;project.CONTROLLER.Controller.updateArticoloSuRivista(project.MODEL.ArticoloSuRivista, project.MODEL.ArticoloSuRivista)&gt; calls method &lt;project.DAO.DAOPostgres.RivistaDAOPostgres.updateRivista(project.MODEL.Rivista, project.MODEL.Rivista)&gt; in (Controller.java:1319)
Method &lt;project.CONTROLLER.Controller.updateAutore(java.lang.String, java.lang.String, java.lang.String, java.lang.String, java.lang.String, project.MODEL.Autore)&gt; calls constructor &lt;project.DAO.DAOPostgres.AutoreDAOPostgres.&lt;init&gt;(project.DAO.ConnectionPostgres)&gt; in (Controller.java:281)
Method &lt;project.CONTROLLER.Controller.updateAutore(java.lang.String, java.lang.String, java.lang.String, java.lang.String, java.lang.String, project.MODEL.Autore)&gt; calls method &lt;project.DAO.DAOPostgres.AutoreDAOPostgres.updateAutore(java.lang.String, java.lang.String, java.lang.String, java.lang.String, java.lang.String, project.MODEL.Autore)&gt; in (Controller.java:283)
Method &lt;project.CONTROLLER.Controller.updateAutore(java.lang.String, java.lang.String, java.lang.String, java.lang.String, project.MODEL.Autore)&gt; calls constructor &lt;project.DAO.DAOPostgres.AutoreDAOPostgres.&lt;init&gt;(project.DAO.ConnectionPostgres)&gt; in (Controller.java:272)
Method &lt;project.CONTROLLER.Controller.updateAutore(java.lang.String, java.lang.String, java.lang.String, java.lang.String, project.MODEL.Autore)&gt; calls method &lt;project.DAO.DAOPostgres.AutoreDAOPostgres.updateAutore(java.lang.String, java.lang.String, java.lang.String, java.lang.String, project.MODEL.Autore)&gt; in (Controller.java:274)
Method &lt;project.CONTROLLER.Controller.updateDataset(project.MODEL.Dataset, project.MODEL.Dataset)&gt; calls constructor &lt;project.DAO.DAOPostgres.DatasetDAOPostgres.&lt;init&gt;(project.DAO.ConnectionPostgres)&gt; in (Controller.java:1216)
Method &lt;project.CONTROLLER.Controller.updateDataset(project.MODEL.Dataset, project.MODEL.Dataset)&gt; calls method &lt;project.DAO.DAOPostgres.DatasetDAOPostgres.checkUniqueDOI(java.lang.String)&gt; in (Controller.java:1225)
Method &lt;project.CONTROLLER.Controller.updateDataset(project.MODEL.Dataset, project.MODEL.Dataset)&gt; calls method &lt;project.DAO.DAOPostgres.DatasetDAOPostgres.checkUniqueTitolo(java.lang.String)&gt; in (Controller.java:1218)
Method &lt;project.CONTROLLER.Controller.updateDataset(project.MODEL.Dataset, project.MODEL.Dataset)&gt; calls method &lt;project.DAO.DAOPostgres.DatasetDAOPostgres.checkUniqueURL(java.lang.String)&gt; in (Controller.java:1231)
Method &lt;project.CONTROLLER.Controller.updateDataset(project.MODEL.Dataset, project.MODEL.Dataset)&gt; calls method &lt;project.DAO.DAOPostgres.DatasetDAOPostgres.updateDataset(project.MODEL.Dataset, project.MODEL.Dataset)&gt; in (Controller.java:1236)
Method &lt;project.CONTROLLER.Controller.updateLibro(project.MODEL.Libro, project.MODEL.Libro)&gt; calls constructor &lt;project.DAO.DAOPostgres.LibroDAOPostgres.&lt;init&gt;(project.DAO.ConnectionPostgres)&gt; in (Controller.java:1184)
Method &lt;project.CONTROLLER.Controller.updateLibro(project.MODEL.Libro, project.MODEL.Libro)&gt; calls method &lt;project.DAO.DAOPostgres.LibroDAOPostgres.checkUniqueDOI(java.lang.String)&gt; in (Controller.java:1195)
Method &lt;project.CONTROLLER.Controller.updateLibro(project.MODEL.Libro, project.MODEL.Libro)&gt; calls method &lt;project.DAO.DAOPostgres.LibroDAOPostgres.checkUniqueISBN(java.lang.String)&gt; in (Controller.java:1201)
Method &lt;project.CONTROLLER.Controller.updateLibro(project.MODEL.Libro, project.MODEL.Libro)&gt; calls method &lt;project.DAO.DAOPostgres.LibroDAOPostgres.checkUniqueTitolo(java.lang.String)&gt; in (Controller.java:1187)
Method &lt;project.CONTROLLER.Controller.updateLibro(project.MODEL.Libro, project.MODEL.Libro)&gt; calls method &lt;project.DAO.DAOPostgres.LibroDAOPostgres.updateLibro(project.MODEL.Libro, project.MODEL.Libro)&gt; in (Controller.java:1206)
Method &lt;project.CONTROLLER.Controller.updatePubblicazione(java.lang.String, java.lang.String, java.util.Date)&gt; calls constructor &lt;project.DAO.DAOPostgres.PubblicazioneDAOPostgres.&lt;init&gt;(project.DAO.ConnectionPostgres)&gt; in (Controller.java:1328)
Method &lt;project.CONTROLLER.Controller.updatePubblicazione(java.lang.String, java.lang.String, java.util.Date)&gt; calls method &lt;project.DAO.DAOPostgres.PubblicazioneDAOPostgres.updatePubblicazione(java.lang.String, java.lang.String, java.util.Date)&gt; in (Controller.java:1330)
Method &lt;project.CONTROLLER.Controller.updateRisorsaOnline(project.MODEL.RisorsaOnline, project.MODEL.RisorsaOnline)&gt; calls constructor &lt;project.DAO.DAOPostgres.RisorsaOnlineDAOPostgres.&lt;init&gt;(project.DAO.ConnectionPostgres)&gt; in (Controller.java:1246)
Method &lt;project.CONTROLLER.Controller.updateRisorsaOnline(project.MODEL.RisorsaOnline, project.MODEL.RisorsaOnline)&gt; calls method &lt;project.DAO.DAOPostgres.RisorsaOnlineDAOPostgres.checkUniqueDOI(java.lang.String)&gt; in (Controller.java:1256)
Method &lt;project.CONTROLLER.Controller.updateRisorsaOnline(project.MODEL.RisorsaOnline, project.MODEL.RisorsaOnline)&gt; calls method &lt;project.DAO.DAOPostgres.RisorsaOnlineDAOPostgres.checkUniqueTitolo(java.lang.String)&gt; in (Controller.java:1248)
Method &lt;project.CONTROLLER.Controller.updateRisorsaOnline(project.MODEL.RisorsaOnline, project.MODEL.RisorsaOnline)&gt; calls method &lt;project.DAO.DAOPostgres.RisorsaOnlineDAOPostgres.checkUniqueURL(java.lang.String)&gt; in (Controller.java:1262)
Method &lt;project.CONTROLLER.Controller.updateRisorsaOnline(project.MODEL.RisorsaOnline, project.MODEL.RisorsaOnline)&gt; calls method &lt;project.DAO.DAOPostgres.RisorsaOnlineDAOPostgres.updateRisorsaOnline(project.MODEL.RisorsaOnline, project.MODEL.RisorsaOnline)&gt; in (Controller.java:1267)
	at com.tngtech.archunit.lang.ArchRule$Assertions.assertNoViolation(ArchRule.java:94)
	at com.tngtech.archunit.lang.ArchRule$Assertions.check(ArchRule.java:82)
	at com.tngtech.archunit.library.Architectures$LayeredArchitecture.check(Architectures.java:291)
	at com.tngtech.archunit.junit.ArchRuleExecution.evaluateOn(ArchRuleExecution.java:43)
	at com.tngtech.archunit.junit.ArchUnitRunner.runChild(ArchUnitRunner.java:154)
	at com.tngtech.archunit.junit.ArchUnitRunner.runChild(ArchUnitRunner.java:63)
	at org.junit.runners.ParentRunner$4.run(ParentRunner.java:331)
	at org.junit.runners.ParentRunner$1.schedule(ParentRunner.java:79)
	at org.junit.runners.ParentRunner.runChildren(ParentRunner.java:329)
	at org.junit.runners.ParentRunner.access$100(ParentRunner.java:66)
	at org.junit.runners.ParentRunner$2.evaluate(ParentRunner.java:293)
	at org.junit.runners.ParentRunner$3.evaluate(ParentRunner.java:306)
	at com.tngtech.archunit.junit.ArchUnitRunner$1.evaluate(ArchUnitRunner.java:88)
	at org.junit.runners.ParentRunner.run(ParentRunner.java:413)
	at org.apache.maven.surefire.junit4.JUnit4Provider.execute(JUnit4Provider.java:252)
	at org.apache.maven.surefire.junit4.JUnit4Provider.executeTestSet(JUnit4Provider.java:141)
	at org.apache.maven.surefire.junit4.JUnit4Provider.invoke(JUnit4Provider.java:112)
	at java.base/jdk.internal.reflect.NativeMethodAccessorImpl.invoke0(Native Method)
	at java.base/jdk.internal.reflect.NativeMethodAccessorImpl.invoke(NativeMethodAccessorImpl.java:62)
	at java.base/jdk.internal.reflect.DelegatingMethodAccessorImpl.invoke(DelegatingMethodAccessorImpl.java:43)
	at java.base/java.lang.reflect.Method.invoke(Method.java:566)
	at org.apache.maven.surefire.util.ReflectionUtils.invokeMethodWithArray(ReflectionUtils.java:189)
	at org.apache.maven.surefire.booter.ProviderFactory$ProviderProxy.invoke(ProviderFactory.java:165)
	at org.apache.maven.surefire.booter.ProviderFactory.invokeProvider(ProviderFactory.java:85)
	at org.apache.maven.surefire.booter.ForkedBooter.runSuitesInProcess(ForkedBooter.java:115)
	at org.apache.maven.surefire.booter.ForkedBooter.main(ForkedBooter.java:75)
</failure>
  </testcase>
  <testcase classname="LayeredArchitectureTest" name="model_dependencies_are_respected" time="0.087">
    <failure message="Architecture Violation [Priority: MEDIUM] - Rule &apos;Layered architecture consisting of
layer &apos;View&apos; (&apos;project.VIEW..&apos;)
layer &apos;Controller&apos; (&apos;project.CONTROLLER..&apos;)
layer &apos;Model&apos; (&apos;project.MODEL..&apos;)
layer &apos;Database&apos; (&apos;project.DAO..&apos;)
where layer &apos;Model&apos; may not be accessed by any layer&apos; was violated (1157 times):
Constructor &lt;project.VIEW.AggiungiAGerarchiaEsistenteDaModificaGUI$1.&lt;init&gt;(project.VIEW.AggiungiAGerarchiaEsistenteDaModificaGUI, java.util.List, project.MODEL.Materiale)&gt; has parameter of type &lt;project.MODEL.Materiale&gt; in (AggiungiAGerarchiaEsistenteDaModificaGUI.java:0)
Constructor &lt;project.VIEW.AggiungiAGerarchiaEsistenteDaModificaGUI$2.&lt;init&gt;(project.VIEW.AggiungiAGerarchiaEsistenteDaModificaGUI, project.MODEL.Materiale)&gt; has parameter of type &lt;project.MODEL.Materiale&gt; in (AggiungiAGerarchiaEsistenteDaModificaGUI.java:0)
Constructor &lt;project.VIEW.AggiungiAGerarchiaEsistenteDaModificaGUI.&lt;init&gt;(project.CONTROLLER.Controller, java.util.List, project.MODEL.Materiale)&gt; calls method &lt;project.MODEL.Categoria.getNome()&gt; in (AggiungiAGerarchiaEsistenteDaModificaGUI.java:56)
Constructor &lt;project.VIEW.AggiungiAGerarchiaEsistenteDaModificaGUI.&lt;init&gt;(project.CONTROLLER.Controller, java.util.List, project.MODEL.Materiale)&gt; calls method &lt;project.MODEL.Categoria.getNome()&gt; in (AggiungiAGerarchiaEsistenteDaModificaGUI.java:60)
Constructor &lt;project.VIEW.AggiungiAGerarchiaEsistenteDaModificaGUI.&lt;init&gt;(project.CONTROLLER.Controller, java.util.List, project.MODEL.Materiale)&gt; calls method &lt;project.MODEL.Categoria.getSupercategoria()&gt; in (AggiungiAGerarchiaEsistenteDaModificaGUI.java:57)
Constructor &lt;project.VIEW.AggiungiAGerarchiaEsistenteDaModificaGUI.&lt;init&gt;(project.CONTROLLER.Controller, java.util.List, project.MODEL.Materiale)&gt; calls method &lt;project.MODEL.Categoria.getSupercategoria()&gt; in (AggiungiAGerarchiaEsistenteDaModificaGUI.java:60)
Constructor &lt;project.VIEW.AggiungiAGerarchiaEsistenteDaModificaGUI.&lt;init&gt;(project.CONTROLLER.Controller, java.util.List, project.MODEL.Materiale)&gt; has generic parameter type &lt;java.util.List&lt;project.MODEL.Categoria&gt;&gt; with type argument depending on &lt;project.MODEL.Categoria&gt; in (AggiungiAGerarchiaEsistenteDaModificaGUI.java:0)
Constructor &lt;project.VIEW.AggiungiAGerarchiaEsistenteDaModificaGUI.&lt;init&gt;(project.CONTROLLER.Controller, java.util.List, project.MODEL.Materiale)&gt; has parameter of type &lt;project.MODEL.Materiale&gt; in (AggiungiAGerarchiaEsistenteDaModificaGUI.java:0)
Constructor &lt;project.VIEW.AggiungiCategoriaAGerarchiaDaModificaGUI$1.&lt;init&gt;(project.VIEW.AggiungiCategoriaAGerarchiaDaModificaGUI, project.MODEL.Categoria, project.MODEL.Materiale)&gt; has parameter of type &lt;project.MODEL.Categoria&gt; in (AggiungiCategoriaAGerarchiaDaModificaGUI.java:0)
Constructor &lt;project.VIEW.AggiungiCategoriaAGerarchiaDaModificaGUI$1.&lt;init&gt;(project.VIEW.AggiungiCategoriaAGerarchiaDaModificaGUI, project.MODEL.Categoria, project.MODEL.Materiale)&gt; has parameter of type &lt;project.MODEL.Materiale&gt; in (AggiungiCategoriaAGerarchiaDaModificaGUI.java:0)
Constructor &lt;project.VIEW.AggiungiCategoriaAGerarchiaDaModificaGUI$2.&lt;init&gt;(project.VIEW.AggiungiCategoriaAGerarchiaDaModificaGUI, project.MODEL.Materiale)&gt; has parameter of type &lt;project.MODEL.Materiale&gt; in (AggiungiCategoriaAGerarchiaDaModificaGUI.java:0)
Constructor &lt;project.VIEW.AggiungiCategoriaAGerarchiaDaModificaGUI$3.&lt;init&gt;(project.VIEW.AggiungiCategoriaAGerarchiaDaModificaGUI, project.MODEL.Materiale)&gt; has parameter of type &lt;project.MODEL.Materiale&gt; in (AggiungiCategoriaAGerarchiaDaModificaGUI.java:0)
Constructor &lt;project.VIEW.AggiungiCategoriaAGerarchiaDaModificaGUI.&lt;init&gt;(project.CONTROLLER.Controller, project.MODEL.Materiale, project.MODEL.Categoria)&gt; calls method &lt;project.MODEL.Categoria.getNome()&gt; in (AggiungiCategoriaAGerarchiaDaModificaGUI.java:143)
Constructor &lt;project.VIEW.AggiungiCategoriaAGerarchiaDaModificaGUI.&lt;init&gt;(project.CONTROLLER.Controller, project.MODEL.Materiale, project.MODEL.Categoria)&gt; has parameter of type &lt;project.MODEL.Categoria&gt; in (AggiungiCategoriaAGerarchiaDaModificaGUI.java:0)
Constructor &lt;project.VIEW.AggiungiCategoriaAGerarchiaDaModificaGUI.&lt;init&gt;(project.CONTROLLER.Controller, project.MODEL.Materiale, project.MODEL.Categoria)&gt; has parameter of type &lt;project.MODEL.Materiale&gt; in (AggiungiCategoriaAGerarchiaDaModificaGUI.java:0)
Constructor &lt;project.VIEW.AggiungiCategoriaDaModificaGUI$1.&lt;init&gt;(project.VIEW.AggiungiCategoriaDaModificaGUI, project.MODEL.Materiale)&gt; has parameter of type &lt;project.MODEL.Materiale&gt; in (AggiungiCategoriaDaModificaGUI.java:0)
Constructor &lt;project.VIEW.AggiungiCategoriaDaModificaGUI$2.&lt;init&gt;(project.VIEW.AggiungiCategoriaDaModificaGUI, project.MODEL.Materiale)&gt; has parameter of type &lt;project.MODEL.Materiale&gt; in (AggiungiCategoriaDaModificaGUI.java:0)
Constructor &lt;project.VIEW.AggiungiCategoriaDaModificaGUI$3.&lt;init&gt;(project.VIEW.AggiungiCategoriaDaModificaGUI, project.MODEL.Materiale)&gt; has parameter of type &lt;project.MODEL.Materiale&gt; in (AggiungiCategoriaDaModificaGUI.java:0)
Constructor &lt;project.VIEW.AggiungiCategoriaDaModificaGUI.&lt;init&gt;(project.CONTROLLER.Controller, project.MODEL.Materiale)&gt; has parameter of type &lt;project.MODEL.Materiale&gt; in (AggiungiCategoriaDaModificaGUI.java:0)
Constructor &lt;project.VIEW.AggiungiCategoriaEsistenteDaModificaGUI$1.&lt;init&gt;(project.VIEW.AggiungiCategoriaEsistenteDaModificaGUI, java.util.List, project.MODEL.Materiale)&gt; has parameter of type &lt;project.MODEL.Materiale&gt; in (AggiungiCategoriaEsistenteDaModificaGUI.java:0)
Constructor &lt;project.VIEW.AggiungiCategoriaEsistenteDaModificaGUI$2.&lt;init&gt;(project.VIEW.AggiungiCategoriaEsistenteDaModificaGUI, project.MODEL.Materiale)&gt; has parameter of type &lt;project.MODEL.Materiale&gt; in (AggiungiCategoriaEsistenteDaModificaGUI.java:0)
Constructor &lt;project.VIEW.AggiungiCategoriaEsistenteDaModificaGUI.&lt;init&gt;(project.CONTROLLER.Controller, java.util.List, project.MODEL.Materiale)&gt; calls method &lt;project.MODEL.Categoria.getNome()&gt; in (AggiungiCategoriaEsistenteDaModificaGUI.java:58)
Constructor &lt;project.VIEW.AggiungiCategoriaEsistenteDaModificaGUI.&lt;init&gt;(project.CONTROLLER.Controller, java.util.List, project.MODEL.Materiale)&gt; calls method &lt;project.MODEL.Categoria.getNome()&gt; in (AggiungiCategoriaEsistenteDaModificaGUI.java:62)
Constructor &lt;project.VIEW.AggiungiCategoriaEsistenteDaModificaGUI.&lt;init&gt;(project.CONTROLLER.Controller, java.util.List, project.MODEL.Materiale)&gt; calls method &lt;project.MODEL.Categoria.getSupercategoria()&gt; in (AggiungiCategoriaEsistenteDaModificaGUI.java:59)
Constructor &lt;project.VIEW.AggiungiCategoriaEsistenteDaModificaGUI.&lt;init&gt;(project.CONTROLLER.Controller, java.util.List, project.MODEL.Materiale)&gt; calls method &lt;project.MODEL.Categoria.getSupercategoria()&gt; in (AggiungiCategoriaEsistenteDaModificaGUI.java:62)
Constructor &lt;project.VIEW.AggiungiCategoriaEsistenteDaModificaGUI.&lt;init&gt;(project.CONTROLLER.Controller, java.util.List, project.MODEL.Materiale)&gt; has generic parameter type &lt;java.util.List&lt;project.MODEL.Categoria&gt;&gt; with type argument depending on &lt;project.MODEL.Categoria&gt; in (AggiungiCategoriaEsistenteDaModificaGUI.java:0)
Constructor &lt;project.VIEW.AggiungiCategoriaEsistenteDaModificaGUI.&lt;init&gt;(project.CONTROLLER.Controller, java.util.List, project.MODEL.Materiale)&gt; has parameter of type &lt;project.MODEL.Materiale&gt; in (AggiungiCategoriaEsistenteDaModificaGUI.java:0)
Constructor &lt;project.VIEW.AggiungiCategoriaNuovaDaModificaGUI$1.&lt;init&gt;(project.VIEW.AggiungiCategoriaNuovaDaModificaGUI, project.MODEL.Materiale)&gt; has parameter of type &lt;project.MODEL.Materiale&gt; in (AggiungiCategoriaNuovaDaModificaGUI.java:0)
Constructor &lt;project.VIEW.AggiungiCategoriaNuovaDaModificaGUI$2.&lt;init&gt;(project.VIEW.AggiungiCategoriaNuovaDaModificaGUI, project.MODEL.Materiale)&gt; has parameter of type &lt;project.MODEL.Materiale&gt; in (AggiungiCategoriaNuovaDaModificaGUI.java:0)
Constructor &lt;project.VIEW.AggiungiCategoriaNuovaDaModificaGUI.&lt;init&gt;(project.CONTROLLER.Controller, project.MODEL.Materiale)&gt; has parameter of type &lt;project.MODEL.Materiale&gt; in (AggiungiCategoriaNuovaDaModificaGUI.java:0)
Constructor &lt;project.VIEW.AggiungiGerarchiaNuovaDaModificaGUI$1.&lt;init&gt;(project.VIEW.AggiungiGerarchiaNuovaDaModificaGUI, project.MODEL.Materiale)&gt; has parameter of type &lt;project.MODEL.Materiale&gt; in (AggiungiGerarchiaNuovaDaModificaGUI.java:0)
Constructor &lt;project.VIEW.AggiungiGerarchiaNuovaDaModificaGUI$2.&lt;init&gt;(project.VIEW.AggiungiGerarchiaNuovaDaModificaGUI, project.MODEL.Materiale)&gt; has parameter of type &lt;project.MODEL.Materiale&gt; in (AggiungiGerarchiaNuovaDaModificaGUI.java:0)
Constructor &lt;project.VIEW.AggiungiGerarchiaNuovaDaModificaGUI.&lt;init&gt;(project.CONTROLLER.Controller, project.MODEL.Materiale)&gt; has parameter of type &lt;project.MODEL.Materiale&gt; in (AggiungiGerarchiaNuovaDaModificaGUI.java:0)
Constructor &lt;project.VIEW.AggiuntaAGerarchiaEsistenteGUI$1.&lt;init&gt;(project.VIEW.AggiuntaAGerarchiaEsistenteGUI, java.util.List, project.MODEL.Materiale)&gt; has parameter of type &lt;project.MODEL.Materiale&gt; in (AggiuntaAGerarchiaEsistenteGUI.java:0)
Constructor &lt;project.VIEW.AggiuntaAGerarchiaEsistenteGUI$2.&lt;init&gt;(project.VIEW.AggiuntaAGerarchiaEsistenteGUI, project.MODEL.Materiale)&gt; has parameter of type &lt;project.MODEL.Materiale&gt; in (AggiuntaAGerarchiaEsistenteGUI.java:0)
Constructor &lt;project.VIEW.AggiuntaAGerarchiaEsistenteGUI.&lt;init&gt;(project.CONTROLLER.Controller, java.util.List, project.MODEL.Materiale)&gt; calls method &lt;project.MODEL.Categoria.getNome()&gt; in (AggiuntaAGerarchiaEsistenteGUI.java:56)
Constructor &lt;project.VIEW.AggiuntaAGerarchiaEsistenteGUI.&lt;init&gt;(project.CONTROLLER.Controller, java.util.List, project.MODEL.Materiale)&gt; calls method &lt;project.MODEL.Categoria.getNome()&gt; in (AggiuntaAGerarchiaEsistenteGUI.java:60)
Constructor &lt;project.VIEW.AggiuntaAGerarchiaEsistenteGUI.&lt;init&gt;(project.CONTROLLER.Controller, java.util.List, project.MODEL.Materiale)&gt; calls method &lt;project.MODEL.Categoria.getSupercategoria()&gt; in (AggiuntaAGerarchiaEsistenteGUI.java:57)
Constructor &lt;project.VIEW.AggiuntaAGerarchiaEsistenteGUI.&lt;init&gt;(project.CONTROLLER.Controller, java.util.List, project.MODEL.Materiale)&gt; calls method &lt;project.MODEL.Categoria.getSupercategoria()&gt; in (AggiuntaAGerarchiaEsistenteGUI.java:60)
Constructor &lt;project.VIEW.AggiuntaAGerarchiaEsistenteGUI.&lt;init&gt;(project.CONTROLLER.Controller, java.util.List, project.MODEL.Materiale)&gt; has generic parameter type &lt;java.util.List&lt;project.MODEL.Categoria&gt;&gt; with type argument depending on &lt;project.MODEL.Categoria&gt; in (AggiuntaAGerarchiaEsistenteGUI.java:0)
Constructor &lt;project.VIEW.AggiuntaAGerarchiaEsistenteGUI.&lt;init&gt;(project.CONTROLLER.Controller, java.util.List, project.MODEL.Materiale)&gt; has parameter of type &lt;project.MODEL.Materiale&gt; in (AggiuntaAGerarchiaEsistenteGUI.java:0)
Constructor &lt;project.VIEW.AggiuntaCategoriaAGerarchiaGUI$1.&lt;init&gt;(project.VIEW.AggiuntaCategoriaAGerarchiaGUI, project.MODEL.Categoria, project.MODEL.Materiale)&gt; has parameter of type &lt;project.MODEL.Categoria&gt; in (AggiuntaCategoriaAGerarchiaGUI.java:0)
Constructor &lt;project.VIEW.AggiuntaCategoriaAGerarchiaGUI$1.&lt;init&gt;(project.VIEW.AggiuntaCategoriaAGerarchiaGUI, project.MODEL.Categoria, project.MODEL.Materiale)&gt; has parameter of type &lt;project.MODEL.Materiale&gt; in (AggiuntaCategoriaAGerarchiaGUI.java:0)
Constructor &lt;project.VIEW.AggiuntaCategoriaAGerarchiaGUI$3.&lt;init&gt;(project.VIEW.AggiuntaCategoriaAGerarchiaGUI, project.MODEL.Materiale)&gt; has parameter of type &lt;project.MODEL.Materiale&gt; in (AggiuntaCategoriaAGerarchiaGUI.java:0)
Constructor &lt;project.VIEW.AggiuntaCategoriaAGerarchiaGUI.&lt;init&gt;(project.CONTROLLER.Controller, project.MODEL.Materiale, project.MODEL.Categoria)&gt; calls method &lt;project.MODEL.Categoria.getNome()&gt; in (AggiuntaCategoriaAGerarchiaGUI.java:142)
Constructor &lt;project.VIEW.AggiuntaCategoriaAGerarchiaGUI.&lt;init&gt;(project.CONTROLLER.Controller, project.MODEL.Materiale, project.MODEL.Categoria)&gt; has parameter of type &lt;project.MODEL.Categoria&gt; in (AggiuntaCategoriaAGerarchiaGUI.java:0)
Constructor &lt;project.VIEW.AggiuntaCategoriaAGerarchiaGUI.&lt;init&gt;(project.CONTROLLER.Controller, project.MODEL.Materiale, project.MODEL.Categoria)&gt; has parameter of type &lt;project.MODEL.Materiale&gt; in (AggiuntaCategoriaAGerarchiaGUI.java:0)
Constructor &lt;project.VIEW.AggiuntaCategoriaEsistenteGUI$1.&lt;init&gt;(project.VIEW.AggiuntaCategoriaEsistenteGUI, java.util.List, project.MODEL.Materiale)&gt; has parameter of type &lt;project.MODEL.Materiale&gt; in (AggiuntaCategoriaEsistenteGUI.java:0)
Constructor &lt;project.VIEW.AggiuntaCategoriaEsistenteGUI$2.&lt;init&gt;(project.VIEW.AggiuntaCategoriaEsistenteGUI, project.MODEL.Materiale)&gt; has parameter of type &lt;project.MODEL.Materiale&gt; in (AggiuntaCategoriaEsistenteGUI.java:0)
Constructor &lt;project.VIEW.AggiuntaCategoriaEsistenteGUI.&lt;init&gt;(project.CONTROLLER.Controller, java.util.List, project.MODEL.Materiale)&gt; calls method &lt;project.MODEL.Categoria.getNome()&gt; in (AggiuntaCategoriaEsistenteGUI.java:58)
Constructor &lt;project.VIEW.AggiuntaCategoriaEsistenteGUI.&lt;init&gt;(project.CONTROLLER.Controller, java.util.List, project.MODEL.Materiale)&gt; calls method &lt;project.MODEL.Categoria.getNome()&gt; in (AggiuntaCategoriaEsistenteGUI.java:62)
Constructor &lt;project.VIEW.AggiuntaCategoriaEsistenteGUI.&lt;init&gt;(project.CONTROLLER.Controller, java.util.List, project.MODEL.Materiale)&gt; calls method &lt;project.MODEL.Categoria.getSupercategoria()&gt; in (AggiuntaCategoriaEsistenteGUI.java:59)
Constructor &lt;project.VIEW.AggiuntaCategoriaEsistenteGUI.&lt;init&gt;(project.CONTROLLER.Controller, java.util.List, project.MODEL.Materiale)&gt; calls method &lt;project.MODEL.Categoria.getSupercategoria()&gt; in (AggiuntaCategoriaEsistenteGUI.java:62)
Constructor &lt;project.VIEW.AggiuntaCategoriaEsistenteGUI.&lt;init&gt;(project.CONTROLLER.Controller, java.util.List, project.MODEL.Materiale)&gt; has generic parameter type &lt;java.util.List&lt;project.MODEL.Categoria&gt;&gt; with type argument depending on &lt;project.MODEL.Categoria&gt; in (AggiuntaCategoriaEsistenteGUI.java:0)
Constructor &lt;project.VIEW.AggiuntaCategoriaEsistenteGUI.&lt;init&gt;(project.CONTROLLER.Controller, java.util.List, project.MODEL.Materiale)&gt; has parameter of type &lt;project.MODEL.Materiale&gt; in (AggiuntaCategoriaEsistenteGUI.java:0)
Constructor &lt;project.VIEW.AggiuntaCategoriaGUI$1.&lt;init&gt;(project.VIEW.AggiuntaCategoriaGUI, project.MODEL.Materiale)&gt; has parameter of type &lt;project.MODEL.Materiale&gt; in (AggiuntaCategoriaGUI.java:0)
Constructor &lt;project.VIEW.AggiuntaCategoriaGUI$2.&lt;init&gt;(project.VIEW.AggiuntaCategoriaGUI, project.MODEL.Materiale)&gt; has parameter of type &lt;project.MODEL.Materiale&gt; in (AggiuntaCategoriaGUI.java:0)
Constructor &lt;project.VIEW.AggiuntaCategoriaGUI$3.&lt;init&gt;(project.VIEW.AggiuntaCategoriaGUI, project.MODEL.Materiale)&gt; has parameter of type &lt;project.MODEL.Materiale&gt; in (AggiuntaCategoriaGUI.java:0)
Constructor &lt;project.VIEW.AggiuntaCategoriaGUI.&lt;init&gt;(project.CONTROLLER.Controller, project.MODEL.Materiale)&gt; has parameter of type &lt;project.MODEL.Materiale&gt; in (AggiuntaCategoriaGUI.java:0)
Constructor &lt;project.VIEW.AggiuntaCategoriaNuovaGUI$1.&lt;init&gt;(project.VIEW.AggiuntaCategoriaNuovaGUI, project.MODEL.Materiale)&gt; has parameter of type &lt;project.MODEL.Materiale&gt; in (AggiuntaCategoriaNuovaGUI.java:0)
Constructor &lt;project.VIEW.AggiuntaCategoriaNuovaGUI$2.&lt;init&gt;(project.VIEW.AggiuntaCategoriaNuovaGUI, project.MODEL.Materiale)&gt; has parameter of type &lt;project.MODEL.Materiale&gt; in (AggiuntaCategoriaNuovaGUI.java:0)
Constructor &lt;project.VIEW.AggiuntaCategoriaNuovaGUI.&lt;init&gt;(project.CONTROLLER.Controller, project.MODEL.Materiale)&gt; has parameter of type &lt;project.MODEL.Materiale&gt; in (AggiuntaCategoriaNuovaGUI.java:0)
Constructor &lt;project.VIEW.AggiuntaCitazioneDaModificaGUI$1.&lt;init&gt;(project.VIEW.AggiuntaCitazioneDaModificaGUI, project.MODEL.Materiale, java.util.List)&gt; has parameter of type &lt;project.MODEL.Materiale&gt; in (AggiuntaCitazioneDaModificaGUI.java:0)
Constructor &lt;project.VIEW.AggiuntaCitazioneDaModificaGUI$2.&lt;init&gt;(project.VIEW.AggiuntaCitazioneDaModificaGUI, project.MODEL.Materiale)&gt; has parameter of type &lt;project.MODEL.Materiale&gt; in (AggiuntaCitazioneDaModificaGUI.java:0)
Constructor &lt;project.VIEW.AggiuntaCitazioneDaModificaGUI.&lt;init&gt;(project.CONTROLLER.Controller, java.util.List, project.MODEL.Materiale)&gt; calls method &lt;project.MODEL.Materiale.getDescrizione()&gt; in (AggiuntaCitazioneDaModificaGUI.java:60)
Constructor &lt;project.VIEW.AggiuntaCitazioneDaModificaGUI.&lt;init&gt;(project.CONTROLLER.Controller, java.util.List, project.MODEL.Materiale)&gt; calls method &lt;project.MODEL.Materiale.getDoi()&gt; in (AggiuntaCitazioneDaModificaGUI.java:59)
Constructor &lt;project.VIEW.AggiuntaCitazioneDaModificaGUI.&lt;init&gt;(project.CONTROLLER.Controller, java.util.List, project.MODEL.Materiale)&gt; calls method &lt;project.MODEL.Materiale.getTipo()&gt; in (AggiuntaCitazioneDaModificaGUI.java:61)
Constructor &lt;project.VIEW.AggiuntaCitazioneDaModificaGUI.&lt;init&gt;(project.CONTROLLER.Controller, java.util.List, project.MODEL.Materiale)&gt; calls method &lt;project.MODEL.Materiale.getTitolo()&gt; in (AggiuntaCitazioneDaModificaGUI.java:58)
Constructor &lt;project.VIEW.AggiuntaCitazioneDaModificaGUI.&lt;init&gt;(project.CONTROLLER.Controller, java.util.List, project.MODEL.Materiale)&gt; has generic parameter type &lt;java.util.List&lt;project.MODEL.Materiale&gt;&gt; with type argument depending on &lt;project.MODEL.Materiale&gt; in (AggiuntaCitazioneDaModificaGUI.java:0)
Constructor &lt;project.VIEW.AggiuntaCitazioneDaModificaGUI.&lt;init&gt;(project.CONTROLLER.Controller, java.util.List, project.MODEL.Materiale)&gt; has parameter of type &lt;project.MODEL.Materiale&gt; in (AggiuntaCitazioneDaModificaGUI.java:0)
Constructor &lt;project.VIEW.AggiuntaCitazioneGUI$1.&lt;init&gt;(project.VIEW.AggiuntaCitazioneGUI, project.MODEL.Materiale, java.util.List)&gt; has parameter of type &lt;project.MODEL.Materiale&gt; in (AggiuntaCitazioneGUI.java:0)
Constructor &lt;project.VIEW.AggiuntaCitazioneGUI.&lt;init&gt;(project.CONTROLLER.Controller, java.util.List, project.MODEL.Materiale)&gt; calls method &lt;project.MODEL.Materiale.getDescrizione()&gt; in (AggiuntaCitazioneGUI.java:60)
Constructor &lt;project.VIEW.AggiuntaCitazioneGUI.&lt;init&gt;(project.CONTROLLER.Controller, java.util.List, project.MODEL.Materiale)&gt; calls method &lt;project.MODEL.Materiale.getDoi()&gt; in (AggiuntaCitazioneGUI.java:59)
Constructor &lt;project.VIEW.AggiuntaCitazioneGUI.&lt;init&gt;(project.CONTROLLER.Controller, java.util.List, project.MODEL.Materiale)&gt; calls method &lt;project.MODEL.Materiale.getTipo()&gt; in (AggiuntaCitazioneGUI.java:61)
Constructor &lt;project.VIEW.AggiuntaCitazioneGUI.&lt;init&gt;(project.CONTROLLER.Controller, java.util.List, project.MODEL.Materiale)&gt; calls method &lt;project.MODEL.Materiale.getTitolo()&gt; in (AggiuntaCitazioneGUI.java:58)
Constructor &lt;project.VIEW.AggiuntaCitazioneGUI.&lt;init&gt;(project.CONTROLLER.Controller, java.util.List, project.MODEL.Materiale)&gt; has generic parameter type &lt;java.util.List&lt;project.MODEL.Materiale&gt;&gt; with type argument depending on &lt;project.MODEL.Materiale&gt; in (AggiuntaCitazioneGUI.java:0)
Constructor &lt;project.VIEW.AggiuntaCitazioneGUI.&lt;init&gt;(project.CONTROLLER.Controller, java.util.List, project.MODEL.Materiale)&gt; has parameter of type &lt;project.MODEL.Materiale&gt; in (AggiuntaCitazioneGUI.java:0)
Constructor &lt;project.VIEW.AggiuntaGerarchiaNuovaGUI$1.&lt;init&gt;(project.VIEW.AggiuntaGerarchiaNuovaGUI, project.MODEL.Materiale)&gt; has parameter of type &lt;project.MODEL.Materiale&gt; in (AggiuntaGerarchiaNuovaGUI.java:0)
Constructor &lt;project.VIEW.AggiuntaGerarchiaNuovaGUI$2.&lt;init&gt;(project.VIEW.AggiuntaGerarchiaNuovaGUI, project.MODEL.Materiale)&gt; has parameter of type &lt;project.MODEL.Materiale&gt; in (AggiuntaGerarchiaNuovaGUI.java:0)
Constructor &lt;project.VIEW.AggiuntaGerarchiaNuovaGUI.&lt;init&gt;(project.CONTROLLER.Controller, project.MODEL.Materiale)&gt; has parameter of type &lt;project.MODEL.Materiale&gt; in (AggiuntaGerarchiaNuovaGUI.java:0)
Constructor &lt;project.VIEW.AggiuntaParolaChiaveGUI$1.&lt;init&gt;(project.VIEW.AggiuntaParolaChiaveGUI, project.MODEL.Materiale)&gt; has parameter of type &lt;project.MODEL.Materiale&gt; in (AggiuntaParolaChiaveGUI.java:0)
Constructor &lt;project.VIEW.AggiuntaParolaChiaveGUI$2.&lt;init&gt;(project.VIEW.AggiuntaParolaChiaveGUI, project.MODEL.Materiale)&gt; has parameter of type &lt;project.MODEL.Materiale&gt; in (AggiuntaParolaChiaveGUI.java:0)
Constructor &lt;project.VIEW.AggiuntaParolaChiaveGUI.&lt;init&gt;(project.CONTROLLER.Controller, project.MODEL.Materiale)&gt; has parameter of type &lt;project.MODEL.Materiale&gt; in (AggiuntaParolaChiaveGUI.java:0)
Constructor &lt;project.VIEW.ModificaArticoloSuConferenzaGUI.&lt;init&gt;(project.CONTROLLER.Controller, project.struttureDiAppoggio.RigaTabellaArticoloSuConferenza)&gt; calls method &lt;project.MODEL.ArticoloSuConferenza.getConferenza()&gt; in (ModificaArticoloSuConferenzaGUI.java:193)
Constructor &lt;project.VIEW.ModificaArticoloSuConferenzaGUI.&lt;init&gt;(project.CONTROLLER.Controller, project.struttureDiAppoggio.RigaTabellaArticoloSuConferenza)&gt; calls method &lt;project.MODEL.ArticoloSuConferenza.getConferenza()&gt; in (ModificaArticoloSuConferenzaGUI.java:222)
Constructor &lt;project.VIEW.ModificaArticoloSuConferenzaGUI.&lt;init&gt;(project.CONTROLLER.Controller, project.struttureDiAppoggio.RigaTabellaArticoloSuConferenza)&gt; calls method &lt;project.MODEL.ArticoloSuConferenza.getConferenza()&gt; in (ModificaArticoloSuConferenzaGUI.java:238)
Constructor &lt;project.VIEW.ModificaArticoloSuConferenzaGUI.&lt;init&gt;(project.CONTROLLER.Controller, project.struttureDiAppoggio.RigaTabellaArticoloSuConferenza)&gt; calls method &lt;project.MODEL.ArticoloSuConferenza.getConferenza()&gt; in (ModificaArticoloSuConferenzaGUI.java:278)
Constructor &lt;project.VIEW.ModificaArticoloSuConferenzaGUI.&lt;init&gt;(project.CONTROLLER.Controller, project.struttureDiAppoggio.RigaTabellaArticoloSuConferenza)&gt; calls method &lt;project.MODEL.ArticoloSuConferenza.getConferenza()&gt; in (ModificaArticoloSuConferenzaGUI.java:336)
Constructor &lt;project.VIEW.ModificaArticoloSuConferenzaGUI.&lt;init&gt;(project.CONTROLLER.Controller, project.struttureDiAppoggio.RigaTabellaArticoloSuConferenza)&gt; calls method &lt;project.MODEL.ArticoloSuConferenza.getDescrizione()&gt; in (ModificaArticoloSuConferenzaGUI.java:154)
Constructor &lt;project.VIEW.ModificaArticoloSuConferenzaGUI.&lt;init&gt;(project.CONTROLLER.Controller, project.struttureDiAppoggio.RigaTabellaArticoloSuConferenza)&gt; calls method &lt;project.MODEL.ArticoloSuConferenza.getDoi()&gt; in (ModificaArticoloSuConferenzaGUI.java:105)
Constructor &lt;project.VIEW.ModificaArticoloSuConferenzaGUI.&lt;init&gt;(project.CONTROLLER.Controller, project.struttureDiAppoggio.RigaTabellaArticoloSuConferenza)&gt; calls method &lt;project.MODEL.ArticoloSuConferenza.getTarget()&gt; in (ModificaArticoloSuConferenzaGUI.java:127)
Constructor &lt;project.VIEW.ModificaArticoloSuConferenzaGUI.&lt;init&gt;(project.CONTROLLER.Controller, project.struttureDiAppoggio.RigaTabellaArticoloSuConferenza)&gt; calls method &lt;project.MODEL.ArticoloSuConferenza.getTitolo()&gt; in (ModificaArticoloSuConferenzaGUI.java:82)
Constructor &lt;project.VIEW.ModificaArticoloSuConferenzaGUI.&lt;init&gt;(project.CONTROLLER.Controller, project.struttureDiAppoggio.RigaTabellaArticoloSuConferenza)&gt; calls method &lt;project.MODEL.Conferenza.getCasaEditrice()&gt; in (ModificaArticoloSuConferenzaGUI.java:193)
Constructor &lt;project.VIEW.ModificaArticoloSuConferenzaGUI.&lt;init&gt;(project.CONTROLLER.Controller, project.struttureDiAppoggio.RigaTabellaArticoloSuConferenza)&gt; calls method &lt;project.MODEL.Conferenza.getDataConferenza()&gt; in (ModificaArticoloSuConferenzaGUI.java:336)
Constructor &lt;project.VIEW.ModificaArticoloSuConferenzaGUI.&lt;init&gt;(project.CONTROLLER.Controller, project.struttureDiAppoggio.RigaTabellaArticoloSuConferenza)&gt; calls method &lt;project.MODEL.Conferenza.getDurata()&gt; in (ModificaArticoloSuConferenzaGUI.java:278)
Constructor &lt;project.VIEW.ModificaArticoloSuConferenzaGUI.&lt;init&gt;(project.CONTROLLER.Controller, project.struttureDiAppoggio.RigaTabellaArticoloSuConferenza)&gt; calls method &lt;project.MODEL.Conferenza.getSede()&gt; in (ModificaArticoloSuConferenzaGUI.java:238)
Constructor &lt;project.VIEW.ModificaArticoloSuConferenzaGUI.&lt;init&gt;(project.CONTROLLER.Controller, project.struttureDiAppoggio.RigaTabellaArticoloSuConferenza)&gt; calls method &lt;project.MODEL.Conferenza.getTitolo()&gt; in (ModificaArticoloSuConferenzaGUI.java:222)
Constructor &lt;project.VIEW.ModificaArticoloSuConferenzaGUI.&lt;init&gt;(project.CONTROLLER.Controller, project.struttureDiAppoggio.RigaTabellaArticoloSuConferenza)&gt; calls method &lt;project.MODEL.Pubblicazione.getDataPubblicazione()&gt; in (ModificaArticoloSuConferenzaGUI.java:174)
Constructor &lt;project.VIEW.ModificaArticoloSuRivistaGUI.&lt;init&gt;(project.CONTROLLER.Controller, project.struttureDiAppoggio.RigaTabellaArticoloSuRivista)&gt; calls method &lt;project.MODEL.ArticoloSuRivista.getDescrizione()&gt; in (ModificaArticoloSuRivistaGUI.java:153)
Constructor &lt;project.VIEW.ModificaArticoloSuRivistaGUI.&lt;init&gt;(project.CONTROLLER.Controller, project.struttureDiAppoggio.RigaTabellaArticoloSuRivista)&gt; calls method &lt;project.MODEL.ArticoloSuRivista.getDoi()&gt; in (ModificaArticoloSuRivistaGUI.java:104)
Constructor &lt;project.VIEW.ModificaArticoloSuRivistaGUI.&lt;init&gt;(project.CONTROLLER.Controller, project.struttureDiAppoggio.RigaTabellaArticoloSuRivista)&gt; calls method &lt;project.MODEL.ArticoloSuRivista.getRivista()&gt; in (ModificaArticoloSuRivistaGUI.java:192)
Constructor &lt;project.VIEW.ModificaArticoloSuRivistaGUI.&lt;init&gt;(project.CONTROLLER.Controller, project.struttureDiAppoggio.RigaTabellaArticoloSuRivista)&gt; calls method &lt;project.MODEL.ArticoloSuRivista.getRivista()&gt; in (ModificaArticoloSuRivistaGUI.java:222)
Constructor &lt;project.VIEW.ModificaArticoloSuRivistaGUI.&lt;init&gt;(project.CONTROLLER.Controller, project.struttureDiAppoggio.RigaTabellaArticoloSuRivista)&gt; calls method &lt;project.MODEL.ArticoloSuRivista.getRivista()&gt; in (ModificaArticoloSuRivistaGUI.java:238)
Constructor &lt;project.VIEW.ModificaArticoloSuRivistaGUI.&lt;init&gt;(project.CONTROLLER.Controller, project.struttureDiAppoggio.RigaTabellaArticoloSuRivista)&gt; calls method &lt;project.MODEL.ArticoloSuRivista.getRivista()&gt; in (ModificaArticoloSuRivistaGUI.java:277)
Constructor &lt;project.VIEW.ModificaArticoloSuRivistaGUI.&lt;init&gt;(project.CONTROLLER.Controller, project.struttureDiAppoggio.RigaTabellaArticoloSuRivista)&gt; calls method &lt;project.MODEL.ArticoloSuRivista.getRivista()&gt; in (ModificaArticoloSuRivistaGUI.java:280)
Constructor &lt;project.VIEW.ModificaArticoloSuRivistaGUI.&lt;init&gt;(project.CONTROLLER.Controller, project.struttureDiAppoggio.RigaTabellaArticoloSuRivista)&gt; calls method &lt;project.MODEL.ArticoloSuRivista.getTarget()&gt; in (ModificaArticoloSuRivistaGUI.java:126)
Constructor &lt;project.VIEW.ModificaArticoloSuRivistaGUI.&lt;init&gt;(project.CONTROLLER.Controller, project.struttureDiAppoggio.RigaTabellaArticoloSuRivista)&gt; calls method &lt;project.MODEL.ArticoloSuRivista.getTitolo()&gt; in (ModificaArticoloSuRivistaGUI.java:82)
Constructor &lt;project.VIEW.ModificaArticoloSuRivistaGUI.&lt;init&gt;(project.CONTROLLER.Controller, project.struttureDiAppoggio.RigaTabellaArticoloSuRivista)&gt; calls method &lt;project.MODEL.Pubblicazione.getDataPubblicazione()&gt; in (ModificaArticoloSuRivistaGUI.java:173)
Constructor &lt;project.VIEW.ModificaArticoloSuRivistaGUI.&lt;init&gt;(project.CONTROLLER.Controller, project.struttureDiAppoggio.RigaTabellaArticoloSuRivista)&gt; calls method &lt;project.MODEL.Rivista.getEditore()&gt; in (ModificaArticoloSuRivistaGUI.java:192)
Constructor &lt;project.VIEW.ModificaArticoloSuRivistaGUI.&lt;init&gt;(project.CONTROLLER.Controller, project.struttureDiAppoggio.RigaTabellaArticoloSuRivista)&gt; calls method &lt;project.MODEL.Rivista.getIssn()&gt; in (ModificaArticoloSuRivistaGUI.java:238)
Constructor &lt;project.VIEW.ModificaArticoloSuRivistaGUI.&lt;init&gt;(project.CONTROLLER.Controller, project.struttureDiAppoggio.RigaTabellaArticoloSuRivista)&gt; calls method &lt;project.MODEL.Rivista.getPeriodicita()&gt; in (ModificaArticoloSuRivistaGUI.java:277)
Constructor &lt;project.VIEW.ModificaArticoloSuRivistaGUI.&lt;init&gt;(project.CONTROLLER.Controller, project.struttureDiAppoggio.RigaTabellaArticoloSuRivista)&gt; calls method &lt;project.MODEL.Rivista.getPeriodicita()&gt; in (ModificaArticoloSuRivistaGUI.java:280)
Constructor &lt;project.VIEW.ModificaArticoloSuRivistaGUI.&lt;init&gt;(project.CONTROLLER.Controller, project.struttureDiAppoggio.RigaTabellaArticoloSuRivista)&gt; calls method &lt;project.MODEL.Rivista.getTitolo()&gt; in (ModificaArticoloSuRivistaGUI.java:222)
Constructor &lt;project.VIEW.ModificaAutoreADMINGUI$1.&lt;init&gt;(project.VIEW.ModificaAutoreADMINGUI, project.MODEL.Autore)&gt; has parameter of type &lt;project.MODEL.Autore&gt; in (ModificaAutoreADMINGUI.java:0)
Constructor &lt;project.VIEW.ModificaAutoreADMINGUI.&lt;init&gt;(project.CONTROLLER.Controller, project.MODEL.Autore)&gt; calls method &lt;project.MODEL.Autore.getCognome()&gt; in (ModificaAutoreADMINGUI.java:120)
Constructor &lt;project.VIEW.ModificaAutoreADMINGUI.&lt;init&gt;(project.CONTROLLER.Controller, project.MODEL.Autore)&gt; calls method &lt;project.MODEL.Autore.getNome()&gt; in (ModificaAutoreADMINGUI.java:113)
Constructor &lt;project.VIEW.ModificaAutoreADMINGUI.&lt;init&gt;(project.CONTROLLER.Controller, project.MODEL.Autore)&gt; calls method &lt;project.MODEL.Autore.getOrcid()&gt; in (ModificaAutoreADMINGUI.java:132)
Constructor &lt;project.VIEW.ModificaAutoreADMINGUI.&lt;init&gt;(project.CONTROLLER.Controller, project.MODEL.Autore)&gt; calls method &lt;project.MODEL.Autore.getUsername()&gt; in (ModificaAutoreADMINGUI.java:53)
Constructor &lt;project.VIEW.ModificaAutoreADMINGUI.&lt;init&gt;(project.CONTROLLER.Controller, project.MODEL.Autore)&gt; has parameter of type &lt;project.MODEL.Autore&gt; in (ModificaAutoreADMINGUI.java:0)
Constructor &lt;project.VIEW.ModificaAutoriADMINGUI.&lt;init&gt;(project.CONTROLLER.Controller, java.util.List)&gt; calls method &lt;project.MODEL.Autore.getCognome()&gt; in (ModificaAutoriADMINGUI.java:56)
Constructor &lt;project.VIEW.ModificaAutoriADMINGUI.&lt;init&gt;(project.CONTROLLER.Controller, java.util.List)&gt; calls method &lt;project.MODEL.Autore.getNome()&gt; in (ModificaAutoriADMINGUI.java:55)
Constructor &lt;project.VIEW.ModificaAutoriADMINGUI.&lt;init&gt;(project.CONTROLLER.Controller, java.util.List)&gt; calls method &lt;project.MODEL.Autore.getOrcid()&gt; in (ModificaAutoriADMINGUI.java:57)
Constructor &lt;project.VIEW.ModificaAutoriADMINGUI.&lt;init&gt;(project.CONTROLLER.Controller, java.util.List)&gt; calls method &lt;project.MODEL.Autore.getUsername()&gt; in (ModificaAutoriADMINGUI.java:58)
Constructor &lt;project.VIEW.ModificaAutoriADMINGUI.&lt;init&gt;(project.CONTROLLER.Controller, java.util.List)&gt; has generic parameter type &lt;java.util.List&lt;project.MODEL.Autore&gt;&gt; with type argument depending on &lt;project.MODEL.Autore&gt; in (ModificaAutoriADMINGUI.java:0)
Constructor &lt;project.VIEW.ModificaCategorieGUI$1.&lt;init&gt;(project.VIEW.ModificaCategorieGUI, project.MODEL.Materiale)&gt; has parameter of type &lt;project.MODEL.Materiale&gt; in (ModificaCategorieGUI.java:0)
Constructor &lt;project.VIEW.ModificaCategorieGUI$2.&lt;init&gt;(project.VIEW.ModificaCategorieGUI, java.util.List, project.MODEL.Materiale)&gt; has parameter of type &lt;project.MODEL.Materiale&gt; in (ModificaCategorieGUI.java:0)
Constructor &lt;project.VIEW.ModificaCategorieGUI.&lt;init&gt;(project.CONTROLLER.Controller, java.util.List, project.MODEL.Materiale)&gt; calls method &lt;project.MODEL.Categoria.getNome()&gt; in (ModificaCategorieGUI.java:60)
Constructor &lt;project.VIEW.ModificaCategorieGUI.&lt;init&gt;(project.CONTROLLER.Controller, java.util.List, project.MODEL.Materiale)&gt; calls method &lt;project.MODEL.Categoria.getNome()&gt; in (ModificaCategorieGUI.java:61)
Constructor &lt;project.VIEW.ModificaCategorieGUI.&lt;init&gt;(project.CONTROLLER.Controller, java.util.List, project.MODEL.Materiale)&gt; calls method &lt;project.MODEL.Categoria.getSupercategoria()&gt; in (ModificaCategorieGUI.java:61)
Constructor &lt;project.VIEW.ModificaCategorieGUI.&lt;init&gt;(project.CONTROLLER.Controller, java.util.List, project.MODEL.Materiale)&gt; calls method &lt;project.MODEL.Materiale.getTitolo()&gt; in (ModificaCategorieGUI.java:83)
Constructor &lt;project.VIEW.ModificaCategorieGUI.&lt;init&gt;(project.CONTROLLER.Controller, java.util.List, project.MODEL.Materiale)&gt; has generic parameter type &lt;java.util.List&lt;project.MODEL.Categoria&gt;&gt; with type argument depending on &lt;project.MODEL.Categoria&gt; in (ModificaCategorieGUI.java:0)
Constructor &lt;project.VIEW.ModificaCategorieGUI.&lt;init&gt;(project.CONTROLLER.Controller, java.util.List, project.MODEL.Materiale)&gt; has parameter of type &lt;project.MODEL.Materiale&gt; in (ModificaCategorieGUI.java:0)
Constructor &lt;project.VIEW.ModificaCitazioneGUI$1.&lt;init&gt;(project.VIEW.ModificaCitazioneGUI, project.MODEL.Materiale)&gt; has parameter of type &lt;project.MODEL.Materiale&gt; in (ModificaCitazioneGUI.java:0)
Constructor &lt;project.VIEW.ModificaCitazioneGUI$2.&lt;init&gt;(project.VIEW.ModificaCitazioneGUI, java.util.List, project.MODEL.Materiale)&gt; has parameter of type &lt;project.MODEL.Materiale&gt; in (ModificaCitazioneGUI.java:0)
Constructor &lt;project.VIEW.ModificaCitazioneGUI.&lt;init&gt;(project.CONTROLLER.Controller, java.util.List, project.MODEL.Materiale)&gt; calls method &lt;project.MODEL.Citazione.getMaterialeCitato()&gt; in (ModificaCitazioneGUI.java:62)
Constructor &lt;project.VIEW.ModificaCitazioneGUI.&lt;init&gt;(project.CONTROLLER.Controller, java.util.List, project.MODEL.Materiale)&gt; calls method &lt;project.MODEL.Materiale.getTitolo()&gt; in (ModificaCitazioneGUI.java:62)
Constructor &lt;project.VIEW.ModificaCitazioneGUI.&lt;init&gt;(project.CONTROLLER.Controller, java.util.List, project.MODEL.Materiale)&gt; calls method &lt;project.MODEL.Materiale.getTitolo()&gt; in (ModificaCitazioneGUI.java:72)
Constructor &lt;project.VIEW.ModificaCitazioneGUI.&lt;init&gt;(project.CONTROLLER.Controller, java.util.List, project.MODEL.Materiale)&gt; has generic parameter type &lt;java.util.List&lt;project.MODEL.Citazione&gt;&gt; with type argument depending on &lt;project.MODEL.Citazione&gt; in (ModificaCitazioneGUI.java:0)
Constructor &lt;project.VIEW.ModificaCitazioneGUI.&lt;init&gt;(project.CONTROLLER.Controller, java.util.List, project.MODEL.Materiale)&gt; has parameter of type &lt;project.MODEL.Materiale&gt; in (ModificaCitazioneGUI.java:0)
Constructor &lt;project.VIEW.ModificaDatasetGUI.&lt;init&gt;(project.CONTROLLER.Controller, project.struttureDiAppoggio.RigaTabellaDataset)&gt; calls method &lt;project.MODEL.Dataset.getDescrizione()&gt; in (ModificaDatasetGUI.java:176)
Constructor &lt;project.VIEW.ModificaDatasetGUI.&lt;init&gt;(project.CONTROLLER.Controller, project.struttureDiAppoggio.RigaTabellaDataset)&gt; calls method &lt;project.MODEL.Dataset.getDoi()&gt; in (ModificaDatasetGUI.java:97)
Constructor &lt;project.VIEW.ModificaDatasetGUI.&lt;init&gt;(project.CONTROLLER.Controller, project.struttureDiAppoggio.RigaTabellaDataset)&gt; calls method &lt;project.MODEL.Dataset.getNcolonne()&gt; in (ModificaDatasetGUI.java:142)
Constructor &lt;project.VIEW.ModificaDatasetGUI.&lt;init&gt;(project.CONTROLLER.Controller, project.struttureDiAppoggio.RigaTabellaDataset)&gt; calls method &lt;project.MODEL.Dataset.getNrighe()&gt; in (ModificaDatasetGUI.java:158)
Constructor &lt;project.VIEW.ModificaDatasetGUI.&lt;init&gt;(project.CONTROLLER.Controller, project.struttureDiAppoggio.RigaTabellaDataset)&gt; calls method &lt;project.MODEL.Dataset.getTitolo()&gt; in (ModificaDatasetGUI.java:75)
Constructor &lt;project.VIEW.ModificaDatasetGUI.&lt;init&gt;(project.CONTROLLER.Controller, project.struttureDiAppoggio.RigaTabellaDataset)&gt; calls method &lt;project.MODEL.Dataset.getUrl()&gt; in (ModificaDatasetGUI.java:121)
Constructor &lt;project.VIEW.ModificaDatasetGUI.&lt;init&gt;(project.CONTROLLER.Controller, project.struttureDiAppoggio.RigaTabellaDataset)&gt; calls method &lt;project.MODEL.Pubblicazione.getDataPubblicazione()&gt; in (ModificaDatasetGUI.java:197)
Constructor &lt;project.VIEW.ModificaLibroGUI.&lt;init&gt;(project.CONTROLLER.Controller, project.struttureDiAppoggio.RigaTabellaLibro)&gt; calls method &lt;project.MODEL.Libro.getDescrizione()&gt; in (ModificaLibroGUI.java:215)
Constructor &lt;project.VIEW.ModificaLibroGUI.&lt;init&gt;(project.CONTROLLER.Controller, project.struttureDiAppoggio.RigaTabellaLibro)&gt; calls method &lt;project.MODEL.Libro.getDoi()&gt; in (ModificaLibroGUI.java:99)
Constructor &lt;project.VIEW.ModificaLibroGUI.&lt;init&gt;(project.CONTROLLER.Controller, project.struttureDiAppoggio.RigaTabellaLibro)&gt; calls method &lt;project.MODEL.Libro.getEditore()&gt; in (ModificaLibroGUI.java:189)
Constructor &lt;project.VIEW.ModificaLibroGUI.&lt;init&gt;(project.CONTROLLER.Controller, project.struttureDiAppoggio.RigaTabellaLibro)&gt; calls method &lt;project.MODEL.Libro.getGenere()&gt; in (ModificaLibroGUI.java:154)
Constructor &lt;project.VIEW.ModificaLibroGUI.&lt;init&gt;(project.CONTROLLER.Controller, project.struttureDiAppoggio.RigaTabellaLibro)&gt; calls method &lt;project.MODEL.Libro.getGenere()&gt; in (ModificaLibroGUI.java:157)
Constructor &lt;project.VIEW.ModificaLibroGUI.&lt;init&gt;(project.CONTROLLER.Controller, project.struttureDiAppoggio.RigaTabellaLibro)&gt; calls method &lt;project.MODEL.Libro.getIsbn()&gt; in (ModificaLibroGUI.java:121)
Constructor &lt;project.VIEW.ModificaLibroGUI.&lt;init&gt;(project.CONTROLLER.Controller, project.struttureDiAppoggio.RigaTabellaLibro)&gt; calls method &lt;project.MODEL.Libro.getNpagine()&gt; in (ModificaLibroGUI.java:175)
Constructor &lt;project.VIEW.ModificaLibroGUI.&lt;init&gt;(project.CONTROLLER.Controller, project.struttureDiAppoggio.RigaTabellaLibro)&gt; calls method &lt;project.MODEL.Libro.getTitolo()&gt; in (ModificaLibroGUI.java:78)
Constructor &lt;project.VIEW.ModificaLibroGUI.&lt;init&gt;(project.CONTROLLER.Controller, project.struttureDiAppoggio.RigaTabellaLibro)&gt; calls method &lt;project.MODEL.Pubblicazione.getDataPubblicazione()&gt; in (ModificaLibroGUI.java:236)
Constructor &lt;project.VIEW.ModificaMaterialeGUI.&lt;init&gt;(project.CONTROLLER.Controller, java.util.List)&gt; calls method &lt;project.MODEL.Materiale.getDescrizione()&gt; in (ModificaMaterialeGUI.java:56)
Constructor &lt;project.VIEW.ModificaMaterialeGUI.&lt;init&gt;(project.CONTROLLER.Controller, java.util.List)&gt; calls method &lt;project.MODEL.Materiale.getDoi()&gt; in (ModificaMaterialeGUI.java:55)
Constructor &lt;project.VIEW.ModificaMaterialeGUI.&lt;init&gt;(project.CONTROLLER.Controller, java.util.List)&gt; calls method &lt;project.MODEL.Materiale.getTipo()&gt; in (ModificaMaterialeGUI.java:57)
Constructor &lt;project.VIEW.ModificaMaterialeGUI.&lt;init&gt;(project.CONTROLLER.Controller, java.util.List)&gt; calls method &lt;project.MODEL.Materiale.getTitolo()&gt; in (ModificaMaterialeGUI.java:54)
Constructor &lt;project.VIEW.ModificaMaterialeGUI.&lt;init&gt;(project.CONTROLLER.Controller, java.util.List)&gt; has generic parameter type &lt;java.util.List&lt;project.MODEL.Materiale&gt;&gt; with type argument depending on &lt;project.MODEL.Materiale&gt; in (ModificaMaterialeGUI.java:0)
Constructor &lt;project.VIEW.ModificaMaterialiADMINGUI.&lt;init&gt;(project.CONTROLLER.Controller, java.util.List)&gt; calls method &lt;project.MODEL.Autore.getCognome()&gt; in (ModificaMaterialiADMINGUI.java:60)
Constructor &lt;project.VIEW.ModificaMaterialiADMINGUI.&lt;init&gt;(project.CONTROLLER.Controller, java.util.List)&gt; calls method &lt;project.MODEL.Autore.getNome()&gt; in (ModificaMaterialiADMINGUI.java:60)
Constructor &lt;project.VIEW.ModificaMaterialiADMINGUI.&lt;init&gt;(project.CONTROLLER.Controller, java.util.List)&gt; calls method &lt;project.MODEL.Autore.getOrcid()&gt; in (ModificaMaterialiADMINGUI.java:61)
Constructor &lt;project.VIEW.ModificaMaterialiADMINGUI.&lt;init&gt;(project.CONTROLLER.Controller, java.util.List)&gt; calls method &lt;project.MODEL.Materiale.getDescrizione()&gt; in (ModificaMaterialiADMINGUI.java:66)
Constructor &lt;project.VIEW.ModificaMaterialiADMINGUI.&lt;init&gt;(project.CONTROLLER.Controller, java.util.List)&gt; calls method &lt;project.MODEL.Materiale.getDoi()&gt; in (ModificaMaterialiADMINGUI.java:65)
Constructor &lt;project.VIEW.ModificaMaterialiADMINGUI.&lt;init&gt;(project.CONTROLLER.Controller, java.util.List)&gt; calls method &lt;project.MODEL.Materiale.getTipo()&gt; in (ModificaMaterialiADMINGUI.java:67)
Constructor &lt;project.VIEW.ModificaMaterialiADMINGUI.&lt;init&gt;(project.CONTROLLER.Controller, java.util.List)&gt; calls method &lt;project.MODEL.Materiale.getTitolo()&gt; in (ModificaMaterialiADMINGUI.java:64)
Constructor &lt;project.VIEW.ModificaMaterialiADMINGUI.&lt;init&gt;(project.CONTROLLER.Controller, java.util.List)&gt; calls method &lt;project.MODEL.Pubblicazione.getDataInserimento()&gt; in (ModificaMaterialiADMINGUI.java:63)
Constructor &lt;project.VIEW.ModificaMaterialiADMINGUI.&lt;init&gt;(project.CONTROLLER.Controller, java.util.List)&gt; calls method &lt;project.MODEL.Pubblicazione.getDataPubblicazione()&gt; in (ModificaMaterialiADMINGUI.java:62)
Constructor &lt;project.VIEW.ModificaParoleAssociateGUI$1.&lt;init&gt;(project.VIEW.ModificaParoleAssociateGUI, java.util.List, project.MODEL.Materiale)&gt; has parameter of type &lt;project.MODEL.Materiale&gt; in (ModificaParoleAssociateGUI.java:0)
Constructor &lt;project.VIEW.ModificaParoleAssociateGUI$2.&lt;init&gt;(project.VIEW.ModificaParoleAssociateGUI, project.MODEL.Materiale)&gt; has parameter of type &lt;project.MODEL.Materiale&gt; in (ModificaParoleAssociateGUI.java:0)
Constructor &lt;project.VIEW.ModificaParoleAssociateGUI.&lt;init&gt;(project.CONTROLLER.Controller, java.util.List, project.MODEL.Materiale)&gt; calls method &lt;project.MODEL.Materiale.getTitolo()&gt; in (ModificaParoleAssociateGUI.java:82)
Constructor &lt;project.VIEW.ModificaParoleAssociateGUI.&lt;init&gt;(project.CONTROLLER.Controller, java.util.List, project.MODEL.Materiale)&gt; calls method &lt;project.MODEL.ParolaChiave.getParola()&gt; in (ModificaParoleAssociateGUI.java:60)
Constructor &lt;project.VIEW.ModificaParoleAssociateGUI.&lt;init&gt;(project.CONTROLLER.Controller, java.util.List, project.MODEL.Materiale)&gt; has generic parameter type &lt;java.util.List&lt;project.MODEL.ParolaChiave&gt;&gt; with type argument depending on &lt;project.MODEL.ParolaChiave&gt; in (ModificaParoleAssociateGUI.java:0)
Constructor &lt;project.VIEW.ModificaParoleAssociateGUI.&lt;init&gt;(project.CONTROLLER.Controller, java.util.List, project.MODEL.Materiale)&gt; has parameter of type &lt;project.MODEL.Materiale&gt; in (ModificaParoleAssociateGUI.java:0)
Constructor &lt;project.VIEW.ModificaRisorsaOnlineGUI.&lt;init&gt;(project.CONTROLLER.Controller, project.struttureDiAppoggio.RigaTabellaRisorsaOnline)&gt; calls method &lt;project.MODEL.Pubblicazione.getDataPubblicazione()&gt; in (ModificaRisorsaOnlineGUI.java:156)
Constructor &lt;project.VIEW.ModificaRisorsaOnlineGUI.&lt;init&gt;(project.CONTROLLER.Controller, project.struttureDiAppoggio.RigaTabellaRisorsaOnline)&gt; calls method &lt;project.MODEL.RisorsaOnline.getDescrizione()&gt; in (ModificaRisorsaOnlineGUI.java:135)
Constructor &lt;project.VIEW.ModificaRisorsaOnlineGUI.&lt;init&gt;(project.CONTROLLER.Controller, project.struttureDiAppoggio.RigaTabellaRisorsaOnline)&gt; calls method &lt;project.MODEL.RisorsaOnline.getDoi()&gt; in (ModificaRisorsaOnlineGUI.java:93)
Constructor &lt;project.VIEW.ModificaRisorsaOnlineGUI.&lt;init&gt;(project.CONTROLLER.Controller, project.struttureDiAppoggio.RigaTabellaRisorsaOnline)&gt; calls method &lt;project.MODEL.RisorsaOnline.getTitolo()&gt; in (ModificaRisorsaOnlineGUI.java:72)
Constructor &lt;project.VIEW.ModificaRisorsaOnlineGUI.&lt;init&gt;(project.CONTROLLER.Controller, project.struttureDiAppoggio.RigaTabellaRisorsaOnline)&gt; calls method &lt;project.MODEL.RisorsaOnline.getUrl()&gt; in (ModificaRisorsaOnlineGUI.java:116)
Constructor &lt;project.VIEW.PortaleAutoriGUI.&lt;init&gt;(project.CONTROLLER.Controller, project.MODEL.Autore)&gt; calls method &lt;project.MODEL.Autore.getCognome()&gt; in (PortaleAutoriGUI.java:86)
Constructor &lt;project.VIEW.PortaleAutoriGUI.&lt;init&gt;(project.CONTROLLER.Controller, project.MODEL.Autore)&gt; calls method &lt;project.MODEL.Autore.getNome()&gt; in (PortaleAutoriGUI.java:86)
Constructor &lt;project.VIEW.PortaleAutoriGUI.&lt;init&gt;(project.CONTROLLER.Controller, project.MODEL.Autore)&gt; has parameter of type &lt;project.MODEL.Autore&gt; in (PortaleAutoriGUI.java:0)
Constructor &lt;project.VIEW.VisualizzaArticoliSuConferenzaGUI.&lt;init&gt;(project.CONTROLLER.Controller, java.util.List)&gt; calls method &lt;project.MODEL.ArticoloSuConferenza.getConferenza()&gt; in (VisualizzaArticoliSuConferenzaGUI.java:79)
Constructor &lt;project.VIEW.VisualizzaArticoliSuConferenzaGUI.&lt;init&gt;(project.CONTROLLER.Controller, java.util.List)&gt; calls method &lt;project.MODEL.ArticoloSuConferenza.getConferenza()&gt; in (VisualizzaArticoliSuConferenzaGUI.java:80)
Constructor &lt;project.VIEW.VisualizzaArticoliSuConferenzaGUI.&lt;init&gt;(project.CONTROLLER.Controller, java.util.List)&gt; calls method &lt;project.MODEL.ArticoloSuConferenza.getConferenza()&gt; in (VisualizzaArticoliSuConferenzaGUI.java:81)
Constructor &lt;project.VIEW.VisualizzaArticoliSuConferenzaGUI.&lt;init&gt;(project.CONTROLLER.Controller, java.util.List)&gt; calls method &lt;project.MODEL.ArticoloSuConferenza.getConferenza()&gt; in (VisualizzaArticoliSuConferenzaGUI.java:82)
Constructor &lt;project.VIEW.VisualizzaArticoliSuConferenzaGUI.&lt;init&gt;(project.CONTROLLER.Controller, java.util.List)&gt; calls method &lt;project.MODEL.ArticoloSuConferenza.getConferenza()&gt; in (VisualizzaArticoliSuConferenzaGUI.java:83)
Constructor &lt;project.VIEW.VisualizzaArticoliSuConferenzaGUI.&lt;init&gt;(project.CONTROLLER.Controller, java.util.List)&gt; calls method &lt;project.MODEL.ArticoloSuConferenza.getDescrizione()&gt; in (VisualizzaArticoliSuConferenzaGUI.java:76)
Constructor &lt;project.VIEW.VisualizzaArticoliSuConferenzaGUI.&lt;init&gt;(project.CONTROLLER.Controller, java.util.List)&gt; calls method &lt;project.MODEL.ArticoloSuConferenza.getDoi()&gt; in (VisualizzaArticoliSuConferenzaGUI.java:75)
Constructor &lt;project.VIEW.VisualizzaArticoliSuConferenzaGUI.&lt;init&gt;(project.CONTROLLER.Controller, java.util.List)&gt; calls method &lt;project.MODEL.ArticoloSuConferenza.getNumeroCitazioni()&gt; in (VisualizzaArticoliSuConferenzaGUI.java:85)
Constructor &lt;project.VIEW.VisualizzaArticoliSuConferenzaGUI.&lt;init&gt;(project.CONTROLLER.Controller, java.util.List)&gt; calls method &lt;project.MODEL.ArticoloSuConferenza.getTarget()&gt; in (VisualizzaArticoliSuConferenzaGUI.java:77)
Constructor &lt;project.VIEW.VisualizzaArticoliSuConferenzaGUI.&lt;init&gt;(project.CONTROLLER.Controller, java.util.List)&gt; calls method &lt;project.MODEL.ArticoloSuConferenza.getTitolo()&gt; in (VisualizzaArticoliSuConferenzaGUI.java:74)
Constructor &lt;project.VIEW.VisualizzaArticoliSuConferenzaGUI.&lt;init&gt;(project.CONTROLLER.Controller, java.util.List)&gt; calls method &lt;project.MODEL.Autore.getCognome()&gt; in (VisualizzaArticoliSuConferenzaGUI.java:70)
Constructor &lt;project.VIEW.VisualizzaArticoliSuConferenzaGUI.&lt;init&gt;(project.CONTROLLER.Controller, java.util.List)&gt; calls method &lt;project.MODEL.Autore.getNome()&gt; in (VisualizzaArticoliSuConferenzaGUI.java:70)
Constructor &lt;project.VIEW.VisualizzaArticoliSuConferenzaGUI.&lt;init&gt;(project.CONTROLLER.Controller, java.util.List)&gt; calls method &lt;project.MODEL.Autore.getOrcid()&gt; in (VisualizzaArticoliSuConferenzaGUI.java:71)
Constructor &lt;project.VIEW.VisualizzaArticoliSuConferenzaGUI.&lt;init&gt;(project.CONTROLLER.Controller, java.util.List)&gt; calls method &lt;project.MODEL.Conferenza.getCasaEditrice()&gt; in (VisualizzaArticoliSuConferenzaGUI.java:82)
Constructor &lt;project.VIEW.VisualizzaArticoliSuConferenzaGUI.&lt;init&gt;(project.CONTROLLER.Controller, java.util.List)&gt; calls method &lt;project.MODEL.Conferenza.getDataConferenza()&gt; in (VisualizzaArticoliSuConferenzaGUI.java:80)
Constructor &lt;project.VIEW.VisualizzaArticoliSuConferenzaGUI.&lt;init&gt;(project.CONTROLLER.Controller, java.util.List)&gt; calls method &lt;project.MODEL.Conferenza.getDurata()&gt; in (VisualizzaArticoliSuConferenzaGUI.java:83)
Constructor &lt;project.VIEW.VisualizzaArticoliSuConferenzaGUI.&lt;init&gt;(project.CONTROLLER.Controller, java.util.List)&gt; calls method &lt;project.MODEL.Conferenza.getSede()&gt; in (VisualizzaArticoliSuConferenzaGUI.java:81)
Constructor &lt;project.VIEW.VisualizzaArticoliSuConferenzaGUI.&lt;init&gt;(project.CONTROLLER.Controller, java.util.List)&gt; calls method &lt;project.MODEL.Conferenza.getTitolo()&gt; in (VisualizzaArticoliSuConferenzaGUI.java:79)
Constructor &lt;project.VIEW.VisualizzaArticoliSuConferenzaGUI.&lt;init&gt;(project.CONTROLLER.Controller, java.util.List)&gt; calls method &lt;project.MODEL.Pubblicazione.getDataInserimento()&gt; in (VisualizzaArticoliSuConferenzaGUI.java:73)
Constructor &lt;project.VIEW.VisualizzaArticoliSuConferenzaGUI.&lt;init&gt;(project.CONTROLLER.Controller, java.util.List)&gt; calls method &lt;project.MODEL.Pubblicazione.getDataPubblicazione()&gt; in (VisualizzaArticoliSuConferenzaGUI.java:72)
Constructor &lt;project.VIEW.VisualizzaArticoliSuRivistaGUI.&lt;init&gt;(project.CONTROLLER.Controller, java.util.List)&gt; calls method &lt;project.MODEL.ArticoloSuRivista.getDescrizione()&gt; in (VisualizzaArticoliSuRivistaGUI.java:76)
Constructor &lt;project.VIEW.VisualizzaArticoliSuRivistaGUI.&lt;init&gt;(project.CONTROLLER.Controller, java.util.List)&gt; calls method &lt;project.MODEL.ArticoloSuRivista.getDoi()&gt; in (VisualizzaArticoliSuRivistaGUI.java:75)
Constructor &lt;project.VIEW.VisualizzaArticoliSuRivistaGUI.&lt;init&gt;(project.CONTROLLER.Controller, java.util.List)&gt; calls method &lt;project.MODEL.ArticoloSuRivista.getNumeroCitazioni()&gt; in (VisualizzaArticoliSuRivistaGUI.java:90)
Constructor &lt;project.VIEW.VisualizzaArticoliSuRivistaGUI.&lt;init&gt;(project.CONTROLLER.Controller, java.util.List)&gt; calls method &lt;project.MODEL.ArticoloSuRivista.getRivista()&gt; in (VisualizzaArticoliSuRivistaGUI.java:79)
Constructor &lt;project.VIEW.VisualizzaArticoliSuRivistaGUI.&lt;init&gt;(project.CONTROLLER.Controller, java.util.List)&gt; calls method &lt;project.MODEL.ArticoloSuRivista.getRivista()&gt; in (VisualizzaArticoliSuRivistaGUI.java:80)
Constructor &lt;project.VIEW.VisualizzaArticoliSuRivistaGUI.&lt;init&gt;(project.CONTROLLER.Controller, java.util.List)&gt; calls method &lt;project.MODEL.ArticoloSuRivista.getRivista()&gt; in (VisualizzaArticoliSuRivistaGUI.java:81)
Constructor &lt;project.VIEW.VisualizzaArticoliSuRivistaGUI.&lt;init&gt;(project.CONTROLLER.Controller, java.util.List)&gt; calls method &lt;project.MODEL.ArticoloSuRivista.getRivista()&gt; in (VisualizzaArticoliSuRivistaGUI.java:82)
Constructor &lt;project.VIEW.VisualizzaArticoliSuRivistaGUI.&lt;init&gt;(project.CONTROLLER.Controller, java.util.List)&gt; calls method &lt;project.MODEL.ArticoloSuRivista.getRivista()&gt; in (VisualizzaArticoliSuRivistaGUI.java:87)
Constructor &lt;project.VIEW.VisualizzaArticoliSuRivistaGUI.&lt;init&gt;(project.CONTROLLER.Controller, java.util.List)&gt; calls method &lt;project.MODEL.ArticoloSuRivista.getTarget()&gt; in (VisualizzaArticoliSuRivistaGUI.java:77)
Constructor &lt;project.VIEW.VisualizzaArticoliSuRivistaGUI.&lt;init&gt;(project.CONTROLLER.Controller, java.util.List)&gt; calls method &lt;project.MODEL.ArticoloSuRivista.getTitolo()&gt; in (VisualizzaArticoliSuRivistaGUI.java:74)
Constructor &lt;project.VIEW.VisualizzaArticoliSuRivistaGUI.&lt;init&gt;(project.CONTROLLER.Controller, java.util.List)&gt; calls method &lt;project.MODEL.Autore.getCognome()&gt; in (VisualizzaArticoliSuRivistaGUI.java:70)
Constructor &lt;project.VIEW.VisualizzaArticoliSuRivistaGUI.&lt;init&gt;(project.CONTROLLER.Controller, java.util.List)&gt; calls method &lt;project.MODEL.Autore.getNome()&gt; in (VisualizzaArticoliSuRivistaGUI.java:70)
Constructor &lt;project.VIEW.VisualizzaArticoliSuRivistaGUI.&lt;init&gt;(project.CONTROLLER.Controller, java.util.List)&gt; calls method &lt;project.MODEL.Autore.getOrcid()&gt; in (VisualizzaArticoliSuRivistaGUI.java:71)
Constructor &lt;project.VIEW.VisualizzaArticoliSuRivistaGUI.&lt;init&gt;(project.CONTROLLER.Controller, java.util.List)&gt; calls method &lt;project.MODEL.Pubblicazione.getDataInserimento()&gt; in (VisualizzaArticoliSuRivistaGUI.java:73)
Constructor &lt;project.VIEW.VisualizzaArticoliSuRivistaGUI.&lt;init&gt;(project.CONTROLLER.Controller, java.util.List)&gt; calls method &lt;project.MODEL.Pubblicazione.getDataPubblicazione()&gt; in (VisualizzaArticoliSuRivistaGUI.java:72)
Constructor &lt;project.VIEW.VisualizzaArticoliSuRivistaGUI.&lt;init&gt;(project.CONTROLLER.Controller, java.util.List)&gt; calls method &lt;project.MODEL.Rivista.getEditore()&gt; in (VisualizzaArticoliSuRivistaGUI.java:81)
Constructor &lt;project.VIEW.VisualizzaArticoliSuRivistaGUI.&lt;init&gt;(project.CONTROLLER.Controller, java.util.List)&gt; calls method &lt;project.MODEL.Rivista.getIssn()&gt; in (VisualizzaArticoliSuRivistaGUI.java:80)
Constructor &lt;project.VIEW.VisualizzaArticoliSuRivistaGUI.&lt;init&gt;(project.CONTROLLER.Controller, java.util.List)&gt; calls method &lt;project.MODEL.Rivista.getPeriodicita()&gt; in (VisualizzaArticoliSuRivistaGUI.java:82)
Constructor &lt;project.VIEW.VisualizzaArticoliSuRivistaGUI.&lt;init&gt;(project.CONTROLLER.Controller, java.util.List)&gt; calls method &lt;project.MODEL.Rivista.getPeriodicita()&gt; in (VisualizzaArticoliSuRivistaGUI.java:87)
Constructor &lt;project.VIEW.VisualizzaArticoliSuRivistaGUI.&lt;init&gt;(project.CONTROLLER.Controller, java.util.List)&gt; calls method &lt;project.MODEL.Rivista.getTitolo()&gt; in (VisualizzaArticoliSuRivistaGUI.java:79)
Constructor &lt;project.VIEW.VisualizzaCategorieGUI.&lt;init&gt;(project.CONTROLLER.Controller, java.util.List, java.lang.String)&gt; calls method &lt;project.MODEL.Categoria.getNome()&gt; in (VisualizzaCategorieGUI.java:55)
Constructor &lt;project.VIEW.VisualizzaCategorieGUI.&lt;init&gt;(project.CONTROLLER.Controller, java.util.List, java.lang.String)&gt; calls method &lt;project.MODEL.Categoria.getNome()&gt; in (VisualizzaCategorieGUI.java:56)
Constructor &lt;project.VIEW.VisualizzaCategorieGUI.&lt;init&gt;(project.CONTROLLER.Controller, java.util.List, java.lang.String)&gt; calls method &lt;project.MODEL.Categoria.getSupercategoria()&gt; in (VisualizzaCategorieGUI.java:56)
Constructor &lt;project.VIEW.VisualizzaCategorieGUI.&lt;init&gt;(project.CONTROLLER.Controller, java.util.List, java.lang.String)&gt; has generic parameter type &lt;java.util.List&lt;project.MODEL.Categoria&gt;&gt; with type argument depending on &lt;project.MODEL.Categoria&gt; in (VisualizzaCategorieGUI.java:0)
Constructor &lt;project.VIEW.VisualizzaCitazioniGUI.&lt;init&gt;(project.CONTROLLER.Controller, java.util.List, java.lang.String)&gt; calls method &lt;project.MODEL.Citazione.getMaterialeCitante()&gt; in (VisualizzaCitazioniGUI.java:61)
Constructor &lt;project.VIEW.VisualizzaCitazioniGUI.&lt;init&gt;(project.CONTROLLER.Controller, java.util.List, java.lang.String)&gt; calls method &lt;project.MODEL.Citazione.getMaterialeCitante()&gt; in (VisualizzaCitazioniGUI.java:66)
Constructor &lt;project.VIEW.VisualizzaCitazioniGUI.&lt;init&gt;(project.CONTROLLER.Controller, java.util.List, java.lang.String)&gt; calls method &lt;project.MODEL.Citazione.getMaterialeCitato()&gt; in (VisualizzaCitazioniGUI.java:62)
Constructor &lt;project.VIEW.VisualizzaCitazioniGUI.&lt;init&gt;(project.CONTROLLER.Controller, java.util.List, java.lang.String)&gt; calls method &lt;project.MODEL.Materiale.getTitolo()&gt; in (VisualizzaCitazioniGUI.java:61)
Constructor &lt;project.VIEW.VisualizzaCitazioniGUI.&lt;init&gt;(project.CONTROLLER.Controller, java.util.List, java.lang.String)&gt; calls method &lt;project.MODEL.Materiale.getTitolo()&gt; in (VisualizzaCitazioniGUI.java:62)
Constructor &lt;project.VIEW.VisualizzaCitazioniGUI.&lt;init&gt;(project.CONTROLLER.Controller, java.util.List, java.lang.String)&gt; calls method &lt;project.MODEL.Materiale.getTitolo()&gt; in (VisualizzaCitazioniGUI.java:66)
Constructor &lt;project.VIEW.VisualizzaCitazioniGUI.&lt;init&gt;(project.CONTROLLER.Controller, java.util.List, java.lang.String)&gt; has generic parameter type &lt;java.util.List&lt;project.MODEL.Citazione&gt;&gt; with type argument depending on &lt;project.MODEL.Citazione&gt; in (VisualizzaCitazioniGUI.java:0)
Constructor &lt;project.VIEW.VisualizzaDatasetGUI.&lt;init&gt;(project.CONTROLLER.Controller, java.util.List)&gt; calls method &lt;project.MODEL.Autore.getCognome()&gt; in (VisualizzaDatasetGUI.java:67)
Constructor &lt;project.VIEW.VisualizzaDatasetGUI.&lt;init&gt;(project.CONTROLLER.Controller, java.util.List)&gt; calls method &lt;project.MODEL.Autore.getNome()&gt; in (VisualizzaDatasetGUI.java:67)
Constructor &lt;project.VIEW.VisualizzaDatasetGUI.&lt;init&gt;(project.CONTROLLER.Controller, java.util.List)&gt; calls method &lt;project.MODEL.Autore.getOrcid()&gt; in (VisualizzaDatasetGUI.java:68)
Constructor &lt;project.VIEW.VisualizzaDatasetGUI.&lt;init&gt;(project.CONTROLLER.Controller, java.util.List)&gt; calls method &lt;project.MODEL.Dataset.getDescrizione()&gt; in (VisualizzaDatasetGUI.java:73)
Constructor &lt;project.VIEW.VisualizzaDatasetGUI.&lt;init&gt;(project.CONTROLLER.Controller, java.util.List)&gt; calls method &lt;project.MODEL.Dataset.getDoi()&gt; in (VisualizzaDatasetGUI.java:72)
Constructor &lt;project.VIEW.VisualizzaDatasetGUI.&lt;init&gt;(project.CONTROLLER.Controller, java.util.List)&gt; calls method &lt;project.MODEL.Dataset.getNcolonne()&gt; in (VisualizzaDatasetGUI.java:74)
Constructor &lt;project.VIEW.VisualizzaDatasetGUI.&lt;init&gt;(project.CONTROLLER.Controller, java.util.List)&gt; calls method &lt;project.MODEL.Dataset.getNrighe()&gt; in (VisualizzaDatasetGUI.java:75)
Constructor &lt;project.VIEW.VisualizzaDatasetGUI.&lt;init&gt;(project.CONTROLLER.Controller, java.util.List)&gt; calls method &lt;project.MODEL.Dataset.getNumeroCitazioni()&gt; in (VisualizzaDatasetGUI.java:77)
Constructor &lt;project.VIEW.VisualizzaDatasetGUI.&lt;init&gt;(project.CONTROLLER.Controller, java.util.List)&gt; calls method &lt;project.MODEL.Dataset.getTitolo()&gt; in (VisualizzaDatasetGUI.java:71)
Constructor &lt;project.VIEW.VisualizzaDatasetGUI.&lt;init&gt;(project.CONTROLLER.Controller, java.util.List)&gt; calls method &lt;project.MODEL.Dataset.getUrl()&gt; in (VisualizzaDatasetGUI.java:76)
Constructor &lt;project.VIEW.VisualizzaDatasetGUI.&lt;init&gt;(project.CONTROLLER.Controller, java.util.List)&gt; calls method &lt;project.MODEL.Pubblicazione.getDataInserimento()&gt; in (VisualizzaDatasetGUI.java:70)
Constructor &lt;project.VIEW.VisualizzaDatasetGUI.&lt;init&gt;(project.CONTROLLER.Controller, java.util.List)&gt; calls method &lt;project.MODEL.Pubblicazione.getDataPubblicazione()&gt; in (VisualizzaDatasetGUI.java:69)
Constructor &lt;project.VIEW.VisualizzaDettagliArticoloSuConferenzaGUI.&lt;init&gt;(project.CONTROLLER.Controller, project.struttureDiAppoggio.RigaTabellaArticoloSuConferenza)&gt; calls method &lt;project.MODEL.ArticoloSuConferenza.getConferenza()&gt; in (VisualizzaDettagliArticoloSuConferenzaGUI.java:180)
Constructor &lt;project.VIEW.VisualizzaDettagliArticoloSuConferenzaGUI.&lt;init&gt;(project.CONTROLLER.Controller, project.struttureDiAppoggio.RigaTabellaArticoloSuConferenza)&gt; calls method &lt;project.MODEL.ArticoloSuConferenza.getConferenza()&gt; in (VisualizzaDettagliArticoloSuConferenzaGUI.java:210)
Constructor &lt;project.VIEW.VisualizzaDettagliArticoloSuConferenzaGUI.&lt;init&gt;(project.CONTROLLER.Controller, project.struttureDiAppoggio.RigaTabellaArticoloSuConferenza)&gt; calls method &lt;project.MODEL.ArticoloSuConferenza.getConferenza()&gt; in (VisualizzaDettagliArticoloSuConferenzaGUI.java:226)
Constructor &lt;project.VIEW.VisualizzaDettagliArticoloSuConferenzaGUI.&lt;init&gt;(project.CONTROLLER.Controller, project.struttureDiAppoggio.RigaTabellaArticoloSuConferenza)&gt; calls method &lt;project.MODEL.ArticoloSuConferenza.getConferenza()&gt; in (VisualizzaDettagliArticoloSuConferenzaGUI.java:277)
Constructor &lt;project.VIEW.VisualizzaDettagliArticoloSuConferenzaGUI.&lt;init&gt;(project.CONTROLLER.Controller, project.struttureDiAppoggio.RigaTabellaArticoloSuConferenza)&gt; calls method &lt;project.MODEL.ArticoloSuConferenza.getConferenza()&gt; in (VisualizzaDettagliArticoloSuConferenzaGUI.java:285)
Constructor &lt;project.VIEW.VisualizzaDettagliArticoloSuConferenzaGUI.&lt;init&gt;(project.CONTROLLER.Controller, project.struttureDiAppoggio.RigaTabellaArticoloSuConferenza)&gt; calls method &lt;project.MODEL.ArticoloSuConferenza.getDescrizione()&gt; in (VisualizzaDettagliArticoloSuConferenzaGUI.java:156)
Constructor &lt;project.VIEW.VisualizzaDettagliArticoloSuConferenzaGUI.&lt;init&gt;(project.CONTROLLER.Controller, project.struttureDiAppoggio.RigaTabellaArticoloSuConferenza)&gt; calls method &lt;project.MODEL.ArticoloSuConferenza.getDoi()&gt; in (VisualizzaDettagliArticoloSuConferenzaGUI.java:105)
Constructor &lt;project.VIEW.VisualizzaDettagliArticoloSuConferenzaGUI.&lt;init&gt;(project.CONTROLLER.Controller, project.struttureDiAppoggio.RigaTabellaArticoloSuConferenza)&gt; calls method &lt;project.MODEL.ArticoloSuConferenza.getTarget()&gt; in (VisualizzaDettagliArticoloSuConferenzaGUI.java:128)
Constructor &lt;project.VIEW.VisualizzaDettagliArticoloSuConferenzaGUI.&lt;init&gt;(project.CONTROLLER.Controller, project.struttureDiAppoggio.RigaTabellaArticoloSuConferenza)&gt; calls method &lt;project.MODEL.ArticoloSuConferenza.getTitolo()&gt; in (VisualizzaDettagliArticoloSuConferenzaGUI.java:67)
Constructor &lt;project.VIEW.VisualizzaDettagliArticoloSuConferenzaGUI.&lt;init&gt;(project.CONTROLLER.Controller, project.struttureDiAppoggio.RigaTabellaArticoloSuConferenza)&gt; calls method &lt;project.MODEL.ArticoloSuConferenza.getTitolo()&gt; in (VisualizzaDettagliArticoloSuConferenzaGUI.java:82)
Constructor &lt;project.VIEW.VisualizzaDettagliArticoloSuConferenzaGUI.&lt;init&gt;(project.CONTROLLER.Controller, project.struttureDiAppoggio.RigaTabellaArticoloSuConferenza)&gt; calls method &lt;project.MODEL.Conferenza.getCasaEditrice()&gt; in (VisualizzaDettagliArticoloSuConferenzaGUI.java:180)
Constructor &lt;project.VIEW.VisualizzaDettagliArticoloSuConferenzaGUI.&lt;init&gt;(project.CONTROLLER.Controller, project.struttureDiAppoggio.RigaTabellaArticoloSuConferenza)&gt; calls method &lt;project.MODEL.Conferenza.getDataConferenza()&gt; in (VisualizzaDettagliArticoloSuConferenzaGUI.java:285)
Constructor &lt;project.VIEW.VisualizzaDettagliArticoloSuConferenzaGUI.&lt;init&gt;(project.CONTROLLER.Controller, project.struttureDiAppoggio.RigaTabellaArticoloSuConferenza)&gt; calls method &lt;project.MODEL.Conferenza.getDurata()&gt; in (VisualizzaDettagliArticoloSuConferenzaGUI.java:277)
Constructor &lt;project.VIEW.VisualizzaDettagliArticoloSuConferenzaGUI.&lt;init&gt;(project.CONTROLLER.Controller, project.struttureDiAppoggio.RigaTabellaArticoloSuConferenza)&gt; calls method &lt;project.MODEL.Conferenza.getSede()&gt; in (VisualizzaDettagliArticoloSuConferenzaGUI.java:226)
Constructor &lt;project.VIEW.VisualizzaDettagliArticoloSuConferenzaGUI.&lt;init&gt;(project.CONTROLLER.Controller, project.struttureDiAppoggio.RigaTabellaArticoloSuConferenza)&gt; calls method &lt;project.MODEL.Conferenza.getTitolo()&gt; in (VisualizzaDettagliArticoloSuConferenzaGUI.java:210)
Constructor &lt;project.VIEW.VisualizzaDettagliArticoloSuConferenzaGUI.&lt;init&gt;(project.CONTROLLER.Controller, project.struttureDiAppoggio.RigaTabellaArticoloSuConferenza)&gt; calls method &lt;project.MODEL.Pubblicazione.getDataPubblicazione()&gt; in (VisualizzaDettagliArticoloSuConferenzaGUI.java:270)
Constructor &lt;project.VIEW.VisualizzaDettagliArticoloSuRivistaGUI.&lt;init&gt;(project.CONTROLLER.Controller, project.struttureDiAppoggio.RigaTabellaArticoloSuRivista)&gt; calls method &lt;project.MODEL.ArticoloSuRivista.getDescrizione()&gt; in (VisualizzaDettagliArticoloSuRivistaGUI.java:156)
Constructor &lt;project.VIEW.VisualizzaDettagliArticoloSuRivistaGUI.&lt;init&gt;(project.CONTROLLER.Controller, project.struttureDiAppoggio.RigaTabellaArticoloSuRivista)&gt; calls method &lt;project.MODEL.ArticoloSuRivista.getDoi()&gt; in (VisualizzaDettagliArticoloSuRivistaGUI.java:103)
Constructor &lt;project.VIEW.VisualizzaDettagliArticoloSuRivistaGUI.&lt;init&gt;(project.CONTROLLER.Controller, project.struttureDiAppoggio.RigaTabellaArticoloSuRivista)&gt; calls method &lt;project.MODEL.ArticoloSuRivista.getRivista()&gt; in (VisualizzaDettagliArticoloSuRivistaGUI.java:178)
Constructor &lt;project.VIEW.VisualizzaDettagliArticoloSuRivistaGUI.&lt;init&gt;(project.CONTROLLER.Controller, project.struttureDiAppoggio.RigaTabellaArticoloSuRivista)&gt; calls method &lt;project.MODEL.ArticoloSuRivista.getRivista()&gt; in (VisualizzaDettagliArticoloSuRivistaGUI.java:208)
Constructor &lt;project.VIEW.VisualizzaDettagliArticoloSuRivistaGUI.&lt;init&gt;(project.CONTROLLER.Controller, project.struttureDiAppoggio.RigaTabellaArticoloSuRivista)&gt; calls method &lt;project.MODEL.ArticoloSuRivista.getRivista()&gt; in (VisualizzaDettagliArticoloSuRivistaGUI.java:225)
Constructor &lt;project.VIEW.VisualizzaDettagliArticoloSuRivistaGUI.&lt;init&gt;(project.CONTROLLER.Controller, project.struttureDiAppoggio.RigaTabellaArticoloSuRivista)&gt; calls method &lt;project.MODEL.ArticoloSuRivista.getRivista()&gt; in (VisualizzaDettagliArticoloSuRivistaGUI.java:298)
Constructor &lt;project.VIEW.VisualizzaDettagliArticoloSuRivistaGUI.&lt;init&gt;(project.CONTROLLER.Controller, project.struttureDiAppoggio.RigaTabellaArticoloSuRivista)&gt; calls method &lt;project.MODEL.ArticoloSuRivista.getRivista()&gt; in (VisualizzaDettagliArticoloSuRivistaGUI.java:301)
Constructor &lt;project.VIEW.VisualizzaDettagliArticoloSuRivistaGUI.&lt;init&gt;(project.CONTROLLER.Controller, project.struttureDiAppoggio.RigaTabellaArticoloSuRivista)&gt; calls method &lt;project.MODEL.ArticoloSuRivista.getTarget()&gt; in (VisualizzaDettagliArticoloSuRivistaGUI.java:126)
Constructor &lt;project.VIEW.VisualizzaDettagliArticoloSuRivistaGUI.&lt;init&gt;(project.CONTROLLER.Controller, project.struttureDiAppoggio.RigaTabellaArticoloSuRivista)&gt; calls method &lt;project.MODEL.ArticoloSuRivista.getTitolo()&gt; in (VisualizzaDettagliArticoloSuRivistaGUI.java:64)
Constructor &lt;project.VIEW.VisualizzaDettagliArticoloSuRivistaGUI.&lt;init&gt;(project.CONTROLLER.Controller, project.struttureDiAppoggio.RigaTabellaArticoloSuRivista)&gt; calls method &lt;project.MODEL.ArticoloSuRivista.getTitolo()&gt; in (VisualizzaDettagliArticoloSuRivistaGUI.java:80)
Constructor &lt;project.VIEW.VisualizzaDettagliArticoloSuRivistaGUI.&lt;init&gt;(project.CONTROLLER.Controller, project.struttureDiAppoggio.RigaTabellaArticoloSuRivista)&gt; calls method &lt;project.MODEL.Pubblicazione.getDataPubblicazione()&gt; in (VisualizzaDettagliArticoloSuRivistaGUI.java:255)
Constructor &lt;project.VIEW.VisualizzaDettagliArticoloSuRivistaGUI.&lt;init&gt;(project.CONTROLLER.Controller, project.struttureDiAppoggio.RigaTabellaArticoloSuRivista)&gt; calls method &lt;project.MODEL.Pubblicazione.getDataPubblicazione()&gt; in (VisualizzaDettagliArticoloSuRivistaGUI.java:256)
Constructor &lt;project.VIEW.VisualizzaDettagliArticoloSuRivistaGUI.&lt;init&gt;(project.CONTROLLER.Controller, project.struttureDiAppoggio.RigaTabellaArticoloSuRivista)&gt; calls method &lt;project.MODEL.Rivista.getEditore()&gt; in (VisualizzaDettagliArticoloSuRivistaGUI.java:178)
Constructor &lt;project.VIEW.VisualizzaDettagliArticoloSuRivistaGUI.&lt;init&gt;(project.CONTROLLER.Controller, project.struttureDiAppoggio.RigaTabellaArticoloSuRivista)&gt; calls method &lt;project.MODEL.Rivista.getIssn()&gt; in (VisualizzaDettagliArticoloSuRivistaGUI.java:225)
Constructor &lt;project.VIEW.VisualizzaDettagliArticoloSuRivistaGUI.&lt;init&gt;(project.CONTROLLER.Controller, project.struttureDiAppoggio.RigaTabellaArticoloSuRivista)&gt; calls method &lt;project.MODEL.Rivista.getPeriodicita()&gt; in (VisualizzaDettagliArticoloSuRivistaGUI.java:298)
Constructor &lt;project.VIEW.VisualizzaDettagliArticoloSuRivistaGUI.&lt;init&gt;(project.CONTROLLER.Controller, project.struttureDiAppoggio.RigaTabellaArticoloSuRivista)&gt; calls method &lt;project.MODEL.Rivista.getPeriodicita()&gt; in (VisualizzaDettagliArticoloSuRivistaGUI.java:301)
Constructor &lt;project.VIEW.VisualizzaDettagliArticoloSuRivistaGUI.&lt;init&gt;(project.CONTROLLER.Controller, project.struttureDiAppoggio.RigaTabellaArticoloSuRivista)&gt; calls method &lt;project.MODEL.Rivista.getTitolo()&gt; in (VisualizzaDettagliArticoloSuRivistaGUI.java:208)
Constructor &lt;project.VIEW.VisualizzaDettagliDatasetGUI.&lt;init&gt;(project.CONTROLLER.Controller, project.struttureDiAppoggio.RigaTabellaDataset)&gt; calls method &lt;project.MODEL.Dataset.getDescrizione()&gt; in (VisualizzaDettagliDatasetGUI.java:168)
Constructor &lt;project.VIEW.VisualizzaDettagliDatasetGUI.&lt;init&gt;(project.CONTROLLER.Controller, project.struttureDiAppoggio.RigaTabellaDataset)&gt; calls method &lt;project.MODEL.Dataset.getDoi()&gt; in (VisualizzaDettagliDatasetGUI.java:97)
Constructor &lt;project.VIEW.VisualizzaDettagliDatasetGUI.&lt;init&gt;(project.CONTROLLER.Controller, project.struttureDiAppoggio.RigaTabellaDataset)&gt; calls method &lt;project.MODEL.Dataset.getNcolonne()&gt; in (VisualizzaDettagliDatasetGUI.java:193)
Constructor &lt;project.VIEW.VisualizzaDettagliDatasetGUI.&lt;init&gt;(project.CONTROLLER.Controller, project.struttureDiAppoggio.RigaTabellaDataset)&gt; calls method &lt;project.MODEL.Dataset.getNrighe()&gt; in (VisualizzaDettagliDatasetGUI.java:200)
Constructor &lt;project.VIEW.VisualizzaDettagliDatasetGUI.&lt;init&gt;(project.CONTROLLER.Controller, project.struttureDiAppoggio.RigaTabellaDataset)&gt; calls method &lt;project.MODEL.Dataset.getTitolo()&gt; in (VisualizzaDettagliDatasetGUI.java:59)
Constructor &lt;project.VIEW.VisualizzaDettagliDatasetGUI.&lt;init&gt;(project.CONTROLLER.Controller, project.struttureDiAppoggio.RigaTabellaDataset)&gt; calls method &lt;project.MODEL.Dataset.getTitolo()&gt; in (VisualizzaDettagliDatasetGUI.java:74)
Constructor &lt;project.VIEW.VisualizzaDettagliDatasetGUI.&lt;init&gt;(project.CONTROLLER.Controller, project.struttureDiAppoggio.RigaTabellaDataset)&gt; calls method &lt;project.MODEL.Dataset.getUrl()&gt; in (VisualizzaDettagliDatasetGUI.java:122)
Constructor &lt;project.VIEW.VisualizzaDettagliDatasetGUI.&lt;init&gt;(project.CONTROLLER.Controller, project.struttureDiAppoggio.RigaTabellaDataset)&gt; calls method &lt;project.MODEL.Pubblicazione.getDataPubblicazione()&gt; in (VisualizzaDettagliDatasetGUI.java:207)
Constructor &lt;project.VIEW.VisualizzaDettagliDatasetGUI.&lt;init&gt;(project.CONTROLLER.Controller, project.struttureDiAppoggio.RigaTabellaDataset)&gt; calls method &lt;project.MODEL.Pubblicazione.getDataPubblicazione()&gt; in (VisualizzaDettagliDatasetGUI.java:208)
Constructor &lt;project.VIEW.VisualizzaDettagliLibroGUI.&lt;init&gt;(project.CONTROLLER.Controller, project.struttureDiAppoggio.RigaTabellaLibro)&gt; calls method &lt;project.MODEL.Libro.getDescrizione()&gt; in (VisualizzaDettagliLibroGUI.java:183)
Constructor &lt;project.VIEW.VisualizzaDettagliLibroGUI.&lt;init&gt;(project.CONTROLLER.Controller, project.struttureDiAppoggio.RigaTabellaLibro)&gt; calls method &lt;project.MODEL.Libro.getDoi()&gt; in (VisualizzaDettagliLibroGUI.java:100)
Constructor &lt;project.VIEW.VisualizzaDettagliLibroGUI.&lt;init&gt;(project.CONTROLLER.Controller, project.struttureDiAppoggio.RigaTabellaLibro)&gt; calls method &lt;project.MODEL.Libro.getEditore()&gt; in (VisualizzaDettagliLibroGUI.java:156)
Constructor &lt;project.VIEW.VisualizzaDettagliLibroGUI.&lt;init&gt;(project.CONTROLLER.Controller, project.struttureDiAppoggio.RigaTabellaLibro)&gt; calls method &lt;project.MODEL.Libro.getGenere()&gt; in (VisualizzaDettagliLibroGUI.java:242)
Constructor &lt;project.VIEW.VisualizzaDettagliLibroGUI.&lt;init&gt;(project.CONTROLLER.Controller, project.struttureDiAppoggio.RigaTabellaLibro)&gt; calls method &lt;project.MODEL.Libro.getGenere()&gt; in (VisualizzaDettagliLibroGUI.java:245)
Constructor &lt;project.VIEW.VisualizzaDettagliLibroGUI.&lt;init&gt;(project.CONTROLLER.Controller, project.struttureDiAppoggio.RigaTabellaLibro)&gt; calls method &lt;project.MODEL.Libro.getIsbn()&gt; in (VisualizzaDettagliLibroGUI.java:123)
Constructor &lt;project.VIEW.VisualizzaDettagliLibroGUI.&lt;init&gt;(project.CONTROLLER.Controller, project.struttureDiAppoggio.RigaTabellaLibro)&gt; calls method &lt;project.MODEL.Libro.getNpagine()&gt; in (VisualizzaDettagliLibroGUI.java:254)
Constructor &lt;project.VIEW.VisualizzaDettagliLibroGUI.&lt;init&gt;(project.CONTROLLER.Controller, project.struttureDiAppoggio.RigaTabellaLibro)&gt; calls method &lt;project.MODEL.Libro.getTitolo()&gt; in (VisualizzaDettagliLibroGUI.java:62)
Constructor &lt;project.VIEW.VisualizzaDettagliLibroGUI.&lt;init&gt;(project.CONTROLLER.Controller, project.struttureDiAppoggio.RigaTabellaLibro)&gt; calls method &lt;project.MODEL.Libro.getTitolo()&gt; in (VisualizzaDettagliLibroGUI.java:78)
Constructor &lt;project.VIEW.VisualizzaDettagliLibroGUI.&lt;init&gt;(project.CONTROLLER.Controller, project.struttureDiAppoggio.RigaTabellaLibro)&gt; calls method &lt;project.MODEL.Pubblicazione.getDataPubblicazione()&gt; in (VisualizzaDettagliLibroGUI.java:234)
Constructor &lt;project.VIEW.VisualizzaDettagliLibroGUI.&lt;init&gt;(project.CONTROLLER.Controller, project.struttureDiAppoggio.RigaTabellaLibro)&gt; calls method &lt;project.MODEL.Pubblicazione.getDataPubblicazione()&gt; in (VisualizzaDettagliLibroGUI.java:235)
Constructor &lt;project.VIEW.VisualizzaDettagliRisorsaOnlineGUI.&lt;init&gt;(project.CONTROLLER.Controller, project.struttureDiAppoggio.RigaTabellaRisorsaOnline)&gt; calls method &lt;project.MODEL.Pubblicazione.getDataPubblicazione()&gt; in (VisualizzaDettagliRisorsaOnlineGUI.java:195)
Constructor &lt;project.VIEW.VisualizzaDettagliRisorsaOnlineGUI.&lt;init&gt;(project.CONTROLLER.Controller, project.struttureDiAppoggio.RigaTabellaRisorsaOnline)&gt; calls method &lt;project.MODEL.Pubblicazione.getDataPubblicazione()&gt; in (VisualizzaDettagliRisorsaOnlineGUI.java:196)
Constructor &lt;project.VIEW.VisualizzaDettagliRisorsaOnlineGUI.&lt;init&gt;(project.CONTROLLER.Controller, project.struttureDiAppoggio.RigaTabellaRisorsaOnline)&gt; calls method &lt;project.MODEL.RisorsaOnline.getDescrizione()&gt; in (VisualizzaDettagliRisorsaOnlineGUI.java:144)
Constructor &lt;project.VIEW.VisualizzaDettagliRisorsaOnlineGUI.&lt;init&gt;(project.CONTROLLER.Controller, project.struttureDiAppoggio.RigaTabellaRisorsaOnline)&gt; calls method &lt;project.MODEL.RisorsaOnline.getDoi()&gt; in (VisualizzaDettagliRisorsaOnlineGUI.java:99)
Constructor &lt;project.VIEW.VisualizzaDettagliRisorsaOnlineGUI.&lt;init&gt;(project.CONTROLLER.Controller, project.struttureDiAppoggio.RigaTabellaRisorsaOnline)&gt; calls method &lt;project.MODEL.RisorsaOnline.getTitolo()&gt; in (VisualizzaDettagliRisorsaOnlineGUI.java:61)
Constructor &lt;project.VIEW.VisualizzaDettagliRisorsaOnlineGUI.&lt;init&gt;(project.CONTROLLER.Controller, project.struttureDiAppoggio.RigaTabellaRisorsaOnline)&gt; calls method &lt;project.MODEL.RisorsaOnline.getTitolo()&gt; in (VisualizzaDettagliRisorsaOnlineGUI.java:77)
Constructor &lt;project.VIEW.VisualizzaDettagliRisorsaOnlineGUI.&lt;init&gt;(project.CONTROLLER.Controller, project.struttureDiAppoggio.RigaTabellaRisorsaOnline)&gt; calls method &lt;project.MODEL.RisorsaOnline.getUrl()&gt; in (VisualizzaDettagliRisorsaOnlineGUI.java:122)
Constructor &lt;project.VIEW.VisualizzaLibreriaGUI.&lt;init&gt;(project.CONTROLLER.Controller, java.util.List)&gt; calls method &lt;project.MODEL.Autore.getCognome()&gt; in (VisualizzaLibreriaGUI.java:63)
Constructor &lt;project.VIEW.VisualizzaLibreriaGUI.&lt;init&gt;(project.CONTROLLER.Controller, java.util.List)&gt; calls method &lt;project.MODEL.Autore.getNome()&gt; in (VisualizzaLibreriaGUI.java:63)
Constructor &lt;project.VIEW.VisualizzaLibreriaGUI.&lt;init&gt;(project.CONTROLLER.Controller, java.util.List)&gt; calls method &lt;project.MODEL.Autore.getOrcid()&gt; in (VisualizzaLibreriaGUI.java:64)
Constructor &lt;project.VIEW.VisualizzaLibreriaGUI.&lt;init&gt;(project.CONTROLLER.Controller, java.util.List)&gt; calls method &lt;project.MODEL.Materiale.getDescrizione()&gt; in (VisualizzaLibreriaGUI.java:72)
Constructor &lt;project.VIEW.VisualizzaLibreriaGUI.&lt;init&gt;(project.CONTROLLER.Controller, java.util.List)&gt; calls method &lt;project.MODEL.Materiale.getDoi()&gt; in (VisualizzaLibreriaGUI.java:71)
Constructor &lt;project.VIEW.VisualizzaLibreriaGUI.&lt;init&gt;(project.CONTROLLER.Controller, java.util.List)&gt; calls method &lt;project.MODEL.Materiale.getNumeroCitazioni()&gt; in (VisualizzaLibreriaGUI.java:75)
Constructor &lt;project.VIEW.VisualizzaLibreriaGUI.&lt;init&gt;(project.CONTROLLER.Controller, java.util.List)&gt; calls method &lt;project.MODEL.Materiale.getTipo()&gt; in (VisualizzaLibreriaGUI.java:73)
Constructor &lt;project.VIEW.VisualizzaLibreriaGUI.&lt;init&gt;(project.CONTROLLER.Controller, java.util.List)&gt; calls method &lt;project.MODEL.Materiale.getTitolo()&gt; in (VisualizzaLibreriaGUI.java:70)
Constructor &lt;project.VIEW.VisualizzaLibreriaGUI.&lt;init&gt;(project.CONTROLLER.Controller, java.util.List)&gt; calls method &lt;project.MODEL.Pubblicazione.getDataInserimento()&gt; in (VisualizzaLibreriaGUI.java:67)
Constructor &lt;project.VIEW.VisualizzaLibreriaGUI.&lt;init&gt;(project.CONTROLLER.Controller, java.util.List)&gt; calls method &lt;project.MODEL.Pubblicazione.getDataPubblicazione()&gt; in (VisualizzaLibreriaGUI.java:66)
Constructor &lt;project.VIEW.VisualizzaLibriGUI.&lt;init&gt;(project.CONTROLLER.Controller, java.util.List)&gt; calls method &lt;project.MODEL.Autore.getCognome()&gt; in (VisualizzaLibriGUI.java:68)
Constructor &lt;project.VIEW.VisualizzaLibriGUI.&lt;init&gt;(project.CONTROLLER.Controller, java.util.List)&gt; calls method &lt;project.MODEL.Autore.getNome()&gt; in (VisualizzaLibriGUI.java:68)
Constructor &lt;project.VIEW.VisualizzaLibriGUI.&lt;init&gt;(project.CONTROLLER.Controller, java.util.List)&gt; calls method &lt;project.MODEL.Autore.getOrcid()&gt; in (VisualizzaLibriGUI.java:69)
Constructor &lt;project.VIEW.VisualizzaLibriGUI.&lt;init&gt;(project.CONTROLLER.Controller, java.util.List)&gt; calls method &lt;project.MODEL.Libro.getDescrizione()&gt; in (VisualizzaLibriGUI.java:74)
Constructor &lt;project.VIEW.VisualizzaLibriGUI.&lt;init&gt;(project.CONTROLLER.Controller, java.util.List)&gt; calls method &lt;project.MODEL.Libro.getDoi()&gt; in (VisualizzaLibriGUI.java:73)
Constructor &lt;project.VIEW.VisualizzaLibriGUI.&lt;init&gt;(project.CONTROLLER.Controller, java.util.List)&gt; calls method &lt;project.MODEL.Libro.getEditore()&gt; in (VisualizzaLibriGUI.java:81)
Constructor &lt;project.VIEW.VisualizzaLibriGUI.&lt;init&gt;(project.CONTROLLER.Controller, java.util.List)&gt; calls method &lt;project.MODEL.Libro.getGenere()&gt; in (VisualizzaLibriGUI.java:76)
Constructor &lt;project.VIEW.VisualizzaLibriGUI.&lt;init&gt;(project.CONTROLLER.Controller, java.util.List)&gt; calls method &lt;project.MODEL.Libro.getGenere()&gt; in (VisualizzaLibriGUI.java:79)
Constructor &lt;project.VIEW.VisualizzaLibriGUI.&lt;init&gt;(project.CONTROLLER.Controller, java.util.List)&gt; calls method &lt;project.MODEL.Libro.getIsbn()&gt; in (VisualizzaLibriGUI.java:75)
Constructor &lt;project.VIEW.VisualizzaLibriGUI.&lt;init&gt;(project.CONTROLLER.Controller, java.util.List)&gt; calls method &lt;project.MODEL.Libro.getNpagine()&gt; in (VisualizzaLibriGUI.java:80)
Constructor &lt;project.VIEW.VisualizzaLibriGUI.&lt;init&gt;(project.CONTROLLER.Controller, java.util.List)&gt; calls method &lt;project.MODEL.Libro.getNumeroCitazioni()&gt; in (VisualizzaLibriGUI.java:82)
Constructor &lt;project.VIEW.VisualizzaLibriGUI.&lt;init&gt;(project.CONTROLLER.Controller, java.util.List)&gt; calls method &lt;project.MODEL.Libro.getTitolo()&gt; in (VisualizzaLibriGUI.java:72)
Constructor &lt;project.VIEW.VisualizzaLibriGUI.&lt;init&gt;(project.CONTROLLER.Controller, java.util.List)&gt; calls method &lt;project.MODEL.Pubblicazione.getDataInserimento()&gt; in (VisualizzaLibriGUI.java:71)
Constructor &lt;project.VIEW.VisualizzaLibriGUI.&lt;init&gt;(project.CONTROLLER.Controller, java.util.List)&gt; calls method &lt;project.MODEL.Pubblicazione.getDataPubblicazione()&gt; in (VisualizzaLibriGUI.java:70)
Constructor &lt;project.VIEW.VisualizzaParoleAssociateGUI.&lt;init&gt;(project.CONTROLLER.Controller, java.util.List, java.lang.String)&gt; calls method &lt;project.MODEL.ParolaChiave.getParola()&gt; in (VisualizzaParoleAssociateGUI.java:53)
Constructor &lt;project.VIEW.VisualizzaParoleAssociateGUI.&lt;init&gt;(project.CONTROLLER.Controller, java.util.List, java.lang.String)&gt; has generic parameter type &lt;java.util.List&lt;project.MODEL.ParolaChiave&gt;&gt; with type argument depending on &lt;project.MODEL.ParolaChiave&gt; in (VisualizzaParoleAssociateGUI.java:0)
Constructor &lt;project.VIEW.VisualizzaRisorsaOnlineGUI.&lt;init&gt;(project.CONTROLLER.Controller, java.util.List)&gt; calls method &lt;project.MODEL.Autore.getCognome()&gt; in (VisualizzaRisorsaOnlineGUI.java:67)
Constructor &lt;project.VIEW.VisualizzaRisorsaOnlineGUI.&lt;init&gt;(project.CONTROLLER.Controller, java.util.List)&gt; calls method &lt;project.MODEL.Autore.getNome()&gt; in (VisualizzaRisorsaOnlineGUI.java:67)
Constructor &lt;project.VIEW.VisualizzaRisorsaOnlineGUI.&lt;init&gt;(project.CONTROLLER.Controller, java.util.List)&gt; calls method &lt;project.MODEL.Autore.getOrcid()&gt; in (VisualizzaRisorsaOnlineGUI.java:68)
Constructor &lt;project.VIEW.VisualizzaRisorsaOnlineGUI.&lt;init&gt;(project.CONTROLLER.Controller, java.util.List)&gt; calls method &lt;project.MODEL.Pubblicazione.getDataInserimento()&gt; in (VisualizzaRisorsaOnlineGUI.java:70)
Constructor &lt;project.VIEW.VisualizzaRisorsaOnlineGUI.&lt;init&gt;(project.CONTROLLER.Controller, java.util.List)&gt; calls method &lt;project.MODEL.Pubblicazione.getDataPubblicazione()&gt; in (VisualizzaRisorsaOnlineGUI.java:69)
Constructor &lt;project.VIEW.VisualizzaRisorsaOnlineGUI.&lt;init&gt;(project.CONTROLLER.Controller, java.util.List)&gt; calls method &lt;project.MODEL.RisorsaOnline.getDescrizione()&gt; in (VisualizzaRisorsaOnlineGUI.java:73)
Constructor &lt;project.VIEW.VisualizzaRisorsaOnlineGUI.&lt;init&gt;(project.CONTROLLER.Controller, java.util.List)&gt; calls method &lt;project.MODEL.RisorsaOnline.getDoi()&gt; in (VisualizzaRisorsaOnlineGUI.java:72)
Constructor &lt;project.VIEW.VisualizzaRisorsaOnlineGUI.&lt;init&gt;(project.CONTROLLER.Controller, java.util.List)&gt; calls method &lt;project.MODEL.RisorsaOnline.getNumeroCitazioni()&gt; in (VisualizzaRisorsaOnlineGUI.java:75)
Constructor &lt;project.VIEW.VisualizzaRisorsaOnlineGUI.&lt;init&gt;(project.CONTROLLER.Controller, java.util.List)&gt; calls method &lt;project.MODEL.RisorsaOnline.getTitolo()&gt; in (VisualizzaRisorsaOnlineGUI.java:71)
Constructor &lt;project.VIEW.VisualizzaRisorsaOnlineGUI.&lt;init&gt;(project.CONTROLLER.Controller, java.util.List)&gt; calls method &lt;project.MODEL.RisorsaOnline.getUrl()&gt; in (VisualizzaRisorsaOnlineGUI.java:74)
Constructor &lt;project.VIEW.VisualizzaRisultatiGUI.&lt;init&gt;(project.CONTROLLER.Controller, java.util.List)&gt; calls method &lt;project.MODEL.Autore.getCognome()&gt; in (VisualizzaRisultatiGUI.java:64)
Constructor &lt;project.VIEW.VisualizzaRisultatiGUI.&lt;init&gt;(project.CONTROLLER.Controller, java.util.List)&gt; calls method &lt;project.MODEL.Autore.getNome()&gt; in (VisualizzaRisultatiGUI.java:64)
Constructor &lt;project.VIEW.VisualizzaRisultatiGUI.&lt;init&gt;(project.CONTROLLER.Controller, java.util.List)&gt; calls method &lt;project.MODEL.Autore.getOrcid()&gt; in (VisualizzaRisultatiGUI.java:65)
Constructor &lt;project.VIEW.VisualizzaRisultatiGUI.&lt;init&gt;(project.CONTROLLER.Controller, java.util.List)&gt; calls method &lt;project.MODEL.Materiale.getDescrizione()&gt; in (VisualizzaRisultatiGUI.java:73)
Constructor &lt;project.VIEW.VisualizzaRisultatiGUI.&lt;init&gt;(project.CONTROLLER.Controller, java.util.List)&gt; calls method &lt;project.MODEL.Materiale.getDoi()&gt; in (VisualizzaRisultatiGUI.java:72)
Constructor &lt;project.VIEW.VisualizzaRisultatiGUI.&lt;init&gt;(project.CONTROLLER.Controller, java.util.List)&gt; calls method &lt;project.MODEL.Materiale.getNumeroCitazioni()&gt; in (VisualizzaRisultatiGUI.java:76)
Constructor &lt;project.VIEW.VisualizzaRisultatiGUI.&lt;init&gt;(project.CONTROLLER.Controller, java.util.List)&gt; calls method &lt;project.MODEL.Materiale.getTipo()&gt; in (VisualizzaRisultatiGUI.java:74)
Constructor &lt;project.VIEW.VisualizzaRisultatiGUI.&lt;init&gt;(project.CONTROLLER.Controller, java.util.List)&gt; calls method &lt;project.MODEL.Materiale.getTitolo()&gt; in (VisualizzaRisultatiGUI.java:71)
Constructor &lt;project.VIEW.VisualizzaRisultatiGUI.&lt;init&gt;(project.CONTROLLER.Controller, java.util.List)&gt; calls method &lt;project.MODEL.Pubblicazione.getDataInserimento()&gt; in (VisualizzaRisultatiGUI.java:68)
Constructor &lt;project.VIEW.VisualizzaRisultatiGUI.&lt;init&gt;(project.CONTROLLER.Controller, java.util.List)&gt; calls method &lt;project.MODEL.Pubblicazione.getDataPubblicazione()&gt; in (VisualizzaRisultatiGUI.java:67)
Constructor &lt;project.struttureDiAppoggio.RigaTabellaArticoloSuConferenza.&lt;init&gt;(project.MODEL.Autore, project.MODEL.Pubblicazione, project.MODEL.ArticoloSuConferenza)&gt; has parameter of type &lt;project.MODEL.ArticoloSuConferenza&gt; in (RigaTabellaArticoloSuConferenza.java:0)
Constructor &lt;project.struttureDiAppoggio.RigaTabellaArticoloSuConferenza.&lt;init&gt;(project.MODEL.Autore, project.MODEL.Pubblicazione, project.MODEL.ArticoloSuConferenza)&gt; has parameter of type &lt;project.MODEL.Autore&gt; in (RigaTabellaArticoloSuConferenza.java:0)
Constructor &lt;project.struttureDiAppoggio.RigaTabellaArticoloSuConferenza.&lt;init&gt;(project.MODEL.Autore, project.MODEL.Pubblicazione, project.MODEL.ArticoloSuConferenza)&gt; has parameter of type &lt;project.MODEL.Pubblicazione&gt; in (RigaTabellaArticoloSuConferenza.java:0)
Constructor &lt;project.struttureDiAppoggio.RigaTabellaArticoloSuRivista.&lt;init&gt;(project.MODEL.Autore, project.MODEL.Pubblicazione, project.MODEL.ArticoloSuRivista)&gt; has parameter of type &lt;project.MODEL.ArticoloSuRivista&gt; in (RigaTabellaArticoloSuRivista.java:0)
Constructor &lt;project.struttureDiAppoggio.RigaTabellaArticoloSuRivista.&lt;init&gt;(project.MODEL.Autore, project.MODEL.Pubblicazione, project.MODEL.ArticoloSuRivista)&gt; has parameter of type &lt;project.MODEL.Autore&gt; in (RigaTabellaArticoloSuRivista.java:0)
Constructor &lt;project.struttureDiAppoggio.RigaTabellaArticoloSuRivista.&lt;init&gt;(project.MODEL.Autore, project.MODEL.Pubblicazione, project.MODEL.ArticoloSuRivista)&gt; has parameter of type &lt;project.MODEL.Pubblicazione&gt; in (RigaTabellaArticoloSuRivista.java:0)
Constructor &lt;project.struttureDiAppoggio.RigaTabellaDataset.&lt;init&gt;(project.MODEL.Autore, project.MODEL.Pubblicazione, project.MODEL.Dataset)&gt; has parameter of type &lt;project.MODEL.Autore&gt; in (RigaTabellaDataset.java:0)
Constructor &lt;project.struttureDiAppoggio.RigaTabellaDataset.&lt;init&gt;(project.MODEL.Autore, project.MODEL.Pubblicazione, project.MODEL.Dataset)&gt; has parameter of type &lt;project.MODEL.Dataset&gt; in (RigaTabellaDataset.java:0)
Constructor &lt;project.struttureDiAppoggio.RigaTabellaDataset.&lt;init&gt;(project.MODEL.Autore, project.MODEL.Pubblicazione, project.MODEL.Dataset)&gt; has parameter of type &lt;project.MODEL.Pubblicazione&gt; in (RigaTabellaDataset.java:0)
Constructor &lt;project.struttureDiAppoggio.RigaTabellaLibro.&lt;init&gt;(project.MODEL.Autore, project.MODEL.Pubblicazione, project.MODEL.Libro)&gt; has parameter of type &lt;project.MODEL.Autore&gt; in (RigaTabellaLibro.java:0)
Constructor &lt;project.struttureDiAppoggio.RigaTabellaLibro.&lt;init&gt;(project.MODEL.Autore, project.MODEL.Pubblicazione, project.MODEL.Libro)&gt; has parameter of type &lt;project.MODEL.Libro&gt; in (RigaTabellaLibro.java:0)
Constructor &lt;project.struttureDiAppoggio.RigaTabellaLibro.&lt;init&gt;(project.MODEL.Autore, project.MODEL.Pubblicazione, project.MODEL.Libro)&gt; has parameter of type &lt;project.MODEL.Pubblicazione&gt; in (RigaTabellaLibro.java:0)
Constructor &lt;project.struttureDiAppoggio.RigaTabellaMateriale.&lt;init&gt;(project.MODEL.Autore, project.MODEL.Pubblicazione)&gt; has parameter of type &lt;project.MODEL.Autore&gt; in (RigaTabellaMateriale.java:0)
Constructor &lt;project.struttureDiAppoggio.RigaTabellaMateriale.&lt;init&gt;(project.MODEL.Autore, project.MODEL.Pubblicazione)&gt; has parameter of type &lt;project.MODEL.Pubblicazione&gt; in (RigaTabellaMateriale.java:0)
Constructor &lt;project.struttureDiAppoggio.RigaTabellaMateriale.&lt;init&gt;(project.MODEL.Autore, project.MODEL.Pubblicazione, project.MODEL.Materiale)&gt; has parameter of type &lt;project.MODEL.Autore&gt; in (RigaTabellaMateriale.java:0)
Constructor &lt;project.struttureDiAppoggio.RigaTabellaMateriale.&lt;init&gt;(project.MODEL.Autore, project.MODEL.Pubblicazione, project.MODEL.Materiale)&gt; has parameter of type &lt;project.MODEL.Materiale&gt; in (RigaTabellaMateriale.java:0)
Constructor &lt;project.struttureDiAppoggio.RigaTabellaMateriale.&lt;init&gt;(project.MODEL.Autore, project.MODEL.Pubblicazione, project.MODEL.Materiale)&gt; has parameter of type &lt;project.MODEL.Pubblicazione&gt; in (RigaTabellaMateriale.java:0)
Constructor &lt;project.struttureDiAppoggio.RigaTabellaRisorsaOnline.&lt;init&gt;(project.MODEL.Autore, project.MODEL.Pubblicazione, project.MODEL.RisorsaOnline)&gt; has parameter of type &lt;project.MODEL.Autore&gt; in (RigaTabellaRisorsaOnline.java:0)
Constructor &lt;project.struttureDiAppoggio.RigaTabellaRisorsaOnline.&lt;init&gt;(project.MODEL.Autore, project.MODEL.Pubblicazione, project.MODEL.RisorsaOnline)&gt; has parameter of type &lt;project.MODEL.Pubblicazione&gt; in (RigaTabellaRisorsaOnline.java:0)
Constructor &lt;project.struttureDiAppoggio.RigaTabellaRisorsaOnline.&lt;init&gt;(project.MODEL.Autore, project.MODEL.Pubblicazione, project.MODEL.RisorsaOnline)&gt; has parameter of type &lt;project.MODEL.RisorsaOnline&gt; in (RigaTabellaRisorsaOnline.java:0)
Field &lt;project.CONTROLLER.Controller.autore&gt; has type &lt;project.MODEL.Autore&gt; in (Controller.java:0)
Field &lt;project.VIEW.AggiungiAGerarchiaEsistenteDaModificaGUI$1.val$materiale&gt; has type &lt;project.MODEL.Materiale&gt; in (AggiungiAGerarchiaEsistenteDaModificaGUI.java:0)
Field &lt;project.VIEW.AggiungiAGerarchiaEsistenteDaModificaGUI$2.val$materiale&gt; has type &lt;project.MODEL.Materiale&gt; in (AggiungiAGerarchiaEsistenteDaModificaGUI.java:0)
Field &lt;project.VIEW.AggiungiCategoriaAGerarchiaDaModificaGUI$1.val$materiale&gt; has type &lt;project.MODEL.Materiale&gt; in (AggiungiCategoriaAGerarchiaDaModificaGUI.java:0)
Field &lt;project.VIEW.AggiungiCategoriaAGerarchiaDaModificaGUI$1.val$supercategoria&gt; has type &lt;project.MODEL.Categoria&gt; in (AggiungiCategoriaAGerarchiaDaModificaGUI.java:0)
Field &lt;project.VIEW.AggiungiCategoriaAGerarchiaDaModificaGUI$2.val$materiale&gt; has type &lt;project.MODEL.Materiale&gt; in (AggiungiCategoriaAGerarchiaDaModificaGUI.java:0)
Field &lt;project.VIEW.AggiungiCategoriaAGerarchiaDaModificaGUI$3.val$materiale&gt; has type &lt;project.MODEL.Materiale&gt; in (AggiungiCategoriaAGerarchiaDaModificaGUI.java:0)
Field &lt;project.VIEW.AggiungiCategoriaDaModificaGUI$1.val$materiale&gt; has type &lt;project.MODEL.Materiale&gt; in (AggiungiCategoriaDaModificaGUI.java:0)
Field &lt;project.VIEW.AggiungiCategoriaDaModificaGUI$2.val$materiale&gt; has type &lt;project.MODEL.Materiale&gt; in (AggiungiCategoriaDaModificaGUI.java:0)
Field &lt;project.VIEW.AggiungiCategoriaDaModificaGUI$3.val$materiale&gt; has type &lt;project.MODEL.Materiale&gt; in (AggiungiCategoriaDaModificaGUI.java:0)
Field &lt;project.VIEW.AggiungiCategoriaEsistenteDaModificaGUI$1.val$materiale&gt; has type &lt;project.MODEL.Materiale&gt; in (AggiungiCategoriaEsistenteDaModificaGUI.java:0)
Field &lt;project.VIEW.AggiungiCategoriaEsistenteDaModificaGUI$2.val$materiale&gt; has type &lt;project.MODEL.Materiale&gt; in (AggiungiCategoriaEsistenteDaModificaGUI.java:0)
Field &lt;project.VIEW.AggiungiCategoriaNuovaDaModificaGUI$1.val$materiale&gt; has type &lt;project.MODEL.Materiale&gt; in (AggiungiCategoriaNuovaDaModificaGUI.java:0)
Field &lt;project.VIEW.AggiungiCategoriaNuovaDaModificaGUI$2.val$materiale&gt; has type &lt;project.MODEL.Materiale&gt; in (AggiungiCategoriaNuovaDaModificaGUI.java:0)
Field &lt;project.VIEW.AggiungiGerarchiaNuovaDaModificaGUI$1.val$materiale&gt; has type &lt;project.MODEL.Materiale&gt; in (AggiungiGerarchiaNuovaDaModificaGUI.java:0)
Field &lt;project.VIEW.AggiungiGerarchiaNuovaDaModificaGUI$2.val$materiale&gt; has type &lt;project.MODEL.Materiale&gt; in (AggiungiGerarchiaNuovaDaModificaGUI.java:0)
Field &lt;project.VIEW.AggiuntaAGerarchiaEsistenteGUI$1.val$materiale&gt; has type &lt;project.MODEL.Materiale&gt; in (AggiuntaAGerarchiaEsistenteGUI.java:0)
Field &lt;project.VIEW.AggiuntaAGerarchiaEsistenteGUI$2.val$materiale&gt; has type &lt;project.MODEL.Materiale&gt; in (AggiuntaAGerarchiaEsistenteGUI.java:0)
Field &lt;project.VIEW.AggiuntaCategoriaAGerarchiaGUI$1.val$materiale&gt; has type &lt;project.MODEL.Materiale&gt; in (AggiuntaCategoriaAGerarchiaGUI.java:0)
Field &lt;project.VIEW.AggiuntaCategoriaAGerarchiaGUI$1.val$supercategoria&gt; has type &lt;project.MODEL.Categoria&gt; in (AggiuntaCategoriaAGerarchiaGUI.java:0)
Field &lt;project.VIEW.AggiuntaCategoriaAGerarchiaGUI$3.val$materiale&gt; has type &lt;project.MODEL.Materiale&gt; in (AggiuntaCategoriaAGerarchiaGUI.java:0)
Field &lt;project.VIEW.AggiuntaCategoriaEsistenteGUI$1.val$materiale&gt; has type &lt;project.MODEL.Materiale&gt; in (AggiuntaCategoriaEsistenteGUI.java:0)
Field &lt;project.VIEW.AggiuntaCategoriaEsistenteGUI$2.val$materiale&gt; has type &lt;project.MODEL.Materiale&gt; in (AggiuntaCategoriaEsistenteGUI.java:0)
Field &lt;project.VIEW.AggiuntaCategoriaGUI$1.val$materiale&gt; has type &lt;project.MODEL.Materiale&gt; in (AggiuntaCategoriaGUI.java:0)
Field &lt;project.VIEW.AggiuntaCategoriaGUI$2.val$materiale&gt; has type &lt;project.MODEL.Materiale&gt; in (AggiuntaCategoriaGUI.java:0)
Field &lt;project.VIEW.AggiuntaCategoriaGUI$3.val$materiale&gt; has type &lt;project.MODEL.Materiale&gt; in (AggiuntaCategoriaGUI.java:0)
Field &lt;project.VIEW.AggiuntaCategoriaNuovaGUI$1.val$materiale&gt; has type &lt;project.MODEL.Materiale&gt; in (AggiuntaCategoriaNuovaGUI.java:0)
Field &lt;project.VIEW.AggiuntaCategoriaNuovaGUI$2.val$materiale&gt; has type &lt;project.MODEL.Materiale&gt; in (AggiuntaCategoriaNuovaGUI.java:0)
Field &lt;project.VIEW.AggiuntaCitazioneDaModificaGUI$1.val$materialeCitante&gt; has type &lt;project.MODEL.Materiale&gt; in (AggiuntaCitazioneDaModificaGUI.java:0)
Field &lt;project.VIEW.AggiuntaCitazioneDaModificaGUI$2.val$materialeCitante&gt; has type &lt;project.MODEL.Materiale&gt; in (AggiuntaCitazioneDaModificaGUI.java:0)
Field &lt;project.VIEW.AggiuntaCitazioneGUI$1.val$materialeCitante&gt; has type &lt;project.MODEL.Materiale&gt; in (AggiuntaCitazioneGUI.java:0)
Field &lt;project.VIEW.AggiuntaGerarchiaNuovaGUI$1.val$materiale&gt; has type &lt;project.MODEL.Materiale&gt; in (AggiuntaGerarchiaNuovaGUI.java:0)
Field &lt;project.VIEW.AggiuntaGerarchiaNuovaGUI$2.val$materiale&gt; has type &lt;project.MODEL.Materiale&gt; in (AggiuntaGerarchiaNuovaGUI.java:0)
Field &lt;project.VIEW.AggiuntaParolaChiaveGUI$1.val$materiale&gt; has type &lt;project.MODEL.Materiale&gt; in (AggiuntaParolaChiaveGUI.java:0)
Field &lt;project.VIEW.AggiuntaParolaChiaveGUI$2.val$materiale&gt; has type &lt;project.MODEL.Materiale&gt; in (AggiuntaParolaChiaveGUI.java:0)
Field &lt;project.VIEW.ModificaAutoreADMINGUI$1.val$autore&gt; has type &lt;project.MODEL.Autore&gt; in (ModificaAutoreADMINGUI.java:0)
Field &lt;project.VIEW.ModificaCategorieGUI$1.val$materiale&gt; has type &lt;project.MODEL.Materiale&gt; in (ModificaCategorieGUI.java:0)
Field &lt;project.VIEW.ModificaCategorieGUI$2.val$materiale&gt; has type &lt;project.MODEL.Materiale&gt; in (ModificaCategorieGUI.java:0)
Field &lt;project.VIEW.ModificaCitazioneGUI$1.val$materiale&gt; has type &lt;project.MODEL.Materiale&gt; in (ModificaCitazioneGUI.java:0)
Field &lt;project.VIEW.ModificaCitazioneGUI$2.val$materiale&gt; has type &lt;project.MODEL.Materiale&gt; in (ModificaCitazioneGUI.java:0)
Field &lt;project.VIEW.ModificaParoleAssociateGUI$1.val$materiale&gt; has type &lt;project.MODEL.Materiale&gt; in (ModificaParoleAssociateGUI.java:0)
Field &lt;project.VIEW.ModificaParoleAssociateGUI$2.val$materiale&gt; has type &lt;project.MODEL.Materiale&gt; in (ModificaParoleAssociateGUI.java:0)
Field &lt;project.struttureDiAppoggio.RigaTabellaArticoloSuConferenza.articoloSuConferenza&gt; has type &lt;project.MODEL.ArticoloSuConferenza&gt; in (RigaTabellaArticoloSuConferenza.java:0)
Field &lt;project.struttureDiAppoggio.RigaTabellaArticoloSuRivista.articoloSuRivista&gt; has type &lt;project.MODEL.ArticoloSuRivista&gt; in (RigaTabellaArticoloSuRivista.java:0)
Field &lt;project.struttureDiAppoggio.RigaTabellaDataset.dataset&gt; has type &lt;project.MODEL.Dataset&gt; in (RigaTabellaDataset.java:0)
Field &lt;project.struttureDiAppoggio.RigaTabellaLibro.libro&gt; has type &lt;project.MODEL.Libro&gt; in (RigaTabellaLibro.java:0)
Field &lt;project.struttureDiAppoggio.RigaTabellaMateriale.autore&gt; has type &lt;project.MODEL.Autore&gt; in (RigaTabellaMateriale.java:0)
Field &lt;project.struttureDiAppoggio.RigaTabellaMateriale.materiale&gt; has type &lt;project.MODEL.Materiale&gt; in (RigaTabellaMateriale.java:0)
Field &lt;project.struttureDiAppoggio.RigaTabellaMateriale.pubblicazione&gt; has type &lt;project.MODEL.Pubblicazione&gt; in (RigaTabellaMateriale.java:0)
Field &lt;project.struttureDiAppoggio.RigaTabellaRisorsaOnline.risorsaOnline&gt; has type &lt;project.MODEL.RisorsaOnline&gt; in (RigaTabellaRisorsaOnline.java:0)
Method &lt;project.CONTROLLER.Controller.aggiungiCitazione(project.MODEL.Citazione)&gt; calls method &lt;project.MODEL.Citazione.getMaterialeCitante()&gt; in (Controller.java:1055)
Method &lt;project.CONTROLLER.Controller.aggiungiCitazione(project.MODEL.Citazione)&gt; calls method &lt;project.MODEL.Citazione.getMaterialeCitato()&gt; in (Controller.java:1055)
Method &lt;project.CONTROLLER.Controller.aggiungiCitazione(project.MODEL.Citazione)&gt; calls method &lt;project.MODEL.Materiale.getTitolo()&gt; in (Controller.java:1055)
Method &lt;project.CONTROLLER.Controller.aggiungiCitazione(project.MODEL.Citazione)&gt; has parameter of type &lt;project.MODEL.Citazione&gt; in (Controller.java:0)
Method &lt;project.CONTROLLER.Controller.associaCategoria(project.MODEL.Materiale, project.MODEL.Categoria)&gt; calls constructor &lt;project.MODEL.CategoriaDiAppartenenza.&lt;init&gt;(project.MODEL.Categoria, project.MODEL.Materiale)&gt; in (Controller.java:1028)
Method &lt;project.CONTROLLER.Controller.associaCategoria(project.MODEL.Materiale, project.MODEL.Categoria)&gt; has parameter of type &lt;project.MODEL.Categoria&gt; in (Controller.java:0)
Method &lt;project.CONTROLLER.Controller.associaCategoria(project.MODEL.Materiale, project.MODEL.Categoria)&gt; has parameter of type &lt;project.MODEL.Materiale&gt; in (Controller.java:0)
Method &lt;project.CONTROLLER.Controller.associaCategoriaAGerarchia(project.MODEL.Materiale, project.MODEL.Categoria)&gt; calls constructor &lt;project.MODEL.CategoriaDiAppartenenza.&lt;init&gt;(project.MODEL.Categoria, project.MODEL.Materiale)&gt; in (Controller.java:1089)
Method &lt;project.CONTROLLER.Controller.associaCategoriaAGerarchia(project.MODEL.Materiale, project.MODEL.Categoria)&gt; has parameter of type &lt;project.MODEL.Categoria&gt; in (Controller.java:0)
Method &lt;project.CONTROLLER.Controller.associaCategoriaAGerarchia(project.MODEL.Materiale, project.MODEL.Categoria)&gt; has parameter of type &lt;project.MODEL.Materiale&gt; in (Controller.java:0)
Method &lt;project.CONTROLLER.Controller.associaCategoriaEsistente(project.MODEL.Materiale, project.MODEL.Categoria)&gt; calls constructor &lt;project.MODEL.CategoriaDiAppartenenza.&lt;init&gt;(project.MODEL.Categoria, project.MODEL.Materiale)&gt; in (Controller.java:1072)
Method &lt;project.CONTROLLER.Controller.associaCategoriaEsistente(project.MODEL.Materiale, project.MODEL.Categoria)&gt; has parameter of type &lt;project.MODEL.Categoria&gt; in (Controller.java:0)
Method &lt;project.CONTROLLER.Controller.associaCategoriaEsistente(project.MODEL.Materiale, project.MODEL.Categoria)&gt; has parameter of type &lt;project.MODEL.Materiale&gt; in (Controller.java:0)
Method &lt;project.CONTROLLER.Controller.associaParola(project.MODEL.Materiale, project.MODEL.ParolaChiave)&gt; calls constructor &lt;project.MODEL.ParolaChiaveDelMateriale.&lt;init&gt;(project.MODEL.Materiale, project.MODEL.ParolaChiave)&gt; in (Controller.java:1001)
Method &lt;project.CONTROLLER.Controller.associaParola(project.MODEL.Materiale, project.MODEL.ParolaChiave)&gt; calls constructor &lt;project.MODEL.ParolaChiaveDelMateriale.&lt;init&gt;(project.MODEL.Materiale, project.MODEL.ParolaChiave)&gt; in (Controller.java:991)
Method &lt;project.CONTROLLER.Controller.associaParola(project.MODEL.Materiale, project.MODEL.ParolaChiave)&gt; calls method &lt;project.MODEL.ParolaChiave.getParola()&gt; in (Controller.java:983)
Method &lt;project.CONTROLLER.Controller.associaParola(project.MODEL.Materiale, project.MODEL.ParolaChiave)&gt; has parameter of type &lt;project.MODEL.Materiale&gt; in (Controller.java:0)
Method &lt;project.CONTROLLER.Controller.associaParola(project.MODEL.Materiale, project.MODEL.ParolaChiave)&gt; has parameter of type &lt;project.MODEL.ParolaChiave&gt; in (Controller.java:0)
Method &lt;project.CONTROLLER.Controller.chiediAggiunta(project.MODEL.Materiale)&gt; has parameter of type &lt;project.MODEL.Materiale&gt; in (Controller.java:0)
Method &lt;project.CONTROLLER.Controller.chiediCategoria(project.MODEL.Materiale)&gt; has parameter of type &lt;project.MODEL.Materiale&gt; in (Controller.java:0)
Method &lt;project.CONTROLLER.Controller.chiediCitazioni(project.MODEL.Materiale)&gt; has parameter of type &lt;project.MODEL.Materiale&gt; in (Controller.java:0)
Method &lt;project.CONTROLLER.Controller.chiediParolaChiave(project.MODEL.Materiale)&gt; has parameter of type &lt;project.MODEL.Materiale&gt; in (Controller.java:0)
Method &lt;project.CONTROLLER.Controller.eliminaAutore(project.MODEL.Autore)&gt; calls method &lt;project.MODEL.Autore.getCognome()&gt; in (Controller.java:292)
Method &lt;project.CONTROLLER.Controller.eliminaAutore(project.MODEL.Autore)&gt; calls method &lt;project.MODEL.Autore.getNome()&gt; in (Controller.java:292)
Method &lt;project.CONTROLLER.Controller.eliminaAutore(project.MODEL.Autore)&gt; has parameter of type &lt;project.MODEL.Autore&gt; in (Controller.java:0)
Method &lt;project.CONTROLLER.Controller.eliminaCategoria(project.MODEL.Materiale, project.MODEL.Categoria)&gt; calls constructor &lt;project.MODEL.CategoriaDiAppartenenza.&lt;init&gt;(project.MODEL.Categoria, project.MODEL.Materiale)&gt; in (Controller.java:1044)
Method &lt;project.CONTROLLER.Controller.eliminaCategoria(project.MODEL.Materiale, project.MODEL.Categoria)&gt; has parameter of type &lt;project.MODEL.Categoria&gt; in (Controller.java:0)
Method &lt;project.CONTROLLER.Controller.eliminaCategoria(project.MODEL.Materiale, project.MODEL.Categoria)&gt; has parameter of type &lt;project.MODEL.Materiale&gt; in (Controller.java:0)
Method &lt;project.CONTROLLER.Controller.eliminaCitazione(project.MODEL.Citazione)&gt; has parameter of type &lt;project.MODEL.Citazione&gt; in (Controller.java:0)
Method &lt;project.CONTROLLER.Controller.eliminaMateriale(project.MODEL.Materiale)&gt; calls method &lt;project.MODEL.Materiale.getTitolo()&gt; in (Controller.java:1109)
Method &lt;project.CONTROLLER.Controller.eliminaMateriale(project.MODEL.Materiale)&gt; has parameter of type &lt;project.MODEL.Materiale&gt; in (Controller.java:0)
Method &lt;project.CONTROLLER.Controller.eliminaParolaChiave(project.MODEL.ParolaChiave, project.MODEL.Materiale)&gt; calls constructor &lt;project.MODEL.ParolaChiaveDelMateriale.&lt;init&gt;(project.MODEL.Materiale, project.MODEL.ParolaChiave)&gt; in (Controller.java:1013)
Method &lt;project.CONTROLLER.Controller.eliminaParolaChiave(project.MODEL.ParolaChiave, project.MODEL.Materiale)&gt; has parameter of type &lt;project.MODEL.Materiale&gt; in (Controller.java:0)
Method &lt;project.CONTROLLER.Controller.eliminaParolaChiave(project.MODEL.ParolaChiave, project.MODEL.Materiale)&gt; has parameter of type &lt;project.MODEL.ParolaChiave&gt; in (Controller.java:0)
Method &lt;project.CONTROLLER.Controller.getAutore()&gt; has return type &lt;project.MODEL.Autore&gt; in (Controller.java:0)
Method &lt;project.CONTROLLER.Controller.inserisciArticoloSuConferenza(project.MODEL.ArticoloSuConferenza)&gt; calls method &lt;project.MODEL.ArticoloSuConferenza.getConferenza()&gt; in (Controller.java:850)
Method &lt;project.CONTROLLER.Controller.inserisciArticoloSuConferenza(project.MODEL.ArticoloSuConferenza)&gt; calls method &lt;project.MODEL.ArticoloSuConferenza.getConferenza()&gt; in (Controller.java:853)
Method &lt;project.CONTROLLER.Controller.inserisciArticoloSuConferenza(project.MODEL.ArticoloSuConferenza)&gt; calls method &lt;project.MODEL.ArticoloSuConferenza.getConferenza()&gt; in (Controller.java:880)
Method &lt;project.CONTROLLER.Controller.inserisciArticoloSuConferenza(project.MODEL.ArticoloSuConferenza)&gt; calls method &lt;project.MODEL.ArticoloSuConferenza.getConferenza()&gt; in (Controller.java:881)
Method &lt;project.CONTROLLER.Controller.inserisciArticoloSuConferenza(project.MODEL.ArticoloSuConferenza)&gt; calls method &lt;project.MODEL.ArticoloSuConferenza.getDoi()&gt; in (Controller.java:874)
Method &lt;project.CONTROLLER.Controller.inserisciArticoloSuConferenza(project.MODEL.ArticoloSuConferenza)&gt; calls method &lt;project.MODEL.ArticoloSuConferenza.getDoi()&gt; in (Controller.java:875)
Method &lt;project.CONTROLLER.Controller.inserisciArticoloSuConferenza(project.MODEL.ArticoloSuConferenza)&gt; calls method &lt;project.MODEL.ArticoloSuConferenza.getTitolo()&gt; in (Controller.java:850)
Method &lt;project.CONTROLLER.Controller.inserisciArticoloSuConferenza(project.MODEL.ArticoloSuConferenza)&gt; calls method &lt;project.MODEL.ArticoloSuConferenza.getTitolo()&gt; in (Controller.java:869)
Method &lt;project.CONTROLLER.Controller.inserisciArticoloSuConferenza(project.MODEL.ArticoloSuConferenza)&gt; calls method &lt;project.MODEL.Conferenza.getDataConferenza()&gt; in (Controller.java:853)
Method &lt;project.CONTROLLER.Controller.inserisciArticoloSuConferenza(project.MODEL.ArticoloSuConferenza)&gt; calls method &lt;project.MODEL.Conferenza.getTitolo()&gt; in (Controller.java:850)
Method &lt;project.CONTROLLER.Controller.inserisciArticoloSuConferenza(project.MODEL.ArticoloSuConferenza)&gt; has parameter of type &lt;project.MODEL.ArticoloSuConferenza&gt; in (Controller.java:0)
Method &lt;project.CONTROLLER.Controller.inserisciArticoloSuRivista(project.MODEL.ArticoloSuRivista)&gt; calls method &lt;project.MODEL.ArticoloSuRivista.getDoi()&gt; in (Controller.java:919)
Method &lt;project.CONTROLLER.Controller.inserisciArticoloSuRivista(project.MODEL.ArticoloSuRivista)&gt; calls method &lt;project.MODEL.ArticoloSuRivista.getDoi()&gt; in (Controller.java:920)
Method &lt;project.CONTROLLER.Controller.inserisciArticoloSuRivista(project.MODEL.ArticoloSuRivista)&gt; calls method &lt;project.MODEL.ArticoloSuRivista.getRivista()&gt; in (Controller.java:895)
Method &lt;project.CONTROLLER.Controller.inserisciArticoloSuRivista(project.MODEL.ArticoloSuRivista)&gt; calls method &lt;project.MODEL.ArticoloSuRivista.getRivista()&gt; in (Controller.java:898)
Method &lt;project.CONTROLLER.Controller.inserisciArticoloSuRivista(project.MODEL.ArticoloSuRivista)&gt; calls method &lt;project.MODEL.ArticoloSuRivista.getRivista()&gt; in (Controller.java:901)
Method &lt;project.CONTROLLER.Controller.inserisciArticoloSuRivista(project.MODEL.ArticoloSuRivista)&gt; calls method &lt;project.MODEL.ArticoloSuRivista.getRivista()&gt; in (Controller.java:925)
Method &lt;project.CONTROLLER.Controller.inserisciArticoloSuRivista(project.MODEL.ArticoloSuRivista)&gt; calls method &lt;project.MODEL.ArticoloSuRivista.getRivista()&gt; in (Controller.java:926)
Method &lt;project.CONTROLLER.Controller.inserisciArticoloSuRivista(project.MODEL.ArticoloSuRivista)&gt; calls method &lt;project.MODEL.ArticoloSuRivista.getRivista()&gt; in (Controller.java:931)
Method &lt;project.CONTROLLER.Controller.inserisciArticoloSuRivista(project.MODEL.ArticoloSuRivista)&gt; calls method &lt;project.MODEL.ArticoloSuRivista.getRivista()&gt; in (Controller.java:932)
Method &lt;project.CONTROLLER.Controller.inserisciArticoloSuRivista(project.MODEL.ArticoloSuRivista)&gt; calls method &lt;project.MODEL.ArticoloSuRivista.getRivista()&gt; in (Controller.java:933)
Method &lt;project.CONTROLLER.Controller.inserisciArticoloSuRivista(project.MODEL.ArticoloSuRivista)&gt; calls method &lt;project.MODEL.ArticoloSuRivista.getRivista()&gt; in (Controller.java:938)
Method &lt;project.CONTROLLER.Controller.inserisciArticoloSuRivista(project.MODEL.ArticoloSuRivista)&gt; calls method &lt;project.MODEL.ArticoloSuRivista.getRivista()&gt; in (Controller.java:939)
Method &lt;project.CONTROLLER.Controller.inserisciArticoloSuRivista(project.MODEL.ArticoloSuRivista)&gt; calls method &lt;project.MODEL.ArticoloSuRivista.getTitolo()&gt; in (Controller.java:895)
Method &lt;project.CONTROLLER.Controller.inserisciArticoloSuRivista(project.MODEL.ArticoloSuRivista)&gt; calls method &lt;project.MODEL.ArticoloSuRivista.getTitolo()&gt; in (Controller.java:914)
Method &lt;project.CONTROLLER.Controller.inserisciArticoloSuRivista(project.MODEL.ArticoloSuRivista)&gt; calls method &lt;project.MODEL.ArticoloSuRivista.getTitolo()&gt; in (Controller.java:915)
Method &lt;project.CONTROLLER.Controller.inserisciArticoloSuRivista(project.MODEL.ArticoloSuRivista)&gt; calls method &lt;project.MODEL.Rivista.getIssn()&gt; in (Controller.java:895)
Method &lt;project.CONTROLLER.Controller.inserisciArticoloSuRivista(project.MODEL.ArticoloSuRivista)&gt; calls method &lt;project.MODEL.Rivista.getIssn()&gt; in (Controller.java:898)
Method &lt;project.CONTROLLER.Controller.inserisciArticoloSuRivista(project.MODEL.ArticoloSuRivista)&gt; calls method &lt;project.MODEL.Rivista.getIssn()&gt; in (Controller.java:901)
Method &lt;project.CONTROLLER.Controller.inserisciArticoloSuRivista(project.MODEL.ArticoloSuRivista)&gt; calls method &lt;project.MODEL.Rivista.getIssn()&gt; in (Controller.java:925)
Method &lt;project.CONTROLLER.Controller.inserisciArticoloSuRivista(project.MODEL.ArticoloSuRivista)&gt; calls method &lt;project.MODEL.Rivista.getIssn()&gt; in (Controller.java:926)
Method &lt;project.CONTROLLER.Controller.inserisciArticoloSuRivista(project.MODEL.ArticoloSuRivista)&gt; calls method &lt;project.MODEL.Rivista.getTitolo()&gt; in (Controller.java:895)
Method &lt;project.CONTROLLER.Controller.inserisciArticoloSuRivista(project.MODEL.ArticoloSuRivista)&gt; calls method &lt;project.MODEL.Rivista.getTitolo()&gt; in (Controller.java:931)
Method &lt;project.CONTROLLER.Controller.inserisciArticoloSuRivista(project.MODEL.ArticoloSuRivista)&gt; calls method &lt;project.MODEL.Rivista.getTitolo()&gt; in (Controller.java:932)
Method &lt;project.CONTROLLER.Controller.inserisciArticoloSuRivista(project.MODEL.ArticoloSuRivista)&gt; calls method &lt;project.MODEL.Rivista.getTitolo()&gt; in (Controller.java:933)
Method &lt;project.CONTROLLER.Controller.inserisciArticoloSuRivista(project.MODEL.ArticoloSuRivista)&gt; has parameter of type &lt;project.MODEL.ArticoloSuRivista&gt; in (Controller.java:0)
Method &lt;project.CONTROLLER.Controller.inserisciDataset(project.MODEL.Dataset)&gt; calls method &lt;project.MODEL.Dataset.getDoi()&gt; in (Controller.java:797)
Method &lt;project.CONTROLLER.Controller.inserisciDataset(project.MODEL.Dataset)&gt; calls method &lt;project.MODEL.Dataset.getDoi()&gt; in (Controller.java:798)
Method &lt;project.CONTROLLER.Controller.inserisciDataset(project.MODEL.Dataset)&gt; calls method &lt;project.MODEL.Dataset.getTitolo()&gt; in (Controller.java:780)
Method &lt;project.CONTROLLER.Controller.inserisciDataset(project.MODEL.Dataset)&gt; calls method &lt;project.MODEL.Dataset.getTitolo()&gt; in (Controller.java:792)
Method &lt;project.CONTROLLER.Controller.inserisciDataset(project.MODEL.Dataset)&gt; calls method &lt;project.MODEL.Dataset.getUrl()&gt; in (Controller.java:780)
Method &lt;project.CONTROLLER.Controller.inserisciDataset(project.MODEL.Dataset)&gt; calls method &lt;project.MODEL.Dataset.getUrl()&gt; in (Controller.java:803)
Method &lt;project.CONTROLLER.Controller.inserisciDataset(project.MODEL.Dataset)&gt; has parameter of type &lt;project.MODEL.Dataset&gt; in (Controller.java:0)
Method &lt;project.CONTROLLER.Controller.inserisciLibro(project.MODEL.Libro)&gt; calls method &lt;project.MODEL.Libro.getDoi()&gt; in (Controller.java:762)
Method &lt;project.CONTROLLER.Controller.inserisciLibro(project.MODEL.Libro)&gt; calls method &lt;project.MODEL.Libro.getDoi()&gt; in (Controller.java:763)
Method &lt;project.CONTROLLER.Controller.inserisciLibro(project.MODEL.Libro)&gt; calls method &lt;project.MODEL.Libro.getEditore()&gt; in (Controller.java:745)
Method &lt;project.CONTROLLER.Controller.inserisciLibro(project.MODEL.Libro)&gt; calls method &lt;project.MODEL.Libro.getIsbn()&gt; in (Controller.java:745)
Method &lt;project.CONTROLLER.Controller.inserisciLibro(project.MODEL.Libro)&gt; calls method &lt;project.MODEL.Libro.getIsbn()&gt; in (Controller.java:768)
Method &lt;project.CONTROLLER.Controller.inserisciLibro(project.MODEL.Libro)&gt; calls method &lt;project.MODEL.Libro.getTitolo()&gt; in (Controller.java:745)
Method &lt;project.CONTROLLER.Controller.inserisciLibro(project.MODEL.Libro)&gt; calls method &lt;project.MODEL.Libro.getTitolo()&gt; in (Controller.java:757)
Method &lt;project.CONTROLLER.Controller.inserisciLibro(project.MODEL.Libro)&gt; has parameter of type &lt;project.MODEL.Libro&gt; in (Controller.java:0)
Method &lt;project.CONTROLLER.Controller.inserisciRisorsaOnline(project.MODEL.RisorsaOnline)&gt; calls method &lt;project.MODEL.RisorsaOnline.getDoi()&gt; in (Controller.java:832)
Method &lt;project.CONTROLLER.Controller.inserisciRisorsaOnline(project.MODEL.RisorsaOnline)&gt; calls method &lt;project.MODEL.RisorsaOnline.getDoi()&gt; in (Controller.java:833)
Method &lt;project.CONTROLLER.Controller.inserisciRisorsaOnline(project.MODEL.RisorsaOnline)&gt; calls method &lt;project.MODEL.RisorsaOnline.getTitolo()&gt; in (Controller.java:815)
Method &lt;project.CONTROLLER.Controller.inserisciRisorsaOnline(project.MODEL.RisorsaOnline)&gt; calls method &lt;project.MODEL.RisorsaOnline.getTitolo()&gt; in (Controller.java:827)
Method &lt;project.CONTROLLER.Controller.inserisciRisorsaOnline(project.MODEL.RisorsaOnline)&gt; calls method &lt;project.MODEL.RisorsaOnline.getUrl()&gt; in (Controller.java:815)
Method &lt;project.CONTROLLER.Controller.inserisciRisorsaOnline(project.MODEL.RisorsaOnline)&gt; calls method &lt;project.MODEL.RisorsaOnline.getUrl()&gt; in (Controller.java:838)
Method &lt;project.CONTROLLER.Controller.inserisciRisorsaOnline(project.MODEL.RisorsaOnline)&gt; has parameter of type &lt;project.MODEL.RisorsaOnline&gt; in (Controller.java:0)
Method &lt;project.CONTROLLER.Controller.loginAutore(java.lang.String, java.lang.String)&gt; calls method &lt;project.MODEL.Autore.getCognome()&gt; in (Controller.java:683)
Method &lt;project.CONTROLLER.Controller.loginAutore(java.lang.String, java.lang.String)&gt; calls method &lt;project.MODEL.Autore.getNome()&gt; in (Controller.java:683)
Method &lt;project.CONTROLLER.Controller.modificaAutore(project.MODEL.Autore)&gt; has parameter of type &lt;project.MODEL.Autore&gt; in (Controller.java:0)
Method &lt;project.CONTROLLER.Controller.modificaMateriale(project.MODEL.Materiale)&gt; calls method &lt;project.MODEL.Materiale.getTipo()&gt; in (Controller.java:1122)
Method &lt;project.CONTROLLER.Controller.modificaMateriale(project.MODEL.Materiale)&gt; calls method &lt;project.MODEL.Materiale.getTitolo()&gt; in (Controller.java:1124)
Method &lt;project.CONTROLLER.Controller.modificaMateriale(project.MODEL.Materiale)&gt; calls method &lt;project.MODEL.Materiale.getTitolo()&gt; in (Controller.java:1129)
Method &lt;project.CONTROLLER.Controller.modificaMateriale(project.MODEL.Materiale)&gt; calls method &lt;project.MODEL.Materiale.getTitolo()&gt; in (Controller.java:1134)
Method &lt;project.CONTROLLER.Controller.modificaMateriale(project.MODEL.Materiale)&gt; calls method &lt;project.MODEL.Materiale.getTitolo()&gt; in (Controller.java:1139)
Method &lt;project.CONTROLLER.Controller.modificaMateriale(project.MODEL.Materiale)&gt; calls method &lt;project.MODEL.Materiale.getTitolo()&gt; in (Controller.java:1144)
Method &lt;project.CONTROLLER.Controller.modificaMateriale(project.MODEL.Materiale)&gt; has parameter of type &lt;project.MODEL.Materiale&gt; in (Controller.java:0)
Method &lt;project.CONTROLLER.Controller.openAggiungiCategoriaAGerarchiaDaModifica(project.MODEL.Materiale, project.MODEL.Categoria)&gt; has parameter of type &lt;project.MODEL.Categoria&gt; in (Controller.java:0)
Method &lt;project.CONTROLLER.Controller.openAggiungiCategoriaAGerarchiaDaModifica(project.MODEL.Materiale, project.MODEL.Categoria)&gt; has parameter of type &lt;project.MODEL.Materiale&gt; in (Controller.java:0)
Method &lt;project.CONTROLLER.Controller.openAggiungiCategoriaDaModifica(project.MODEL.Materiale)&gt; has parameter of type &lt;project.MODEL.Materiale&gt; in (Controller.java:0)
Method &lt;project.CONTROLLER.Controller.openAggiungiCategoriaEsistente(project.MODEL.Materiale)&gt; has parameter of type &lt;project.MODEL.Materiale&gt; in (Controller.java:0)
Method &lt;project.CONTROLLER.Controller.openAggiungiCategoriaEsistenteDaModifica(project.MODEL.Materiale)&gt; has parameter of type &lt;project.MODEL.Materiale&gt; in (Controller.java:0)
Method &lt;project.CONTROLLER.Controller.openAggiungiCategoriaNuovaDaModifica(project.MODEL.Materiale)&gt; has parameter of type &lt;project.MODEL.Materiale&gt; in (Controller.java:0)
Method &lt;project.CONTROLLER.Controller.openAggiuntaAGerarchiaEsistente(project.MODEL.Materiale)&gt; has parameter of type &lt;project.MODEL.Materiale&gt; in (Controller.java:0)
Method &lt;project.CONTROLLER.Controller.openAggiuntaAGerarchiaEsistenteDaModifica(project.MODEL.Materiale)&gt; has parameter of type &lt;project.MODEL.Materiale&gt; in (Controller.java:0)
Method &lt;project.CONTROLLER.Controller.openAggiuntaCategoria(project.MODEL.Materiale)&gt; has parameter of type &lt;project.MODEL.Materiale&gt; in (Controller.java:0)
Method &lt;project.CONTROLLER.Controller.openAggiuntaCategoriaAGerarchia(project.MODEL.Materiale, project.MODEL.Categoria)&gt; has parameter of type &lt;project.MODEL.Categoria&gt; in (Controller.java:0)
Method &lt;project.CONTROLLER.Controller.openAggiuntaCategoriaAGerarchia(project.MODEL.Materiale, project.MODEL.Categoria)&gt; has parameter of type &lt;project.MODEL.Materiale&gt; in (Controller.java:0)
Method &lt;project.CONTROLLER.Controller.openAggiuntaCategoriaNuova(project.MODEL.Materiale)&gt; has parameter of type &lt;project.MODEL.Materiale&gt; in (Controller.java:0)
Method &lt;project.CONTROLLER.Controller.openAggiuntaCitazione(project.MODEL.Materiale)&gt; has parameter of type &lt;project.MODEL.Materiale&gt; in (Controller.java:0)
Method &lt;project.CONTROLLER.Controller.openAggiuntaCitazioneDaModifica(project.MODEL.Materiale)&gt; has parameter of type &lt;project.MODEL.Materiale&gt; in (Controller.java:0)
Method &lt;project.CONTROLLER.Controller.openAggiuntaGerarchiaNuova(project.MODEL.Materiale)&gt; has parameter of type &lt;project.MODEL.Materiale&gt; in (Controller.java:0)
Method &lt;project.CONTROLLER.Controller.openAggiuntaGerarchiaNuovaDaModifica(project.MODEL.Materiale)&gt; has parameter of type &lt;project.MODEL.Materiale&gt; in (Controller.java:0)
Method &lt;project.CONTROLLER.Controller.openAggiuntaParolaChiave(project.MODEL.Materiale)&gt; has parameter of type &lt;project.MODEL.Materiale&gt; in (Controller.java:0)
Method &lt;project.CONTROLLER.Controller.openDettagliArticoloSuConferenza(project.MODEL.Materiale)&gt; calls method &lt;project.MODEL.Materiale.getTitolo()&gt; in (Controller.java:458)
Method &lt;project.CONTROLLER.Controller.openDettagliArticoloSuConferenza(project.MODEL.Materiale)&gt; has parameter of type &lt;project.MODEL.Materiale&gt; in (Controller.java:0)
Method &lt;project.CONTROLLER.Controller.openDettagliArticoloSuRivista(project.MODEL.Materiale)&gt; calls method &lt;project.MODEL.Materiale.getTitolo()&gt; in (Controller.java:450)
Method &lt;project.CONTROLLER.Controller.openDettagliArticoloSuRivista(project.MODEL.Materiale)&gt; has parameter of type &lt;project.MODEL.Materiale&gt; in (Controller.java:0)
Method &lt;project.CONTROLLER.Controller.openDettagliDataset(project.MODEL.Materiale)&gt; calls method &lt;project.MODEL.Materiale.getTitolo()&gt; in (Controller.java:433)
Method &lt;project.CONTROLLER.Controller.openDettagliDataset(project.MODEL.Materiale)&gt; has parameter of type &lt;project.MODEL.Materiale&gt; in (Controller.java:0)
Method &lt;project.CONTROLLER.Controller.openDettagliLibro(project.MODEL.Materiale)&gt; calls method &lt;project.MODEL.Materiale.getTitolo()&gt; in (Controller.java:425)
Method &lt;project.CONTROLLER.Controller.openDettagliLibro(project.MODEL.Materiale)&gt; has parameter of type &lt;project.MODEL.Materiale&gt; in (Controller.java:0)
Method &lt;project.CONTROLLER.Controller.openDettagliMateriale(project.MODEL.Materiale)&gt; calls method &lt;project.MODEL.Materiale.getTipo()&gt; in (Controller.java:228)
Method &lt;project.CONTROLLER.Controller.openDettagliMateriale(project.MODEL.Materiale)&gt; has parameter of type &lt;project.MODEL.Materiale&gt; in (Controller.java:0)
Method &lt;project.CONTROLLER.Controller.openDettagliRisorsaOnline(project.MODEL.Materiale)&gt; calls method &lt;project.MODEL.Materiale.getTitolo()&gt; in (Controller.java:442)
Method &lt;project.CONTROLLER.Controller.openDettagliRisorsaOnline(project.MODEL.Materiale)&gt; has parameter of type &lt;project.MODEL.Materiale&gt; in (Controller.java:0)
Method &lt;project.CONTROLLER.Controller.openModificaCategorie(project.MODEL.Materiale)&gt; calls method &lt;project.MODEL.Materiale.getTitolo()&gt; in (Controller.java:340)
Method &lt;project.CONTROLLER.Controller.openModificaCategorie(project.MODEL.Materiale)&gt; has parameter of type &lt;project.MODEL.Materiale&gt; in (Controller.java:0)
Method &lt;project.CONTROLLER.Controller.openModificaCitazioni(project.MODEL.Materiale)&gt; calls method &lt;project.MODEL.Materiale.getTitolo()&gt; in (Controller.java:400)
Method &lt;project.CONTROLLER.Controller.openModificaCitazioni(project.MODEL.Materiale)&gt; has parameter of type &lt;project.MODEL.Materiale&gt; in (Controller.java:0)
Method &lt;project.CONTROLLER.Controller.openModificaMateriale()&gt; calls method &lt;project.MODEL.Autore.getOrcid()&gt; in (Controller.java:208)
Method &lt;project.CONTROLLER.Controller.openModificaParoleChiave(project.MODEL.Materiale)&gt; calls method &lt;project.MODEL.Materiale.getTitolo()&gt; in (Controller.java:328)
Method &lt;project.CONTROLLER.Controller.openModificaParoleChiave(project.MODEL.Materiale)&gt; has parameter of type &lt;project.MODEL.Materiale&gt; in (Controller.java:0)
Method &lt;project.CONTROLLER.Controller.setAutore(project.MODEL.Autore)&gt; has parameter of type &lt;project.MODEL.Autore&gt; in (Controller.java:0)
Method &lt;project.CONTROLLER.Controller.updateArticoloSuConferenza(project.MODEL.ArticoloSuConferenza, project.MODEL.ArticoloSuConferenza)&gt; calls method &lt;project.MODEL.ArticoloSuConferenza.getConferenza()&gt; in (Controller.java:1293)
Method &lt;project.CONTROLLER.Controller.updateArticoloSuConferenza(project.MODEL.ArticoloSuConferenza, project.MODEL.ArticoloSuConferenza)&gt; calls method &lt;project.MODEL.ArticoloSuConferenza.getDoi()&gt; in (Controller.java:1285)
Method &lt;project.CONTROLLER.Controller.updateArticoloSuConferenza(project.MODEL.ArticoloSuConferenza, project.MODEL.ArticoloSuConferenza)&gt; calls method &lt;project.MODEL.ArticoloSuConferenza.getDoi()&gt; in (Controller.java:1286)
Method &lt;project.CONTROLLER.Controller.updateArticoloSuConferenza(project.MODEL.ArticoloSuConferenza, project.MODEL.ArticoloSuConferenza)&gt; calls method &lt;project.MODEL.ArticoloSuConferenza.getDoi()&gt; in (Controller.java:1287)
Method &lt;project.CONTROLLER.Controller.updateArticoloSuConferenza(project.MODEL.ArticoloSuConferenza, project.MODEL.ArticoloSuConferenza)&gt; calls method &lt;project.MODEL.ArticoloSuConferenza.getDoi()&gt; in (Controller.java:1288)
Method &lt;project.CONTROLLER.Controller.updateArticoloSuConferenza(project.MODEL.ArticoloSuConferenza, project.MODEL.ArticoloSuConferenza)&gt; calls method &lt;project.MODEL.ArticoloSuConferenza.getTitolo()&gt; in (Controller.java:1279)
Method &lt;project.CONTROLLER.Controller.updateArticoloSuConferenza(project.MODEL.ArticoloSuConferenza, project.MODEL.ArticoloSuConferenza)&gt; calls method &lt;project.MODEL.ArticoloSuConferenza.getTitolo()&gt; in (Controller.java:1280)
Method &lt;project.CONTROLLER.Controller.updateArticoloSuConferenza(project.MODEL.ArticoloSuConferenza, project.MODEL.ArticoloSuConferenza)&gt; has parameter of type &lt;project.MODEL.ArticoloSuConferenza&gt; in (Controller.java:0)
Method &lt;project.CONTROLLER.Controller.updateArticoloSuRivista(project.MODEL.ArticoloSuRivista, project.MODEL.ArticoloSuRivista)&gt; calls method &lt;project.MODEL.ArticoloSuRivista.getDoi()&gt; in (Controller.java:1311)
Method &lt;project.CONTROLLER.Controller.updateArticoloSuRivista(project.MODEL.ArticoloSuRivista, project.MODEL.ArticoloSuRivista)&gt; calls method &lt;project.MODEL.ArticoloSuRivista.getDoi()&gt; in (Controller.java:1312)
Method &lt;project.CONTROLLER.Controller.updateArticoloSuRivista(project.MODEL.ArticoloSuRivista, project.MODEL.ArticoloSuRivista)&gt; calls method &lt;project.MODEL.ArticoloSuRivista.getDoi()&gt; in (Controller.java:1313)
Method &lt;project.CONTROLLER.Controller.updateArticoloSuRivista(project.MODEL.ArticoloSuRivista, project.MODEL.ArticoloSuRivista)&gt; calls method &lt;project.MODEL.ArticoloSuRivista.getDoi()&gt; in (Controller.java:1314)
Method &lt;project.CONTROLLER.Controller.updateArticoloSuRivista(project.MODEL.ArticoloSuRivista, project.MODEL.ArticoloSuRivista)&gt; calls method &lt;project.MODEL.ArticoloSuRivista.getRivista()&gt; in (Controller.java:1319)
Method &lt;project.CONTROLLER.Controller.updateArticoloSuRivista(project.MODEL.ArticoloSuRivista, project.MODEL.ArticoloSuRivista)&gt; calls method &lt;project.MODEL.ArticoloSuRivista.getTitolo()&gt; in (Controller.java:1305)
Method &lt;project.CONTROLLER.Controller.updateArticoloSuRivista(project.MODEL.ArticoloSuRivista, project.MODEL.ArticoloSuRivista)&gt; calls method &lt;project.MODEL.ArticoloSuRivista.getTitolo()&gt; in (Controller.java:1306)
Method &lt;project.CONTROLLER.Controller.updateArticoloSuRivista(project.MODEL.ArticoloSuRivista, project.MODEL.ArticoloSuRivista)&gt; has parameter of type &lt;project.MODEL.ArticoloSuRivista&gt; in (Controller.java:0)
Method &lt;project.CONTROLLER.Controller.updateAutore(java.lang.String, java.lang.String, java.lang.String, java.lang.String, java.lang.String, project.MODEL.Autore)&gt; has parameter of type &lt;project.MODEL.Autore&gt; in (Controller.java:0)
Method &lt;project.CONTROLLER.Controller.updateAutore(java.lang.String, java.lang.String, java.lang.String, java.lang.String, project.MODEL.Autore)&gt; has parameter of type &lt;project.MODEL.Autore&gt; in (Controller.java:0)
Method &lt;project.CONTROLLER.Controller.updateDataset(project.MODEL.Dataset, project.MODEL.Dataset)&gt; calls method &lt;project.MODEL.Dataset.getDoi()&gt; in (Controller.java:1222)
Method &lt;project.CONTROLLER.Controller.updateDataset(project.MODEL.Dataset, project.MODEL.Dataset)&gt; calls method &lt;project.MODEL.Dataset.getDoi()&gt; in (Controller.java:1223)
Method &lt;project.CONTROLLER.Controller.updateDataset(project.MODEL.Dataset, project.MODEL.Dataset)&gt; calls method &lt;project.MODEL.Dataset.getDoi()&gt; in (Controller.java:1224)
Method &lt;project.CONTROLLER.Controller.updateDataset(project.MODEL.Dataset, project.MODEL.Dataset)&gt; calls method &lt;project.MODEL.Dataset.getDoi()&gt; in (Controller.java:1225)
Method &lt;project.CONTROLLER.Controller.updateDataset(project.MODEL.Dataset, project.MODEL.Dataset)&gt; calls method &lt;project.MODEL.Dataset.getTitolo()&gt; in (Controller.java:1213)
Method &lt;project.CONTROLLER.Controller.updateDataset(project.MODEL.Dataset, project.MODEL.Dataset)&gt; calls method &lt;project.MODEL.Dataset.getTitolo()&gt; in (Controller.java:1218)
Method &lt;project.CONTROLLER.Controller.updateDataset(project.MODEL.Dataset, project.MODEL.Dataset)&gt; calls method &lt;project.MODEL.Dataset.getUrl()&gt; in (Controller.java:1213)
Method &lt;project.CONTROLLER.Controller.updateDataset(project.MODEL.Dataset, project.MODEL.Dataset)&gt; calls method &lt;project.MODEL.Dataset.getUrl()&gt; in (Controller.java:1230)
Method &lt;project.CONTROLLER.Controller.updateDataset(project.MODEL.Dataset, project.MODEL.Dataset)&gt; calls method &lt;project.MODEL.Dataset.getUrl()&gt; in (Controller.java:1231)
Method &lt;project.CONTROLLER.Controller.updateDataset(project.MODEL.Dataset, project.MODEL.Dataset)&gt; has parameter of type &lt;project.MODEL.Dataset&gt; in (Controller.java:0)
Method &lt;project.CONTROLLER.Controller.updateLibro(project.MODEL.Libro, project.MODEL.Libro)&gt; calls method &lt;project.MODEL.Libro.getDoi()&gt; in (Controller.java:1193)
Method &lt;project.CONTROLLER.Controller.updateLibro(project.MODEL.Libro, project.MODEL.Libro)&gt; calls method &lt;project.MODEL.Libro.getDoi()&gt; in (Controller.java:1194)
Method &lt;project.CONTROLLER.Controller.updateLibro(project.MODEL.Libro, project.MODEL.Libro)&gt; calls method &lt;project.MODEL.Libro.getDoi()&gt; in (Controller.java:1195)
Method &lt;project.CONTROLLER.Controller.updateLibro(project.MODEL.Libro, project.MODEL.Libro)&gt; calls method &lt;project.MODEL.Libro.getEditore()&gt; in (Controller.java:1181)
Method &lt;project.CONTROLLER.Controller.updateLibro(project.MODEL.Libro, project.MODEL.Libro)&gt; calls method &lt;project.MODEL.Libro.getIsbn()&gt; in (Controller.java:1181)
Method &lt;project.CONTROLLER.Controller.updateLibro(project.MODEL.Libro, project.MODEL.Libro)&gt; calls method &lt;project.MODEL.Libro.getIsbn()&gt; in (Controller.java:1200)
Method &lt;project.CONTROLLER.Controller.updateLibro(project.MODEL.Libro, project.MODEL.Libro)&gt; calls method &lt;project.MODEL.Libro.getIsbn()&gt; in (Controller.java:1201)
Method &lt;project.CONTROLLER.Controller.updateLibro(project.MODEL.Libro, project.MODEL.Libro)&gt; calls method &lt;project.MODEL.Libro.getTitolo()&gt; in (Controller.java:1181)
Method &lt;project.CONTROLLER.Controller.updateLibro(project.MODEL.Libro, project.MODEL.Libro)&gt; calls method &lt;project.MODEL.Libro.getTitolo()&gt; in (Controller.java:1186)
Method &lt;project.CONTROLLER.Controller.updateLibro(project.MODEL.Libro, project.MODEL.Libro)&gt; calls method &lt;project.MODEL.Libro.getTitolo()&gt; in (Controller.java:1187)
Method &lt;project.CONTROLLER.Controller.updateLibro(project.MODEL.Libro, project.MODEL.Libro)&gt; has parameter of type &lt;project.MODEL.Libro&gt; in (Controller.java:0)
Method &lt;project.CONTROLLER.Controller.updateRisorsaOnline(project.MODEL.RisorsaOnline, project.MODEL.RisorsaOnline)&gt; calls method &lt;project.MODEL.RisorsaOnline.getDoi()&gt; in (Controller.java:1253)
Method &lt;project.CONTROLLER.Controller.updateRisorsaOnline(project.MODEL.RisorsaOnline, project.MODEL.RisorsaOnline)&gt; calls method &lt;project.MODEL.RisorsaOnline.getDoi()&gt; in (Controller.java:1254)
Method &lt;project.CONTROLLER.Controller.updateRisorsaOnline(project.MODEL.RisorsaOnline, project.MODEL.RisorsaOnline)&gt; calls method &lt;project.MODEL.RisorsaOnline.getDoi()&gt; in (Controller.java:1255)
Method &lt;project.CONTROLLER.Controller.updateRisorsaOnline(project.MODEL.RisorsaOnline, project.MODEL.RisorsaOnline)&gt; calls method &lt;project.MODEL.RisorsaOnline.getDoi()&gt; in (Controller.java:1256)
Method &lt;project.CONTROLLER.Controller.updateRisorsaOnline(project.MODEL.RisorsaOnline, project.MODEL.RisorsaOnline)&gt; calls method &lt;project.MODEL.RisorsaOnline.getTitolo()&gt; in (Controller.java:1243)
Method &lt;project.CONTROLLER.Controller.updateRisorsaOnline(project.MODEL.RisorsaOnline, project.MODEL.RisorsaOnline)&gt; calls method &lt;project.MODEL.RisorsaOnline.getTitolo()&gt; in (Controller.java:1248)
Method &lt;project.CONTROLLER.Controller.updateRisorsaOnline(project.MODEL.RisorsaOnline, project.MODEL.RisorsaOnline)&gt; calls method &lt;project.MODEL.RisorsaOnline.getUrl()&gt; in (Controller.java:1243)
Method &lt;project.CONTROLLER.Controller.updateRisorsaOnline(project.MODEL.RisorsaOnline, project.MODEL.RisorsaOnline)&gt; calls method &lt;project.MODEL.RisorsaOnline.getUrl()&gt; in (Controller.java:1261)
Method &lt;project.CONTROLLER.Controller.updateRisorsaOnline(project.MODEL.RisorsaOnline, project.MODEL.RisorsaOnline)&gt; calls method &lt;project.MODEL.RisorsaOnline.getUrl()&gt; in (Controller.java:1262)
Method &lt;project.CONTROLLER.Controller.updateRisorsaOnline(project.MODEL.RisorsaOnline, project.MODEL.RisorsaOnline)&gt; has parameter of type &lt;project.MODEL.RisorsaOnline&gt; in (Controller.java:0)
Method &lt;project.DAO.ArticoloSuConferenzaDAO.getArticoloSuConferenza(java.lang.String, project.MODEL.Conferenza)&gt; has parameter of type &lt;project.MODEL.Conferenza&gt; in (ArticoloSuConferenzaDAO.java:0)
Method &lt;project.DAO.ArticoloSuConferenzaDAO.getArticoloSuConferenza(java.lang.String, project.MODEL.Conferenza)&gt; has return type &lt;project.MODEL.ArticoloSuConferenza&gt; in (ArticoloSuConferenzaDAO.java:0)
Method &lt;project.DAO.ArticoloSuConferenzaDAO.identico(project.MODEL.ArticoloSuConferenza)&gt; has parameter of type &lt;project.MODEL.ArticoloSuConferenza&gt; in (ArticoloSuConferenzaDAO.java:0)
Method &lt;project.DAO.ArticoloSuConferenzaDAO.insertArticoloSuConferenza(project.MODEL.ArticoloSuConferenza)&gt; has parameter of type &lt;project.MODEL.ArticoloSuConferenza&gt; in (ArticoloSuConferenzaDAO.java:0)
Method &lt;project.DAO.ArticoloSuConferenzaDAO.updateArticolo(project.MODEL.ArticoloSuConferenza, project.MODEL.ArticoloSuConferenza)&gt; has parameter of type &lt;project.MODEL.ArticoloSuConferenza&gt; in (ArticoloSuConferenzaDAO.java:0)
Method &lt;project.DAO.ArticoloSuRivistaDAO.getArticoloSuRivista(java.lang.String, project.MODEL.Rivista)&gt; has parameter of type &lt;project.MODEL.Rivista&gt; in (ArticoloSuRivistaDAO.java:0)
Method &lt;project.DAO.ArticoloSuRivistaDAO.getArticoloSuRivista(java.lang.String, project.MODEL.Rivista)&gt; has return type &lt;project.MODEL.ArticoloSuRivista&gt; in (ArticoloSuRivistaDAO.java:0)
Method &lt;project.DAO.ArticoloSuRivistaDAO.identico(project.MODEL.ArticoloSuRivista)&gt; has parameter of type &lt;project.MODEL.ArticoloSuRivista&gt; in (ArticoloSuRivistaDAO.java:0)
Method &lt;project.DAO.ArticoloSuRivistaDAO.insertArticoloSuConferenza(project.MODEL.ArticoloSuRivista)&gt; has parameter of type &lt;project.MODEL.ArticoloSuRivista&gt; in (ArticoloSuRivistaDAO.java:0)
Method &lt;project.DAO.ArticoloSuRivistaDAO.updateArticolo(project.MODEL.ArticoloSuRivista, project.MODEL.ArticoloSuRivista)&gt; has parameter of type &lt;project.MODEL.ArticoloSuRivista&gt; in (ArticoloSuRivistaDAO.java:0)
Method &lt;project.DAO.AutoreDAO.deleteAutore(project.MODEL.Autore)&gt; has parameter of type &lt;project.MODEL.Autore&gt; in (AutoreDAO.java:0)
Method &lt;project.DAO.AutoreDAO.getAutore(java.lang.String, java.lang.String)&gt; has return type &lt;project.MODEL.Autore&gt; in (AutoreDAO.java:0)
Method &lt;project.DAO.AutoreDAO.getAutori()&gt; has generic return type &lt;java.util.List&lt;project.MODEL.Autore&gt;&gt; with type argument depending on &lt;project.MODEL.Autore&gt; in (AutoreDAO.java:0)
Method &lt;project.DAO.AutoreDAO.updateAutore(java.lang.String, java.lang.String, java.lang.String, java.lang.String, java.lang.String, project.MODEL.Autore)&gt; has parameter of type &lt;project.MODEL.Autore&gt; in (AutoreDAO.java:0)
Method &lt;project.DAO.AutoreDAO.updateAutore(java.lang.String, java.lang.String, java.lang.String, java.lang.String, project.MODEL.Autore)&gt; has parameter of type &lt;project.MODEL.Autore&gt; in (AutoreDAO.java:0)
Method &lt;project.DAO.CategoriaDAO.checkUniqueCategoria(project.MODEL.Categoria)&gt; has parameter of type &lt;project.MODEL.Categoria&gt; in (CategoriaDAO.java:0)
Method &lt;project.DAO.CategoriaDAO.getAllCategorie()&gt; has generic return type &lt;java.util.List&lt;project.MODEL.Categoria&gt;&gt; with type argument depending on &lt;project.MODEL.Categoria&gt; in (CategoriaDAO.java:0)
Method &lt;project.DAO.CategoriaDAO.getCategorie(java.lang.String)&gt; has generic return type &lt;java.util.List&lt;project.MODEL.Categoria&gt;&gt; with type argument depending on &lt;project.MODEL.Categoria&gt; in (CategoriaDAO.java:0)
Method &lt;project.DAO.CategoriaDAO.getSupercategoria(project.MODEL.Categoria)&gt; has parameter of type &lt;project.MODEL.Categoria&gt; in (CategoriaDAO.java:0)
Method &lt;project.DAO.CategoriaDAO.getSupercategoria(project.MODEL.Categoria)&gt; has return type &lt;project.MODEL.Categoria&gt; in (CategoriaDAO.java:0)
Method &lt;project.DAO.CategoriaDAO.insertCategoria(project.MODEL.Categoria)&gt; has parameter of type &lt;project.MODEL.Categoria&gt; in (CategoriaDAO.java:0)
Method &lt;project.DAO.CategoriaDAO.insertCategoriaInGerarchia(project.MODEL.Categoria)&gt; has parameter of type &lt;project.MODEL.Categoria&gt; in (CategoriaDAO.java:0)
Method &lt;project.DAO.CategoriaDAO.insertSupercategoria(project.MODEL.Categoria, project.MODEL.Categoria)&gt; has parameter of type &lt;project.MODEL.Categoria&gt; in (CategoriaDAO.java:0)
Method &lt;project.DAO.CategoriaDAO.setSupercategoria(project.MODEL.Categoria, project.MODEL.Categoria)&gt; has parameter of type &lt;project.MODEL.Categoria&gt; in (CategoriaDAO.java:0)
Method &lt;project.DAO.CategoriaDiAppartenenzaDAO.checkNotLoop(project.MODEL.CategoriaDiAppartenenza)&gt; has parameter of type &lt;project.MODEL.CategoriaDiAppartenenza&gt; in (CategoriaDiAppartenenzaDAO.java:0)
Method &lt;project.DAO.CategoriaDiAppartenenzaDAO.checkUniqueAssociazione(project.MODEL.CategoriaDiAppartenenza)&gt; has parameter of type &lt;project.MODEL.CategoriaDiAppartenenza&gt; in (CategoriaDiAppartenenzaDAO.java:0)
Method &lt;project.DAO.CategoriaDiAppartenenzaDAO.eliminaCategoriaDiAppartenenza(project.MODEL.CategoriaDiAppartenenza)&gt; has parameter of type &lt;project.MODEL.CategoriaDiAppartenenza&gt; in (CategoriaDiAppartenenzaDAO.java:0)
Method &lt;project.DAO.CategoriaDiAppartenenzaDAO.insertAssociazione(project.MODEL.CategoriaDiAppartenenza)&gt; has parameter of type &lt;project.MODEL.CategoriaDiAppartenenza&gt; in (CategoriaDiAppartenenzaDAO.java:0)
Method &lt;project.DAO.CitazioneDAO.checkUniqueCitazione(project.MODEL.Citazione)&gt; has parameter of type &lt;project.MODEL.Citazione&gt; in (CitazioneDAO.java:0)
Method &lt;project.DAO.CitazioneDAO.eliminaCitazione(project.MODEL.Citazione)&gt; has parameter of type &lt;project.MODEL.Citazione&gt; in (CitazioneDAO.java:0)
Method &lt;project.DAO.CitazioneDAO.getCitati(java.lang.String)&gt; has generic return type &lt;java.util.List&lt;project.MODEL.Citazione&gt;&gt; with type argument depending on &lt;project.MODEL.Citazione&gt; in (CitazioneDAO.java:0)
Method &lt;project.DAO.CitazioneDAO.getCitazioni(java.lang.String)&gt; has generic return type &lt;java.util.List&lt;project.MODEL.Citazione&gt;&gt; with type argument depending on &lt;project.MODEL.Citazione&gt; in (CitazioneDAO.java:0)
Method &lt;project.DAO.CitazioneDAO.inserisciCitazione(project.MODEL.Citazione)&gt; has parameter of type &lt;project.MODEL.Citazione&gt; in (CitazioneDAO.java:0)
Method &lt;project.DAO.ConferenzaDAO.checkUniqueConferenza(project.MODEL.Conferenza)&gt; has parameter of type &lt;project.MODEL.Conferenza&gt; in (ConferenzaDAO.java:0)
Method &lt;project.DAO.ConferenzaDAO.getConferenzaByArticolo(java.lang.String)&gt; has return type &lt;project.MODEL.Conferenza&gt; in (ConferenzaDAO.java:0)
Method &lt;project.DAO.ConferenzaDAO.insertConferenza(project.MODEL.Conferenza)&gt; has parameter of type &lt;project.MODEL.Conferenza&gt; in (ConferenzaDAO.java:0)
Method &lt;project.DAO.ConferenzaDAO.updateConferenza(project.MODEL.Conferenza, project.MODEL.Conferenza)&gt; has parameter of type &lt;project.MODEL.Conferenza&gt; in (ConferenzaDAO.java:0)
Method &lt;project.DAO.DAOPostgres.ArticoloSuConferenzaDAOPostgres.getArticoloSuConferenza(java.lang.String, project.MODEL.Conferenza)&gt; calls constructor &lt;project.MODEL.ArticoloSuConferenza.&lt;init&gt;(java.lang.String, java.lang.String, java.lang.String, java.lang.String, project.MODEL.Conferenza)&gt; in (ArticoloSuConferenzaDAOPostgres.java:116)
Method &lt;project.DAO.DAOPostgres.ArticoloSuConferenzaDAOPostgres.getArticoloSuConferenza(java.lang.String, project.MODEL.Conferenza)&gt; has parameter of type &lt;project.MODEL.Conferenza&gt; in (ArticoloSuConferenzaDAOPostgres.java:0)
Method &lt;project.DAO.DAOPostgres.ArticoloSuConferenzaDAOPostgres.getArticoloSuConferenza(java.lang.String, project.MODEL.Conferenza)&gt; has return type &lt;project.MODEL.ArticoloSuConferenza&gt; in (ArticoloSuConferenzaDAOPostgres.java:0)
Method &lt;project.DAO.DAOPostgres.ArticoloSuConferenzaDAOPostgres.identico(project.MODEL.ArticoloSuConferenza)&gt; calls method &lt;project.MODEL.ArticoloSuConferenza.getConferenza()&gt; in (ArticoloSuConferenzaDAOPostgres.java:159)
Method &lt;project.DAO.DAOPostgres.ArticoloSuConferenzaDAOPostgres.identico(project.MODEL.ArticoloSuConferenza)&gt; calls method &lt;project.MODEL.ArticoloSuConferenza.getConferenza()&gt; in (ArticoloSuConferenzaDAOPostgres.java:160)
Method &lt;project.DAO.DAOPostgres.ArticoloSuConferenzaDAOPostgres.identico(project.MODEL.ArticoloSuConferenza)&gt; calls method &lt;project.MODEL.ArticoloSuConferenza.getTitolo()&gt; in (ArticoloSuConferenzaDAOPostgres.java:158)
Method &lt;project.DAO.DAOPostgres.ArticoloSuConferenzaDAOPostgres.identico(project.MODEL.ArticoloSuConferenza)&gt; calls method &lt;project.MODEL.Conferenza.getDataConferenza()&gt; in (ArticoloSuConferenzaDAOPostgres.java:160)
Method &lt;project.DAO.DAOPostgres.ArticoloSuConferenzaDAOPostgres.identico(project.MODEL.ArticoloSuConferenza)&gt; calls method &lt;project.MODEL.Conferenza.getTitolo()&gt; in (ArticoloSuConferenzaDAOPostgres.java:159)
Method &lt;project.DAO.DAOPostgres.ArticoloSuConferenzaDAOPostgres.identico(project.MODEL.ArticoloSuConferenza)&gt; has parameter of type &lt;project.MODEL.ArticoloSuConferenza&gt; in (ArticoloSuConferenzaDAOPostgres.java:0)
Method &lt;project.DAO.DAOPostgres.ArticoloSuConferenzaDAOPostgres.insertArticoloSuConferenza(project.MODEL.ArticoloSuConferenza)&gt; calls method &lt;project.MODEL.ArticoloSuConferenza.getConferenza()&gt; in (ArticoloSuConferenzaDAOPostgres.java:92)
Method &lt;project.DAO.DAOPostgres.ArticoloSuConferenzaDAOPostgres.insertArticoloSuConferenza(project.MODEL.ArticoloSuConferenza)&gt; calls method &lt;project.MODEL.ArticoloSuConferenza.getConferenza()&gt; in (ArticoloSuConferenzaDAOPostgres.java:93)
Method &lt;project.DAO.DAOPostgres.ArticoloSuConferenzaDAOPostgres.insertArticoloSuConferenza(project.MODEL.ArticoloSuConferenza)&gt; calls method &lt;project.MODEL.ArticoloSuConferenza.getDescrizione()&gt; in (ArticoloSuConferenzaDAOPostgres.java:84)
Method &lt;project.DAO.DAOPostgres.ArticoloSuConferenzaDAOPostgres.insertArticoloSuConferenza(project.MODEL.ArticoloSuConferenza)&gt; calls method &lt;project.MODEL.ArticoloSuConferenza.getDescrizione()&gt; in (ArticoloSuConferenzaDAOPostgres.java:87)
Method &lt;project.DAO.DAOPostgres.ArticoloSuConferenzaDAOPostgres.insertArticoloSuConferenza(project.MODEL.ArticoloSuConferenza)&gt; calls method &lt;project.MODEL.ArticoloSuConferenza.getDoi()&gt; in (ArticoloSuConferenzaDAOPostgres.java:80)
Method &lt;project.DAO.DAOPostgres.ArticoloSuConferenzaDAOPostgres.insertArticoloSuConferenza(project.MODEL.ArticoloSuConferenza)&gt; calls method &lt;project.MODEL.ArticoloSuConferenza.getDoi()&gt; in (ArticoloSuConferenzaDAOPostgres.java:83)
Method &lt;project.DAO.DAOPostgres.ArticoloSuConferenzaDAOPostgres.insertArticoloSuConferenza(project.MODEL.ArticoloSuConferenza)&gt; calls method &lt;project.MODEL.ArticoloSuConferenza.getTarget()&gt; in (ArticoloSuConferenzaDAOPostgres.java:88)
Method &lt;project.DAO.DAOPostgres.ArticoloSuConferenzaDAOPostgres.insertArticoloSuConferenza(project.MODEL.ArticoloSuConferenza)&gt; calls method &lt;project.MODEL.ArticoloSuConferenza.getTarget()&gt; in (ArticoloSuConferenzaDAOPostgres.java:91)
Method &lt;project.DAO.DAOPostgres.ArticoloSuConferenzaDAOPostgres.insertArticoloSuConferenza(project.MODEL.ArticoloSuConferenza)&gt; calls method &lt;project.MODEL.ArticoloSuConferenza.getTitolo()&gt; in (ArticoloSuConferenzaDAOPostgres.java:101)
Method &lt;project.DAO.DAOPostgres.ArticoloSuConferenzaDAOPostgres.insertArticoloSuConferenza(project.MODEL.ArticoloSuConferenza)&gt; calls method &lt;project.MODEL.ArticoloSuConferenza.getTitolo()&gt; in (ArticoloSuConferenzaDAOPostgres.java:79)
Method &lt;project.DAO.DAOPostgres.ArticoloSuConferenzaDAOPostgres.insertArticoloSuConferenza(project.MODEL.ArticoloSuConferenza)&gt; calls method &lt;project.MODEL.Conferenza.getDataConferenza()&gt; in (ArticoloSuConferenzaDAOPostgres.java:93)
Method &lt;project.DAO.DAOPostgres.ArticoloSuConferenzaDAOPostgres.insertArticoloSuConferenza(project.MODEL.ArticoloSuConferenza)&gt; calls method &lt;project.MODEL.Conferenza.getTitolo()&gt; in (ArticoloSuConferenzaDAOPostgres.java:92)
Method &lt;project.DAO.DAOPostgres.ArticoloSuConferenzaDAOPostgres.insertArticoloSuConferenza(project.MODEL.ArticoloSuConferenza)&gt; has parameter of type &lt;project.MODEL.ArticoloSuConferenza&gt; in (ArticoloSuConferenzaDAOPostgres.java:0)
Method &lt;project.DAO.DAOPostgres.ArticoloSuConferenzaDAOPostgres.updateArticolo(project.MODEL.ArticoloSuConferenza, project.MODEL.ArticoloSuConferenza)&gt; calls method &lt;project.MODEL.ArticoloSuConferenza.getDescrizione()&gt; in (ArticoloSuConferenzaDAOPostgres.java:135)
Method &lt;project.DAO.DAOPostgres.ArticoloSuConferenzaDAOPostgres.updateArticolo(project.MODEL.ArticoloSuConferenza, project.MODEL.ArticoloSuConferenza)&gt; calls method &lt;project.MODEL.ArticoloSuConferenza.getDescrizione()&gt; in (ArticoloSuConferenzaDAOPostgres.java:138)
Method &lt;project.DAO.DAOPostgres.ArticoloSuConferenzaDAOPostgres.updateArticolo(project.MODEL.ArticoloSuConferenza, project.MODEL.ArticoloSuConferenza)&gt; calls method &lt;project.MODEL.ArticoloSuConferenza.getDoi()&gt; in (ArticoloSuConferenzaDAOPostgres.java:131)
Method &lt;project.DAO.DAOPostgres.ArticoloSuConferenzaDAOPostgres.updateArticolo(project.MODEL.ArticoloSuConferenza, project.MODEL.ArticoloSuConferenza)&gt; calls method &lt;project.MODEL.ArticoloSuConferenza.getDoi()&gt; in (ArticoloSuConferenzaDAOPostgres.java:134)
Method &lt;project.DAO.DAOPostgres.ArticoloSuConferenzaDAOPostgres.updateArticolo(project.MODEL.ArticoloSuConferenza, project.MODEL.ArticoloSuConferenza)&gt; calls method &lt;project.MODEL.ArticoloSuConferenza.getTarget()&gt; in (ArticoloSuConferenzaDAOPostgres.java:139)
Method &lt;project.DAO.DAOPostgres.ArticoloSuConferenzaDAOPostgres.updateArticolo(project.MODEL.ArticoloSuConferenza, project.MODEL.ArticoloSuConferenza)&gt; calls method &lt;project.MODEL.ArticoloSuConferenza.getTitolo()&gt; in (ArticoloSuConferenzaDAOPostgres.java:130)
Method &lt;project.DAO.DAOPostgres.ArticoloSuConferenzaDAOPostgres.updateArticolo(project.MODEL.ArticoloSuConferenza, project.MODEL.ArticoloSuConferenza)&gt; calls method &lt;project.MODEL.ArticoloSuConferenza.getTitolo()&gt; in (ArticoloSuConferenzaDAOPostgres.java:141)
Method &lt;project.DAO.DAOPostgres.ArticoloSuConferenzaDAOPostgres.updateArticolo(project.MODEL.ArticoloSuConferenza, project.MODEL.ArticoloSuConferenza)&gt; calls method &lt;project.MODEL.ArticoloSuConferenza.getTitolo()&gt; in (ArticoloSuConferenzaDAOPostgres.java:147)
Method &lt;project.DAO.DAOPostgres.ArticoloSuConferenzaDAOPostgres.updateArticolo(project.MODEL.ArticoloSuConferenza, project.MODEL.ArticoloSuConferenza)&gt; has parameter of type &lt;project.MODEL.ArticoloSuConferenza&gt; in (ArticoloSuConferenzaDAOPostgres.java:0)
Method &lt;project.DAO.DAOPostgres.ArticoloSuRivistaDAOPostgres.getArticoloSuRivista(java.lang.String, project.MODEL.Rivista)&gt; calls constructor &lt;project.MODEL.ArticoloSuRivista.&lt;init&gt;(java.lang.String, java.lang.String, java.lang.String, java.lang.String, project.MODEL.Rivista)&gt; in (ArticoloSuRivistaDAOPostgres.java:115)
Method &lt;project.DAO.DAOPostgres.ArticoloSuRivistaDAOPostgres.getArticoloSuRivista(java.lang.String, project.MODEL.Rivista)&gt; has parameter of type &lt;project.MODEL.Rivista&gt; in (ArticoloSuRivistaDAOPostgres.java:0)
Method &lt;project.DAO.DAOPostgres.ArticoloSuRivistaDAOPostgres.getArticoloSuRivista(java.lang.String, project.MODEL.Rivista)&gt; has return type &lt;project.MODEL.ArticoloSuRivista&gt; in (ArticoloSuRivistaDAOPostgres.java:0)
Method &lt;project.DAO.DAOPostgres.ArticoloSuRivistaDAOPostgres.identico(project.MODEL.ArticoloSuRivista)&gt; calls method &lt;project.MODEL.ArticoloSuRivista.getRivista()&gt; in (ArticoloSuRivistaDAOPostgres.java:203)
Method &lt;project.DAO.DAOPostgres.ArticoloSuRivistaDAOPostgres.identico(project.MODEL.ArticoloSuRivista)&gt; calls method &lt;project.MODEL.ArticoloSuRivista.getRivista()&gt; in (ArticoloSuRivistaDAOPostgres.java:204)
Method &lt;project.DAO.DAOPostgres.ArticoloSuRivistaDAOPostgres.identico(project.MODEL.ArticoloSuRivista)&gt; calls method &lt;project.MODEL.ArticoloSuRivista.getTitolo()&gt; in (ArticoloSuRivistaDAOPostgres.java:202)
Method &lt;project.DAO.DAOPostgres.ArticoloSuRivistaDAOPostgres.identico(project.MODEL.ArticoloSuRivista)&gt; calls method &lt;project.MODEL.Rivista.getIssn()&gt; in (ArticoloSuRivistaDAOPostgres.java:203)
Method &lt;project.DAO.DAOPostgres.ArticoloSuRivistaDAOPostgres.identico(project.MODEL.ArticoloSuRivista)&gt; calls method &lt;project.MODEL.Rivista.getTitolo()&gt; in (ArticoloSuRivistaDAOPostgres.java:204)
Method &lt;project.DAO.DAOPostgres.ArticoloSuRivistaDAOPostgres.identico(project.MODEL.ArticoloSuRivista)&gt; has parameter of type &lt;project.MODEL.ArticoloSuRivista&gt; in (ArticoloSuRivistaDAOPostgres.java:0)
Method &lt;project.DAO.DAOPostgres.ArticoloSuRivistaDAOPostgres.insertArticoloSuConferenza(project.MODEL.ArticoloSuRivista)&gt; calls method &lt;project.MODEL.ArticoloSuRivista.getDescrizione()&gt; in (ArticoloSuRivistaDAOPostgres.java:85)
Method &lt;project.DAO.DAOPostgres.ArticoloSuRivistaDAOPostgres.insertArticoloSuConferenza(project.MODEL.ArticoloSuRivista)&gt; calls method &lt;project.MODEL.ArticoloSuRivista.getDescrizione()&gt; in (ArticoloSuRivistaDAOPostgres.java:88)
Method &lt;project.DAO.DAOPostgres.ArticoloSuRivistaDAOPostgres.insertArticoloSuConferenza(project.MODEL.ArticoloSuRivista)&gt; calls method &lt;project.MODEL.ArticoloSuRivista.getDoi()&gt; in (ArticoloSuRivistaDAOPostgres.java:81)
Method &lt;project.DAO.DAOPostgres.ArticoloSuRivistaDAOPostgres.insertArticoloSuConferenza(project.MODEL.ArticoloSuRivista)&gt; calls method &lt;project.MODEL.ArticoloSuRivista.getDoi()&gt; in (ArticoloSuRivistaDAOPostgres.java:84)
Method &lt;project.DAO.DAOPostgres.ArticoloSuRivistaDAOPostgres.insertArticoloSuConferenza(project.MODEL.ArticoloSuRivista)&gt; calls method &lt;project.MODEL.ArticoloSuRivista.getRivista()&gt; in (ArticoloSuRivistaDAOPostgres.java:93)
Method &lt;project.DAO.DAOPostgres.ArticoloSuRivistaDAOPostgres.insertArticoloSuConferenza(project.MODEL.ArticoloSuRivista)&gt; calls method &lt;project.MODEL.ArticoloSuRivista.getTarget()&gt; in (ArticoloSuRivistaDAOPostgres.java:89)
Method &lt;project.DAO.DAOPostgres.ArticoloSuRivistaDAOPostgres.insertArticoloSuConferenza(project.MODEL.ArticoloSuRivista)&gt; calls method &lt;project.MODEL.ArticoloSuRivista.getTarget()&gt; in (ArticoloSuRivistaDAOPostgres.java:92)
Method &lt;project.DAO.DAOPostgres.ArticoloSuRivistaDAOPostgres.insertArticoloSuConferenza(project.MODEL.ArticoloSuRivista)&gt; calls method &lt;project.MODEL.ArticoloSuRivista.getTitolo()&gt; in (ArticoloSuRivistaDAOPostgres.java:100)
Method &lt;project.DAO.DAOPostgres.ArticoloSuRivistaDAOPostgres.insertArticoloSuConferenza(project.MODEL.ArticoloSuRivista)&gt; calls method &lt;project.MODEL.ArticoloSuRivista.getTitolo()&gt; in (ArticoloSuRivistaDAOPostgres.java:80)
Method &lt;project.DAO.DAOPostgres.ArticoloSuRivistaDAOPostgres.insertArticoloSuConferenza(project.MODEL.ArticoloSuRivista)&gt; calls method &lt;project.MODEL.Rivista.getIssn()&gt; in (ArticoloSuRivistaDAOPostgres.java:93)
Method &lt;project.DAO.DAOPostgres.ArticoloSuRivistaDAOPostgres.insertArticoloSuConferenza(project.MODEL.ArticoloSuRivista)&gt; has parameter of type &lt;project.MODEL.ArticoloSuRivista&gt; in (ArticoloSuRivistaDAOPostgres.java:0)
Method &lt;project.DAO.DAOPostgres.ArticoloSuRivistaDAOPostgres.updateArticolo(project.MODEL.ArticoloSuRivista, project.MODEL.ArticoloSuRivista)&gt; calls method &lt;project.MODEL.ArticoloSuRivista.getDescrizione()&gt; in (ArticoloSuRivistaDAOPostgres.java:179)
Method &lt;project.DAO.DAOPostgres.ArticoloSuRivistaDAOPostgres.updateArticolo(project.MODEL.ArticoloSuRivista, project.MODEL.ArticoloSuRivista)&gt; calls method &lt;project.MODEL.ArticoloSuRivista.getDescrizione()&gt; in (ArticoloSuRivistaDAOPostgres.java:182)
Method &lt;project.DAO.DAOPostgres.ArticoloSuRivistaDAOPostgres.updateArticolo(project.MODEL.ArticoloSuRivista, project.MODEL.ArticoloSuRivista)&gt; calls method &lt;project.MODEL.ArticoloSuRivista.getDoi()&gt; in (ArticoloSuRivistaDAOPostgres.java:175)
Method &lt;project.DAO.DAOPostgres.ArticoloSuRivistaDAOPostgres.updateArticolo(project.MODEL.ArticoloSuRivista, project.MODEL.ArticoloSuRivista)&gt; calls method &lt;project.MODEL.ArticoloSuRivista.getDoi()&gt; in (ArticoloSuRivistaDAOPostgres.java:178)
Method &lt;project.DAO.DAOPostgres.ArticoloSuRivistaDAOPostgres.updateArticolo(project.MODEL.ArticoloSuRivista, project.MODEL.ArticoloSuRivista)&gt; calls method &lt;project.MODEL.ArticoloSuRivista.getTarget()&gt; in (ArticoloSuRivistaDAOPostgres.java:183)
Method &lt;project.DAO.DAOPostgres.ArticoloSuRivistaDAOPostgres.updateArticolo(project.MODEL.ArticoloSuRivista, project.MODEL.ArticoloSuRivista)&gt; calls method &lt;project.MODEL.ArticoloSuRivista.getTitolo()&gt; in (ArticoloSuRivistaDAOPostgres.java:174)
Method &lt;project.DAO.DAOPostgres.ArticoloSuRivistaDAOPostgres.updateArticolo(project.MODEL.ArticoloSuRivista, project.MODEL.ArticoloSuRivista)&gt; calls method &lt;project.MODEL.ArticoloSuRivista.getTitolo()&gt; in (ArticoloSuRivistaDAOPostgres.java:185)
Method &lt;project.DAO.DAOPostgres.ArticoloSuRivistaDAOPostgres.updateArticolo(project.MODEL.ArticoloSuRivista, project.MODEL.ArticoloSuRivista)&gt; calls method &lt;project.MODEL.ArticoloSuRivista.getTitolo()&gt; in (ArticoloSuRivistaDAOPostgres.java:191)
Method &lt;project.DAO.DAOPostgres.ArticoloSuRivistaDAOPostgres.updateArticolo(project.MODEL.ArticoloSuRivista, project.MODEL.ArticoloSuRivista)&gt; has parameter of type &lt;project.MODEL.ArticoloSuRivista&gt; in (ArticoloSuRivistaDAOPostgres.java:0)
Method &lt;project.DAO.DAOPostgres.AutoreDAOPostgres.deleteAutore(project.MODEL.Autore)&gt; calls method &lt;project.MODEL.Autore.getOrcid()&gt; in (AutoreDAOPostgres.java:159)
Method &lt;project.DAO.DAOPostgres.AutoreDAOPostgres.deleteAutore(project.MODEL.Autore)&gt; has parameter of type &lt;project.MODEL.Autore&gt; in (AutoreDAOPostgres.java:0)
Method &lt;project.DAO.DAOPostgres.AutoreDAOPostgres.getAutore(java.lang.String, java.lang.String)&gt; calls constructor &lt;project.MODEL.Autore.&lt;init&gt;(java.lang.String, java.lang.String, java.lang.String, java.lang.String, java.lang.String)&gt; in (AutoreDAOPostgres.java:118)
Method &lt;project.DAO.DAOPostgres.AutoreDAOPostgres.getAutore(java.lang.String, java.lang.String)&gt; has return type &lt;project.MODEL.Autore&gt; in (AutoreDAOPostgres.java:0)
Method &lt;project.DAO.DAOPostgres.AutoreDAOPostgres.getAutori()&gt; calls constructor &lt;project.MODEL.Autore.&lt;init&gt;(java.lang.String, java.lang.String, java.lang.String, java.lang.String, java.lang.String)&gt; in (AutoreDAOPostgres.java:142)
Method &lt;project.DAO.DAOPostgres.AutoreDAOPostgres.getAutori()&gt; has generic return type &lt;java.util.List&lt;project.MODEL.Autore&gt;&gt; with type argument depending on &lt;project.MODEL.Autore&gt; in (AutoreDAOPostgres.java:0)
Method &lt;project.DAO.DAOPostgres.AutoreDAOPostgres.updateAutore(java.lang.String, java.lang.String, java.lang.String, java.lang.String, java.lang.String, project.MODEL.Autore)&gt; calls method &lt;project.MODEL.Autore.getOrcid()&gt; in (AutoreDAOPostgres.java:200)
Method &lt;project.DAO.DAOPostgres.AutoreDAOPostgres.updateAutore(java.lang.String, java.lang.String, java.lang.String, java.lang.String, java.lang.String, project.MODEL.Autore)&gt; has parameter of type &lt;project.MODEL.Autore&gt; in (AutoreDAOPostgres.java:0)
Method &lt;project.DAO.DAOPostgres.AutoreDAOPostgres.updateAutore(java.lang.String, java.lang.String, java.lang.String, java.lang.String, project.MODEL.Autore)&gt; calls method &lt;project.MODEL.Autore.getOrcid()&gt; in (AutoreDAOPostgres.java:179)
Method &lt;project.DAO.DAOPostgres.AutoreDAOPostgres.updateAutore(java.lang.String, java.lang.String, java.lang.String, java.lang.String, project.MODEL.Autore)&gt; has parameter of type &lt;project.MODEL.Autore&gt; in (AutoreDAOPostgres.java:0)
Method &lt;project.DAO.DAOPostgres.CategoriaDAOPostgres.checkUniqueCategoria(project.MODEL.Categoria)&gt; calls method &lt;project.MODEL.Categoria.getNome()&gt; in (CategoriaDAOPostgres.java:29)
Method &lt;project.DAO.DAOPostgres.CategoriaDAOPostgres.checkUniqueCategoria(project.MODEL.Categoria)&gt; has parameter of type &lt;project.MODEL.Categoria&gt; in (CategoriaDAOPostgres.java:0)
Method &lt;project.DAO.DAOPostgres.CategoriaDAOPostgres.getAllCategorie()&gt; calls constructor &lt;project.MODEL.Categoria.&lt;init&gt;(java.lang.String)&gt; in (CategoriaDAOPostgres.java:132)
Method &lt;project.DAO.DAOPostgres.CategoriaDAOPostgres.getAllCategorie()&gt; calls constructor &lt;project.MODEL.Categoria.&lt;init&gt;(java.lang.String)&gt; in (CategoriaDAOPostgres.java:134)
Method &lt;project.DAO.DAOPostgres.CategoriaDAOPostgres.getAllCategorie()&gt; calls method &lt;project.MODEL.Categoria.setSupercategoria(project.MODEL.Categoria)&gt; in (CategoriaDAOPostgres.java:135)
Method &lt;project.DAO.DAOPostgres.CategoriaDAOPostgres.getAllCategorie()&gt; has generic return type &lt;java.util.List&lt;project.MODEL.Categoria&gt;&gt; with type argument depending on &lt;project.MODEL.Categoria&gt; in (CategoriaDAOPostgres.java:0)
Method &lt;project.DAO.DAOPostgres.CategoriaDAOPostgres.getCategorie(java.lang.String)&gt; calls constructor &lt;project.MODEL.Categoria.&lt;init&gt;(java.lang.String)&gt; in (CategoriaDAOPostgres.java:179)
Method &lt;project.DAO.DAOPostgres.CategoriaDAOPostgres.getCategorie(java.lang.String)&gt; calls constructor &lt;project.MODEL.Categoria.&lt;init&gt;(java.lang.String)&gt; in (CategoriaDAOPostgres.java:180)
Method &lt;project.DAO.DAOPostgres.CategoriaDAOPostgres.getCategorie(java.lang.String)&gt; calls method &lt;project.MODEL.Categoria.setSupercategoria(project.MODEL.Categoria)&gt; in (CategoriaDAOPostgres.java:181)
Method &lt;project.DAO.DAOPostgres.CategoriaDAOPostgres.getCategorie(java.lang.String)&gt; has generic return type &lt;java.util.List&lt;project.MODEL.Categoria&gt;&gt; with type argument depending on &lt;project.MODEL.Categoria&gt; in (CategoriaDAOPostgres.java:0)
Method &lt;project.DAO.DAOPostgres.CategoriaDAOPostgres.getSupercategoria(project.MODEL.Categoria)&gt; calls constructor &lt;project.MODEL.Categoria.&lt;init&gt;(java.lang.String)&gt; in (CategoriaDAOPostgres.java:72)
Method &lt;project.DAO.DAOPostgres.CategoriaDAOPostgres.getSupercategoria(project.MODEL.Categoria)&gt; calls method &lt;project.MODEL.Categoria.getNome()&gt; in (CategoriaDAOPostgres.java:67)
Method &lt;project.DAO.DAOPostgres.CategoriaDAOPostgres.getSupercategoria(project.MODEL.Categoria)&gt; has parameter of type &lt;project.MODEL.Categoria&gt; in (CategoriaDAOPostgres.java:0)
Method &lt;project.DAO.DAOPostgres.CategoriaDAOPostgres.getSupercategoria(project.MODEL.Categoria)&gt; has return type &lt;project.MODEL.Categoria&gt; in (CategoriaDAOPostgres.java:0)
Method &lt;project.DAO.DAOPostgres.CategoriaDAOPostgres.insertCategoria(project.MODEL.Categoria)&gt; calls method &lt;project.MODEL.Categoria.getNome()&gt; in (CategoriaDAOPostgres.java:51)
Method &lt;project.DAO.DAOPostgres.CategoriaDAOPostgres.insertCategoria(project.MODEL.Categoria)&gt; has parameter of type &lt;project.MODEL.Categoria&gt; in (CategoriaDAOPostgres.java:0)
Method &lt;project.DAO.DAOPostgres.CategoriaDAOPostgres.insertCategoriaInGerarchia(project.MODEL.Categoria)&gt; calls method &lt;project.MODEL.Categoria.getNome()&gt; in (CategoriaDAOPostgres.java:153)
Method &lt;project.DAO.DAOPostgres.CategoriaDAOPostgres.insertCategoriaInGerarchia(project.MODEL.Categoria)&gt; calls method &lt;project.MODEL.Categoria.getNome()&gt; in (CategoriaDAOPostgres.java:154)
Method &lt;project.DAO.DAOPostgres.CategoriaDAOPostgres.insertCategoriaInGerarchia(project.MODEL.Categoria)&gt; calls method &lt;project.MODEL.Categoria.getSupercategoria()&gt; in (CategoriaDAOPostgres.java:154)
Method &lt;project.DAO.DAOPostgres.CategoriaDAOPostgres.insertCategoriaInGerarchia(project.MODEL.Categoria)&gt; has parameter of type &lt;project.MODEL.Categoria&gt; in (CategoriaDAOPostgres.java:0)
Method &lt;project.DAO.DAOPostgres.CategoriaDAOPostgres.insertSupercategoria(project.MODEL.Categoria, project.MODEL.Categoria)&gt; calls method &lt;project.MODEL.Categoria.getNome()&gt; in (CategoriaDAOPostgres.java:91)
Method &lt;project.DAO.DAOPostgres.CategoriaDAOPostgres.insertSupercategoria(project.MODEL.Categoria, project.MODEL.Categoria)&gt; calls method &lt;project.MODEL.Categoria.getNome()&gt; in (CategoriaDAOPostgres.java:93)
Method &lt;project.DAO.DAOPostgres.CategoriaDAOPostgres.insertSupercategoria(project.MODEL.Categoria, project.MODEL.Categoria)&gt; calls method &lt;project.MODEL.Categoria.getNome()&gt; in (CategoriaDAOPostgres.java:94)
Method &lt;project.DAO.DAOPostgres.CategoriaDAOPostgres.insertSupercategoria(project.MODEL.Categoria, project.MODEL.Categoria)&gt; has parameter of type &lt;project.MODEL.Categoria&gt; in (CategoriaDAOPostgres.java:0)
Method &lt;project.DAO.DAOPostgres.CategoriaDAOPostgres.setSupercategoria(project.MODEL.Categoria, project.MODEL.Categoria)&gt; calls method &lt;project.MODEL.Categoria.getNome()&gt; in (CategoriaDAOPostgres.java:111)
Method &lt;project.DAO.DAOPostgres.CategoriaDAOPostgres.setSupercategoria(project.MODEL.Categoria, project.MODEL.Categoria)&gt; calls method &lt;project.MODEL.Categoria.getNome()&gt; in (CategoriaDAOPostgres.java:112)
Method &lt;project.DAO.DAOPostgres.CategoriaDAOPostgres.setSupercategoria(project.MODEL.Categoria, project.MODEL.Categoria)&gt; has parameter of type &lt;project.MODEL.Categoria&gt; in (CategoriaDAOPostgres.java:0)
Method &lt;project.DAO.DAOPostgres.CategoriaDiAppartenenzaDAOPostgres.checkNotLoop(project.MODEL.CategoriaDiAppartenenza)&gt; calls method &lt;project.MODEL.Categoria.getNome()&gt; in (CategoriaDiAppartenenzaDAOPostgres.java:124)
Method &lt;project.DAO.DAOPostgres.CategoriaDiAppartenenzaDAOPostgres.checkNotLoop(project.MODEL.CategoriaDiAppartenenza)&gt; calls method &lt;project.MODEL.Categoria.getNome()&gt; in (CategoriaDiAppartenenzaDAOPostgres.java:126)
Method &lt;project.DAO.DAOPostgres.CategoriaDiAppartenenzaDAOPostgres.checkNotLoop(project.MODEL.CategoriaDiAppartenenza)&gt; calls method &lt;project.MODEL.CategoriaDiAppartenenza.getCategoria()&gt; in (CategoriaDiAppartenenzaDAOPostgres.java:124)
Method &lt;project.DAO.DAOPostgres.CategoriaDiAppartenenzaDAOPostgres.checkNotLoop(project.MODEL.CategoriaDiAppartenenza)&gt; calls method &lt;project.MODEL.CategoriaDiAppartenenza.getCategoria()&gt; in (CategoriaDiAppartenenzaDAOPostgres.java:126)
Method &lt;project.DAO.DAOPostgres.CategoriaDiAppartenenzaDAOPostgres.checkNotLoop(project.MODEL.CategoriaDiAppartenenza)&gt; calls method &lt;project.MODEL.CategoriaDiAppartenenza.getMateriale()&gt; in (CategoriaDiAppartenenzaDAOPostgres.java:125)
Method &lt;project.DAO.DAOPostgres.CategoriaDiAppartenenzaDAOPostgres.checkNotLoop(project.MODEL.CategoriaDiAppartenenza)&gt; calls method &lt;project.MODEL.CategoriaDiAppartenenza.getMateriale()&gt; in (CategoriaDiAppartenenzaDAOPostgres.java:127)
Method &lt;project.DAO.DAOPostgres.CategoriaDiAppartenenzaDAOPostgres.checkNotLoop(project.MODEL.CategoriaDiAppartenenza)&gt; calls method &lt;project.MODEL.Materiale.getTitolo()&gt; in (CategoriaDiAppartenenzaDAOPostgres.java:125)
Method &lt;project.DAO.DAOPostgres.CategoriaDiAppartenenzaDAOPostgres.checkNotLoop(project.MODEL.CategoriaDiAppartenenza)&gt; calls method &lt;project.MODEL.Materiale.getTitolo()&gt; in (CategoriaDiAppartenenzaDAOPostgres.java:127)
Method &lt;project.DAO.DAOPostgres.CategoriaDiAppartenenzaDAOPostgres.checkNotLoop(project.MODEL.CategoriaDiAppartenenza)&gt; has parameter of type &lt;project.MODEL.CategoriaDiAppartenenza&gt; in (CategoriaDiAppartenenzaDAOPostgres.java:0)
Method &lt;project.DAO.DAOPostgres.CategoriaDiAppartenenzaDAOPostgres.checkUniqueAssociazione(project.MODEL.CategoriaDiAppartenenza)&gt; calls method &lt;project.MODEL.Categoria.getNome()&gt; in (CategoriaDiAppartenenzaDAOPostgres.java:24)
Method &lt;project.DAO.DAOPostgres.CategoriaDiAppartenenzaDAOPostgres.checkUniqueAssociazione(project.MODEL.CategoriaDiAppartenenza)&gt; calls method &lt;project.MODEL.CategoriaDiAppartenenza.getCategoria()&gt; in (CategoriaDiAppartenenzaDAOPostgres.java:24)
Method &lt;project.DAO.DAOPostgres.CategoriaDiAppartenenzaDAOPostgres.checkUniqueAssociazione(project.MODEL.CategoriaDiAppartenenza)&gt; calls method &lt;project.MODEL.CategoriaDiAppartenenza.getMateriale()&gt; in (CategoriaDiAppartenenzaDAOPostgres.java:25)
Method &lt;project.DAO.DAOPostgres.CategoriaDiAppartenenzaDAOPostgres.checkUniqueAssociazione(project.MODEL.CategoriaDiAppartenenza)&gt; calls method &lt;project.MODEL.Materiale.getTitolo()&gt; in (CategoriaDiAppartenenzaDAOPostgres.java:25)
Method &lt;project.DAO.DAOPostgres.CategoriaDiAppartenenzaDAOPostgres.checkUniqueAssociazione(project.MODEL.CategoriaDiAppartenenza)&gt; has parameter of type &lt;project.MODEL.CategoriaDiAppartenenza&gt; in (CategoriaDiAppartenenzaDAOPostgres.java:0)
Method &lt;project.DAO.DAOPostgres.CategoriaDiAppartenenzaDAOPostgres.eliminaCategoriaDiAppartenenza(project.MODEL.CategoriaDiAppartenenza)&gt; calls method &lt;project.MODEL.Categoria.getNome()&gt; in (CategoriaDiAppartenenzaDAOPostgres.java:73)
Method &lt;project.DAO.DAOPostgres.CategoriaDiAppartenenzaDAOPostgres.eliminaCategoriaDiAppartenenza(project.MODEL.CategoriaDiAppartenenza)&gt; calls method &lt;project.MODEL.Categoria.getNome()&gt; in (CategoriaDiAppartenenzaDAOPostgres.java:81)
Method &lt;project.DAO.DAOPostgres.CategoriaDiAppartenenzaDAOPostgres.eliminaCategoriaDiAppartenenza(project.MODEL.CategoriaDiAppartenenza)&gt; calls method &lt;project.MODEL.CategoriaDiAppartenenza.getCategoria()&gt; in (CategoriaDiAppartenenzaDAOPostgres.java:73)
Method &lt;project.DAO.DAOPostgres.CategoriaDiAppartenenzaDAOPostgres.eliminaCategoriaDiAppartenenza(project.MODEL.CategoriaDiAppartenenza)&gt; calls method &lt;project.MODEL.CategoriaDiAppartenenza.getCategoria()&gt; in (CategoriaDiAppartenenzaDAOPostgres.java:81)
Method &lt;project.DAO.DAOPostgres.CategoriaDiAppartenenzaDAOPostgres.eliminaCategoriaDiAppartenenza(project.MODEL.CategoriaDiAppartenenza)&gt; calls method &lt;project.MODEL.CategoriaDiAppartenenza.getMateriale()&gt; in (CategoriaDiAppartenenzaDAOPostgres.java:74)
Method &lt;project.DAO.DAOPostgres.CategoriaDiAppartenenzaDAOPostgres.eliminaCategoriaDiAppartenenza(project.MODEL.CategoriaDiAppartenenza)&gt; calls method &lt;project.MODEL.CategoriaDiAppartenenza.getMateriale()&gt; in (CategoriaDiAppartenenzaDAOPostgres.java:81)
Method &lt;project.DAO.DAOPostgres.CategoriaDiAppartenenzaDAOPostgres.eliminaCategoriaDiAppartenenza(project.MODEL.CategoriaDiAppartenenza)&gt; calls method &lt;project.MODEL.Materiale.getTitolo()&gt; in (CategoriaDiAppartenenzaDAOPostgres.java:74)
Method &lt;project.DAO.DAOPostgres.CategoriaDiAppartenenzaDAOPostgres.eliminaCategoriaDiAppartenenza(project.MODEL.CategoriaDiAppartenenza)&gt; calls method &lt;project.MODEL.Materiale.getTitolo()&gt; in (CategoriaDiAppartenenzaDAOPostgres.java:81)
Method &lt;project.DAO.DAOPostgres.CategoriaDiAppartenenzaDAOPostgres.eliminaCategoriaDiAppartenenza(project.MODEL.CategoriaDiAppartenenza)&gt; has parameter of type &lt;project.MODEL.CategoriaDiAppartenenza&gt; in (CategoriaDiAppartenenzaDAOPostgres.java:0)
Method &lt;project.DAO.DAOPostgres.CategoriaDiAppartenenzaDAOPostgres.insertAssociazione(project.MODEL.CategoriaDiAppartenenza)&gt; calls method &lt;project.MODEL.Categoria.getNome()&gt; in (CategoriaDiAppartenenzaDAOPostgres.java:47)
Method &lt;project.DAO.DAOPostgres.CategoriaDiAppartenenzaDAOPostgres.insertAssociazione(project.MODEL.CategoriaDiAppartenenza)&gt; calls method &lt;project.MODEL.CategoriaDiAppartenenza.getCategoria()&gt; in (CategoriaDiAppartenenzaDAOPostgres.java:47)
Method &lt;project.DAO.DAOPostgres.CategoriaDiAppartenenzaDAOPostgres.insertAssociazione(project.MODEL.CategoriaDiAppartenenza)&gt; calls method &lt;project.MODEL.CategoriaDiAppartenenza.getMateriale()&gt; in (CategoriaDiAppartenenzaDAOPostgres.java:48)
Method &lt;project.DAO.DAOPostgres.CategoriaDiAppartenenzaDAOPostgres.insertAssociazione(project.MODEL.CategoriaDiAppartenenza)&gt; calls method &lt;project.MODEL.Materiale.getTitolo()&gt; in (CategoriaDiAppartenenzaDAOPostgres.java:48)
Method &lt;project.DAO.DAOPostgres.CategoriaDiAppartenenzaDAOPostgres.insertAssociazione(project.MODEL.CategoriaDiAppartenenza)&gt; has parameter of type &lt;project.MODEL.CategoriaDiAppartenenza&gt; in (CategoriaDiAppartenenzaDAOPostgres.java:0)
Method &lt;project.DAO.DAOPostgres.CitazioneDAOPostgres.checkUniqueCitazione(project.MODEL.Citazione)&gt; calls method &lt;project.MODEL.Citazione.getMaterialeCitante()&gt; in (CitazioneDAOPostgres.java:47)
Method &lt;project.DAO.DAOPostgres.CitazioneDAOPostgres.checkUniqueCitazione(project.MODEL.Citazione)&gt; calls method &lt;project.MODEL.Citazione.getMaterialeCitato()&gt; in (CitazioneDAOPostgres.java:48)
Method &lt;project.DAO.DAOPostgres.CitazioneDAOPostgres.checkUniqueCitazione(project.MODEL.Citazione)&gt; calls method &lt;project.MODEL.Materiale.getTitolo()&gt; in (CitazioneDAOPostgres.java:47)
Method &lt;project.DAO.DAOPostgres.CitazioneDAOPostgres.checkUniqueCitazione(project.MODEL.Citazione)&gt; calls method &lt;project.MODEL.Materiale.getTitolo()&gt; in (CitazioneDAOPostgres.java:48)
Method &lt;project.DAO.DAOPostgres.CitazioneDAOPostgres.checkUniqueCitazione(project.MODEL.Citazione)&gt; has parameter of type &lt;project.MODEL.Citazione&gt; in (CitazioneDAOPostgres.java:0)
Method &lt;project.DAO.DAOPostgres.CitazioneDAOPostgres.eliminaCitazione(project.MODEL.Citazione)&gt; calls method &lt;project.MODEL.Citazione.getMaterialeCitante()&gt; in (CitazioneDAOPostgres.java:133)
Method &lt;project.DAO.DAOPostgres.CitazioneDAOPostgres.eliminaCitazione(project.MODEL.Citazione)&gt; calls method &lt;project.MODEL.Citazione.getMaterialeCitato()&gt; in (CitazioneDAOPostgres.java:134)
Method &lt;project.DAO.DAOPostgres.CitazioneDAOPostgres.eliminaCitazione(project.MODEL.Citazione)&gt; calls method &lt;project.MODEL.Citazione.getMaterialeCitato()&gt; in (CitazioneDAOPostgres.java:140)
Method &lt;project.DAO.DAOPostgres.CitazioneDAOPostgres.eliminaCitazione(project.MODEL.Citazione)&gt; calls method &lt;project.MODEL.Materiale.getTitolo()&gt; in (CitazioneDAOPostgres.java:133)
Method &lt;project.DAO.DAOPostgres.CitazioneDAOPostgres.eliminaCitazione(project.MODEL.Citazione)&gt; calls method &lt;project.MODEL.Materiale.getTitolo()&gt; in (CitazioneDAOPostgres.java:134)
Method &lt;project.DAO.DAOPostgres.CitazioneDAOPostgres.eliminaCitazione(project.MODEL.Citazione)&gt; calls method &lt;project.MODEL.Materiale.getTitolo()&gt; in (CitazioneDAOPostgres.java:140)
Method &lt;project.DAO.DAOPostgres.CitazioneDAOPostgres.eliminaCitazione(project.MODEL.Citazione)&gt; has parameter of type &lt;project.MODEL.Citazione&gt; in (CitazioneDAOPostgres.java:0)
Method &lt;project.DAO.DAOPostgres.CitazioneDAOPostgres.getCitati(java.lang.String)&gt; calls constructor &lt;project.MODEL.Citazione.&lt;init&gt;(java.lang.String, java.lang.String)&gt; in (CitazioneDAOPostgres.java:113)
Method &lt;project.DAO.DAOPostgres.CitazioneDAOPostgres.getCitati(java.lang.String)&gt; has generic return type &lt;java.util.List&lt;project.MODEL.Citazione&gt;&gt; with type argument depending on &lt;project.MODEL.Citazione&gt; in (CitazioneDAOPostgres.java:0)
Method &lt;project.DAO.DAOPostgres.CitazioneDAOPostgres.getCitazioni(java.lang.String)&gt; calls constructor &lt;project.MODEL.Citazione.&lt;init&gt;(java.lang.String, java.lang.String)&gt; in (CitazioneDAOPostgres.java:82)
Method &lt;project.DAO.DAOPostgres.CitazioneDAOPostgres.getCitazioni(java.lang.String)&gt; has generic return type &lt;java.util.List&lt;project.MODEL.Citazione&gt;&gt; with type argument depending on &lt;project.MODEL.Citazione&gt; in (CitazioneDAOPostgres.java:0)
Method &lt;project.DAO.DAOPostgres.CitazioneDAOPostgres.inserisciCitazione(project.MODEL.Citazione)&gt; calls method &lt;project.MODEL.Citazione.getMaterialeCitante()&gt; in (CitazioneDAOPostgres.java:28)
Method &lt;project.DAO.DAOPostgres.CitazioneDAOPostgres.inserisciCitazione(project.MODEL.Citazione)&gt; calls method &lt;project.MODEL.Citazione.getMaterialeCitato()&gt; in (CitazioneDAOPostgres.java:29)
Method &lt;project.DAO.DAOPostgres.CitazioneDAOPostgres.inserisciCitazione(project.MODEL.Citazione)&gt; calls method &lt;project.MODEL.Materiale.getTitolo()&gt; in (CitazioneDAOPostgres.java:28)
Method &lt;project.DAO.DAOPostgres.CitazioneDAOPostgres.inserisciCitazione(project.MODEL.Citazione)&gt; calls method &lt;project.MODEL.Materiale.getTitolo()&gt; in (CitazioneDAOPostgres.java:29)
Method &lt;project.DAO.DAOPostgres.CitazioneDAOPostgres.inserisciCitazione(project.MODEL.Citazione)&gt; has parameter of type &lt;project.MODEL.Citazione&gt; in (CitazioneDAOPostgres.java:0)
Method &lt;project.DAO.DAOPostgres.ConferenzaDAOPostgres.checkUniqueConferenza(project.MODEL.Conferenza)&gt; calls method &lt;project.MODEL.Conferenza.getDataConferenza()&gt; in (ConferenzaDAOPostgres.java:26)
Method &lt;project.DAO.DAOPostgres.ConferenzaDAOPostgres.checkUniqueConferenza(project.MODEL.Conferenza)&gt; calls method &lt;project.MODEL.Conferenza.getTitolo()&gt; in (ConferenzaDAOPostgres.java:25)
Method &lt;project.DAO.DAOPostgres.ConferenzaDAOPostgres.checkUniqueConferenza(project.MODEL.Conferenza)&gt; has parameter of type &lt;project.MODEL.Conferenza&gt; in (ConferenzaDAOPostgres.java:0)
Method &lt;project.DAO.DAOPostgres.ConferenzaDAOPostgres.getConferenzaByArticolo(java.lang.String)&gt; calls constructor &lt;project.MODEL.Conferenza.&lt;init&gt;(java.lang.String, java.lang.Integer, java.lang.String, java.lang.String, java.util.Date)&gt; in (ConferenzaDAOPostgres.java:75)
Method &lt;project.DAO.DAOPostgres.ConferenzaDAOPostgres.getConferenzaByArticolo(java.lang.String)&gt; has return type &lt;project.MODEL.Conferenza&gt; in (ConferenzaDAOPostgres.java:0)
Method &lt;project.DAO.DAOPostgres.ConferenzaDAOPostgres.insertConferenza(project.MODEL.Conferenza)&gt; calls method &lt;project.MODEL.Conferenza.getCasaEditrice()&gt; in (ConferenzaDAOPostgres.java:53)
Method &lt;project.DAO.DAOPostgres.ConferenzaDAOPostgres.insertConferenza(project.MODEL.Conferenza)&gt; calls method &lt;project.MODEL.Conferenza.getDataConferenza()&gt; in (ConferenzaDAOPostgres.java:51)
Method &lt;project.DAO.DAOPostgres.ConferenzaDAOPostgres.insertConferenza(project.MODEL.Conferenza)&gt; calls method &lt;project.MODEL.Conferenza.getDurata()&gt; in (ConferenzaDAOPostgres.java:55)
Method &lt;project.DAO.DAOPostgres.ConferenzaDAOPostgres.insertConferenza(project.MODEL.Conferenza)&gt; calls method &lt;project.MODEL.Conferenza.getSede()&gt; in (ConferenzaDAOPostgres.java:54)
Method &lt;project.DAO.DAOPostgres.ConferenzaDAOPostgres.insertConferenza(project.MODEL.Conferenza)&gt; calls method &lt;project.MODEL.Conferenza.getTitolo()&gt; in (ConferenzaDAOPostgres.java:50)
Method &lt;project.DAO.DAOPostgres.ConferenzaDAOPostgres.insertConferenza(project.MODEL.Conferenza)&gt; has parameter of type &lt;project.MODEL.Conferenza&gt; in (ConferenzaDAOPostgres.java:0)
Method &lt;project.DAO.DAOPostgres.ConferenzaDAOPostgres.updateConferenza(project.MODEL.Conferenza, project.MODEL.Conferenza)&gt; calls method &lt;project.MODEL.Conferenza.getCasaEditrice()&gt; in (ConferenzaDAOPostgres.java:88)
Method &lt;project.DAO.DAOPostgres.ConferenzaDAOPostgres.updateConferenza(project.MODEL.Conferenza, project.MODEL.Conferenza)&gt; calls method &lt;project.MODEL.Conferenza.getDataConferenza()&gt; in (ConferenzaDAOPostgres.java:92)
Method &lt;project.DAO.DAOPostgres.ConferenzaDAOPostgres.updateConferenza(project.MODEL.Conferenza, project.MODEL.Conferenza)&gt; calls method &lt;project.MODEL.Conferenza.getDurata()&gt; in (ConferenzaDAOPostgres.java:90)
Method &lt;project.DAO.DAOPostgres.ConferenzaDAOPostgres.updateConferenza(project.MODEL.Conferenza, project.MODEL.Conferenza)&gt; calls method &lt;project.MODEL.Conferenza.getSede()&gt; in (ConferenzaDAOPostgres.java:89)
Method &lt;project.DAO.DAOPostgres.ConferenzaDAOPostgres.updateConferenza(project.MODEL.Conferenza, project.MODEL.Conferenza)&gt; calls method &lt;project.MODEL.Conferenza.getTitolo()&gt; in (ConferenzaDAOPostgres.java:91)
Method &lt;project.DAO.DAOPostgres.ConferenzaDAOPostgres.updateConferenza(project.MODEL.Conferenza, project.MODEL.Conferenza)&gt; calls method &lt;project.MODEL.Conferenza.getTitolo()&gt; in (ConferenzaDAOPostgres.java:98)
Method &lt;project.DAO.DAOPostgres.ConferenzaDAOPostgres.updateConferenza(project.MODEL.Conferenza, project.MODEL.Conferenza)&gt; has parameter of type &lt;project.MODEL.Conferenza&gt; in (ConferenzaDAOPostgres.java:0)
Method &lt;project.DAO.DAOPostgres.DatasetDAOPostgres.getDataset(java.lang.String)&gt; calls constructor &lt;project.MODEL.Dataset.&lt;init&gt;(java.lang.String, java.lang.String, java.lang.String, java.lang.Integer, java.lang.Integer, java.lang.String)&gt; in (DatasetDAOPostgres.java:131)
Method &lt;project.DAO.DAOPostgres.DatasetDAOPostgres.getDataset(java.lang.String)&gt; has return type &lt;project.MODEL.Dataset&gt; in (DatasetDAOPostgres.java:0)
Method &lt;project.DAO.DAOPostgres.DatasetDAOPostgres.identico(project.MODEL.Dataset)&gt; calls method &lt;project.MODEL.Dataset.getNcolonne()&gt; in (DatasetDAOPostgres.java:176)
Method &lt;project.DAO.DAOPostgres.DatasetDAOPostgres.identico(project.MODEL.Dataset)&gt; calls method &lt;project.MODEL.Dataset.getNrighe()&gt; in (DatasetDAOPostgres.java:175)
Method &lt;project.DAO.DAOPostgres.DatasetDAOPostgres.identico(project.MODEL.Dataset)&gt; calls method &lt;project.MODEL.Dataset.getTitolo()&gt; in (DatasetDAOPostgres.java:174)
Method &lt;project.DAO.DAOPostgres.DatasetDAOPostgres.identico(project.MODEL.Dataset)&gt; calls method &lt;project.MODEL.Dataset.getUrl()&gt; in (DatasetDAOPostgres.java:177)
Method &lt;project.DAO.DAOPostgres.DatasetDAOPostgres.identico(project.MODEL.Dataset)&gt; has parameter of type &lt;project.MODEL.Dataset&gt; in (DatasetDAOPostgres.java:0)
Method &lt;project.DAO.DAOPostgres.DatasetDAOPostgres.insertDataset(project.MODEL.Dataset)&gt; calls method &lt;project.MODEL.Dataset.getDescrizione()&gt; in (DatasetDAOPostgres.java:102)
Method &lt;project.DAO.DAOPostgres.DatasetDAOPostgres.insertDataset(project.MODEL.Dataset)&gt; calls method &lt;project.MODEL.Dataset.getDescrizione()&gt; in (DatasetDAOPostgres.java:105)
Method &lt;project.DAO.DAOPostgres.DatasetDAOPostgres.insertDataset(project.MODEL.Dataset)&gt; calls method &lt;project.MODEL.Dataset.getDoi()&gt; in (DatasetDAOPostgres.java:101)
Method &lt;project.DAO.DAOPostgres.DatasetDAOPostgres.insertDataset(project.MODEL.Dataset)&gt; calls method &lt;project.MODEL.Dataset.getDoi()&gt; in (DatasetDAOPostgres.java:98)
Method &lt;project.DAO.DAOPostgres.DatasetDAOPostgres.insertDataset(project.MODEL.Dataset)&gt; calls method &lt;project.MODEL.Dataset.getNcolonne()&gt; in (DatasetDAOPostgres.java:107)
Method &lt;project.DAO.DAOPostgres.DatasetDAOPostgres.insertDataset(project.MODEL.Dataset)&gt; calls method &lt;project.MODEL.Dataset.getNrighe()&gt; in (DatasetDAOPostgres.java:108)
Method &lt;project.DAO.DAOPostgres.DatasetDAOPostgres.insertDataset(project.MODEL.Dataset)&gt; calls method &lt;project.MODEL.Dataset.getTitolo()&gt; in (DatasetDAOPostgres.java:115)
Method &lt;project.DAO.DAOPostgres.DatasetDAOPostgres.insertDataset(project.MODEL.Dataset)&gt; calls method &lt;project.MODEL.Dataset.getTitolo()&gt; in (DatasetDAOPostgres.java:97)
Method &lt;project.DAO.DAOPostgres.DatasetDAOPostgres.insertDataset(project.MODEL.Dataset)&gt; calls method &lt;project.MODEL.Dataset.getUrl()&gt; in (DatasetDAOPostgres.java:106)
Method &lt;project.DAO.DAOPostgres.DatasetDAOPostgres.insertDataset(project.MODEL.Dataset)&gt; has parameter of type &lt;project.MODEL.Dataset&gt; in (DatasetDAOPostgres.java:0)
Method &lt;project.DAO.DAOPostgres.DatasetDAOPostgres.updateDataset(project.MODEL.Dataset, project.MODEL.Dataset)&gt; calls method &lt;project.MODEL.Dataset.getDescrizione()&gt; in (DatasetDAOPostgres.java:150)
Method &lt;project.DAO.DAOPostgres.DatasetDAOPostgres.updateDataset(project.MODEL.Dataset, project.MODEL.Dataset)&gt; calls method &lt;project.MODEL.Dataset.getDescrizione()&gt; in (DatasetDAOPostgres.java:153)
Method &lt;project.DAO.DAOPostgres.DatasetDAOPostgres.updateDataset(project.MODEL.Dataset, project.MODEL.Dataset)&gt; calls method &lt;project.MODEL.Dataset.getDoi()&gt; in (DatasetDAOPostgres.java:146)
Method &lt;project.DAO.DAOPostgres.DatasetDAOPostgres.updateDataset(project.MODEL.Dataset, project.MODEL.Dataset)&gt; calls method &lt;project.MODEL.Dataset.getDoi()&gt; in (DatasetDAOPostgres.java:149)
Method &lt;project.DAO.DAOPostgres.DatasetDAOPostgres.updateDataset(project.MODEL.Dataset, project.MODEL.Dataset)&gt; calls method &lt;project.MODEL.Dataset.getNcolonne()&gt; in (DatasetDAOPostgres.java:155)
Method &lt;project.DAO.DAOPostgres.DatasetDAOPostgres.updateDataset(project.MODEL.Dataset, project.MODEL.Dataset)&gt; calls method &lt;project.MODEL.Dataset.getNrighe()&gt; in (DatasetDAOPostgres.java:156)
Method &lt;project.DAO.DAOPostgres.DatasetDAOPostgres.updateDataset(project.MODEL.Dataset, project.MODEL.Dataset)&gt; calls method &lt;project.MODEL.Dataset.getTitolo()&gt; in (DatasetDAOPostgres.java:145)
Method &lt;project.DAO.DAOPostgres.DatasetDAOPostgres.updateDataset(project.MODEL.Dataset, project.MODEL.Dataset)&gt; calls method &lt;project.MODEL.Dataset.getTitolo()&gt; in (DatasetDAOPostgres.java:157)
Method &lt;project.DAO.DAOPostgres.DatasetDAOPostgres.updateDataset(project.MODEL.Dataset, project.MODEL.Dataset)&gt; calls method &lt;project.MODEL.Dataset.getTitolo()&gt; in (DatasetDAOPostgres.java:163)
Method &lt;project.DAO.DAOPostgres.DatasetDAOPostgres.updateDataset(project.MODEL.Dataset, project.MODEL.Dataset)&gt; calls method &lt;project.MODEL.Dataset.getUrl()&gt; in (DatasetDAOPostgres.java:154)
Method &lt;project.DAO.DAOPostgres.DatasetDAOPostgres.updateDataset(project.MODEL.Dataset, project.MODEL.Dataset)&gt; has parameter of type &lt;project.MODEL.Dataset&gt; in (DatasetDAOPostgres.java:0)
Method &lt;project.DAO.DAOPostgres.LibroDAOPostgres.deleteLibro(project.MODEL.Libro)&gt; calls method &lt;project.MODEL.Libro.getTitolo()&gt; in (LibroDAOPostgres.java:63)
Method &lt;project.DAO.DAOPostgres.LibroDAOPostgres.deleteLibro(project.MODEL.Libro)&gt; has parameter of type &lt;project.MODEL.Libro&gt; in (LibroDAOPostgres.java:0)
Method &lt;project.DAO.DAOPostgres.LibroDAOPostgres.getLibro(java.lang.String)&gt; calls constructor &lt;project.MODEL.Libro.&lt;init&gt;(java.lang.String, java.lang.String, java.lang.String, java.lang.String, int, java.lang.String, java.lang.String)&gt; in (LibroDAOPostgres.java:148)
Method &lt;project.DAO.DAOPostgres.LibroDAOPostgres.getLibro(java.lang.String)&gt; has return type &lt;project.MODEL.Libro&gt; in (LibroDAOPostgres.java:0)
Method &lt;project.DAO.DAOPostgres.LibroDAOPostgres.identico(project.MODEL.Libro)&gt; calls method &lt;project.MODEL.Libro.getEditore()&gt; in (LibroDAOPostgres.java:198)
Method &lt;project.DAO.DAOPostgres.LibroDAOPostgres.identico(project.MODEL.Libro)&gt; calls method &lt;project.MODEL.Libro.getIsbn()&gt; in (LibroDAOPostgres.java:196)
Method &lt;project.DAO.DAOPostgres.LibroDAOPostgres.identico(project.MODEL.Libro)&gt; calls method &lt;project.MODEL.Libro.getNpagine()&gt; in (LibroDAOPostgres.java:197)
Method &lt;project.DAO.DAOPostgres.LibroDAOPostgres.identico(project.MODEL.Libro)&gt; calls method &lt;project.MODEL.Libro.getTitolo()&gt; in (LibroDAOPostgres.java:195)
Method &lt;project.DAO.DAOPostgres.LibroDAOPostgres.identico(project.MODEL.Libro)&gt; has parameter of type &lt;project.MODEL.Libro&gt; in (LibroDAOPostgres.java:0)
Method &lt;project.DAO.DAOPostgres.LibroDAOPostgres.insertLibro(project.MODEL.Libro)&gt; calls method &lt;project.MODEL.Libro.getDescrizione()&gt; in (LibroDAOPostgres.java:37)
Method &lt;project.DAO.DAOPostgres.LibroDAOPostgres.insertLibro(project.MODEL.Libro)&gt; calls method &lt;project.MODEL.Libro.getDescrizione()&gt; in (LibroDAOPostgres.java:40)
Method &lt;project.DAO.DAOPostgres.LibroDAOPostgres.insertLibro(project.MODEL.Libro)&gt; calls method &lt;project.MODEL.Libro.getDoi()&gt; in (LibroDAOPostgres.java:33)
Method &lt;project.DAO.DAOPostgres.LibroDAOPostgres.insertLibro(project.MODEL.Libro)&gt; calls method &lt;project.MODEL.Libro.getDoi()&gt; in (LibroDAOPostgres.java:36)
Method &lt;project.DAO.DAOPostgres.LibroDAOPostgres.insertLibro(project.MODEL.Libro)&gt; calls method &lt;project.MODEL.Libro.getEditore()&gt; in (LibroDAOPostgres.java:47)
Method &lt;project.DAO.DAOPostgres.LibroDAOPostgres.insertLibro(project.MODEL.Libro)&gt; calls method &lt;project.MODEL.Libro.getGenere()&gt; in (LibroDAOPostgres.java:42)
Method &lt;project.DAO.DAOPostgres.LibroDAOPostgres.insertLibro(project.MODEL.Libro)&gt; calls method &lt;project.MODEL.Libro.getGenere()&gt; in (LibroDAOPostgres.java:45)
Method &lt;project.DAO.DAOPostgres.LibroDAOPostgres.insertLibro(project.MODEL.Libro)&gt; calls method &lt;project.MODEL.Libro.getIsbn()&gt; in (LibroDAOPostgres.java:41)
Method &lt;project.DAO.DAOPostgres.LibroDAOPostgres.insertLibro(project.MODEL.Libro)&gt; calls method &lt;project.MODEL.Libro.getNpagine()&gt; in (LibroDAOPostgres.java:46)
Method &lt;project.DAO.DAOPostgres.LibroDAOPostgres.insertLibro(project.MODEL.Libro)&gt; calls method &lt;project.MODEL.Libro.getTitolo()&gt; in (LibroDAOPostgres.java:32)
Method &lt;project.DAO.DAOPostgres.LibroDAOPostgres.insertLibro(project.MODEL.Libro)&gt; calls method &lt;project.MODEL.Libro.getTitolo()&gt; in (LibroDAOPostgres.java:54)
Method &lt;project.DAO.DAOPostgres.LibroDAOPostgres.insertLibro(project.MODEL.Libro)&gt; has parameter of type &lt;project.MODEL.Libro&gt; in (LibroDAOPostgres.java:0)
Method &lt;project.DAO.DAOPostgres.LibroDAOPostgres.updateLibro(project.MODEL.Libro, project.MODEL.Libro)&gt; calls method &lt;project.MODEL.Libro.getDescrizione()&gt; in (LibroDAOPostgres.java:167)
Method &lt;project.DAO.DAOPostgres.LibroDAOPostgres.updateLibro(project.MODEL.Libro, project.MODEL.Libro)&gt; calls method &lt;project.MODEL.Libro.getDescrizione()&gt; in (LibroDAOPostgres.java:170)
Method &lt;project.DAO.DAOPostgres.LibroDAOPostgres.updateLibro(project.MODEL.Libro, project.MODEL.Libro)&gt; calls method &lt;project.MODEL.Libro.getDoi()&gt; in (LibroDAOPostgres.java:163)
Method &lt;project.DAO.DAOPostgres.LibroDAOPostgres.updateLibro(project.MODEL.Libro, project.MODEL.Libro)&gt; calls method &lt;project.MODEL.Libro.getDoi()&gt; in (LibroDAOPostgres.java:166)
Method &lt;project.DAO.DAOPostgres.LibroDAOPostgres.updateLibro(project.MODEL.Libro, project.MODEL.Libro)&gt; calls method &lt;project.MODEL.Libro.getEditore()&gt; in (LibroDAOPostgres.java:177)
Method &lt;project.DAO.DAOPostgres.LibroDAOPostgres.updateLibro(project.MODEL.Libro, project.MODEL.Libro)&gt; calls method &lt;project.MODEL.Libro.getGenere()&gt; in (LibroDAOPostgres.java:172)
Method &lt;project.DAO.DAOPostgres.LibroDAOPostgres.updateLibro(project.MODEL.Libro, project.MODEL.Libro)&gt; calls method &lt;project.MODEL.Libro.getGenere()&gt; in (LibroDAOPostgres.java:175)
Method &lt;project.DAO.DAOPostgres.LibroDAOPostgres.updateLibro(project.MODEL.Libro, project.MODEL.Libro)&gt; calls method &lt;project.MODEL.Libro.getIsbn()&gt; in (LibroDAOPostgres.java:171)
Method &lt;project.DAO.DAOPostgres.LibroDAOPostgres.updateLibro(project.MODEL.Libro, project.MODEL.Libro)&gt; calls method &lt;project.MODEL.Libro.getNpagine()&gt; in (LibroDAOPostgres.java:176)
Method &lt;project.DAO.DAOPostgres.LibroDAOPostgres.updateLibro(project.MODEL.Libro, project.MODEL.Libro)&gt; calls method &lt;project.MODEL.Libro.getTitolo()&gt; in (LibroDAOPostgres.java:162)
Method &lt;project.DAO.DAOPostgres.LibroDAOPostgres.updateLibro(project.MODEL.Libro, project.MODEL.Libro)&gt; calls method &lt;project.MODEL.Libro.getTitolo()&gt; in (LibroDAOPostgres.java:178)
Method &lt;project.DAO.DAOPostgres.LibroDAOPostgres.updateLibro(project.MODEL.Libro, project.MODEL.Libro)&gt; calls method &lt;project.MODEL.Libro.getTitolo()&gt; in (LibroDAOPostgres.java:184)
Method &lt;project.DAO.DAOPostgres.LibroDAOPostgres.updateLibro(project.MODEL.Libro, project.MODEL.Libro)&gt; has parameter of type &lt;project.MODEL.Libro&gt; in (LibroDAOPostgres.java:0)
Method &lt;project.DAO.DAOPostgres.MaterialeDAOPostgres.eliminaMateriale(project.MODEL.Materiale)&gt; calls method &lt;project.MODEL.Materiale.getTitolo()&gt; in (MaterialeDAOPostgres.java:62)
Method &lt;project.DAO.DAOPostgres.MaterialeDAOPostgres.eliminaMateriale(project.MODEL.Materiale)&gt; calls method &lt;project.MODEL.Materiale.getTitolo()&gt; in (MaterialeDAOPostgres.java:63)
Method &lt;project.DAO.DAOPostgres.MaterialeDAOPostgres.eliminaMateriale(project.MODEL.Materiale)&gt; calls method &lt;project.MODEL.Materiale.getTitolo()&gt; in (MaterialeDAOPostgres.java:64)
Method &lt;project.DAO.DAOPostgres.MaterialeDAOPostgres.eliminaMateriale(project.MODEL.Materiale)&gt; calls method &lt;project.MODEL.Materiale.getTitolo()&gt; in (MaterialeDAOPostgres.java:65)
Method &lt;project.DAO.DAOPostgres.MaterialeDAOPostgres.eliminaMateriale(project.MODEL.Materiale)&gt; calls method &lt;project.MODEL.Materiale.getTitolo()&gt; in (MaterialeDAOPostgres.java:66)
Method &lt;project.DAO.DAOPostgres.MaterialeDAOPostgres.eliminaMateriale(project.MODEL.Materiale)&gt; calls method &lt;project.MODEL.Materiale.getTitolo()&gt; in (MaterialeDAOPostgres.java:67)
Method &lt;project.DAO.DAOPostgres.MaterialeDAOPostgres.eliminaMateriale(project.MODEL.Materiale)&gt; has parameter of type &lt;project.MODEL.Materiale&gt; in (MaterialeDAOPostgres.java:0)
Method &lt;project.DAO.DAOPostgres.MaterialeDAOPostgres.getMateriali()&gt; calls constructor &lt;project.MODEL.Materiale.&lt;init&gt;(java.lang.String, java.lang.String, java.lang.String, java.lang.String, int)&gt; in (MaterialeDAOPostgres.java:98)
Method &lt;project.DAO.DAOPostgres.MaterialeDAOPostgres.getMateriali()&gt; has generic return type &lt;java.util.List&lt;project.MODEL.Materiale&gt;&gt; with type argument depending on &lt;project.MODEL.Materiale&gt; in (MaterialeDAOPostgres.java:0)
Method &lt;project.DAO.DAOPostgres.MaterialeDAOPostgres.getMaterialiDiAutore(java.lang.String)&gt; calls constructor &lt;project.MODEL.Materiale.&lt;init&gt;(java.lang.String, java.lang.String, java.lang.String, java.lang.String)&gt; in (MaterialeDAOPostgres.java:39)
Method &lt;project.DAO.DAOPostgres.MaterialeDAOPostgres.getMaterialiDiAutore(java.lang.String)&gt; has generic return type &lt;java.util.List&lt;project.MODEL.Materiale&gt;&gt; with type argument depending on &lt;project.MODEL.Materiale&gt; in (MaterialeDAOPostgres.java:0)
Method &lt;project.DAO.DAOPostgres.ParolaChiaveDAOPostgres.checkUniqueParolaChiave(project.MODEL.ParolaChiave)&gt; calls method &lt;project.MODEL.ParolaChiave.getParola()&gt; in (ParolaChiaveDAOPostgres.java:25)
Method &lt;project.DAO.DAOPostgres.ParolaChiaveDAOPostgres.checkUniqueParolaChiave(project.MODEL.ParolaChiave)&gt; has parameter of type &lt;project.MODEL.ParolaChiave&gt; in (ParolaChiaveDAOPostgres.java:0)
Method &lt;project.DAO.DAOPostgres.ParolaChiaveDAOPostgres.getParoleAssociate(java.lang.String)&gt; calls constructor &lt;project.MODEL.ParolaChiave.&lt;init&gt;(java.lang.String)&gt; in (ParolaChiaveDAOPostgres.java:75)
Method &lt;project.DAO.DAOPostgres.ParolaChiaveDAOPostgres.getParoleAssociate(java.lang.String)&gt; has generic return type &lt;java.util.List&lt;project.MODEL.ParolaChiave&gt;&gt; with type argument depending on &lt;project.MODEL.ParolaChiave&gt; in (ParolaChiaveDAOPostgres.java:0)
Method &lt;project.DAO.DAOPostgres.ParolaChiaveDAOPostgres.insertParolaChiave(project.MODEL.ParolaChiave)&gt; calls method &lt;project.MODEL.ParolaChiave.getParola()&gt; in (ParolaChiaveDAOPostgres.java:47)
Method &lt;project.DAO.DAOPostgres.ParolaChiaveDAOPostgres.insertParolaChiave(project.MODEL.ParolaChiave)&gt; has parameter of type &lt;project.MODEL.ParolaChiave&gt; in (ParolaChiaveDAOPostgres.java:0)
Method &lt;project.DAO.DAOPostgres.ParolaChiaveDelMaterialeDAOPostgres.checkUniqueAssociazione(project.MODEL.ParolaChiaveDelMateriale)&gt; calls method &lt;project.MODEL.Materiale.getTitolo()&gt; in (ParolaChiaveDelMaterialeDAOPostgres.java:42)
Method &lt;project.DAO.DAOPostgres.ParolaChiaveDelMaterialeDAOPostgres.checkUniqueAssociazione(project.MODEL.ParolaChiaveDelMateriale)&gt; calls method &lt;project.MODEL.ParolaChiave.getParola()&gt; in (ParolaChiaveDelMaterialeDAOPostgres.java:41)
Method &lt;project.DAO.DAOPostgres.ParolaChiaveDelMaterialeDAOPostgres.checkUniqueAssociazione(project.MODEL.ParolaChiaveDelMateriale)&gt; calls method &lt;project.MODEL.ParolaChiaveDelMateriale.getMateriale()&gt; in (ParolaChiaveDelMaterialeDAOPostgres.java:42)
Method &lt;project.DAO.DAOPostgres.ParolaChiaveDelMaterialeDAOPostgres.checkUniqueAssociazione(project.MODEL.ParolaChiaveDelMateriale)&gt; calls method &lt;project.MODEL.ParolaChiaveDelMateriale.getParolaChiave()&gt; in (ParolaChiaveDelMaterialeDAOPostgres.java:41)
Method &lt;project.DAO.DAOPostgres.ParolaChiaveDelMaterialeDAOPostgres.checkUniqueAssociazione(project.MODEL.ParolaChiaveDelMateriale)&gt; has parameter of type &lt;project.MODEL.ParolaChiaveDelMateriale&gt; in (ParolaChiaveDelMaterialeDAOPostgres.java:0)
Method &lt;project.DAO.DAOPostgres.ParolaChiaveDelMaterialeDAOPostgres.eliminaParolaDelMateriale(project.MODEL.ParolaChiaveDelMateriale)&gt; calls method &lt;project.MODEL.Materiale.getTitolo()&gt; in (ParolaChiaveDelMaterialeDAOPostgres.java:65)
Method &lt;project.DAO.DAOPostgres.ParolaChiaveDelMaterialeDAOPostgres.eliminaParolaDelMateriale(project.MODEL.ParolaChiaveDelMateriale)&gt; calls method &lt;project.MODEL.ParolaChiave.getParola()&gt; in (ParolaChiaveDelMaterialeDAOPostgres.java:64)
Method &lt;project.DAO.DAOPostgres.ParolaChiaveDelMaterialeDAOPostgres.eliminaParolaDelMateriale(project.MODEL.ParolaChiaveDelMateriale)&gt; calls method &lt;project.MODEL.ParolaChiave.getParola()&gt; in (ParolaChiaveDelMaterialeDAOPostgres.java:71)
Method &lt;project.DAO.DAOPostgres.ParolaChiaveDelMaterialeDAOPostgres.eliminaParolaDelMateriale(project.MODEL.ParolaChiaveDelMateriale)&gt; calls method &lt;project.MODEL.ParolaChiaveDelMateriale.getMateriale()&gt; in (ParolaChiaveDelMaterialeDAOPostgres.java:65)
Method &lt;project.DAO.DAOPostgres.ParolaChiaveDelMaterialeDAOPostgres.eliminaParolaDelMateriale(project.MODEL.ParolaChiaveDelMateriale)&gt; calls method &lt;project.MODEL.ParolaChiaveDelMateriale.getParolaChiave()&gt; in (ParolaChiaveDelMaterialeDAOPostgres.java:64)
Method &lt;project.DAO.DAOPostgres.ParolaChiaveDelMaterialeDAOPostgres.eliminaParolaDelMateriale(project.MODEL.ParolaChiaveDelMateriale)&gt; calls method &lt;project.MODEL.ParolaChiaveDelMateriale.getParolaChiave()&gt; in (ParolaChiaveDelMaterialeDAOPostgres.java:71)
Method &lt;project.DAO.DAOPostgres.ParolaChiaveDelMaterialeDAOPostgres.eliminaParolaDelMateriale(project.MODEL.ParolaChiaveDelMateriale)&gt; has parameter of type &lt;project.MODEL.ParolaChiaveDelMateriale&gt; in (ParolaChiaveDelMaterialeDAOPostgres.java:0)
Method &lt;project.DAO.DAOPostgres.ParolaChiaveDelMaterialeDAOPostgres.insertAssociazione(project.MODEL.ParolaChiaveDelMateriale)&gt; calls method &lt;project.MODEL.Materiale.getTitolo()&gt; in (ParolaChiaveDelMaterialeDAOPostgres.java:24)
Method &lt;project.DAO.DAOPostgres.ParolaChiaveDelMaterialeDAOPostgres.insertAssociazione(project.MODEL.ParolaChiaveDelMateriale)&gt; calls method &lt;project.MODEL.ParolaChiave.getParola()&gt; in (ParolaChiaveDelMaterialeDAOPostgres.java:23)
Method &lt;project.DAO.DAOPostgres.ParolaChiaveDelMaterialeDAOPostgres.insertAssociazione(project.MODEL.ParolaChiaveDelMateriale)&gt; calls method &lt;project.MODEL.ParolaChiaveDelMateriale.getMateriale()&gt; in (ParolaChiaveDelMaterialeDAOPostgres.java:24)
Method &lt;project.DAO.DAOPostgres.ParolaChiaveDelMaterialeDAOPostgres.insertAssociazione(project.MODEL.ParolaChiaveDelMateriale)&gt; calls method &lt;project.MODEL.ParolaChiaveDelMateriale.getParolaChiave()&gt; in (ParolaChiaveDelMaterialeDAOPostgres.java:23)
Method &lt;project.DAO.DAOPostgres.ParolaChiaveDelMaterialeDAOPostgres.insertAssociazione(project.MODEL.ParolaChiaveDelMateriale)&gt; has parameter of type &lt;project.MODEL.ParolaChiaveDelMateriale&gt; in (ParolaChiaveDelMaterialeDAOPostgres.java:0)
Method &lt;project.DAO.DAOPostgres.RigaTabellaArticoloSuConferenzaDAOPostgres.getArticoliSuConferenza()&gt; calls constructor &lt;project.MODEL.ArticoloSuConferenza.&lt;init&gt;(java.lang.String, java.lang.String, java.lang.String, java.lang.String, project.MODEL.Conferenza, int)&gt; in (RigaTabellaArticoloSuConferenzaDAOPostgres.java:54)
Method &lt;project.DAO.DAOPostgres.RigaTabellaArticoloSuConferenzaDAOPostgres.getArticoliSuConferenza()&gt; calls constructor &lt;project.MODEL.Autore.&lt;init&gt;(java.lang.String, java.lang.String, java.lang.String)&gt; in (RigaTabellaArticoloSuConferenzaDAOPostgres.java:55)
Method &lt;project.DAO.DAOPostgres.RigaTabellaArticoloSuConferenzaDAOPostgres.getArticoliSuConferenza()&gt; calls constructor &lt;project.MODEL.Conferenza.&lt;init&gt;(java.lang.String, java.lang.Integer, java.lang.String, java.lang.String, java.util.Date)&gt; in (RigaTabellaArticoloSuConferenzaDAOPostgres.java:53)
Method &lt;project.DAO.DAOPostgres.RigaTabellaArticoloSuConferenzaDAOPostgres.getArticoliSuConferenza()&gt; calls constructor &lt;project.MODEL.Pubblicazione.&lt;init&gt;(project.MODEL.Autore, project.MODEL.Materiale, java.sql.Date, java.sql.Date)&gt; in (RigaTabellaArticoloSuConferenzaDAOPostgres.java:56)
Method &lt;project.DAO.DAOPostgres.RigaTabellaArticoloSuConferenzaDAOPostgres.getRigaArticoloSuConferenza(java.lang.String)&gt; calls constructor &lt;project.MODEL.ArticoloSuConferenza.&lt;init&gt;(java.lang.String, java.lang.String, java.lang.String, java.lang.String, project.MODEL.Conferenza, int)&gt; in (RigaTabellaArticoloSuConferenzaDAOPostgres.java:103)
Method &lt;project.DAO.DAOPostgres.RigaTabellaArticoloSuConferenzaDAOPostgres.getRigaArticoloSuConferenza(java.lang.String)&gt; calls constructor &lt;project.MODEL.Autore.&lt;init&gt;(java.lang.String, java.lang.String, java.lang.String)&gt; in (RigaTabellaArticoloSuConferenzaDAOPostgres.java:104)
Method &lt;project.DAO.DAOPostgres.RigaTabellaArticoloSuConferenzaDAOPostgres.getRigaArticoloSuConferenza(java.lang.String)&gt; calls constructor &lt;project.MODEL.Conferenza.&lt;init&gt;(java.lang.String, java.lang.Integer, java.lang.String, java.lang.String, java.util.Date)&gt; in (RigaTabellaArticoloSuConferenzaDAOPostgres.java:102)
Method &lt;project.DAO.DAOPostgres.RigaTabellaArticoloSuConferenzaDAOPostgres.getRigaArticoloSuConferenza(java.lang.String)&gt; calls constructor &lt;project.MODEL.Pubblicazione.&lt;init&gt;(project.MODEL.Autore, project.MODEL.Materiale, java.sql.Date, java.sql.Date)&gt; in (RigaTabellaArticoloSuConferenzaDAOPostgres.java:105)
Method &lt;project.DAO.DAOPostgres.RigaTabellaArticoloSuRivistaDAOPostgres.getArticoliSuRivista()&gt; calls constructor &lt;project.MODEL.ArticoloSuRivista.&lt;init&gt;(java.lang.String, java.lang.String, java.lang.String, java.lang.String, project.MODEL.Rivista, int)&gt; in (RigaTabellaArticoloSuRivistaDAOPostgres.java:56)
Method &lt;project.DAO.DAOPostgres.RigaTabellaArticoloSuRivistaDAOPostgres.getArticoliSuRivista()&gt; calls constructor &lt;project.MODEL.Autore.&lt;init&gt;(java.lang.String, java.lang.String, java.lang.String)&gt; in (RigaTabellaArticoloSuRivistaDAOPostgres.java:57)
Method &lt;project.DAO.DAOPostgres.RigaTabellaArticoloSuRivistaDAOPostgres.getArticoliSuRivista()&gt; calls constructor &lt;project.MODEL.Pubblicazione.&lt;init&gt;(project.MODEL.Autore, project.MODEL.Materiale, java.sql.Date, java.sql.Date)&gt; in (RigaTabellaArticoloSuRivistaDAOPostgres.java:58)
Method &lt;project.DAO.DAOPostgres.RigaTabellaArticoloSuRivistaDAOPostgres.getArticoliSuRivista()&gt; calls constructor &lt;project.MODEL.Rivista.&lt;init&gt;(java.lang.String, java.lang.String, java.lang.String, java.lang.String)&gt; in (RigaTabellaArticoloSuRivistaDAOPostgres.java:55)
Method &lt;project.DAO.DAOPostgres.RigaTabellaArticoloSuRivistaDAOPostgres.getRigaArticoloSuRivista(java.lang.String)&gt; calls constructor &lt;project.MODEL.ArticoloSuRivista.&lt;init&gt;(java.lang.String, java.lang.String, java.lang.String, java.lang.String, project.MODEL.Rivista, int)&gt; in (RigaTabellaArticoloSuRivistaDAOPostgres.java:105)
Method &lt;project.DAO.DAOPostgres.RigaTabellaArticoloSuRivistaDAOPostgres.getRigaArticoloSuRivista(java.lang.String)&gt; calls constructor &lt;project.MODEL.Autore.&lt;init&gt;(java.lang.String, java.lang.String, java.lang.String)&gt; in (RigaTabellaArticoloSuRivistaDAOPostgres.java:106)
Method &lt;project.DAO.DAOPostgres.RigaTabellaArticoloSuRivistaDAOPostgres.getRigaArticoloSuRivista(java.lang.String)&gt; calls constructor &lt;project.MODEL.Pubblicazione.&lt;init&gt;(project.MODEL.Autore, project.MODEL.Materiale, java.sql.Date, java.sql.Date)&gt; in (RigaTabellaArticoloSuRivistaDAOPostgres.java:107)
Method &lt;project.DAO.DAOPostgres.RigaTabellaArticoloSuRivistaDAOPostgres.getRigaArticoloSuRivista(java.lang.String)&gt; calls constructor &lt;project.MODEL.Rivista.&lt;init&gt;(java.lang.String, java.lang.String, java.lang.String, java.lang.String)&gt; in (RigaTabellaArticoloSuRivistaDAOPostgres.java:104)
Method &lt;project.DAO.DAOPostgres.RigaTabellaDatasetDAOPostgres.getDataset()&gt; calls constructor &lt;project.MODEL.Autore.&lt;init&gt;(java.lang.String, java.lang.String, java.lang.String)&gt; in (RigaTabellaDatasetDAOPostgres.java:53)
Method &lt;project.DAO.DAOPostgres.RigaTabellaDatasetDAOPostgres.getDataset()&gt; calls constructor &lt;project.MODEL.Dataset.&lt;init&gt;(java.lang.String, java.lang.String, java.lang.String, int, int, java.lang.String, int)&gt; in (RigaTabellaDatasetDAOPostgres.java:52)
Method &lt;project.DAO.DAOPostgres.RigaTabellaDatasetDAOPostgres.getDataset()&gt; calls constructor &lt;project.MODEL.Pubblicazione.&lt;init&gt;(project.MODEL.Autore, project.MODEL.Materiale, java.sql.Date, java.sql.Date)&gt; in (RigaTabellaDatasetDAOPostgres.java:54)
Method &lt;project.DAO.DAOPostgres.RigaTabellaDatasetDAOPostgres.getRigaDataset(java.lang.String)&gt; calls constructor &lt;project.MODEL.Autore.&lt;init&gt;(java.lang.String, java.lang.String, java.lang.String)&gt; in (RigaTabellaDatasetDAOPostgres.java:99)
Method &lt;project.DAO.DAOPostgres.RigaTabellaDatasetDAOPostgres.getRigaDataset(java.lang.String)&gt; calls constructor &lt;project.MODEL.Dataset.&lt;init&gt;(java.lang.String, java.lang.String, java.lang.String, int, int, java.lang.String, int)&gt; in (RigaTabellaDatasetDAOPostgres.java:98)
Method &lt;project.DAO.DAOPostgres.RigaTabellaDatasetDAOPostgres.getRigaDataset(java.lang.String)&gt; calls constructor &lt;project.MODEL.Pubblicazione.&lt;init&gt;(project.MODEL.Autore, project.MODEL.Materiale, java.sql.Date, java.sql.Date)&gt; in (RigaTabellaDatasetDAOPostgres.java:100)
Method &lt;project.DAO.DAOPostgres.RigaTabellaLibroDAOPostgres.getLibri()&gt; calls constructor &lt;project.MODEL.Autore.&lt;init&gt;(java.lang.String, java.lang.String, java.lang.String)&gt; in (RigaTabellaLibroDAOPostgres.java:96)
Method &lt;project.DAO.DAOPostgres.RigaTabellaLibroDAOPostgres.getLibri()&gt; calls constructor &lt;project.MODEL.Libro.&lt;init&gt;(java.lang.String, java.lang.String, java.lang.String, java.lang.String, int, java.lang.String, java.lang.String, int)&gt; in (RigaTabellaLibroDAOPostgres.java:95)
Method &lt;project.DAO.DAOPostgres.RigaTabellaLibroDAOPostgres.getLibri()&gt; calls constructor &lt;project.MODEL.Pubblicazione.&lt;init&gt;(project.MODEL.Autore, project.MODEL.Materiale, java.sql.Date, java.sql.Date)&gt; in (RigaTabellaLibroDAOPostgres.java:97)
Method &lt;project.DAO.DAOPostgres.RigaTabellaLibroDAOPostgres.getRigaLibro(java.lang.String)&gt; calls constructor &lt;project.MODEL.Autore.&lt;init&gt;(java.lang.String, java.lang.String, java.lang.String)&gt; in (RigaTabellaLibroDAOPostgres.java:54)
Method &lt;project.DAO.DAOPostgres.RigaTabellaLibroDAOPostgres.getRigaLibro(java.lang.String)&gt; calls constructor &lt;project.MODEL.Libro.&lt;init&gt;(java.lang.String, java.lang.String, java.lang.String, java.lang.String, int, java.lang.String, java.lang.String, int)&gt; in (RigaTabellaLibroDAOPostgres.java:53)
Method &lt;project.DAO.DAOPostgres.RigaTabellaLibroDAOPostgres.getRigaLibro(java.lang.String)&gt; calls constructor &lt;project.MODEL.Pubblicazione.&lt;init&gt;(project.MODEL.Autore, project.MODEL.Materiale, java.sql.Date, java.sql.Date)&gt; in (RigaTabellaLibroDAOPostgres.java:55)
Method &lt;project.DAO.DAOPostgres.RigaTabellaMaterialeDAOPostgres.getRigheMateriali()&gt; calls constructor &lt;project.MODEL.Autore.&lt;init&gt;(java.lang.String, java.lang.String, java.lang.String)&gt; in (RigaTabellaMaterialeDAOPostgres.java:55)
Method &lt;project.DAO.DAOPostgres.RigaTabellaMaterialeDAOPostgres.getRigheMateriali()&gt; calls constructor &lt;project.MODEL.Materiale.&lt;init&gt;(java.lang.String, java.lang.String, java.lang.String, java.lang.String, int)&gt; in (RigaTabellaMaterialeDAOPostgres.java:54)
Method &lt;project.DAO.DAOPostgres.RigaTabellaMaterialeDAOPostgres.getRigheMateriali()&gt; calls constructor &lt;project.MODEL.Pubblicazione.&lt;init&gt;(project.MODEL.Autore, project.MODEL.Materiale, java.sql.Date, java.sql.Date)&gt; in (RigaTabellaMaterialeDAOPostgres.java:56)
Method &lt;project.DAO.DAOPostgres.RigaTabellaMaterialeDAOPostgres.getRigheRicerca(project.struttureDiAppoggio.Ricerca)&gt; calls constructor &lt;project.MODEL.Autore.&lt;init&gt;(java.lang.String, java.lang.String, java.lang.String)&gt; in (RigaTabellaMaterialeDAOPostgres.java:177)
Method &lt;project.DAO.DAOPostgres.RigaTabellaMaterialeDAOPostgres.getRigheRicerca(project.struttureDiAppoggio.Ricerca)&gt; calls constructor &lt;project.MODEL.Materiale.&lt;init&gt;(java.lang.String, java.lang.String, java.lang.String, java.lang.String, int)&gt; in (RigaTabellaMaterialeDAOPostgres.java:176)
Method &lt;project.DAO.DAOPostgres.RigaTabellaMaterialeDAOPostgres.getRigheRicerca(project.struttureDiAppoggio.Ricerca)&gt; calls constructor &lt;project.MODEL.Pubblicazione.&lt;init&gt;(project.MODEL.Autore, project.MODEL.Materiale, java.sql.Date, java.sql.Date)&gt; in (RigaTabellaMaterialeDAOPostgres.java:178)
Method &lt;project.DAO.DAOPostgres.RigaTabellaRisorsaOnlineDAOPostgres.getRigaRisorsaOnline(java.lang.String)&gt; calls constructor &lt;project.MODEL.Autore.&lt;init&gt;(java.lang.String, java.lang.String, java.lang.String)&gt; in (RigaTabellaRisorsaOnlineDAOPostgres.java:100)
Method &lt;project.DAO.DAOPostgres.RigaTabellaRisorsaOnlineDAOPostgres.getRigaRisorsaOnline(java.lang.String)&gt; calls constructor &lt;project.MODEL.Pubblicazione.&lt;init&gt;(project.MODEL.Autore, project.MODEL.Materiale, java.sql.Date, java.sql.Date)&gt; in (RigaTabellaRisorsaOnlineDAOPostgres.java:101)
Method &lt;project.DAO.DAOPostgres.RigaTabellaRisorsaOnlineDAOPostgres.getRigaRisorsaOnline(java.lang.String)&gt; calls constructor &lt;project.MODEL.RisorsaOnline.&lt;init&gt;(java.lang.String, java.lang.String, java.lang.String, java.lang.String, int)&gt; in (RigaTabellaRisorsaOnlineDAOPostgres.java:99)
Method &lt;project.DAO.DAOPostgres.RigaTabellaRisorsaOnlineDAOPostgres.getRisorsaOnline()&gt; calls constructor &lt;project.MODEL.Autore.&lt;init&gt;(java.lang.String, java.lang.String, java.lang.String)&gt; in (RigaTabellaRisorsaOnlineDAOPostgres.java:53)
Method &lt;project.DAO.DAOPostgres.RigaTabellaRisorsaOnlineDAOPostgres.getRisorsaOnline()&gt; calls constructor &lt;project.MODEL.Pubblicazione.&lt;init&gt;(project.MODEL.Autore, project.MODEL.Materiale, java.sql.Date, java.sql.Date)&gt; in (RigaTabellaRisorsaOnlineDAOPostgres.java:54)
Method &lt;project.DAO.DAOPostgres.RigaTabellaRisorsaOnlineDAOPostgres.getRisorsaOnline()&gt; calls constructor &lt;project.MODEL.RisorsaOnline.&lt;init&gt;(java.lang.String, java.lang.String, java.lang.String, java.lang.String, int)&gt; in (RigaTabellaRisorsaOnlineDAOPostgres.java:52)
Method &lt;project.DAO.DAOPostgres.RisorsaOnlineDAOPostgres.getRisorsaOnline(java.lang.String)&gt; calls constructor &lt;project.MODEL.RisorsaOnline.&lt;init&gt;(java.lang.String, java.lang.String, java.lang.String, java.lang.String)&gt; in (RisorsaOnlineDAOPostgres.java:134)
Method &lt;project.DAO.DAOPostgres.RisorsaOnlineDAOPostgres.getRisorsaOnline(java.lang.String)&gt; has return type &lt;project.MODEL.RisorsaOnline&gt; in (RisorsaOnlineDAOPostgres.java:0)
Method &lt;project.DAO.DAOPostgres.RisorsaOnlineDAOPostgres.identico(project.MODEL.RisorsaOnline)&gt; calls method &lt;project.MODEL.RisorsaOnline.getTitolo()&gt; in (RisorsaOnlineDAOPostgres.java:178)
Method &lt;project.DAO.DAOPostgres.RisorsaOnlineDAOPostgres.identico(project.MODEL.RisorsaOnline)&gt; calls method &lt;project.MODEL.RisorsaOnline.getUrl()&gt; in (RisorsaOnlineDAOPostgres.java:179)
Method &lt;project.DAO.DAOPostgres.RisorsaOnlineDAOPostgres.identico(project.MODEL.RisorsaOnline)&gt; has parameter of type &lt;project.MODEL.RisorsaOnline&gt; in (RisorsaOnlineDAOPostgres.java:0)
Method &lt;project.DAO.DAOPostgres.RisorsaOnlineDAOPostgres.insertRisorsaOnline(project.MODEL.RisorsaOnline)&gt; calls method &lt;project.MODEL.RisorsaOnline.getDescrizione()&gt; in (RisorsaOnlineDAOPostgres.java:106)
Method &lt;project.DAO.DAOPostgres.RisorsaOnlineDAOPostgres.insertRisorsaOnline(project.MODEL.RisorsaOnline)&gt; calls method &lt;project.MODEL.RisorsaOnline.getDescrizione()&gt; in (RisorsaOnlineDAOPostgres.java:109)
Method &lt;project.DAO.DAOPostgres.RisorsaOnlineDAOPostgres.insertRisorsaOnline(project.MODEL.RisorsaOnline)&gt; calls method &lt;project.MODEL.RisorsaOnline.getDoi()&gt; in (RisorsaOnlineDAOPostgres.java:102)
Method &lt;project.DAO.DAOPostgres.RisorsaOnlineDAOPostgres.insertRisorsaOnline(project.MODEL.RisorsaOnline)&gt; calls method &lt;project.MODEL.RisorsaOnline.getDoi()&gt; in (RisorsaOnlineDAOPostgres.java:105)
Method &lt;project.DAO.DAOPostgres.RisorsaOnlineDAOPostgres.insertRisorsaOnline(project.MODEL.RisorsaOnline)&gt; calls method &lt;project.MODEL.RisorsaOnline.getTitolo()&gt; in (RisorsaOnlineDAOPostgres.java:101)
Method &lt;project.DAO.DAOPostgres.RisorsaOnlineDAOPostgres.insertRisorsaOnline(project.MODEL.RisorsaOnline)&gt; calls method &lt;project.MODEL.RisorsaOnline.getTitolo()&gt; in (RisorsaOnlineDAOPostgres.java:117)
Method &lt;project.DAO.DAOPostgres.RisorsaOnlineDAOPostgres.insertRisorsaOnline(project.MODEL.RisorsaOnline)&gt; calls method &lt;project.MODEL.RisorsaOnline.getUrl()&gt; in (RisorsaOnlineDAOPostgres.java:110)
Method &lt;project.DAO.DAOPostgres.RisorsaOnlineDAOPostgres.insertRisorsaOnline(project.MODEL.RisorsaOnline)&gt; has parameter of type &lt;project.MODEL.RisorsaOnline&gt; in (RisorsaOnlineDAOPostgres.java:0)
Method &lt;project.DAO.DAOPostgres.RisorsaOnlineDAOPostgres.updateRisorsaOnline(project.MODEL.RisorsaOnline, project.MODEL.RisorsaOnline)&gt; calls method &lt;project.MODEL.RisorsaOnline.getDescrizione()&gt; in (RisorsaOnlineDAOPostgres.java:154)
Method &lt;project.DAO.DAOPostgres.RisorsaOnlineDAOPostgres.updateRisorsaOnline(project.MODEL.RisorsaOnline, project.MODEL.RisorsaOnline)&gt; calls method &lt;project.MODEL.RisorsaOnline.getDescrizione()&gt; in (RisorsaOnlineDAOPostgres.java:157)
Method &lt;project.DAO.DAOPostgres.RisorsaOnlineDAOPostgres.updateRisorsaOnline(project.MODEL.RisorsaOnline, project.MODEL.RisorsaOnline)&gt; calls method &lt;project.MODEL.RisorsaOnline.getDoi()&gt; in (RisorsaOnlineDAOPostgres.java:150)
Method &lt;project.DAO.DAOPostgres.RisorsaOnlineDAOPostgres.updateRisorsaOnline(project.MODEL.RisorsaOnline, project.MODEL.RisorsaOnline)&gt; calls method &lt;project.MODEL.RisorsaOnline.getDoi()&gt; in (RisorsaOnlineDAOPostgres.java:153)
Method &lt;project.DAO.DAOPostgres.RisorsaOnlineDAOPostgres.updateRisorsaOnline(project.MODEL.RisorsaOnline, project.MODEL.RisorsaOnline)&gt; calls method &lt;project.MODEL.RisorsaOnline.getTitolo()&gt; in (RisorsaOnlineDAOPostgres.java:149)
Method &lt;project.DAO.DAOPostgres.RisorsaOnlineDAOPostgres.updateRisorsaOnline(project.MODEL.RisorsaOnline, project.MODEL.RisorsaOnline)&gt; calls method &lt;project.MODEL.RisorsaOnline.getTitolo()&gt; in (RisorsaOnlineDAOPostgres.java:159)
Method &lt;project.DAO.DAOPostgres.RisorsaOnlineDAOPostgres.updateRisorsaOnline(project.MODEL.RisorsaOnline, project.MODEL.RisorsaOnline)&gt; calls method &lt;project.MODEL.RisorsaOnline.getTitolo()&gt; in (RisorsaOnlineDAOPostgres.java:165)
Method &lt;project.DAO.DAOPostgres.RisorsaOnlineDAOPostgres.updateRisorsaOnline(project.MODEL.RisorsaOnline, project.MODEL.RisorsaOnline)&gt; calls method &lt;project.MODEL.RisorsaOnline.getUrl()&gt; in (RisorsaOnlineDAOPostgres.java:158)
Method &lt;project.DAO.DAOPostgres.RisorsaOnlineDAOPostgres.updateRisorsaOnline(project.MODEL.RisorsaOnline, project.MODEL.RisorsaOnline)&gt; has parameter of type &lt;project.MODEL.RisorsaOnline&gt; in (RisorsaOnlineDAOPostgres.java:0)
Method &lt;project.DAO.DAOPostgres.RivistaDAOPostgres.checkUniqueISSNRivista(project.MODEL.Rivista)&gt; calls method &lt;project.MODEL.Rivista.getIssn()&gt; in (RivistaDAOPostgres.java:26)
Method &lt;project.DAO.DAOPostgres.RivistaDAOPostgres.checkUniqueISSNRivista(project.MODEL.Rivista)&gt; has parameter of type &lt;project.MODEL.Rivista&gt; in (RivistaDAOPostgres.java:0)
Method &lt;project.DAO.DAOPostgres.RivistaDAOPostgres.checkUniqueTitoloRivista(project.MODEL.Rivista)&gt; calls method &lt;project.MODEL.Rivista.getTitolo()&gt; in (RivistaDAOPostgres.java:49)
Method &lt;project.DAO.DAOPostgres.RivistaDAOPostgres.checkUniqueTitoloRivista(project.MODEL.Rivista)&gt; has parameter of type &lt;project.MODEL.Rivista&gt; in (RivistaDAOPostgres.java:0)
Method &lt;project.DAO.DAOPostgres.RivistaDAOPostgres.getRivistaByArticolo(java.lang.String)&gt; calls constructor &lt;project.MODEL.Rivista.&lt;init&gt;(java.lang.String, java.lang.String, java.lang.String, java.lang.String)&gt; in (RivistaDAOPostgres.java:106)
Method &lt;project.DAO.DAOPostgres.RivistaDAOPostgres.getRivistaByArticolo(java.lang.String)&gt; calls method &lt;project.MODEL.Rivista.getPeriodicita()&gt; in (RivistaDAOPostgres.java:108)
Method &lt;project.DAO.DAOPostgres.RivistaDAOPostgres.getRivistaByArticolo(java.lang.String)&gt; calls method &lt;project.MODEL.Rivista.getPeriodicita()&gt; in (RivistaDAOPostgres.java:111)
Method &lt;project.DAO.DAOPostgres.RivistaDAOPostgres.getRivistaByArticolo(java.lang.String)&gt; has return type &lt;project.MODEL.Rivista&gt; in (RivistaDAOPostgres.java:0)
Method &lt;project.DAO.DAOPostgres.RivistaDAOPostgres.insertRivista(project.MODEL.Rivista)&gt; calls method &lt;project.MODEL.Rivista.getEditore()&gt; in (RivistaDAOPostgres.java:76)
Method &lt;project.DAO.DAOPostgres.RivistaDAOPostgres.insertRivista(project.MODEL.Rivista)&gt; calls method &lt;project.MODEL.Rivista.getEditore()&gt; in (RivistaDAOPostgres.java:79)
Method &lt;project.DAO.DAOPostgres.RivistaDAOPostgres.insertRivista(project.MODEL.Rivista)&gt; calls method &lt;project.MODEL.Rivista.getIssn()&gt; in (RivistaDAOPostgres.java:80)
Method &lt;project.DAO.DAOPostgres.RivistaDAOPostgres.insertRivista(project.MODEL.Rivista)&gt; calls method &lt;project.MODEL.Rivista.getPeriodicita()&gt; in (RivistaDAOPostgres.java:81)
Method &lt;project.DAO.DAOPostgres.RivistaDAOPostgres.insertRivista(project.MODEL.Rivista)&gt; calls method &lt;project.MODEL.Rivista.getPeriodicita()&gt; in (RivistaDAOPostgres.java:84)
Method &lt;project.DAO.DAOPostgres.RivistaDAOPostgres.insertRivista(project.MODEL.Rivista)&gt; calls method &lt;project.MODEL.Rivista.getTitolo()&gt; in (RivistaDAOPostgres.java:72)
Method &lt;project.DAO.DAOPostgres.RivistaDAOPostgres.insertRivista(project.MODEL.Rivista)&gt; calls method &lt;project.MODEL.Rivista.getTitolo()&gt; in (RivistaDAOPostgres.java:75)
Method &lt;project.DAO.DAOPostgres.RivistaDAOPostgres.insertRivista(project.MODEL.Rivista)&gt; has parameter of type &lt;project.MODEL.Rivista&gt; in (RivistaDAOPostgres.java:0)
Method &lt;project.DAO.DAOPostgres.RivistaDAOPostgres.updateRivista(project.MODEL.Rivista, project.MODEL.Rivista)&gt; calls method &lt;project.MODEL.Rivista.getEditore()&gt; in (RivistaDAOPostgres.java:127)
Method &lt;project.DAO.DAOPostgres.RivistaDAOPostgres.updateRivista(project.MODEL.Rivista, project.MODEL.Rivista)&gt; calls method &lt;project.MODEL.Rivista.getIssn()&gt; in (RivistaDAOPostgres.java:126)
Method &lt;project.DAO.DAOPostgres.RivistaDAOPostgres.updateRivista(project.MODEL.Rivista, project.MODEL.Rivista)&gt; calls method &lt;project.MODEL.Rivista.getIssn()&gt; in (RivistaDAOPostgres.java:129)
Method &lt;project.DAO.DAOPostgres.RivistaDAOPostgres.updateRivista(project.MODEL.Rivista, project.MODEL.Rivista)&gt; calls method &lt;project.MODEL.Rivista.getPeriodicita()&gt; in (RivistaDAOPostgres.java:128)
Method &lt;project.DAO.DAOPostgres.RivistaDAOPostgres.updateRivista(project.MODEL.Rivista, project.MODEL.Rivista)&gt; calls method &lt;project.MODEL.Rivista.getTitolo()&gt; in (RivistaDAOPostgres.java:125)
Method &lt;project.DAO.DAOPostgres.RivistaDAOPostgres.updateRivista(project.MODEL.Rivista, project.MODEL.Rivista)&gt; calls method &lt;project.MODEL.Rivista.getTitolo()&gt; in (RivistaDAOPostgres.java:134)
Method &lt;project.DAO.DAOPostgres.RivistaDAOPostgres.updateRivista(project.MODEL.Rivista, project.MODEL.Rivista)&gt; has parameter of type &lt;project.MODEL.Rivista&gt; in (RivistaDAOPostgres.java:0)
Method &lt;project.DAO.DatasetDAO.getDataset(java.lang.String)&gt; has return type &lt;project.MODEL.Dataset&gt; in (DatasetDAO.java:0)
Method &lt;project.DAO.DatasetDAO.identico(project.MODEL.Dataset)&gt; has parameter of type &lt;project.MODEL.Dataset&gt; in (DatasetDAO.java:0)
Method &lt;project.DAO.DatasetDAO.insertDataset(project.MODEL.Dataset)&gt; has parameter of type &lt;project.MODEL.Dataset&gt; in (DatasetDAO.java:0)
Method &lt;project.DAO.DatasetDAO.updateDataset(project.MODEL.Dataset, project.MODEL.Dataset)&gt; has parameter of type &lt;project.MODEL.Dataset&gt; in (DatasetDAO.java:0)
Method &lt;project.DAO.LibroDAO.deleteLibro(project.MODEL.Libro)&gt; has parameter of type &lt;project.MODEL.Libro&gt; in (LibroDAO.java:0)
Method &lt;project.DAO.LibroDAO.getLibro(java.lang.String)&gt; has return type &lt;project.MODEL.Libro&gt; in (LibroDAO.java:0)
Method &lt;project.DAO.LibroDAO.identico(project.MODEL.Libro)&gt; has parameter of type &lt;project.MODEL.Libro&gt; in (LibroDAO.java:0)
Method &lt;project.DAO.LibroDAO.insertLibro(project.MODEL.Libro)&gt; has parameter of type &lt;project.MODEL.Libro&gt; in (LibroDAO.java:0)
Method &lt;project.DAO.LibroDAO.updateLibro(project.MODEL.Libro, project.MODEL.Libro)&gt; has parameter of type &lt;project.MODEL.Libro&gt; in (LibroDAO.java:0)
Method &lt;project.DAO.MaterialeDAO.eliminaMateriale(project.MODEL.Materiale)&gt; has parameter of type &lt;project.MODEL.Materiale&gt; in (MaterialeDAO.java:0)
Method &lt;project.DAO.MaterialeDAO.getMateriali()&gt; has generic return type &lt;java.util.List&lt;project.MODEL.Materiale&gt;&gt; with type argument depending on &lt;project.MODEL.Materiale&gt; in (MaterialeDAO.java:0)
Method &lt;project.DAO.MaterialeDAO.getMaterialiDiAutore(java.lang.String)&gt; has generic return type &lt;java.util.List&lt;project.MODEL.Materiale&gt;&gt; with type argument depending on &lt;project.MODEL.Materiale&gt; in (MaterialeDAO.java:0)
Method &lt;project.DAO.ParolaChiaveDAO.checkUniqueParolaChiave(project.MODEL.ParolaChiave)&gt; has parameter of type &lt;project.MODEL.ParolaChiave&gt; in (ParolaChiaveDAO.java:0)
Method &lt;project.DAO.ParolaChiaveDAO.getParoleAssociate(java.lang.String)&gt; has generic return type &lt;java.util.List&lt;project.MODEL.ParolaChiave&gt;&gt; with type argument depending on &lt;project.MODEL.ParolaChiave&gt; in (ParolaChiaveDAO.java:0)
Method &lt;project.DAO.ParolaChiaveDAO.insertParolaChiave(project.MODEL.ParolaChiave)&gt; has parameter of type &lt;project.MODEL.ParolaChiave&gt; in (ParolaChiaveDAO.java:0)
Method &lt;project.DAO.ParolaChiaveDelMaterialeDAO.checkUniqueAssociazione(project.MODEL.ParolaChiaveDelMateriale)&gt; has parameter of type &lt;project.MODEL.ParolaChiaveDelMateriale&gt; in (ParolaChiaveDelMaterialeDAO.java:0)
Method &lt;project.DAO.ParolaChiaveDelMaterialeDAO.eliminaParolaDelMateriale(project.MODEL.ParolaChiaveDelMateriale)&gt; has parameter of type &lt;project.MODEL.ParolaChiaveDelMateriale&gt; in (ParolaChiaveDelMaterialeDAO.java:0)
Method &lt;project.DAO.ParolaChiaveDelMaterialeDAO.insertAssociazione(project.MODEL.ParolaChiaveDelMateriale)&gt; has parameter of type &lt;project.MODEL.ParolaChiaveDelMateriale&gt; in (ParolaChiaveDelMaterialeDAO.java:0)
Method &lt;project.DAO.RisorsaOnlineDAO.getRisorsaOnline(java.lang.String)&gt; has return type &lt;project.MODEL.RisorsaOnline&gt; in (RisorsaOnlineDAO.java:0)
Method &lt;project.DAO.RisorsaOnlineDAO.identico(project.MODEL.RisorsaOnline)&gt; has parameter of type &lt;project.MODEL.RisorsaOnline&gt; in (RisorsaOnlineDAO.java:0)
Method &lt;project.DAO.RisorsaOnlineDAO.insertRisorsaOnline(project.MODEL.RisorsaOnline)&gt; has parameter of type &lt;project.MODEL.RisorsaOnline&gt; in (RisorsaOnlineDAO.java:0)
Method &lt;project.DAO.RisorsaOnlineDAO.updateRisorsaOnline(project.MODEL.RisorsaOnline, project.MODEL.RisorsaOnline)&gt; has parameter of type &lt;project.MODEL.RisorsaOnline&gt; in (RisorsaOnlineDAO.java:0)
Method &lt;project.DAO.RivistaDAO.checkUniqueISSNRivista(project.MODEL.Rivista)&gt; has parameter of type &lt;project.MODEL.Rivista&gt; in (RivistaDAO.java:0)
Method &lt;project.DAO.RivistaDAO.checkUniqueTitoloRivista(project.MODEL.Rivista)&gt; has parameter of type &lt;project.MODEL.Rivista&gt; in (RivistaDAO.java:0)
Method &lt;project.DAO.RivistaDAO.getRivistaByArticolo(java.lang.String)&gt; has return type &lt;project.MODEL.Rivista&gt; in (RivistaDAO.java:0)
Method &lt;project.DAO.RivistaDAO.insertRivista(project.MODEL.Rivista)&gt; has parameter of type &lt;project.MODEL.Rivista&gt; in (RivistaDAO.java:0)
Method &lt;project.DAO.RivistaDAO.updateRivista(project.MODEL.Rivista, project.MODEL.Rivista)&gt; has parameter of type &lt;project.MODEL.Rivista&gt; in (RivistaDAO.java:0)
Method &lt;project.VIEW.AggiungiAGerarchiaEsistenteDaModificaGUI$1.actionPerformed(java.awt.event.ActionEvent)&gt; calls method &lt;project.MODEL.Categoria.getNome()&gt; in (AggiungiAGerarchiaEsistenteDaModificaGUI.java:94)
Method &lt;project.VIEW.AggiungiCategoriaAGerarchiaDaModificaGUI$1.actionPerformed(java.awt.event.ActionEvent)&gt; calls constructor &lt;project.MODEL.Categoria.&lt;init&gt;(java.lang.String)&gt; in (AggiungiCategoriaAGerarchiaDaModificaGUI.java:82)
Method &lt;project.VIEW.AggiungiCategoriaAGerarchiaDaModificaGUI$1.actionPerformed(java.awt.event.ActionEvent)&gt; calls method &lt;project.MODEL.Categoria.setSupercategoria(project.MODEL.Categoria)&gt; in (AggiungiCategoriaAGerarchiaDaModificaGUI.java:83)
Method &lt;project.VIEW.AggiungiCategoriaEsistenteDaModificaGUI$1.actionPerformed(java.awt.event.ActionEvent)&gt; calls method &lt;project.MODEL.Categoria.getNome()&gt; in (AggiungiCategoriaEsistenteDaModificaGUI.java:96)
Method &lt;project.VIEW.AggiungiGerarchiaNuovaDaModificaGUI$1.actionPerformed(java.awt.event.ActionEvent)&gt; calls constructor &lt;project.MODEL.Categoria.&lt;init&gt;(java.lang.String)&gt; in (AggiungiGerarchiaNuovaDaModificaGUI.java:82)
Method &lt;project.VIEW.AggiuntaAGerarchiaEsistenteGUI$1.actionPerformed(java.awt.event.ActionEvent)&gt; calls method &lt;project.MODEL.Categoria.getNome()&gt; in (AggiuntaAGerarchiaEsistenteGUI.java:94)
Method &lt;project.VIEW.AggiuntaCategoriaAGerarchiaGUI$1.actionPerformed(java.awt.event.ActionEvent)&gt; calls constructor &lt;project.MODEL.Categoria.&lt;init&gt;(java.lang.String)&gt; in (AggiuntaCategoriaAGerarchiaGUI.java:82)
Method &lt;project.VIEW.AggiuntaCategoriaAGerarchiaGUI$1.actionPerformed(java.awt.event.ActionEvent)&gt; calls method &lt;project.MODEL.Categoria.setSupercategoria(project.MODEL.Categoria)&gt; in (AggiuntaCategoriaAGerarchiaGUI.java:83)
Method &lt;project.VIEW.AggiuntaCategoriaEsistenteGUI$1.actionPerformed(java.awt.event.ActionEvent)&gt; calls method &lt;project.MODEL.Categoria.getNome()&gt; in (AggiuntaCategoriaEsistenteGUI.java:96)
Method &lt;project.VIEW.AggiuntaCitazioneDaModificaGUI$1.actionPerformed(java.awt.event.ActionEvent)&gt; calls constructor &lt;project.MODEL.Citazione.&lt;init&gt;(java.lang.String, java.lang.String)&gt; in (AggiuntaCitazioneDaModificaGUI.java:100)
Method &lt;project.VIEW.AggiuntaCitazioneDaModificaGUI$1.actionPerformed(java.awt.event.ActionEvent)&gt; calls method &lt;project.MODEL.Materiale.getTitolo()&gt; in (AggiuntaCitazioneDaModificaGUI.java:100)
Method &lt;project.VIEW.AggiuntaCitazioneDaModificaGUI$1.actionPerformed(java.awt.event.ActionEvent)&gt; calls method &lt;project.MODEL.Materiale.getTitolo()&gt; in (AggiuntaCitazioneDaModificaGUI.java:90)
Method &lt;project.VIEW.AggiuntaCitazioneDaModificaGUI$1.actionPerformed(java.awt.event.ActionEvent)&gt; calls method &lt;project.MODEL.Materiale.getTitolo()&gt; in (AggiuntaCitazioneDaModificaGUI.java:98)
Method &lt;project.VIEW.AggiuntaCitazioneGUI$1.actionPerformed(java.awt.event.ActionEvent)&gt; calls constructor &lt;project.MODEL.Citazione.&lt;init&gt;(java.lang.String, java.lang.String)&gt; in (AggiuntaCitazioneGUI.java:100)
Method &lt;project.VIEW.AggiuntaCitazioneGUI$1.actionPerformed(java.awt.event.ActionEvent)&gt; calls method &lt;project.MODEL.Materiale.getTitolo()&gt; in (AggiuntaCitazioneGUI.java:100)
Method &lt;project.VIEW.AggiuntaCitazioneGUI$1.actionPerformed(java.awt.event.ActionEvent)&gt; calls method &lt;project.MODEL.Materiale.getTitolo()&gt; in (AggiuntaCitazioneGUI.java:90)
Method &lt;project.VIEW.AggiuntaCitazioneGUI$1.actionPerformed(java.awt.event.ActionEvent)&gt; calls method &lt;project.MODEL.Materiale.getTitolo()&gt; in (AggiuntaCitazioneGUI.java:98)
Method &lt;project.VIEW.AggiuntaGerarchiaNuovaGUI$1.actionPerformed(java.awt.event.ActionEvent)&gt; calls constructor &lt;project.MODEL.Categoria.&lt;init&gt;(java.lang.String)&gt; in (AggiuntaGerarchiaNuovaGUI.java:82)
Method &lt;project.VIEW.AggiuntaParolaChiaveGUI$1.actionPerformed(java.awt.event.ActionEvent)&gt; calls constructor &lt;project.MODEL.ParolaChiave.&lt;init&gt;(java.lang.String)&gt; in (AggiuntaParolaChiaveGUI.java:75)
Method &lt;project.VIEW.InserimentoArticoloSuConferenzaGUI$1.actionPerformed(java.awt.event.ActionEvent)&gt; calls constructor &lt;project.MODEL.ArticoloSuConferenza.&lt;init&gt;(java.lang.String, java.lang.String, java.lang.String, java.lang.String, project.MODEL.Conferenza)&gt; in (InserimentoArticoloSuConferenzaGUI.java:293)
Method &lt;project.VIEW.InserimentoArticoloSuConferenzaGUI$1.actionPerformed(java.awt.event.ActionEvent)&gt; calls constructor &lt;project.MODEL.Conferenza.&lt;init&gt;(java.lang.String, java.lang.Integer, java.lang.String, java.lang.String, java.util.Date)&gt; in (InserimentoArticoloSuConferenzaGUI.java:292)
Method &lt;project.VIEW.InserimentoArticoloSuConferenzaGUI$1.actionPerformed(java.awt.event.ActionEvent)&gt; calls method &lt;project.MODEL.ArticoloSuConferenza.getTitolo()&gt; in (InserimentoArticoloSuConferenzaGUI.java:297)
Method &lt;project.VIEW.InserimentoArticoloSuConferenzaGUI$1.actionPerformed(java.awt.event.ActionEvent)&gt; calls method &lt;project.MODEL.Autore.getOrcid()&gt; in (InserimentoArticoloSuConferenzaGUI.java:297)
Method &lt;project.VIEW.InserimentoArticoloSuRivistaGUI$1.actionPerformed(java.awt.event.ActionEvent)&gt; calls constructor &lt;project.MODEL.ArticoloSuRivista.&lt;init&gt;(java.lang.String, java.lang.String, java.lang.String, java.lang.String, project.MODEL.Rivista)&gt; in (InserimentoArticoloSuRivistaGUI.java:274)
Method &lt;project.VIEW.InserimentoArticoloSuRivistaGUI$1.actionPerformed(java.awt.event.ActionEvent)&gt; calls constructor &lt;project.MODEL.Rivista.&lt;init&gt;(java.lang.String, java.lang.String, java.lang.String, project.enumerazioni.PERIOD_ENUM)&gt; in (InserimentoArticoloSuRivistaGUI.java:273)
Method &lt;project.VIEW.InserimentoArticoloSuRivistaGUI$1.actionPerformed(java.awt.event.ActionEvent)&gt; calls method &lt;project.MODEL.ArticoloSuRivista.getTitolo()&gt; in (InserimentoArticoloSuRivistaGUI.java:278)
Method &lt;project.VIEW.InserimentoArticoloSuRivistaGUI$1.actionPerformed(java.awt.event.ActionEvent)&gt; calls method &lt;project.MODEL.Autore.getOrcid()&gt; in (InserimentoArticoloSuRivistaGUI.java:278)
Method &lt;project.VIEW.InserimentoDatasetGUI$1.inserisciDataset(javax.swing.JSpinner, javax.swing.JSpinner, javax.swing.JTextArea, com.toedter.calendar.JDateChooser)&gt; calls constructor &lt;project.MODEL.Dataset.&lt;init&gt;(java.lang.String, java.lang.String, java.lang.String, java.lang.Integer, java.lang.Integer, java.lang.String)&gt; in (InserimentoDatasetGUI.java:218)
Method &lt;project.VIEW.InserimentoDatasetGUI$1.inserisciDataset(javax.swing.JSpinner, javax.swing.JSpinner, javax.swing.JTextArea, com.toedter.calendar.JDateChooser)&gt; calls method &lt;project.MODEL.Autore.getOrcid()&gt; in (InserimentoDatasetGUI.java:222)
Method &lt;project.VIEW.InserimentoDatasetGUI$1.inserisciDataset(javax.swing.JSpinner, javax.swing.JSpinner, javax.swing.JTextArea, com.toedter.calendar.JDateChooser)&gt; calls method &lt;project.MODEL.Dataset.getTitolo()&gt; in (InserimentoDatasetGUI.java:222)
Method &lt;project.VIEW.InserimentoLibroGUI$1.inserisciLibro(javax.swing.JComboBox, javax.swing.JSpinner, javax.swing.JTextArea)&gt; calls constructor &lt;project.MODEL.Libro.&lt;init&gt;(java.lang.String, java.lang.String, java.lang.String, project.enumerazioni.GENERE_ENUM, int, java.lang.String, java.lang.String)&gt; in (InserimentoLibroGUI.java:250)
Method &lt;project.VIEW.InserimentoLibroGUI$1.inserisciLibro(javax.swing.JComboBox, javax.swing.JSpinner, javax.swing.JTextArea)&gt; calls method &lt;project.MODEL.Autore.getOrcid()&gt; in (InserimentoLibroGUI.java:254)
Method &lt;project.VIEW.InserimentoLibroGUI$1.inserisciLibro(javax.swing.JComboBox, javax.swing.JSpinner, javax.swing.JTextArea)&gt; calls method &lt;project.MODEL.Libro.getTitolo()&gt; in (InserimentoLibroGUI.java:254)
Method &lt;project.VIEW.InserimentoRisorsaOnlineGUI$1.inserisciRisorsaOnline(javax.swing.JTextArea, com.toedter.calendar.JDateChooser)&gt; calls constructor &lt;project.MODEL.RisorsaOnline.&lt;init&gt;(java.lang.String, java.lang.String, java.lang.String, java.lang.String)&gt; in (InserimentoRisorsaOnlineGUI.java:169)
Method &lt;project.VIEW.InserimentoRisorsaOnlineGUI$1.inserisciRisorsaOnline(javax.swing.JTextArea, com.toedter.calendar.JDateChooser)&gt; calls method &lt;project.MODEL.Autore.getOrcid()&gt; in (InserimentoRisorsaOnlineGUI.java:173)
Method &lt;project.VIEW.InserimentoRisorsaOnlineGUI$1.inserisciRisorsaOnline(javax.swing.JTextArea, com.toedter.calendar.JDateChooser)&gt; calls method &lt;project.MODEL.RisorsaOnline.getTitolo()&gt; in (InserimentoRisorsaOnlineGUI.java:173)
Method &lt;project.VIEW.ModificaArticoloSuConferenzaGUI$1.actionPerformed(java.awt.event.ActionEvent)&gt; calls constructor &lt;project.MODEL.ArticoloSuConferenza.&lt;init&gt;(java.lang.String, java.lang.String, java.lang.String, java.lang.String, project.MODEL.Conferenza)&gt; in (ModificaArticoloSuConferenzaGUI.java:298)
Method &lt;project.VIEW.ModificaArticoloSuConferenzaGUI$1.actionPerformed(java.awt.event.ActionEvent)&gt; calls constructor &lt;project.MODEL.Conferenza.&lt;init&gt;(java.lang.String, java.lang.Integer, java.lang.String, java.lang.String, java.util.Date)&gt; in (ModificaArticoloSuConferenzaGUI.java:297)
Method &lt;project.VIEW.ModificaArticoloSuConferenzaGUI$1.actionPerformed(java.awt.event.ActionEvent)&gt; calls method &lt;project.MODEL.ArticoloSuConferenza.getConferenza()&gt; in (ModificaArticoloSuConferenzaGUI.java:297)
Method &lt;project.VIEW.ModificaArticoloSuConferenzaGUI$1.actionPerformed(java.awt.event.ActionEvent)&gt; calls method &lt;project.MODEL.ArticoloSuConferenza.getTitolo()&gt; in (ModificaArticoloSuConferenzaGUI.java:303)
Method &lt;project.VIEW.ModificaArticoloSuConferenzaGUI$1.actionPerformed(java.awt.event.ActionEvent)&gt; calls method &lt;project.MODEL.Autore.getOrcid()&gt; in (ModificaArticoloSuConferenzaGUI.java:303)
Method &lt;project.VIEW.ModificaArticoloSuConferenzaGUI$1.actionPerformed(java.awt.event.ActionEvent)&gt; calls method &lt;project.MODEL.Conferenza.getDataConferenza()&gt; in (ModificaArticoloSuConferenzaGUI.java:297)
Method &lt;project.VIEW.ModificaArticoloSuConferenzaGUI$1.actionPerformed(java.awt.event.ActionEvent)&gt; calls method &lt;project.MODEL.Pubblicazione.getDataPubblicazione()&gt; in (ModificaArticoloSuConferenzaGUI.java:302)
Method &lt;project.VIEW.ModificaArticoloSuRivistaGUI$1.actionPerformed(java.awt.event.ActionEvent)&gt; calls constructor &lt;project.MODEL.ArticoloSuRivista.&lt;init&gt;(java.lang.String, java.lang.String, java.lang.String, java.lang.String, project.MODEL.Rivista)&gt; in (ModificaArticoloSuRivistaGUI.java:290)
Method &lt;project.VIEW.ModificaArticoloSuRivistaGUI$1.actionPerformed(java.awt.event.ActionEvent)&gt; calls constructor &lt;project.MODEL.Rivista.&lt;init&gt;(java.lang.String, java.lang.String, java.lang.String, project.enumerazioni.PERIOD_ENUM)&gt; in (ModificaArticoloSuRivistaGUI.java:289)
Method &lt;project.VIEW.ModificaArticoloSuRivistaGUI$1.actionPerformed(java.awt.event.ActionEvent)&gt; calls method &lt;project.MODEL.ArticoloSuRivista.getTitolo()&gt; in (ModificaArticoloSuRivistaGUI.java:295)
Method &lt;project.VIEW.ModificaArticoloSuRivistaGUI$1.actionPerformed(java.awt.event.ActionEvent)&gt; calls method &lt;project.MODEL.Autore.getOrcid()&gt; in (ModificaArticoloSuRivistaGUI.java:295)
Method &lt;project.VIEW.ModificaArticoloSuRivistaGUI$1.actionPerformed(java.awt.event.ActionEvent)&gt; calls method &lt;project.MODEL.Pubblicazione.getDataPubblicazione()&gt; in (ModificaArticoloSuRivistaGUI.java:294)
Method &lt;project.VIEW.ModificaAutoriADMINGUI$1.actionPerformed(java.awt.event.ActionEvent)&gt; calls method &lt;project.MODEL.Autore.getOrcid()&gt; in (ModificaAutoriADMINGUI.java:86)
Method &lt;project.VIEW.ModificaAutoriADMINGUI$3.actionPerformed(java.awt.event.ActionEvent)&gt; calls method &lt;project.MODEL.Autore.getOrcid()&gt; in (ModificaAutoriADMINGUI.java:122)
Method &lt;project.VIEW.ModificaCategorieGUI$2.actionPerformed(java.awt.event.ActionEvent)&gt; calls method &lt;project.MODEL.Categoria.getNome()&gt; in (ModificaCategorieGUI.java:105)
Method &lt;project.VIEW.ModificaCitazioneGUI$2.actionPerformed(java.awt.event.ActionEvent)&gt; calls method &lt;project.MODEL.Citazione.getMaterialeCitato()&gt; in (ModificaCitazioneGUI.java:109)
Method &lt;project.VIEW.ModificaCitazioneGUI$2.actionPerformed(java.awt.event.ActionEvent)&gt; calls method &lt;project.MODEL.Materiale.getTitolo()&gt; in (ModificaCitazioneGUI.java:109)
Method &lt;project.VIEW.ModificaDatasetGUI$1.inserisciDataset(javax.swing.JSpinner, javax.swing.JSpinner, javax.swing.JTextArea, com.toedter.calendar.JDateChooser)&gt; calls constructor &lt;project.MODEL.Dataset.&lt;init&gt;(java.lang.String, java.lang.String, java.lang.String, java.lang.Integer, java.lang.Integer, java.lang.String)&gt; in (ModificaDatasetGUI.java:226)
Method &lt;project.VIEW.ModificaDatasetGUI$1.inserisciDataset(javax.swing.JSpinner, javax.swing.JSpinner, javax.swing.JTextArea, com.toedter.calendar.JDateChooser)&gt; calls method &lt;project.MODEL.Autore.getOrcid()&gt; in (ModificaDatasetGUI.java:231)
Method &lt;project.VIEW.ModificaDatasetGUI$1.inserisciDataset(javax.swing.JSpinner, javax.swing.JSpinner, javax.swing.JTextArea, com.toedter.calendar.JDateChooser)&gt; calls method &lt;project.MODEL.Dataset.getTitolo()&gt; in (ModificaDatasetGUI.java:231)
Method &lt;project.VIEW.ModificaDatasetGUI$1.inserisciDataset(javax.swing.JSpinner, javax.swing.JSpinner, javax.swing.JTextArea, com.toedter.calendar.JDateChooser)&gt; calls method &lt;project.MODEL.Pubblicazione.getDataPubblicazione()&gt; in (ModificaDatasetGUI.java:230)
Method &lt;project.VIEW.ModificaLibroGUI$1.updateLibro(javax.swing.JComboBox, javax.swing.JSpinner, javax.swing.JTextArea)&gt; calls constructor &lt;project.MODEL.Libro.&lt;init&gt;(java.lang.String, java.lang.String, java.lang.String, project.enumerazioni.GENERE_ENUM, int, java.lang.String, java.lang.String)&gt; in (ModificaLibroGUI.java:267)
Method &lt;project.VIEW.ModificaLibroGUI$1.updateLibro(javax.swing.JComboBox, javax.swing.JSpinner, javax.swing.JTextArea)&gt; calls method &lt;project.MODEL.Autore.getOrcid()&gt; in (ModificaLibroGUI.java:281)
Method &lt;project.VIEW.ModificaLibroGUI$1.updateLibro(javax.swing.JComboBox, javax.swing.JSpinner, javax.swing.JTextArea)&gt; calls method &lt;project.MODEL.Libro.getDescrizione()&gt; in (ModificaLibroGUI.java:271)
Method &lt;project.VIEW.ModificaLibroGUI$1.updateLibro(javax.swing.JComboBox, javax.swing.JSpinner, javax.swing.JTextArea)&gt; calls method &lt;project.MODEL.Libro.getDoi()&gt; in (ModificaLibroGUI.java:270)
Method &lt;project.VIEW.ModificaLibroGUI$1.updateLibro(javax.swing.JComboBox, javax.swing.JSpinner, javax.swing.JTextArea)&gt; calls method &lt;project.MODEL.Libro.getEditore()&gt; in (ModificaLibroGUI.java:273)
Method &lt;project.VIEW.ModificaLibroGUI$1.updateLibro(javax.swing.JComboBox, javax.swing.JSpinner, javax.swing.JTextArea)&gt; calls method &lt;project.MODEL.Libro.getIsbn()&gt; in (ModificaLibroGUI.java:272)
Method &lt;project.VIEW.ModificaLibroGUI$1.updateLibro(javax.swing.JComboBox, javax.swing.JSpinner, javax.swing.JTextArea)&gt; calls method &lt;project.MODEL.Libro.getNpagine()&gt; in (ModificaLibroGUI.java:274)
Method &lt;project.VIEW.ModificaLibroGUI$1.updateLibro(javax.swing.JComboBox, javax.swing.JSpinner, javax.swing.JTextArea)&gt; calls method &lt;project.MODEL.Libro.getTitolo()&gt; in (ModificaLibroGUI.java:269)
Method &lt;project.VIEW.ModificaLibroGUI$1.updateLibro(javax.swing.JComboBox, javax.swing.JSpinner, javax.swing.JTextArea)&gt; calls method &lt;project.MODEL.Libro.getTitolo()&gt; in (ModificaLibroGUI.java:281)
Method &lt;project.VIEW.ModificaLibroGUI$1.updateLibro(javax.swing.JComboBox, javax.swing.JSpinner, javax.swing.JTextArea)&gt; calls method &lt;project.MODEL.Pubblicazione.getDataPubblicazione()&gt; in (ModificaLibroGUI.java:280)
Method &lt;project.VIEW.ModificaMaterialeGUI$1.actionPerformed(java.awt.event.ActionEvent)&gt; calls method &lt;project.MODEL.Materiale.getTitolo()&gt; in (ModificaMaterialeGUI.java:85)
Method &lt;project.VIEW.ModificaMaterialeGUI$3.actionPerformed(java.awt.event.ActionEvent)&gt; calls method &lt;project.MODEL.Materiale.getTitolo()&gt; in (ModificaMaterialeGUI.java:121)
Method &lt;project.VIEW.ModificaMaterialiADMINGUI$1.actionPerformed(java.awt.event.ActionEvent)&gt; calls method &lt;project.MODEL.Materiale.getTitolo()&gt; in (ModificaMaterialiADMINGUI.java:95)
Method &lt;project.VIEW.ModificaMaterialiADMINGUI$3.actionPerformed(java.awt.event.ActionEvent)&gt; calls method &lt;project.MODEL.Materiale.getTitolo()&gt; in (ModificaMaterialiADMINGUI.java:135)
Method &lt;project.VIEW.ModificaParoleAssociateGUI$1.actionPerformed(java.awt.event.ActionEvent)&gt; calls method &lt;project.MODEL.ParolaChiave.getParola()&gt; in (ModificaParoleAssociateGUI.java:94)
Method &lt;project.VIEW.ModificaParoleAssociateGUI$2.actionPerformed(java.awt.event.ActionEvent)&gt; calls constructor &lt;project.MODEL.ParolaChiave.&lt;init&gt;(java.lang.String)&gt; in (ModificaParoleAssociateGUI.java:132)
Method &lt;project.VIEW.ModificaRisorsaOnlineGUI$1.inserisciRisorsaOnline(javax.swing.JTextArea, com.toedter.calendar.JDateChooser)&gt; calls constructor &lt;project.MODEL.RisorsaOnline.&lt;init&gt;(java.lang.String, java.lang.String, java.lang.String, java.lang.String)&gt; in (ModificaRisorsaOnlineGUI.java:174)
Method &lt;project.VIEW.ModificaRisorsaOnlineGUI$1.inserisciRisorsaOnline(javax.swing.JTextArea, com.toedter.calendar.JDateChooser)&gt; calls method &lt;project.MODEL.Autore.getOrcid()&gt; in (ModificaRisorsaOnlineGUI.java:179)
Method &lt;project.VIEW.ModificaRisorsaOnlineGUI$1.inserisciRisorsaOnline(javax.swing.JTextArea, com.toedter.calendar.JDateChooser)&gt; calls method &lt;project.MODEL.Pubblicazione.getDataPubblicazione()&gt; in (ModificaRisorsaOnlineGUI.java:178)
Method &lt;project.VIEW.ModificaRisorsaOnlineGUI$1.inserisciRisorsaOnline(javax.swing.JTextArea, com.toedter.calendar.JDateChooser)&gt; calls method &lt;project.MODEL.RisorsaOnline.getTitolo()&gt; in (ModificaRisorsaOnlineGUI.java:179)
Method &lt;project.VIEW.VisualizzaArticoliSuConferenzaGUI$6.actionPerformed(java.awt.event.ActionEvent)&gt; calls method &lt;project.MODEL.ArticoloSuConferenza.getTitolo()&gt; in (VisualizzaArticoliSuConferenzaGUI.java:205)
Method &lt;project.VIEW.VisualizzaArticoliSuRivistaGUI$6.actionPerformed(java.awt.event.ActionEvent)&gt; calls method &lt;project.MODEL.ArticoloSuRivista.getTitolo()&gt; in (VisualizzaArticoliSuRivistaGUI.java:211)
Method &lt;project.VIEW.VisualizzaDatasetGUI$6.actionPerformed(java.awt.event.ActionEvent)&gt; calls method &lt;project.MODEL.Dataset.getTitolo()&gt; in (VisualizzaDatasetGUI.java:194)
Method &lt;project.VIEW.VisualizzaDettagliArticoloSuConferenzaGUI$1.actionPerformed(java.awt.event.ActionEvent)&gt; calls method &lt;project.MODEL.ArticoloSuConferenza.getTitolo()&gt; in (VisualizzaDettagliArticoloSuConferenzaGUI.java:295)
Method &lt;project.VIEW.VisualizzaDettagliArticoloSuConferenzaGUI$2.actionPerformed(java.awt.event.ActionEvent)&gt; calls method &lt;project.MODEL.ArticoloSuConferenza.getTitolo()&gt; in (VisualizzaDettagliArticoloSuConferenzaGUI.java:306)
Method &lt;project.VIEW.VisualizzaDettagliArticoloSuConferenzaGUI$3.actionPerformed(java.awt.event.ActionEvent)&gt; calls method &lt;project.MODEL.ArticoloSuConferenza.getTitolo()&gt; in (VisualizzaDettagliArticoloSuConferenzaGUI.java:317)
Method &lt;project.VIEW.VisualizzaDettagliArticoloSuRivistaGUI$1.actionPerformed(java.awt.event.ActionEvent)&gt; calls method &lt;project.MODEL.ArticoloSuRivista.getTitolo()&gt; in (VisualizzaDettagliArticoloSuRivistaGUI.java:263)
Method &lt;project.VIEW.VisualizzaDettagliArticoloSuRivistaGUI$2.actionPerformed(java.awt.event.ActionEvent)&gt; calls method &lt;project.MODEL.ArticoloSuRivista.getTitolo()&gt; in (VisualizzaDettagliArticoloSuRivistaGUI.java:274)
Method &lt;project.VIEW.VisualizzaDettagliArticoloSuRivistaGUI$3.actionPerformed(java.awt.event.ActionEvent)&gt; calls method &lt;project.MODEL.ArticoloSuRivista.getTitolo()&gt; in (VisualizzaDettagliArticoloSuRivistaGUI.java:285)
Method &lt;project.VIEW.VisualizzaDettagliDatasetGUI$1.actionPerformed(java.awt.event.ActionEvent)&gt; calls method &lt;project.MODEL.Dataset.getTitolo()&gt; in (VisualizzaDettagliDatasetGUI.java:215)
Method &lt;project.VIEW.VisualizzaDettagliDatasetGUI$2.actionPerformed(java.awt.event.ActionEvent)&gt; calls method &lt;project.MODEL.Dataset.getTitolo()&gt; in (VisualizzaDettagliDatasetGUI.java:226)
Method &lt;project.VIEW.VisualizzaDettagliDatasetGUI$3.actionPerformed(java.awt.event.ActionEvent)&gt; calls method &lt;project.MODEL.Dataset.getTitolo()&gt; in (VisualizzaDettagliDatasetGUI.java:237)
Method &lt;project.VIEW.VisualizzaDettagliLibroGUI$1.actionPerformed(java.awt.event.ActionEvent)&gt; calls method &lt;project.MODEL.Libro.getTitolo()&gt; in (VisualizzaDettagliLibroGUI.java:201)
Method &lt;project.VIEW.VisualizzaDettagliLibroGUI$2.actionPerformed(java.awt.event.ActionEvent)&gt; calls method &lt;project.MODEL.Libro.getTitolo()&gt; in (VisualizzaDettagliLibroGUI.java:212)
Method &lt;project.VIEW.VisualizzaDettagliLibroGUI$3.actionPerformed(java.awt.event.ActionEvent)&gt; calls method &lt;project.MODEL.Libro.getTitolo()&gt; in (VisualizzaDettagliLibroGUI.java:223)
Method &lt;project.VIEW.VisualizzaDettagliRisorsaOnlineGUI$1.actionPerformed(java.awt.event.ActionEvent)&gt; calls method &lt;project.MODEL.RisorsaOnline.getTitolo()&gt; in (VisualizzaDettagliRisorsaOnlineGUI.java:162)
Method &lt;project.VIEW.VisualizzaDettagliRisorsaOnlineGUI$2.actionPerformed(java.awt.event.ActionEvent)&gt; calls method &lt;project.MODEL.RisorsaOnline.getTitolo()&gt; in (VisualizzaDettagliRisorsaOnlineGUI.java:173)
Method &lt;project.VIEW.VisualizzaDettagliRisorsaOnlineGUI$3.actionPerformed(java.awt.event.ActionEvent)&gt; calls method &lt;project.MODEL.RisorsaOnline.getTitolo()&gt; in (VisualizzaDettagliRisorsaOnlineGUI.java:184)
Method &lt;project.VIEW.VisualizzaLibreriaGUI$7.actionPerformed(java.awt.event.ActionEvent)&gt; calls method &lt;project.MODEL.Materiale.getTitolo()&gt; in (VisualizzaLibreriaGUI.java:205)
Method &lt;project.VIEW.VisualizzaLibriGUI$6.actionPerformed(java.awt.event.ActionEvent)&gt; calls method &lt;project.MODEL.Libro.getTitolo()&gt; in (VisualizzaLibriGUI.java:207)
Method &lt;project.VIEW.VisualizzaRisorsaOnlineGUI$6.actionPerformed(java.awt.event.ActionEvent)&gt; calls method &lt;project.MODEL.RisorsaOnline.getTitolo()&gt; in (VisualizzaRisorsaOnlineGUI.java:190)
Method &lt;project.VIEW.VisualizzaRisultatiGUI$2.actionPerformed(java.awt.event.ActionEvent)&gt; calls method &lt;project.MODEL.Materiale.getTitolo()&gt; in (VisualizzaRisultatiGUI.java:130)
Method &lt;project.struttureDiAppoggio.RigaTabellaArticoloSuConferenza.getArticoloSuConferenza()&gt; has return type &lt;project.MODEL.ArticoloSuConferenza&gt; in (RigaTabellaArticoloSuConferenza.java:0)
Method &lt;project.struttureDiAppoggio.RigaTabellaArticoloSuConferenza.getAutore()&gt; has return type &lt;project.MODEL.Autore&gt; in (RigaTabellaArticoloSuConferenza.java:0)
Method &lt;project.struttureDiAppoggio.RigaTabellaArticoloSuConferenza.getDataConferenza()&gt; calls method &lt;project.MODEL.ArticoloSuConferenza.getConferenza()&gt; in (RigaTabellaArticoloSuConferenza.java:46)
Method &lt;project.struttureDiAppoggio.RigaTabellaArticoloSuConferenza.getDataConferenza()&gt; calls method &lt;project.MODEL.Conferenza.getDataConferenza()&gt; in (RigaTabellaArticoloSuConferenza.java:46)
Method &lt;project.struttureDiAppoggio.RigaTabellaArticoloSuConferenza.getNCitazioniArticolo()&gt; calls method &lt;project.MODEL.ArticoloSuConferenza.getNumeroCitazioni()&gt; in (RigaTabellaArticoloSuConferenza.java:34)
Method &lt;project.struttureDiAppoggio.RigaTabellaArticoloSuConferenza.getPubblicazione()&gt; has return type &lt;project.MODEL.Pubblicazione&gt; in (RigaTabellaArticoloSuConferenza.java:0)
Method &lt;project.struttureDiAppoggio.RigaTabellaArticoloSuConferenza.getTitoloArticolo()&gt; calls method &lt;project.MODEL.ArticoloSuConferenza.getTitolo()&gt; in (RigaTabellaArticoloSuConferenza.java:38)
Method &lt;project.struttureDiAppoggio.RigaTabellaArticoloSuConferenza.getTitoloConferenza()&gt; calls method &lt;project.MODEL.ArticoloSuConferenza.getConferenza()&gt; in (RigaTabellaArticoloSuConferenza.java:42)
Method &lt;project.struttureDiAppoggio.RigaTabellaArticoloSuConferenza.getTitoloConferenza()&gt; calls method &lt;project.MODEL.Conferenza.getTitolo()&gt; in (RigaTabellaArticoloSuConferenza.java:42)
Method &lt;project.struttureDiAppoggio.RigaTabellaArticoloSuRivista.getArticoloSuRivista()&gt; has return type &lt;project.MODEL.ArticoloSuRivista&gt; in (RigaTabellaArticoloSuRivista.java:0)
Method &lt;project.struttureDiAppoggio.RigaTabellaArticoloSuRivista.getAutore()&gt; has return type &lt;project.MODEL.Autore&gt; in (RigaTabellaArticoloSuRivista.java:0)
Method &lt;project.struttureDiAppoggio.RigaTabellaArticoloSuRivista.getPubblicazione()&gt; has return type &lt;project.MODEL.Pubblicazione&gt; in (RigaTabellaArticoloSuRivista.java:0)
Method &lt;project.struttureDiAppoggio.RigaTabellaDataset.getAutore()&gt; has return type &lt;project.MODEL.Autore&gt; in (RigaTabellaDataset.java:0)
Method &lt;project.struttureDiAppoggio.RigaTabellaDataset.getDataset()&gt; has return type &lt;project.MODEL.Dataset&gt; in (RigaTabellaDataset.java:0)
Method &lt;project.struttureDiAppoggio.RigaTabellaDataset.getNCitazioniDataset()&gt; calls method &lt;project.MODEL.Dataset.getNumeroCitazioni()&gt; in (RigaTabellaDataset.java:45)
Method &lt;project.struttureDiAppoggio.RigaTabellaDataset.getNcolonneDataset()&gt; calls method &lt;project.MODEL.Dataset.getNcolonne()&gt; in (RigaTabellaDataset.java:29)
Method &lt;project.struttureDiAppoggio.RigaTabellaDataset.getNrigheDataset()&gt; calls method &lt;project.MODEL.Dataset.getNrighe()&gt; in (RigaTabellaDataset.java:33)
Method &lt;project.struttureDiAppoggio.RigaTabellaDataset.getPubblicazione()&gt; has return type &lt;project.MODEL.Pubblicazione&gt; in (RigaTabellaDataset.java:0)
Method &lt;project.struttureDiAppoggio.RigaTabellaDataset.getTitoloDataset()&gt; calls method &lt;project.MODEL.Dataset.getTitolo()&gt; in (RigaTabellaDataset.java:37)
Method &lt;project.struttureDiAppoggio.RigaTabellaDataset.getUrlDataset()&gt; calls method &lt;project.MODEL.Dataset.getUrl()&gt; in (RigaTabellaDataset.java:41)
Method &lt;project.struttureDiAppoggio.RigaTabellaLibro.getAutore()&gt; has return type &lt;project.MODEL.Autore&gt; in (RigaTabellaLibro.java:0)
Method &lt;project.struttureDiAppoggio.RigaTabellaLibro.getGenereLibro()&gt; calls method &lt;project.MODEL.Libro.getGenere()&gt; in (RigaTabellaLibro.java:41)
Method &lt;project.struttureDiAppoggio.RigaTabellaLibro.getLibro()&gt; has return type &lt;project.MODEL.Libro&gt; in (RigaTabellaLibro.java:0)
Method &lt;project.struttureDiAppoggio.RigaTabellaLibro.getNCitazioniLibro()&gt; calls method &lt;project.MODEL.Libro.getNumeroCitazioni()&gt; in (RigaTabellaLibro.java:33)
Method &lt;project.struttureDiAppoggio.RigaTabellaLibro.getNpagineLibro()&gt; calls method &lt;project.MODEL.Libro.getNpagine()&gt; in (RigaTabellaLibro.java:29)
Method &lt;project.struttureDiAppoggio.RigaTabellaLibro.getPubblicazione()&gt; has return type &lt;project.MODEL.Pubblicazione&gt; in (RigaTabellaLibro.java:0)
Method &lt;project.struttureDiAppoggio.RigaTabellaLibro.getTitoloLibro()&gt; calls method &lt;project.MODEL.Libro.getTitolo()&gt; in (RigaTabellaLibro.java:37)
Method &lt;project.struttureDiAppoggio.RigaTabellaMateriale.getAutore()&gt; has return type &lt;project.MODEL.Autore&gt; in (RigaTabellaMateriale.java:0)
Method &lt;project.struttureDiAppoggio.RigaTabellaMateriale.getMateriale()&gt; has return type &lt;project.MODEL.Materiale&gt; in (RigaTabellaMateriale.java:0)
Method &lt;project.struttureDiAppoggio.RigaTabellaMateriale.getNumeroCitazioniMateriale()&gt; calls method &lt;project.MODEL.Materiale.getNumeroCitazioni()&gt; in (RigaTabellaMateriale.java:43)
Method &lt;project.struttureDiAppoggio.RigaTabellaMateriale.getPubblicazione()&gt; has return type &lt;project.MODEL.Pubblicazione&gt; in (RigaTabellaMateriale.java:0)
Method &lt;project.struttureDiAppoggio.RigaTabellaMateriale.getTitoloMateriale()&gt; calls method &lt;project.MODEL.Materiale.getTitolo()&gt; in (RigaTabellaMateriale.java:39)
Method &lt;project.struttureDiAppoggio.RigaTabellaRisorsaOnline.getAutore()&gt; has return type &lt;project.MODEL.Autore&gt; in (RigaTabellaRisorsaOnline.java:0)
Method &lt;project.struttureDiAppoggio.RigaTabellaRisorsaOnline.getNCitazioniRisorsaOnline()&gt; calls method &lt;project.MODEL.RisorsaOnline.getNumeroCitazioni()&gt; in (RigaTabellaRisorsaOnline.java:36)
Method &lt;project.struttureDiAppoggio.RigaTabellaRisorsaOnline.getPubblicazione()&gt; has return type &lt;project.MODEL.Pubblicazione&gt; in (RigaTabellaRisorsaOnline.java:0)
Method &lt;project.struttureDiAppoggio.RigaTabellaRisorsaOnline.getRisorsaOnline()&gt; has return type &lt;project.MODEL.RisorsaOnline&gt; in (RigaTabellaRisorsaOnline.java:0)
Method &lt;project.struttureDiAppoggio.RigaTabellaRisorsaOnline.getTitoloRisorsaOnline()&gt; calls method &lt;project.MODEL.RisorsaOnline.getTitolo()&gt; in (RigaTabellaRisorsaOnline.java:40)
Method &lt;project.struttureDiAppoggio.RigaTabellaRisorsaOnline.getUrlRisorsaOnline()&gt; calls method &lt;project.MODEL.RisorsaOnline.getUrl()&gt; in (RigaTabellaRisorsaOnline.java:32)" type="java.lang.AssertionError">java.lang.AssertionError: Architecture Violation [Priority: MEDIUM] - Rule &apos;Layered architecture consisting of
layer &apos;View&apos; (&apos;project.VIEW..&apos;)
layer &apos;Controller&apos; (&apos;project.CONTROLLER..&apos;)
layer &apos;Model&apos; (&apos;project.MODEL..&apos;)
layer &apos;Database&apos; (&apos;project.DAO..&apos;)
where layer &apos;Model&apos; may not be accessed by any layer&apos; was violated (1157 times):
Constructor &lt;project.VIEW.AggiungiAGerarchiaEsistenteDaModificaGUI$1.&lt;init&gt;(project.VIEW.AggiungiAGerarchiaEsistenteDaModificaGUI, java.util.List, project.MODEL.Materiale)&gt; has parameter of type &lt;project.MODEL.Materiale&gt; in (AggiungiAGerarchiaEsistenteDaModificaGUI.java:0)
Constructor &lt;project.VIEW.AggiungiAGerarchiaEsistenteDaModificaGUI$2.&lt;init&gt;(project.VIEW.AggiungiAGerarchiaEsistenteDaModificaGUI, project.MODEL.Materiale)&gt; has parameter of type &lt;project.MODEL.Materiale&gt; in (AggiungiAGerarchiaEsistenteDaModificaGUI.java:0)
Constructor &lt;project.VIEW.AggiungiAGerarchiaEsistenteDaModificaGUI.&lt;init&gt;(project.CONTROLLER.Controller, java.util.List, project.MODEL.Materiale)&gt; calls method &lt;project.MODEL.Categoria.getNome()&gt; in (AggiungiAGerarchiaEsistenteDaModificaGUI.java:56)
Constructor &lt;project.VIEW.AggiungiAGerarchiaEsistenteDaModificaGUI.&lt;init&gt;(project.CONTROLLER.Controller, java.util.List, project.MODEL.Materiale)&gt; calls method &lt;project.MODEL.Categoria.getNome()&gt; in (AggiungiAGerarchiaEsistenteDaModificaGUI.java:60)
Constructor &lt;project.VIEW.AggiungiAGerarchiaEsistenteDaModificaGUI.&lt;init&gt;(project.CONTROLLER.Controller, java.util.List, project.MODEL.Materiale)&gt; calls method &lt;project.MODEL.Categoria.getSupercategoria()&gt; in (AggiungiAGerarchiaEsistenteDaModificaGUI.java:57)
Constructor &lt;project.VIEW.AggiungiAGerarchiaEsistenteDaModificaGUI.&lt;init&gt;(project.CONTROLLER.Controller, java.util.List, project.MODEL.Materiale)&gt; calls method &lt;project.MODEL.Categoria.getSupercategoria()&gt; in (AggiungiAGerarchiaEsistenteDaModificaGUI.java:60)
Constructor &lt;project.VIEW.AggiungiAGerarchiaEsistenteDaModificaGUI.&lt;init&gt;(project.CONTROLLER.Controller, java.util.List, project.MODEL.Materiale)&gt; has generic parameter type &lt;java.util.List&lt;project.MODEL.Categoria&gt;&gt; with type argument depending on &lt;project.MODEL.Categoria&gt; in (AggiungiAGerarchiaEsistenteDaModificaGUI.java:0)
Constructor &lt;project.VIEW.AggiungiAGerarchiaEsistenteDaModificaGUI.&lt;init&gt;(project.CONTROLLER.Controller, java.util.List, project.MODEL.Materiale)&gt; has parameter of type &lt;project.MODEL.Materiale&gt; in (AggiungiAGerarchiaEsistenteDaModificaGUI.java:0)
Constructor &lt;project.VIEW.AggiungiCategoriaAGerarchiaDaModificaGUI$1.&lt;init&gt;(project.VIEW.AggiungiCategoriaAGerarchiaDaModificaGUI, project.MODEL.Categoria, project.MODEL.Materiale)&gt; has parameter of type &lt;project.MODEL.Categoria&gt; in (AggiungiCategoriaAGerarchiaDaModificaGUI.java:0)
Constructor &lt;project.VIEW.AggiungiCategoriaAGerarchiaDaModificaGUI$1.&lt;init&gt;(project.VIEW.AggiungiCategoriaAGerarchiaDaModificaGUI, project.MODEL.Categoria, project.MODEL.Materiale)&gt; has parameter of type &lt;project.MODEL.Materiale&gt; in (AggiungiCategoriaAGerarchiaDaModificaGUI.java:0)
Constructor &lt;project.VIEW.AggiungiCategoriaAGerarchiaDaModificaGUI$2.&lt;init&gt;(project.VIEW.AggiungiCategoriaAGerarchiaDaModificaGUI, project.MODEL.Materiale)&gt; has parameter of type &lt;project.MODEL.Materiale&gt; in (AggiungiCategoriaAGerarchiaDaModificaGUI.java:0)
Constructor &lt;project.VIEW.AggiungiCategoriaAGerarchiaDaModificaGUI$3.&lt;init&gt;(project.VIEW.AggiungiCategoriaAGerarchiaDaModificaGUI, project.MODEL.Materiale)&gt; has parameter of type &lt;project.MODEL.Materiale&gt; in (AggiungiCategoriaAGerarchiaDaModificaGUI.java:0)
Constructor &lt;project.VIEW.AggiungiCategoriaAGerarchiaDaModificaGUI.&lt;init&gt;(project.CONTROLLER.Controller, project.MODEL.Materiale, project.MODEL.Categoria)&gt; calls method &lt;project.MODEL.Categoria.getNome()&gt; in (AggiungiCategoriaAGerarchiaDaModificaGUI.java:143)
Constructor &lt;project.VIEW.AggiungiCategoriaAGerarchiaDaModificaGUI.&lt;init&gt;(project.CONTROLLER.Controller, project.MODEL.Materiale, project.MODEL.Categoria)&gt; has parameter of type &lt;project.MODEL.Categoria&gt; in (AggiungiCategoriaAGerarchiaDaModificaGUI.java:0)
Constructor &lt;project.VIEW.AggiungiCategoriaAGerarchiaDaModificaGUI.&lt;init&gt;(project.CONTROLLER.Controller, project.MODEL.Materiale, project.MODEL.Categoria)&gt; has parameter of type &lt;project.MODEL.Materiale&gt; in (AggiungiCategoriaAGerarchiaDaModificaGUI.java:0)
Constructor &lt;project.VIEW.AggiungiCategoriaDaModificaGUI$1.&lt;init&gt;(project.VIEW.AggiungiCategoriaDaModificaGUI, project.MODEL.Materiale)&gt; has parameter of type &lt;project.MODEL.Materiale&gt; in (AggiungiCategoriaDaModificaGUI.java:0)
Constructor &lt;project.VIEW.AggiungiCategoriaDaModificaGUI$2.&lt;init&gt;(project.VIEW.AggiungiCategoriaDaModificaGUI, project.MODEL.Materiale)&gt; has parameter of type &lt;project.MODEL.Materiale&gt; in (AggiungiCategoriaDaModificaGUI.java:0)
Constructor &lt;project.VIEW.AggiungiCategoriaDaModificaGUI$3.&lt;init&gt;(project.VIEW.AggiungiCategoriaDaModificaGUI, project.MODEL.Materiale)&gt; has parameter of type &lt;project.MODEL.Materiale&gt; in (AggiungiCategoriaDaModificaGUI.java:0)
Constructor &lt;project.VIEW.AggiungiCategoriaDaModificaGUI.&lt;init&gt;(project.CONTROLLER.Controller, project.MODEL.Materiale)&gt; has parameter of type &lt;project.MODEL.Materiale&gt; in (AggiungiCategoriaDaModificaGUI.java:0)
Constructor &lt;project.VIEW.AggiungiCategoriaEsistenteDaModificaGUI$1.&lt;init&gt;(project.VIEW.AggiungiCategoriaEsistenteDaModificaGUI, java.util.List, project.MODEL.Materiale)&gt; has parameter of type &lt;project.MODEL.Materiale&gt; in (AggiungiCategoriaEsistenteDaModificaGUI.java:0)
Constructor &lt;project.VIEW.AggiungiCategoriaEsistenteDaModificaGUI$2.&lt;init&gt;(project.VIEW.AggiungiCategoriaEsistenteDaModificaGUI, project.MODEL.Materiale)&gt; has parameter of type &lt;project.MODEL.Materiale&gt; in (AggiungiCategoriaEsistenteDaModificaGUI.java:0)
Constructor &lt;project.VIEW.AggiungiCategoriaEsistenteDaModificaGUI.&lt;init&gt;(project.CONTROLLER.Controller, java.util.List, project.MODEL.Materiale)&gt; calls method &lt;project.MODEL.Categoria.getNome()&gt; in (AggiungiCategoriaEsistenteDaModificaGUI.java:58)
Constructor &lt;project.VIEW.AggiungiCategoriaEsistenteDaModificaGUI.&lt;init&gt;(project.CONTROLLER.Controller, java.util.List, project.MODEL.Materiale)&gt; calls method &lt;project.MODEL.Categoria.getNome()&gt; in (AggiungiCategoriaEsistenteDaModificaGUI.java:62)
Constructor &lt;project.VIEW.AggiungiCategoriaEsistenteDaModificaGUI.&lt;init&gt;(project.CONTROLLER.Controller, java.util.List, project.MODEL.Materiale)&gt; calls method &lt;project.MODEL.Categoria.getSupercategoria()&gt; in (AggiungiCategoriaEsistenteDaModificaGUI.java:59)
Constructor &lt;project.VIEW.AggiungiCategoriaEsistenteDaModificaGUI.&lt;init&gt;(project.CONTROLLER.Controller, java.util.List, project.MODEL.Materiale)&gt; calls method &lt;project.MODEL.Categoria.getSupercategoria()&gt; in (AggiungiCategoriaEsistenteDaModificaGUI.java:62)
Constructor &lt;project.VIEW.AggiungiCategoriaEsistenteDaModificaGUI.&lt;init&gt;(project.CONTROLLER.Controller, java.util.List, project.MODEL.Materiale)&gt; has generic parameter type &lt;java.util.List&lt;project.MODEL.Categoria&gt;&gt; with type argument depending on &lt;project.MODEL.Categoria&gt; in (AggiungiCategoriaEsistenteDaModificaGUI.java:0)
Constructor &lt;project.VIEW.AggiungiCategoriaEsistenteDaModificaGUI.&lt;init&gt;(project.CONTROLLER.Controller, java.util.List, project.MODEL.Materiale)&gt; has parameter of type &lt;project.MODEL.Materiale&gt; in (AggiungiCategoriaEsistenteDaModificaGUI.java:0)
Constructor &lt;project.VIEW.AggiungiCategoriaNuovaDaModificaGUI$1.&lt;init&gt;(project.VIEW.AggiungiCategoriaNuovaDaModificaGUI, project.MODEL.Materiale)&gt; has parameter of type &lt;project.MODEL.Materiale&gt; in (AggiungiCategoriaNuovaDaModificaGUI.java:0)
Constructor &lt;project.VIEW.AggiungiCategoriaNuovaDaModificaGUI$2.&lt;init&gt;(project.VIEW.AggiungiCategoriaNuovaDaModificaGUI, project.MODEL.Materiale)&gt; has parameter of type &lt;project.MODEL.Materiale&gt; in (AggiungiCategoriaNuovaDaModificaGUI.java:0)
Constructor &lt;project.VIEW.AggiungiCategoriaNuovaDaModificaGUI.&lt;init&gt;(project.CONTROLLER.Controller, project.MODEL.Materiale)&gt; has parameter of type &lt;project.MODEL.Materiale&gt; in (AggiungiCategoriaNuovaDaModificaGUI.java:0)
Constructor &lt;project.VIEW.AggiungiGerarchiaNuovaDaModificaGUI$1.&lt;init&gt;(project.VIEW.AggiungiGerarchiaNuovaDaModificaGUI, project.MODEL.Materiale)&gt; has parameter of type &lt;project.MODEL.Materiale&gt; in (AggiungiGerarchiaNuovaDaModificaGUI.java:0)
Constructor &lt;project.VIEW.AggiungiGerarchiaNuovaDaModificaGUI$2.&lt;init&gt;(project.VIEW.AggiungiGerarchiaNuovaDaModificaGUI, project.MODEL.Materiale)&gt; has parameter of type &lt;project.MODEL.Materiale&gt; in (AggiungiGerarchiaNuovaDaModificaGUI.java:0)
Constructor &lt;project.VIEW.AggiungiGerarchiaNuovaDaModificaGUI.&lt;init&gt;(project.CONTROLLER.Controller, project.MODEL.Materiale)&gt; has parameter of type &lt;project.MODEL.Materiale&gt; in (AggiungiGerarchiaNuovaDaModificaGUI.java:0)
Constructor &lt;project.VIEW.AggiuntaAGerarchiaEsistenteGUI$1.&lt;init&gt;(project.VIEW.AggiuntaAGerarchiaEsistenteGUI, java.util.List, project.MODEL.Materiale)&gt; has parameter of type &lt;project.MODEL.Materiale&gt; in (AggiuntaAGerarchiaEsistenteGUI.java:0)
Constructor &lt;project.VIEW.AggiuntaAGerarchiaEsistenteGUI$2.&lt;init&gt;(project.VIEW.AggiuntaAGerarchiaEsistenteGUI, project.MODEL.Materiale)&gt; has parameter of type &lt;project.MODEL.Materiale&gt; in (AggiuntaAGerarchiaEsistenteGUI.java:0)
Constructor &lt;project.VIEW.AggiuntaAGerarchiaEsistenteGUI.&lt;init&gt;(project.CONTROLLER.Controller, java.util.List, project.MODEL.Materiale)&gt; calls method &lt;project.MODEL.Categoria.getNome()&gt; in (AggiuntaAGerarchiaEsistenteGUI.java:56)
Constructor &lt;project.VIEW.AggiuntaAGerarchiaEsistenteGUI.&lt;init&gt;(project.CONTROLLER.Controller, java.util.List, project.MODEL.Materiale)&gt; calls method &lt;project.MODEL.Categoria.getNome()&gt; in (AggiuntaAGerarchiaEsistenteGUI.java:60)
Constructor &lt;project.VIEW.AggiuntaAGerarchiaEsistenteGUI.&lt;init&gt;(project.CONTROLLER.Controller, java.util.List, project.MODEL.Materiale)&gt; calls method &lt;project.MODEL.Categoria.getSupercategoria()&gt; in (AggiuntaAGerarchiaEsistenteGUI.java:57)
Constructor &lt;project.VIEW.AggiuntaAGerarchiaEsistenteGUI.&lt;init&gt;(project.CONTROLLER.Controller, java.util.List, project.MODEL.Materiale)&gt; calls method &lt;project.MODEL.Categoria.getSupercategoria()&gt; in (AggiuntaAGerarchiaEsistenteGUI.java:60)
Constructor &lt;project.VIEW.AggiuntaAGerarchiaEsistenteGUI.&lt;init&gt;(project.CONTROLLER.Controller, java.util.List, project.MODEL.Materiale)&gt; has generic parameter type &lt;java.util.List&lt;project.MODEL.Categoria&gt;&gt; with type argument depending on &lt;project.MODEL.Categoria&gt; in (AggiuntaAGerarchiaEsistenteGUI.java:0)
Constructor &lt;project.VIEW.AggiuntaAGerarchiaEsistenteGUI.&lt;init&gt;(project.CONTROLLER.Controller, java.util.List, project.MODEL.Materiale)&gt; has parameter of type &lt;project.MODEL.Materiale&gt; in (AggiuntaAGerarchiaEsistenteGUI.java:0)
Constructor &lt;project.VIEW.AggiuntaCategoriaAGerarchiaGUI$1.&lt;init&gt;(project.VIEW.AggiuntaCategoriaAGerarchiaGUI, project.MODEL.Categoria, project.MODEL.Materiale)&gt; has parameter of type &lt;project.MODEL.Categoria&gt; in (AggiuntaCategoriaAGerarchiaGUI.java:0)
Constructor &lt;project.VIEW.AggiuntaCategoriaAGerarchiaGUI$1.&lt;init&gt;(project.VIEW.AggiuntaCategoriaAGerarchiaGUI, project.MODEL.Categoria, project.MODEL.Materiale)&gt; has parameter of type &lt;project.MODEL.Materiale&gt; in (AggiuntaCategoriaAGerarchiaGUI.java:0)
Constructor &lt;project.VIEW.AggiuntaCategoriaAGerarchiaGUI$3.&lt;init&gt;(project.VIEW.AggiuntaCategoriaAGerarchiaGUI, project.MODEL.Materiale)&gt; has parameter of type &lt;project.MODEL.Materiale&gt; in (AggiuntaCategoriaAGerarchiaGUI.java:0)
Constructor &lt;project.VIEW.AggiuntaCategoriaAGerarchiaGUI.&lt;init&gt;(project.CONTROLLER.Controller, project.MODEL.Materiale, project.MODEL.Categoria)&gt; calls method &lt;project.MODEL.Categoria.getNome()&gt; in (AggiuntaCategoriaAGerarchiaGUI.java:142)
Constructor &lt;project.VIEW.AggiuntaCategoriaAGerarchiaGUI.&lt;init&gt;(project.CONTROLLER.Controller, project.MODEL.Materiale, project.MODEL.Categoria)&gt; has parameter of type &lt;project.MODEL.Categoria&gt; in (AggiuntaCategoriaAGerarchiaGUI.java:0)
Constructor &lt;project.VIEW.AggiuntaCategoriaAGerarchiaGUI.&lt;init&gt;(project.CONTROLLER.Controller, project.MODEL.Materiale, project.MODEL.Categoria)&gt; has parameter of type &lt;project.MODEL.Materiale&gt; in (AggiuntaCategoriaAGerarchiaGUI.java:0)
Constructor &lt;project.VIEW.AggiuntaCategoriaEsistenteGUI$1.&lt;init&gt;(project.VIEW.AggiuntaCategoriaEsistenteGUI, java.util.List, project.MODEL.Materiale)&gt; has parameter of type &lt;project.MODEL.Materiale&gt; in (AggiuntaCategoriaEsistenteGUI.java:0)
Constructor &lt;project.VIEW.AggiuntaCategoriaEsistenteGUI$2.&lt;init&gt;(project.VIEW.AggiuntaCategoriaEsistenteGUI, project.MODEL.Materiale)&gt; has parameter of type &lt;project.MODEL.Materiale&gt; in (AggiuntaCategoriaEsistenteGUI.java:0)
Constructor &lt;project.VIEW.AggiuntaCategoriaEsistenteGUI.&lt;init&gt;(project.CONTROLLER.Controller, java.util.List, project.MODEL.Materiale)&gt; calls method &lt;project.MODEL.Categoria.getNome()&gt; in (AggiuntaCategoriaEsistenteGUI.java:58)
Constructor &lt;project.VIEW.AggiuntaCategoriaEsistenteGUI.&lt;init&gt;(project.CONTROLLER.Controller, java.util.List, project.MODEL.Materiale)&gt; calls method &lt;project.MODEL.Categoria.getNome()&gt; in (AggiuntaCategoriaEsistenteGUI.java:62)
Constructor &lt;project.VIEW.AggiuntaCategoriaEsistenteGUI.&lt;init&gt;(project.CONTROLLER.Controller, java.util.List, project.MODEL.Materiale)&gt; calls method &lt;project.MODEL.Categoria.getSupercategoria()&gt; in (AggiuntaCategoriaEsistenteGUI.java:59)
Constructor &lt;project.VIEW.AggiuntaCategoriaEsistenteGUI.&lt;init&gt;(project.CONTROLLER.Controller, java.util.List, project.MODEL.Materiale)&gt; calls method &lt;project.MODEL.Categoria.getSupercategoria()&gt; in (AggiuntaCategoriaEsistenteGUI.java:62)
Constructor &lt;project.VIEW.AggiuntaCategoriaEsistenteGUI.&lt;init&gt;(project.CONTROLLER.Controller, java.util.List, project.MODEL.Materiale)&gt; has generic parameter type &lt;java.util.List&lt;project.MODEL.Categoria&gt;&gt; with type argument depending on &lt;project.MODEL.Categoria&gt; in (AggiuntaCategoriaEsistenteGUI.java:0)
Constructor &lt;project.VIEW.AggiuntaCategoriaEsistenteGUI.&lt;init&gt;(project.CONTROLLER.Controller, java.util.List, project.MODEL.Materiale)&gt; has parameter of type &lt;project.MODEL.Materiale&gt; in (AggiuntaCategoriaEsistenteGUI.java:0)
Constructor &lt;project.VIEW.AggiuntaCategoriaGUI$1.&lt;init&gt;(project.VIEW.AggiuntaCategoriaGUI, project.MODEL.Materiale)&gt; has parameter of type &lt;project.MODEL.Materiale&gt; in (AggiuntaCategoriaGUI.java:0)
Constructor &lt;project.VIEW.AggiuntaCategoriaGUI$2.&lt;init&gt;(project.VIEW.AggiuntaCategoriaGUI, project.MODEL.Materiale)&gt; has parameter of type &lt;project.MODEL.Materiale&gt; in (AggiuntaCategoriaGUI.java:0)
Constructor &lt;project.VIEW.AggiuntaCategoriaGUI$3.&lt;init&gt;(project.VIEW.AggiuntaCategoriaGUI, project.MODEL.Materiale)&gt; has parameter of type &lt;project.MODEL.Materiale&gt; in (AggiuntaCategoriaGUI.java:0)
Constructor &lt;project.VIEW.AggiuntaCategoriaGUI.&lt;init&gt;(project.CONTROLLER.Controller, project.MODEL.Materiale)&gt; has parameter of type &lt;project.MODEL.Materiale&gt; in (AggiuntaCategoriaGUI.java:0)
Constructor &lt;project.VIEW.AggiuntaCategoriaNuovaGUI$1.&lt;init&gt;(project.VIEW.AggiuntaCategoriaNuovaGUI, project.MODEL.Materiale)&gt; has parameter of type &lt;project.MODEL.Materiale&gt; in (AggiuntaCategoriaNuovaGUI.java:0)
Constructor &lt;project.VIEW.AggiuntaCategoriaNuovaGUI$2.&lt;init&gt;(project.VIEW.AggiuntaCategoriaNuovaGUI, project.MODEL.Materiale)&gt; has parameter of type &lt;project.MODEL.Materiale&gt; in (AggiuntaCategoriaNuovaGUI.java:0)
Constructor &lt;project.VIEW.AggiuntaCategoriaNuovaGUI.&lt;init&gt;(project.CONTROLLER.Controller, project.MODEL.Materiale)&gt; has parameter of type &lt;project.MODEL.Materiale&gt; in (AggiuntaCategoriaNuovaGUI.java:0)
Constructor &lt;project.VIEW.AggiuntaCitazioneDaModificaGUI$1.&lt;init&gt;(project.VIEW.AggiuntaCitazioneDaModificaGUI, project.MODEL.Materiale, java.util.List)&gt; has parameter of type &lt;project.MODEL.Materiale&gt; in (AggiuntaCitazioneDaModificaGUI.java:0)
Constructor &lt;project.VIEW.AggiuntaCitazioneDaModificaGUI$2.&lt;init&gt;(project.VIEW.AggiuntaCitazioneDaModificaGUI, project.MODEL.Materiale)&gt; has parameter of type &lt;project.MODEL.Materiale&gt; in (AggiuntaCitazioneDaModificaGUI.java:0)
Constructor &lt;project.VIEW.AggiuntaCitazioneDaModificaGUI.&lt;init&gt;(project.CONTROLLER.Controller, java.util.List, project.MODEL.Materiale)&gt; calls method &lt;project.MODEL.Materiale.getDescrizione()&gt; in (AggiuntaCitazioneDaModificaGUI.java:60)
Constructor &lt;project.VIEW.AggiuntaCitazioneDaModificaGUI.&lt;init&gt;(project.CONTROLLER.Controller, java.util.List, project.MODEL.Materiale)&gt; calls method &lt;project.MODEL.Materiale.getDoi()&gt; in (AggiuntaCitazioneDaModificaGUI.java:59)
Constructor &lt;project.VIEW.AggiuntaCitazioneDaModificaGUI.&lt;init&gt;(project.CONTROLLER.Controller, java.util.List, project.MODEL.Materiale)&gt; calls method &lt;project.MODEL.Materiale.getTipo()&gt; in (AggiuntaCitazioneDaModificaGUI.java:61)
Constructor &lt;project.VIEW.AggiuntaCitazioneDaModificaGUI.&lt;init&gt;(project.CONTROLLER.Controller, java.util.List, project.MODEL.Materiale)&gt; calls method &lt;project.MODEL.Materiale.getTitolo()&gt; in (AggiuntaCitazioneDaModificaGUI.java:58)
Constructor &lt;project.VIEW.AggiuntaCitazioneDaModificaGUI.&lt;init&gt;(project.CONTROLLER.Controller, java.util.List, project.MODEL.Materiale)&gt; has generic parameter type &lt;java.util.List&lt;project.MODEL.Materiale&gt;&gt; with type argument depending on &lt;project.MODEL.Materiale&gt; in (AggiuntaCitazioneDaModificaGUI.java:0)
Constructor &lt;project.VIEW.AggiuntaCitazioneDaModificaGUI.&lt;init&gt;(project.CONTROLLER.Controller, java.util.List, project.MODEL.Materiale)&gt; has parameter of type &lt;project.MODEL.Materiale&gt; in (AggiuntaCitazioneDaModificaGUI.java:0)
Constructor &lt;project.VIEW.AggiuntaCitazioneGUI$1.&lt;init&gt;(project.VIEW.AggiuntaCitazioneGUI, project.MODEL.Materiale, java.util.List)&gt; has parameter of type &lt;project.MODEL.Materiale&gt; in (AggiuntaCitazioneGUI.java:0)
Constructor &lt;project.VIEW.AggiuntaCitazioneGUI.&lt;init&gt;(project.CONTROLLER.Controller, java.util.List, project.MODEL.Materiale)&gt; calls method &lt;project.MODEL.Materiale.getDescrizione()&gt; in (AggiuntaCitazioneGUI.java:60)
Constructor &lt;project.VIEW.AggiuntaCitazioneGUI.&lt;init&gt;(project.CONTROLLER.Controller, java.util.List, project.MODEL.Materiale)&gt; calls method &lt;project.MODEL.Materiale.getDoi()&gt; in (AggiuntaCitazioneGUI.java:59)
Constructor &lt;project.VIEW.AggiuntaCitazioneGUI.&lt;init&gt;(project.CONTROLLER.Controller, java.util.List, project.MODEL.Materiale)&gt; calls method &lt;project.MODEL.Materiale.getTipo()&gt; in (AggiuntaCitazioneGUI.java:61)
Constructor &lt;project.VIEW.AggiuntaCitazioneGUI.&lt;init&gt;(project.CONTROLLER.Controller, java.util.List, project.MODEL.Materiale)&gt; calls method &lt;project.MODEL.Materiale.getTitolo()&gt; in (AggiuntaCitazioneGUI.java:58)
Constructor &lt;project.VIEW.AggiuntaCitazioneGUI.&lt;init&gt;(project.CONTROLLER.Controller, java.util.List, project.MODEL.Materiale)&gt; has generic parameter type &lt;java.util.List&lt;project.MODEL.Materiale&gt;&gt; with type argument depending on &lt;project.MODEL.Materiale&gt; in (AggiuntaCitazioneGUI.java:0)
Constructor &lt;project.VIEW.AggiuntaCitazioneGUI.&lt;init&gt;(project.CONTROLLER.Controller, java.util.List, project.MODEL.Materiale)&gt; has parameter of type &lt;project.MODEL.Materiale&gt; in (AggiuntaCitazioneGUI.java:0)
Constructor &lt;project.VIEW.AggiuntaGerarchiaNuovaGUI$1.&lt;init&gt;(project.VIEW.AggiuntaGerarchiaNuovaGUI, project.MODEL.Materiale)&gt; has parameter of type &lt;project.MODEL.Materiale&gt; in (AggiuntaGerarchiaNuovaGUI.java:0)
Constructor &lt;project.VIEW.AggiuntaGerarchiaNuovaGUI$2.&lt;init&gt;(project.VIEW.AggiuntaGerarchiaNuovaGUI, project.MODEL.Materiale)&gt; has parameter of type &lt;project.MODEL.Materiale&gt; in (AggiuntaGerarchiaNuovaGUI.java:0)
Constructor &lt;project.VIEW.AggiuntaGerarchiaNuovaGUI.&lt;init&gt;(project.CONTROLLER.Controller, project.MODEL.Materiale)&gt; has parameter of type &lt;project.MODEL.Materiale&gt; in (AggiuntaGerarchiaNuovaGUI.java:0)
Constructor &lt;project.VIEW.AggiuntaParolaChiaveGUI$1.&lt;init&gt;(project.VIEW.AggiuntaParolaChiaveGUI, project.MODEL.Materiale)&gt; has parameter of type &lt;project.MODEL.Materiale&gt; in (AggiuntaParolaChiaveGUI.java:0)
Constructor &lt;project.VIEW.AggiuntaParolaChiaveGUI$2.&lt;init&gt;(project.VIEW.AggiuntaParolaChiaveGUI, project.MODEL.Materiale)&gt; has parameter of type &lt;project.MODEL.Materiale&gt; in (AggiuntaParolaChiaveGUI.java:0)
Constructor &lt;project.VIEW.AggiuntaParolaChiaveGUI.&lt;init&gt;(project.CONTROLLER.Controller, project.MODEL.Materiale)&gt; has parameter of type &lt;project.MODEL.Materiale&gt; in (AggiuntaParolaChiaveGUI.java:0)
Constructor &lt;project.VIEW.ModificaArticoloSuConferenzaGUI.&lt;init&gt;(project.CONTROLLER.Controller, project.struttureDiAppoggio.RigaTabellaArticoloSuConferenza)&gt; calls method &lt;project.MODEL.ArticoloSuConferenza.getConferenza()&gt; in (ModificaArticoloSuConferenzaGUI.java:193)
Constructor &lt;project.VIEW.ModificaArticoloSuConferenzaGUI.&lt;init&gt;(project.CONTROLLER.Controller, project.struttureDiAppoggio.RigaTabellaArticoloSuConferenza)&gt; calls method &lt;project.MODEL.ArticoloSuConferenza.getConferenza()&gt; in (ModificaArticoloSuConferenzaGUI.java:222)
Constructor &lt;project.VIEW.ModificaArticoloSuConferenzaGUI.&lt;init&gt;(project.CONTROLLER.Controller, project.struttureDiAppoggio.RigaTabellaArticoloSuConferenza)&gt; calls method &lt;project.MODEL.ArticoloSuConferenza.getConferenza()&gt; in (ModificaArticoloSuConferenzaGUI.java:238)
Constructor &lt;project.VIEW.ModificaArticoloSuConferenzaGUI.&lt;init&gt;(project.CONTROLLER.Controller, project.struttureDiAppoggio.RigaTabellaArticoloSuConferenza)&gt; calls method &lt;project.MODEL.ArticoloSuConferenza.getConferenza()&gt; in (ModificaArticoloSuConferenzaGUI.java:278)
Constructor &lt;project.VIEW.ModificaArticoloSuConferenzaGUI.&lt;init&gt;(project.CONTROLLER.Controller, project.struttureDiAppoggio.RigaTabellaArticoloSuConferenza)&gt; calls method &lt;project.MODEL.ArticoloSuConferenza.getConferenza()&gt; in (ModificaArticoloSuConferenzaGUI.java:336)
Constructor &lt;project.VIEW.ModificaArticoloSuConferenzaGUI.&lt;init&gt;(project.CONTROLLER.Controller, project.struttureDiAppoggio.RigaTabellaArticoloSuConferenza)&gt; calls method &lt;project.MODEL.ArticoloSuConferenza.getDescrizione()&gt; in (ModificaArticoloSuConferenzaGUI.java:154)
Constructor &lt;project.VIEW.ModificaArticoloSuConferenzaGUI.&lt;init&gt;(project.CONTROLLER.Controller, project.struttureDiAppoggio.RigaTabellaArticoloSuConferenza)&gt; calls method &lt;project.MODEL.ArticoloSuConferenza.getDoi()&gt; in (ModificaArticoloSuConferenzaGUI.java:105)
Constructor &lt;project.VIEW.ModificaArticoloSuConferenzaGUI.&lt;init&gt;(project.CONTROLLER.Controller, project.struttureDiAppoggio.RigaTabellaArticoloSuConferenza)&gt; calls method &lt;project.MODEL.ArticoloSuConferenza.getTarget()&gt; in (ModificaArticoloSuConferenzaGUI.java:127)
Constructor &lt;project.VIEW.ModificaArticoloSuConferenzaGUI.&lt;init&gt;(project.CONTROLLER.Controller, project.struttureDiAppoggio.RigaTabellaArticoloSuConferenza)&gt; calls method &lt;project.MODEL.ArticoloSuConferenza.getTitolo()&gt; in (ModificaArticoloSuConferenzaGUI.java:82)
Constructor &lt;project.VIEW.ModificaArticoloSuConferenzaGUI.&lt;init&gt;(project.CONTROLLER.Controller, project.struttureDiAppoggio.RigaTabellaArticoloSuConferenza)&gt; calls method &lt;project.MODEL.Conferenza.getCasaEditrice()&gt; in (ModificaArticoloSuConferenzaGUI.java:193)
Constructor &lt;project.VIEW.ModificaArticoloSuConferenzaGUI.&lt;init&gt;(project.CONTROLLER.Controller, project.struttureDiAppoggio.RigaTabellaArticoloSuConferenza)&gt; calls method &lt;project.MODEL.Conferenza.getDataConferenza()&gt; in (ModificaArticoloSuConferenzaGUI.java:336)
Constructor &lt;project.VIEW.ModificaArticoloSuConferenzaGUI.&lt;init&gt;(project.CONTROLLER.Controller, project.struttureDiAppoggio.RigaTabellaArticoloSuConferenza)&gt; calls method &lt;project.MODEL.Conferenza.getDurata()&gt; in (ModificaArticoloSuConferenzaGUI.java:278)
Constructor &lt;project.VIEW.ModificaArticoloSuConferenzaGUI.&lt;init&gt;(project.CONTROLLER.Controller, project.struttureDiAppoggio.RigaTabellaArticoloSuConferenza)&gt; calls method &lt;project.MODEL.Conferenza.getSede()&gt; in (ModificaArticoloSuConferenzaGUI.java:238)
Constructor &lt;project.VIEW.ModificaArticoloSuConferenzaGUI.&lt;init&gt;(project.CONTROLLER.Controller, project.struttureDiAppoggio.RigaTabellaArticoloSuConferenza)&gt; calls method &lt;project.MODEL.Conferenza.getTitolo()&gt; in (ModificaArticoloSuConferenzaGUI.java:222)
Constructor &lt;project.VIEW.ModificaArticoloSuConferenzaGUI.&lt;init&gt;(project.CONTROLLER.Controller, project.struttureDiAppoggio.RigaTabellaArticoloSuConferenza)&gt; calls method &lt;project.MODEL.Pubblicazione.getDataPubblicazione()&gt; in (ModificaArticoloSuConferenzaGUI.java:174)
Constructor &lt;project.VIEW.ModificaArticoloSuRivistaGUI.&lt;init&gt;(project.CONTROLLER.Controller, project.struttureDiAppoggio.RigaTabellaArticoloSuRivista)&gt; calls method &lt;project.MODEL.ArticoloSuRivista.getDescrizione()&gt; in (ModificaArticoloSuRivistaGUI.java:153)
Constructor &lt;project.VIEW.ModificaArticoloSuRivistaGUI.&lt;init&gt;(project.CONTROLLER.Controller, project.struttureDiAppoggio.RigaTabellaArticoloSuRivista)&gt; calls method &lt;project.MODEL.ArticoloSuRivista.getDoi()&gt; in (ModificaArticoloSuRivistaGUI.java:104)
Constructor &lt;project.VIEW.ModificaArticoloSuRivistaGUI.&lt;init&gt;(project.CONTROLLER.Controller, project.struttureDiAppoggio.RigaTabellaArticoloSuRivista)&gt; calls method &lt;project.MODEL.ArticoloSuRivista.getRivista()&gt; in (ModificaArticoloSuRivistaGUI.java:192)
Constructor &lt;project.VIEW.ModificaArticoloSuRivistaGUI.&lt;init&gt;(project.CONTROLLER.Controller, project.struttureDiAppoggio.RigaTabellaArticoloSuRivista)&gt; calls method &lt;project.MODEL.ArticoloSuRivista.getRivista()&gt; in (ModificaArticoloSuRivistaGUI.java:222)
Constructor &lt;project.VIEW.ModificaArticoloSuRivistaGUI.&lt;init&gt;(project.CONTROLLER.Controller, project.struttureDiAppoggio.RigaTabellaArticoloSuRivista)&gt; calls method &lt;project.MODEL.ArticoloSuRivista.getRivista()&gt; in (ModificaArticoloSuRivistaGUI.java:238)
Constructor &lt;project.VIEW.ModificaArticoloSuRivistaGUI.&lt;init&gt;(project.CONTROLLER.Controller, project.struttureDiAppoggio.RigaTabellaArticoloSuRivista)&gt; calls method &lt;project.MODEL.ArticoloSuRivista.getRivista()&gt; in (ModificaArticoloSuRivistaGUI.java:277)
Constructor &lt;project.VIEW.ModificaArticoloSuRivistaGUI.&lt;init&gt;(project.CONTROLLER.Controller, project.struttureDiAppoggio.RigaTabellaArticoloSuRivista)&gt; calls method &lt;project.MODEL.ArticoloSuRivista.getRivista()&gt; in (ModificaArticoloSuRivistaGUI.java:280)
Constructor &lt;project.VIEW.ModificaArticoloSuRivistaGUI.&lt;init&gt;(project.CONTROLLER.Controller, project.struttureDiAppoggio.RigaTabellaArticoloSuRivista)&gt; calls method &lt;project.MODEL.ArticoloSuRivista.getTarget()&gt; in (ModificaArticoloSuRivistaGUI.java:126)
Constructor &lt;project.VIEW.ModificaArticoloSuRivistaGUI.&lt;init&gt;(project.CONTROLLER.Controller, project.struttureDiAppoggio.RigaTabellaArticoloSuRivista)&gt; calls method &lt;project.MODEL.ArticoloSuRivista.getTitolo()&gt; in (ModificaArticoloSuRivistaGUI.java:82)
Constructor &lt;project.VIEW.ModificaArticoloSuRivistaGUI.&lt;init&gt;(project.CONTROLLER.Controller, project.struttureDiAppoggio.RigaTabellaArticoloSuRivista)&gt; calls method &lt;project.MODEL.Pubblicazione.getDataPubblicazione()&gt; in (ModificaArticoloSuRivistaGUI.java:173)
Constructor &lt;project.VIEW.ModificaArticoloSuRivistaGUI.&lt;init&gt;(project.CONTROLLER.Controller, project.struttureDiAppoggio.RigaTabellaArticoloSuRivista)&gt; calls method &lt;project.MODEL.Rivista.getEditore()&gt; in (ModificaArticoloSuRivistaGUI.java:192)
Constructor &lt;project.VIEW.ModificaArticoloSuRivistaGUI.&lt;init&gt;(project.CONTROLLER.Controller, project.struttureDiAppoggio.RigaTabellaArticoloSuRivista)&gt; calls method &lt;project.MODEL.Rivista.getIssn()&gt; in (ModificaArticoloSuRivistaGUI.java:238)
Constructor &lt;project.VIEW.ModificaArticoloSuRivistaGUI.&lt;init&gt;(project.CONTROLLER.Controller, project.struttureDiAppoggio.RigaTabellaArticoloSuRivista)&gt; calls method &lt;project.MODEL.Rivista.getPeriodicita()&gt; in (ModificaArticoloSuRivistaGUI.java:277)
Constructor &lt;project.VIEW.ModificaArticoloSuRivistaGUI.&lt;init&gt;(project.CONTROLLER.Controller, project.struttureDiAppoggio.RigaTabellaArticoloSuRivista)&gt; calls method &lt;project.MODEL.Rivista.getPeriodicita()&gt; in (ModificaArticoloSuRivistaGUI.java:280)
Constructor &lt;project.VIEW.ModificaArticoloSuRivistaGUI.&lt;init&gt;(project.CONTROLLER.Controller, project.struttureDiAppoggio.RigaTabellaArticoloSuRivista)&gt; calls method &lt;project.MODEL.Rivista.getTitolo()&gt; in (ModificaArticoloSuRivistaGUI.java:222)
Constructor &lt;project.VIEW.ModificaAutoreADMINGUI$1.&lt;init&gt;(project.VIEW.ModificaAutoreADMINGUI, project.MODEL.Autore)&gt; has parameter of type &lt;project.MODEL.Autore&gt; in (ModificaAutoreADMINGUI.java:0)
Constructor &lt;project.VIEW.ModificaAutoreADMINGUI.&lt;init&gt;(project.CONTROLLER.Controller, project.MODEL.Autore)&gt; calls method &lt;project.MODEL.Autore.getCognome()&gt; in (ModificaAutoreADMINGUI.java:120)
Constructor &lt;project.VIEW.ModificaAutoreADMINGUI.&lt;init&gt;(project.CONTROLLER.Controller, project.MODEL.Autore)&gt; calls method &lt;project.MODEL.Autore.getNome()&gt; in (ModificaAutoreADMINGUI.java:113)
Constructor &lt;project.VIEW.ModificaAutoreADMINGUI.&lt;init&gt;(project.CONTROLLER.Controller, project.MODEL.Autore)&gt; calls method &lt;project.MODEL.Autore.getOrcid()&gt; in (ModificaAutoreADMINGUI.java:132)
Constructor &lt;project.VIEW.ModificaAutoreADMINGUI.&lt;init&gt;(project.CONTROLLER.Controller, project.MODEL.Autore)&gt; calls method &lt;project.MODEL.Autore.getUsername()&gt; in (ModificaAutoreADMINGUI.java:53)
Constructor &lt;project.VIEW.ModificaAutoreADMINGUI.&lt;init&gt;(project.CONTROLLER.Controller, project.MODEL.Autore)&gt; has parameter of type &lt;project.MODEL.Autore&gt; in (ModificaAutoreADMINGUI.java:0)
Constructor &lt;project.VIEW.ModificaAutoriADMINGUI.&lt;init&gt;(project.CONTROLLER.Controller, java.util.List)&gt; calls method &lt;project.MODEL.Autore.getCognome()&gt; in (ModificaAutoriADMINGUI.java:56)
Constructor &lt;project.VIEW.ModificaAutoriADMINGUI.&lt;init&gt;(project.CONTROLLER.Controller, java.util.List)&gt; calls method &lt;project.MODEL.Autore.getNome()&gt; in (ModificaAutoriADMINGUI.java:55)
Constructor &lt;project.VIEW.ModificaAutoriADMINGUI.&lt;init&gt;(project.CONTROLLER.Controller, java.util.List)&gt; calls method &lt;project.MODEL.Autore.getOrcid()&gt; in (ModificaAutoriADMINGUI.java:57)
Constructor &lt;project.VIEW.ModificaAutoriADMINGUI.&lt;init&gt;(project.CONTROLLER.Controller, java.util.List)&gt; calls method &lt;project.MODEL.Autore.getUsername()&gt; in (ModificaAutoriADMINGUI.java:58)
Constructor &lt;project.VIEW.ModificaAutoriADMINGUI.&lt;init&gt;(project.CONTROLLER.Controller, java.util.List)&gt; has generic parameter type &lt;java.util.List&lt;project.MODEL.Autore&gt;&gt; with type argument depending on &lt;project.MODEL.Autore&gt; in (ModificaAutoriADMINGUI.java:0)
Constructor &lt;project.VIEW.ModificaCategorieGUI$1.&lt;init&gt;(project.VIEW.ModificaCategorieGUI, project.MODEL.Materiale)&gt; has parameter of type &lt;project.MODEL.Materiale&gt; in (ModificaCategorieGUI.java:0)
Constructor &lt;project.VIEW.ModificaCategorieGUI$2.&lt;init&gt;(project.VIEW.ModificaCategorieGUI, java.util.List, project.MODEL.Materiale)&gt; has parameter of type &lt;project.MODEL.Materiale&gt; in (ModificaCategorieGUI.java:0)
Constructor &lt;project.VIEW.ModificaCategorieGUI.&lt;init&gt;(project.CONTROLLER.Controller, java.util.List, project.MODEL.Materiale)&gt; calls method &lt;project.MODEL.Categoria.getNome()&gt; in (ModificaCategorieGUI.java:60)
Constructor &lt;project.VIEW.ModificaCategorieGUI.&lt;init&gt;(project.CONTROLLER.Controller, java.util.List, project.MODEL.Materiale)&gt; calls method &lt;project.MODEL.Categoria.getNome()&gt; in (ModificaCategorieGUI.java:61)
Constructor &lt;project.VIEW.ModificaCategorieGUI.&lt;init&gt;(project.CONTROLLER.Controller, java.util.List, project.MODEL.Materiale)&gt; calls method &lt;project.MODEL.Categoria.getSupercategoria()&gt; in (ModificaCategorieGUI.java:61)
Constructor &lt;project.VIEW.ModificaCategorieGUI.&lt;init&gt;(project.CONTROLLER.Controller, java.util.List, project.MODEL.Materiale)&gt; calls method &lt;project.MODEL.Materiale.getTitolo()&gt; in (ModificaCategorieGUI.java:83)
Constructor &lt;project.VIEW.ModificaCategorieGUI.&lt;init&gt;(project.CONTROLLER.Controller, java.util.List, project.MODEL.Materiale)&gt; has generic parameter type &lt;java.util.List&lt;project.MODEL.Categoria&gt;&gt; with type argument depending on &lt;project.MODEL.Categoria&gt; in (ModificaCategorieGUI.java:0)
Constructor &lt;project.VIEW.ModificaCategorieGUI.&lt;init&gt;(project.CONTROLLER.Controller, java.util.List, project.MODEL.Materiale)&gt; has parameter of type &lt;project.MODEL.Materiale&gt; in (ModificaCategorieGUI.java:0)
Constructor &lt;project.VIEW.ModificaCitazioneGUI$1.&lt;init&gt;(project.VIEW.ModificaCitazioneGUI, project.MODEL.Materiale)&gt; has parameter of type &lt;project.MODEL.Materiale&gt; in (ModificaCitazioneGUI.java:0)
Constructor &lt;project.VIEW.ModificaCitazioneGUI$2.&lt;init&gt;(project.VIEW.ModificaCitazioneGUI, java.util.List, project.MODEL.Materiale)&gt; has parameter of type &lt;project.MODEL.Materiale&gt; in (ModificaCitazioneGUI.java:0)
Constructor &lt;project.VIEW.ModificaCitazioneGUI.&lt;init&gt;(project.CONTROLLER.Controller, java.util.List, project.MODEL.Materiale)&gt; calls method &lt;project.MODEL.Citazione.getMaterialeCitato()&gt; in (ModificaCitazioneGUI.java:62)
Constructor &lt;project.VIEW.ModificaCitazioneGUI.&lt;init&gt;(project.CONTROLLER.Controller, java.util.List, project.MODEL.Materiale)&gt; calls method &lt;project.MODEL.Materiale.getTitolo()&gt; in (ModificaCitazioneGUI.java:62)
Constructor &lt;project.VIEW.ModificaCitazioneGUI.&lt;init&gt;(project.CONTROLLER.Controller, java.util.List, project.MODEL.Materiale)&gt; calls method &lt;project.MODEL.Materiale.getTitolo()&gt; in (ModificaCitazioneGUI.java:72)
Constructor &lt;project.VIEW.ModificaCitazioneGUI.&lt;init&gt;(project.CONTROLLER.Controller, java.util.List, project.MODEL.Materiale)&gt; has generic parameter type &lt;java.util.List&lt;project.MODEL.Citazione&gt;&gt; with type argument depending on &lt;project.MODEL.Citazione&gt; in (ModificaCitazioneGUI.java:0)
Constructor &lt;project.VIEW.ModificaCitazioneGUI.&lt;init&gt;(project.CONTROLLER.Controller, java.util.List, project.MODEL.Materiale)&gt; has parameter of type &lt;project.MODEL.Materiale&gt; in (ModificaCitazioneGUI.java:0)
Constructor &lt;project.VIEW.ModificaDatasetGUI.&lt;init&gt;(project.CONTROLLER.Controller, project.struttureDiAppoggio.RigaTabellaDataset)&gt; calls method &lt;project.MODEL.Dataset.getDescrizione()&gt; in (ModificaDatasetGUI.java:176)
Constructor &lt;project.VIEW.ModificaDatasetGUI.&lt;init&gt;(project.CONTROLLER.Controller, project.struttureDiAppoggio.RigaTabellaDataset)&gt; calls method &lt;project.MODEL.Dataset.getDoi()&gt; in (ModificaDatasetGUI.java:97)
Constructor &lt;project.VIEW.ModificaDatasetGUI.&lt;init&gt;(project.CONTROLLER.Controller, project.struttureDiAppoggio.RigaTabellaDataset)&gt; calls method &lt;project.MODEL.Dataset.getNcolonne()&gt; in (ModificaDatasetGUI.java:142)
Constructor &lt;project.VIEW.ModificaDatasetGUI.&lt;init&gt;(project.CONTROLLER.Controller, project.struttureDiAppoggio.RigaTabellaDataset)&gt; calls method &lt;project.MODEL.Dataset.getNrighe()&gt; in (ModificaDatasetGUI.java:158)
Constructor &lt;project.VIEW.ModificaDatasetGUI.&lt;init&gt;(project.CONTROLLER.Controller, project.struttureDiAppoggio.RigaTabellaDataset)&gt; calls method &lt;project.MODEL.Dataset.getTitolo()&gt; in (ModificaDatasetGUI.java:75)
Constructor &lt;project.VIEW.ModificaDatasetGUI.&lt;init&gt;(project.CONTROLLER.Controller, project.struttureDiAppoggio.RigaTabellaDataset)&gt; calls method &lt;project.MODEL.Dataset.getUrl()&gt; in (ModificaDatasetGUI.java:121)
Constructor &lt;project.VIEW.ModificaDatasetGUI.&lt;init&gt;(project.CONTROLLER.Controller, project.struttureDiAppoggio.RigaTabellaDataset)&gt; calls method &lt;project.MODEL.Pubblicazione.getDataPubblicazione()&gt; in (ModificaDatasetGUI.java:197)
Constructor &lt;project.VIEW.ModificaLibroGUI.&lt;init&gt;(project.CONTROLLER.Controller, project.struttureDiAppoggio.RigaTabellaLibro)&gt; calls method &lt;project.MODEL.Libro.getDescrizione()&gt; in (ModificaLibroGUI.java:215)
Constructor &lt;project.VIEW.ModificaLibroGUI.&lt;init&gt;(project.CONTROLLER.Controller, project.struttureDiAppoggio.RigaTabellaLibro)&gt; calls method &lt;project.MODEL.Libro.getDoi()&gt; in (ModificaLibroGUI.java:99)
Constructor &lt;project.VIEW.ModificaLibroGUI.&lt;init&gt;(project.CONTROLLER.Controller, project.struttureDiAppoggio.RigaTabellaLibro)&gt; calls method &lt;project.MODEL.Libro.getEditore()&gt; in (ModificaLibroGUI.java:189)
Constructor &lt;project.VIEW.ModificaLibroGUI.&lt;init&gt;(project.CONTROLLER.Controller, project.struttureDiAppoggio.RigaTabellaLibro)&gt; calls method &lt;project.MODEL.Libro.getGenere()&gt; in (ModificaLibroGUI.java:154)
Constructor &lt;project.VIEW.ModificaLibroGUI.&lt;init&gt;(project.CONTROLLER.Controller, project.struttureDiAppoggio.RigaTabellaLibro)&gt; calls method &lt;project.MODEL.Libro.getGenere()&gt; in (ModificaLibroGUI.java:157)
Constructor &lt;project.VIEW.ModificaLibroGUI.&lt;init&gt;(project.CONTROLLER.Controller, project.struttureDiAppoggio.RigaTabellaLibro)&gt; calls method &lt;project.MODEL.Libro.getIsbn()&gt; in (ModificaLibroGUI.java:121)
Constructor &lt;project.VIEW.ModificaLibroGUI.&lt;init&gt;(project.CONTROLLER.Controller, project.struttureDiAppoggio.RigaTabellaLibro)&gt; calls method &lt;project.MODEL.Libro.getNpagine()&gt; in (ModificaLibroGUI.java:175)
Constructor &lt;project.VIEW.ModificaLibroGUI.&lt;init&gt;(project.CONTROLLER.Controller, project.struttureDiAppoggio.RigaTabellaLibro)&gt; calls method &lt;project.MODEL.Libro.getTitolo()&gt; in (ModificaLibroGUI.java:78)
Constructor &lt;project.VIEW.ModificaLibroGUI.&lt;init&gt;(project.CONTROLLER.Controller, project.struttureDiAppoggio.RigaTabellaLibro)&gt; calls method &lt;project.MODEL.Pubblicazione.getDataPubblicazione()&gt; in (ModificaLibroGUI.java:236)
Constructor &lt;project.VIEW.ModificaMaterialeGUI.&lt;init&gt;(project.CONTROLLER.Controller, java.util.List)&gt; calls method &lt;project.MODEL.Materiale.getDescrizione()&gt; in (ModificaMaterialeGUI.java:56)
Constructor &lt;project.VIEW.ModificaMaterialeGUI.&lt;init&gt;(project.CONTROLLER.Controller, java.util.List)&gt; calls method &lt;project.MODEL.Materiale.getDoi()&gt; in (ModificaMaterialeGUI.java:55)
Constructor &lt;project.VIEW.ModificaMaterialeGUI.&lt;init&gt;(project.CONTROLLER.Controller, java.util.List)&gt; calls method &lt;project.MODEL.Materiale.getTipo()&gt; in (ModificaMaterialeGUI.java:57)
Constructor &lt;project.VIEW.ModificaMaterialeGUI.&lt;init&gt;(project.CONTROLLER.Controller, java.util.List)&gt; calls method &lt;project.MODEL.Materiale.getTitolo()&gt; in (ModificaMaterialeGUI.java:54)
Constructor &lt;project.VIEW.ModificaMaterialeGUI.&lt;init&gt;(project.CONTROLLER.Controller, java.util.List)&gt; has generic parameter type &lt;java.util.List&lt;project.MODEL.Materiale&gt;&gt; with type argument depending on &lt;project.MODEL.Materiale&gt; in (ModificaMaterialeGUI.java:0)
Constructor &lt;project.VIEW.ModificaMaterialiADMINGUI.&lt;init&gt;(project.CONTROLLER.Controller, java.util.List)&gt; calls method &lt;project.MODEL.Autore.getCognome()&gt; in (ModificaMaterialiADMINGUI.java:60)
Constructor &lt;project.VIEW.ModificaMaterialiADMINGUI.&lt;init&gt;(project.CONTROLLER.Controller, java.util.List)&gt; calls method &lt;project.MODEL.Autore.getNome()&gt; in (ModificaMaterialiADMINGUI.java:60)
Constructor &lt;project.VIEW.ModificaMaterialiADMINGUI.&lt;init&gt;(project.CONTROLLER.Controller, java.util.List)&gt; calls method &lt;project.MODEL.Autore.getOrcid()&gt; in (ModificaMaterialiADMINGUI.java:61)
Constructor &lt;project.VIEW.ModificaMaterialiADMINGUI.&lt;init&gt;(project.CONTROLLER.Controller, java.util.List)&gt; calls method &lt;project.MODEL.Materiale.getDescrizione()&gt; in (ModificaMaterialiADMINGUI.java:66)
Constructor &lt;project.VIEW.ModificaMaterialiADMINGUI.&lt;init&gt;(project.CONTROLLER.Controller, java.util.List)&gt; calls method &lt;project.MODEL.Materiale.getDoi()&gt; in (ModificaMaterialiADMINGUI.java:65)
Constructor &lt;project.VIEW.ModificaMaterialiADMINGUI.&lt;init&gt;(project.CONTROLLER.Controller, java.util.List)&gt; calls method &lt;project.MODEL.Materiale.getTipo()&gt; in (ModificaMaterialiADMINGUI.java:67)
Constructor &lt;project.VIEW.ModificaMaterialiADMINGUI.&lt;init&gt;(project.CONTROLLER.Controller, java.util.List)&gt; calls method &lt;project.MODEL.Materiale.getTitolo()&gt; in (ModificaMaterialiADMINGUI.java:64)
Constructor &lt;project.VIEW.ModificaMaterialiADMINGUI.&lt;init&gt;(project.CONTROLLER.Controller, java.util.List)&gt; calls method &lt;project.MODEL.Pubblicazione.getDataInserimento()&gt; in (ModificaMaterialiADMINGUI.java:63)
Constructor &lt;project.VIEW.ModificaMaterialiADMINGUI.&lt;init&gt;(project.CONTROLLER.Controller, java.util.List)&gt; calls method &lt;project.MODEL.Pubblicazione.getDataPubblicazione()&gt; in (ModificaMaterialiADMINGUI.java:62)
Constructor &lt;project.VIEW.ModificaParoleAssociateGUI$1.&lt;init&gt;(project.VIEW.ModificaParoleAssociateGUI, java.util.List, project.MODEL.Materiale)&gt; has parameter of type &lt;project.MODEL.Materiale&gt; in (ModificaParoleAssociateGUI.java:0)
Constructor &lt;project.VIEW.ModificaParoleAssociateGUI$2.&lt;init&gt;(project.VIEW.ModificaParoleAssociateGUI, project.MODEL.Materiale)&gt; has parameter of type &lt;project.MODEL.Materiale&gt; in (ModificaParoleAssociateGUI.java:0)
Constructor &lt;project.VIEW.ModificaParoleAssociateGUI.&lt;init&gt;(project.CONTROLLER.Controller, java.util.List, project.MODEL.Materiale)&gt; calls method &lt;project.MODEL.Materiale.getTitolo()&gt; in (ModificaParoleAssociateGUI.java:82)
Constructor &lt;project.VIEW.ModificaParoleAssociateGUI.&lt;init&gt;(project.CONTROLLER.Controller, java.util.List, project.MODEL.Materiale)&gt; calls method &lt;project.MODEL.ParolaChiave.getParola()&gt; in (ModificaParoleAssociateGUI.java:60)
Constructor &lt;project.VIEW.ModificaParoleAssociateGUI.&lt;init&gt;(project.CONTROLLER.Controller, java.util.List, project.MODEL.Materiale)&gt; has generic parameter type &lt;java.util.List&lt;project.MODEL.ParolaChiave&gt;&gt; with type argument depending on &lt;project.MODEL.ParolaChiave&gt; in (ModificaParoleAssociateGUI.java:0)
Constructor &lt;project.VIEW.ModificaParoleAssociateGUI.&lt;init&gt;(project.CONTROLLER.Controller, java.util.List, project.MODEL.Materiale)&gt; has parameter of type &lt;project.MODEL.Materiale&gt; in (ModificaParoleAssociateGUI.java:0)
Constructor &lt;project.VIEW.ModificaRisorsaOnlineGUI.&lt;init&gt;(project.CONTROLLER.Controller, project.struttureDiAppoggio.RigaTabellaRisorsaOnline)&gt; calls method &lt;project.MODEL.Pubblicazione.getDataPubblicazione()&gt; in (ModificaRisorsaOnlineGUI.java:156)
Constructor &lt;project.VIEW.ModificaRisorsaOnlineGUI.&lt;init&gt;(project.CONTROLLER.Controller, project.struttureDiAppoggio.RigaTabellaRisorsaOnline)&gt; calls method &lt;project.MODEL.RisorsaOnline.getDescrizione()&gt; in (ModificaRisorsaOnlineGUI.java:135)
Constructor &lt;project.VIEW.ModificaRisorsaOnlineGUI.&lt;init&gt;(project.CONTROLLER.Controller, project.struttureDiAppoggio.RigaTabellaRisorsaOnline)&gt; calls method &lt;project.MODEL.RisorsaOnline.getDoi()&gt; in (ModificaRisorsaOnlineGUI.java:93)
Constructor &lt;project.VIEW.ModificaRisorsaOnlineGUI.&lt;init&gt;(project.CONTROLLER.Controller, project.struttureDiAppoggio.RigaTabellaRisorsaOnline)&gt; calls method &lt;project.MODEL.RisorsaOnline.getTitolo()&gt; in (ModificaRisorsaOnlineGUI.java:72)
Constructor &lt;project.VIEW.ModificaRisorsaOnlineGUI.&lt;init&gt;(project.CONTROLLER.Controller, project.struttureDiAppoggio.RigaTabellaRisorsaOnline)&gt; calls method &lt;project.MODEL.RisorsaOnline.getUrl()&gt; in (ModificaRisorsaOnlineGUI.java:116)
Constructor &lt;project.VIEW.PortaleAutoriGUI.&lt;init&gt;(project.CONTROLLER.Controller, project.MODEL.Autore)&gt; calls method &lt;project.MODEL.Autore.getCognome()&gt; in (PortaleAutoriGUI.java:86)
Constructor &lt;project.VIEW.PortaleAutoriGUI.&lt;init&gt;(project.CONTROLLER.Controller, project.MODEL.Autore)&gt; calls method &lt;project.MODEL.Autore.getNome()&gt; in (PortaleAutoriGUI.java:86)
Constructor &lt;project.VIEW.PortaleAutoriGUI.&lt;init&gt;(project.CONTROLLER.Controller, project.MODEL.Autore)&gt; has parameter of type &lt;project.MODEL.Autore&gt; in (PortaleAutoriGUI.java:0)
Constructor &lt;project.VIEW.VisualizzaArticoliSuConferenzaGUI.&lt;init&gt;(project.CONTROLLER.Controller, java.util.List)&gt; calls method &lt;project.MODEL.ArticoloSuConferenza.getConferenza()&gt; in (VisualizzaArticoliSuConferenzaGUI.java:79)
Constructor &lt;project.VIEW.VisualizzaArticoliSuConferenzaGUI.&lt;init&gt;(project.CONTROLLER.Controller, java.util.List)&gt; calls method &lt;project.MODEL.ArticoloSuConferenza.getConferenza()&gt; in (VisualizzaArticoliSuConferenzaGUI.java:80)
Constructor &lt;project.VIEW.VisualizzaArticoliSuConferenzaGUI.&lt;init&gt;(project.CONTROLLER.Controller, java.util.List)&gt; calls method &lt;project.MODEL.ArticoloSuConferenza.getConferenza()&gt; in (VisualizzaArticoliSuConferenzaGUI.java:81)
Constructor &lt;project.VIEW.VisualizzaArticoliSuConferenzaGUI.&lt;init&gt;(project.CONTROLLER.Controller, java.util.List)&gt; calls method &lt;project.MODEL.ArticoloSuConferenza.getConferenza()&gt; in (VisualizzaArticoliSuConferenzaGUI.java:82)
Constructor &lt;project.VIEW.VisualizzaArticoliSuConferenzaGUI.&lt;init&gt;(project.CONTROLLER.Controller, java.util.List)&gt; calls method &lt;project.MODEL.ArticoloSuConferenza.getConferenza()&gt; in (VisualizzaArticoliSuConferenzaGUI.java:83)
Constructor &lt;project.VIEW.VisualizzaArticoliSuConferenzaGUI.&lt;init&gt;(project.CONTROLLER.Controller, java.util.List)&gt; calls method &lt;project.MODEL.ArticoloSuConferenza.getDescrizione()&gt; in (VisualizzaArticoliSuConferenzaGUI.java:76)
Constructor &lt;project.VIEW.VisualizzaArticoliSuConferenzaGUI.&lt;init&gt;(project.CONTROLLER.Controller, java.util.List)&gt; calls method &lt;project.MODEL.ArticoloSuConferenza.getDoi()&gt; in (VisualizzaArticoliSuConferenzaGUI.java:75)
Constructor &lt;project.VIEW.VisualizzaArticoliSuConferenzaGUI.&lt;init&gt;(project.CONTROLLER.Controller, java.util.List)&gt; calls method &lt;project.MODEL.ArticoloSuConferenza.getNumeroCitazioni()&gt; in (VisualizzaArticoliSuConferenzaGUI.java:85)
Constructor &lt;project.VIEW.VisualizzaArticoliSuConferenzaGUI.&lt;init&gt;(project.CONTROLLER.Controller, java.util.List)&gt; calls method &lt;project.MODEL.ArticoloSuConferenza.getTarget()&gt; in (VisualizzaArticoliSuConferenzaGUI.java:77)
Constructor &lt;project.VIEW.VisualizzaArticoliSuConferenzaGUI.&lt;init&gt;(project.CONTROLLER.Controller, java.util.List)&gt; calls method &lt;project.MODEL.ArticoloSuConferenza.getTitolo()&gt; in (VisualizzaArticoliSuConferenzaGUI.java:74)
Constructor &lt;project.VIEW.VisualizzaArticoliSuConferenzaGUI.&lt;init&gt;(project.CONTROLLER.Controller, java.util.List)&gt; calls method &lt;project.MODEL.Autore.getCognome()&gt; in (VisualizzaArticoliSuConferenzaGUI.java:70)
Constructor &lt;project.VIEW.VisualizzaArticoliSuConferenzaGUI.&lt;init&gt;(project.CONTROLLER.Controller, java.util.List)&gt; calls method &lt;project.MODEL.Autore.getNome()&gt; in (VisualizzaArticoliSuConferenzaGUI.java:70)
Constructor &lt;project.VIEW.VisualizzaArticoliSuConferenzaGUI.&lt;init&gt;(project.CONTROLLER.Controller, java.util.List)&gt; calls method &lt;project.MODEL.Autore.getOrcid()&gt; in (VisualizzaArticoliSuConferenzaGUI.java:71)
Constructor &lt;project.VIEW.VisualizzaArticoliSuConferenzaGUI.&lt;init&gt;(project.CONTROLLER.Controller, java.util.List)&gt; calls method &lt;project.MODEL.Conferenza.getCasaEditrice()&gt; in (VisualizzaArticoliSuConferenzaGUI.java:82)
Constructor &lt;project.VIEW.VisualizzaArticoliSuConferenzaGUI.&lt;init&gt;(project.CONTROLLER.Controller, java.util.List)&gt; calls method &lt;project.MODEL.Conferenza.getDataConferenza()&gt; in (VisualizzaArticoliSuConferenzaGUI.java:80)
Constructor &lt;project.VIEW.VisualizzaArticoliSuConferenzaGUI.&lt;init&gt;(project.CONTROLLER.Controller, java.util.List)&gt; calls method &lt;project.MODEL.Conferenza.getDurata()&gt; in (VisualizzaArticoliSuConferenzaGUI.java:83)
Constructor &lt;project.VIEW.VisualizzaArticoliSuConferenzaGUI.&lt;init&gt;(project.CONTROLLER.Controller, java.util.List)&gt; calls method &lt;project.MODEL.Conferenza.getSede()&gt; in (VisualizzaArticoliSuConferenzaGUI.java:81)
Constructor &lt;project.VIEW.VisualizzaArticoliSuConferenzaGUI.&lt;init&gt;(project.CONTROLLER.Controller, java.util.List)&gt; calls method &lt;project.MODEL.Conferenza.getTitolo()&gt; in (VisualizzaArticoliSuConferenzaGUI.java:79)
Constructor &lt;project.VIEW.VisualizzaArticoliSuConferenzaGUI.&lt;init&gt;(project.CONTROLLER.Controller, java.util.List)&gt; calls method &lt;project.MODEL.Pubblicazione.getDataInserimento()&gt; in (VisualizzaArticoliSuConferenzaGUI.java:73)
Constructor &lt;project.VIEW.VisualizzaArticoliSuConferenzaGUI.&lt;init&gt;(project.CONTROLLER.Controller, java.util.List)&gt; calls method &lt;project.MODEL.Pubblicazione.getDataPubblicazione()&gt; in (VisualizzaArticoliSuConferenzaGUI.java:72)
Constructor &lt;project.VIEW.VisualizzaArticoliSuRivistaGUI.&lt;init&gt;(project.CONTROLLER.Controller, java.util.List)&gt; calls method &lt;project.MODEL.ArticoloSuRivista.getDescrizione()&gt; in (VisualizzaArticoliSuRivistaGUI.java:76)
Constructor &lt;project.VIEW.VisualizzaArticoliSuRivistaGUI.&lt;init&gt;(project.CONTROLLER.Controller, java.util.List)&gt; calls method &lt;project.MODEL.ArticoloSuRivista.getDoi()&gt; in (VisualizzaArticoliSuRivistaGUI.java:75)
Constructor &lt;project.VIEW.VisualizzaArticoliSuRivistaGUI.&lt;init&gt;(project.CONTROLLER.Controller, java.util.List)&gt; calls method &lt;project.MODEL.ArticoloSuRivista.getNumeroCitazioni()&gt; in (VisualizzaArticoliSuRivistaGUI.java:90)
Constructor &lt;project.VIEW.VisualizzaArticoliSuRivistaGUI.&lt;init&gt;(project.CONTROLLER.Controller, java.util.List)&gt; calls method &lt;project.MODEL.ArticoloSuRivista.getRivista()&gt; in (VisualizzaArticoliSuRivistaGUI.java:79)
Constructor &lt;project.VIEW.VisualizzaArticoliSuRivistaGUI.&lt;init&gt;(project.CONTROLLER.Controller, java.util.List)&gt; calls method &lt;project.MODEL.ArticoloSuRivista.getRivista()&gt; in (VisualizzaArticoliSuRivistaGUI.java:80)
Constructor &lt;project.VIEW.VisualizzaArticoliSuRivistaGUI.&lt;init&gt;(project.CONTROLLER.Controller, java.util.List)&gt; calls method &lt;project.MODEL.ArticoloSuRivista.getRivista()&gt; in (VisualizzaArticoliSuRivistaGUI.java:81)
Constructor &lt;project.VIEW.VisualizzaArticoliSuRivistaGUI.&lt;init&gt;(project.CONTROLLER.Controller, java.util.List)&gt; calls method &lt;project.MODEL.ArticoloSuRivista.getRivista()&gt; in (VisualizzaArticoliSuRivistaGUI.java:82)
Constructor &lt;project.VIEW.VisualizzaArticoliSuRivistaGUI.&lt;init&gt;(project.CONTROLLER.Controller, java.util.List)&gt; calls method &lt;project.MODEL.ArticoloSuRivista.getRivista()&gt; in (VisualizzaArticoliSuRivistaGUI.java:87)
Constructor &lt;project.VIEW.VisualizzaArticoliSuRivistaGUI.&lt;init&gt;(project.CONTROLLER.Controller, java.util.List)&gt; calls method &lt;project.MODEL.ArticoloSuRivista.getTarget()&gt; in (VisualizzaArticoliSuRivistaGUI.java:77)
Constructor &lt;project.VIEW.VisualizzaArticoliSuRivistaGUI.&lt;init&gt;(project.CONTROLLER.Controller, java.util.List)&gt; calls method &lt;project.MODEL.ArticoloSuRivista.getTitolo()&gt; in (VisualizzaArticoliSuRivistaGUI.java:74)
Constructor &lt;project.VIEW.VisualizzaArticoliSuRivistaGUI.&lt;init&gt;(project.CONTROLLER.Controller, java.util.List)&gt; calls method &lt;project.MODEL.Autore.getCognome()&gt; in (VisualizzaArticoliSuRivistaGUI.java:70)
Constructor &lt;project.VIEW.VisualizzaArticoliSuRivistaGUI.&lt;init&gt;(project.CONTROLLER.Controller, java.util.List)&gt; calls method &lt;project.MODEL.Autore.getNome()&gt; in (VisualizzaArticoliSuRivistaGUI.java:70)
Constructor &lt;project.VIEW.VisualizzaArticoliSuRivistaGUI.&lt;init&gt;(project.CONTROLLER.Controller, java.util.List)&gt; calls method &lt;project.MODEL.Autore.getOrcid()&gt; in (VisualizzaArticoliSuRivistaGUI.java:71)
Constructor &lt;project.VIEW.VisualizzaArticoliSuRivistaGUI.&lt;init&gt;(project.CONTROLLER.Controller, java.util.List)&gt; calls method &lt;project.MODEL.Pubblicazione.getDataInserimento()&gt; in (VisualizzaArticoliSuRivistaGUI.java:73)
Constructor &lt;project.VIEW.VisualizzaArticoliSuRivistaGUI.&lt;init&gt;(project.CONTROLLER.Controller, java.util.List)&gt; calls method &lt;project.MODEL.Pubblicazione.getDataPubblicazione()&gt; in (VisualizzaArticoliSuRivistaGUI.java:72)
Constructor &lt;project.VIEW.VisualizzaArticoliSuRivistaGUI.&lt;init&gt;(project.CONTROLLER.Controller, java.util.List)&gt; calls method &lt;project.MODEL.Rivista.getEditore()&gt; in (VisualizzaArticoliSuRivistaGUI.java:81)
Constructor &lt;project.VIEW.VisualizzaArticoliSuRivistaGUI.&lt;init&gt;(project.CONTROLLER.Controller, java.util.List)&gt; calls method &lt;project.MODEL.Rivista.getIssn()&gt; in (VisualizzaArticoliSuRivistaGUI.java:80)
Constructor &lt;project.VIEW.VisualizzaArticoliSuRivistaGUI.&lt;init&gt;(project.CONTROLLER.Controller, java.util.List)&gt; calls method &lt;project.MODEL.Rivista.getPeriodicita()&gt; in (VisualizzaArticoliSuRivistaGUI.java:82)
Constructor &lt;project.VIEW.VisualizzaArticoliSuRivistaGUI.&lt;init&gt;(project.CONTROLLER.Controller, java.util.List)&gt; calls method &lt;project.MODEL.Rivista.getPeriodicita()&gt; in (VisualizzaArticoliSuRivistaGUI.java:87)
Constructor &lt;project.VIEW.VisualizzaArticoliSuRivistaGUI.&lt;init&gt;(project.CONTROLLER.Controller, java.util.List)&gt; calls method &lt;project.MODEL.Rivista.getTitolo()&gt; in (VisualizzaArticoliSuRivistaGUI.java:79)
Constructor &lt;project.VIEW.VisualizzaCategorieGUI.&lt;init&gt;(project.CONTROLLER.Controller, java.util.List, java.lang.String)&gt; calls method &lt;project.MODEL.Categoria.getNome()&gt; in (VisualizzaCategorieGUI.java:55)
Constructor &lt;project.VIEW.VisualizzaCategorieGUI.&lt;init&gt;(project.CONTROLLER.Controller, java.util.List, java.lang.String)&gt; calls method &lt;project.MODEL.Categoria.getNome()&gt; in (VisualizzaCategorieGUI.java:56)
Constructor &lt;project.VIEW.VisualizzaCategorieGUI.&lt;init&gt;(project.CONTROLLER.Controller, java.util.List, java.lang.String)&gt; calls method &lt;project.MODEL.Categoria.getSupercategoria()&gt; in (VisualizzaCategorieGUI.java:56)
Constructor &lt;project.VIEW.VisualizzaCategorieGUI.&lt;init&gt;(project.CONTROLLER.Controller, java.util.List, java.lang.String)&gt; has generic parameter type &lt;java.util.List&lt;project.MODEL.Categoria&gt;&gt; with type argument depending on &lt;project.MODEL.Categoria&gt; in (VisualizzaCategorieGUI.java:0)
Constructor &lt;project.VIEW.VisualizzaCitazioniGUI.&lt;init&gt;(project.CONTROLLER.Controller, java.util.List, java.lang.String)&gt; calls method &lt;project.MODEL.Citazione.getMaterialeCitante()&gt; in (VisualizzaCitazioniGUI.java:61)
Constructor &lt;project.VIEW.VisualizzaCitazioniGUI.&lt;init&gt;(project.CONTROLLER.Controller, java.util.List, java.lang.String)&gt; calls method &lt;project.MODEL.Citazione.getMaterialeCitante()&gt; in (VisualizzaCitazioniGUI.java:66)
Constructor &lt;project.VIEW.VisualizzaCitazioniGUI.&lt;init&gt;(project.CONTROLLER.Controller, java.util.List, java.lang.String)&gt; calls method &lt;project.MODEL.Citazione.getMaterialeCitato()&gt; in (VisualizzaCitazioniGUI.java:62)
Constructor &lt;project.VIEW.VisualizzaCitazioniGUI.&lt;init&gt;(project.CONTROLLER.Controller, java.util.List, java.lang.String)&gt; calls method &lt;project.MODEL.Materiale.getTitolo()&gt; in (VisualizzaCitazioniGUI.java:61)
Constructor &lt;project.VIEW.VisualizzaCitazioniGUI.&lt;init&gt;(project.CONTROLLER.Controller, java.util.List, java.lang.String)&gt; calls method &lt;project.MODEL.Materiale.getTitolo()&gt; in (VisualizzaCitazioniGUI.java:62)
Constructor &lt;project.VIEW.VisualizzaCitazioniGUI.&lt;init&gt;(project.CONTROLLER.Controller, java.util.List, java.lang.String)&gt; calls method &lt;project.MODEL.Materiale.getTitolo()&gt; in (VisualizzaCitazioniGUI.java:66)
Constructor &lt;project.VIEW.VisualizzaCitazioniGUI.&lt;init&gt;(project.CONTROLLER.Controller, java.util.List, java.lang.String)&gt; has generic parameter type &lt;java.util.List&lt;project.MODEL.Citazione&gt;&gt; with type argument depending on &lt;project.MODEL.Citazione&gt; in (VisualizzaCitazioniGUI.java:0)
Constructor &lt;project.VIEW.VisualizzaDatasetGUI.&lt;init&gt;(project.CONTROLLER.Controller, java.util.List)&gt; calls method &lt;project.MODEL.Autore.getCognome()&gt; in (VisualizzaDatasetGUI.java:67)
Constructor &lt;project.VIEW.VisualizzaDatasetGUI.&lt;init&gt;(project.CONTROLLER.Controller, java.util.List)&gt; calls method &lt;project.MODEL.Autore.getNome()&gt; in (VisualizzaDatasetGUI.java:67)
Constructor &lt;project.VIEW.VisualizzaDatasetGUI.&lt;init&gt;(project.CONTROLLER.Controller, java.util.List)&gt; calls method &lt;project.MODEL.Autore.getOrcid()&gt; in (VisualizzaDatasetGUI.java:68)
Constructor &lt;project.VIEW.VisualizzaDatasetGUI.&lt;init&gt;(project.CONTROLLER.Controller, java.util.List)&gt; calls method &lt;project.MODEL.Dataset.getDescrizione()&gt; in (VisualizzaDatasetGUI.java:73)
Constructor &lt;project.VIEW.VisualizzaDatasetGUI.&lt;init&gt;(project.CONTROLLER.Controller, java.util.List)&gt; calls method &lt;project.MODEL.Dataset.getDoi()&gt; in (VisualizzaDatasetGUI.java:72)
Constructor &lt;project.VIEW.VisualizzaDatasetGUI.&lt;init&gt;(project.CONTROLLER.Controller, java.util.List)&gt; calls method &lt;project.MODEL.Dataset.getNcolonne()&gt; in (VisualizzaDatasetGUI.java:74)
Constructor &lt;project.VIEW.VisualizzaDatasetGUI.&lt;init&gt;(project.CONTROLLER.Controller, java.util.List)&gt; calls method &lt;project.MODEL.Dataset.getNrighe()&gt; in (VisualizzaDatasetGUI.java:75)
Constructor &lt;project.VIEW.VisualizzaDatasetGUI.&lt;init&gt;(project.CONTROLLER.Controller, java.util.List)&gt; calls method &lt;project.MODEL.Dataset.getNumeroCitazioni()&gt; in (VisualizzaDatasetGUI.java:77)
Constructor &lt;project.VIEW.VisualizzaDatasetGUI.&lt;init&gt;(project.CONTROLLER.Controller, java.util.List)&gt; calls method &lt;project.MODEL.Dataset.getTitolo()&gt; in (VisualizzaDatasetGUI.java:71)
Constructor &lt;project.VIEW.VisualizzaDatasetGUI.&lt;init&gt;(project.CONTROLLER.Controller, java.util.List)&gt; calls method &lt;project.MODEL.Dataset.getUrl()&gt; in (VisualizzaDatasetGUI.java:76)
Constructor &lt;project.VIEW.VisualizzaDatasetGUI.&lt;init&gt;(project.CONTROLLER.Controller, java.util.List)&gt; calls method &lt;project.MODEL.Pubblicazione.getDataInserimento()&gt; in (VisualizzaDatasetGUI.java:70)
Constructor &lt;project.VIEW.VisualizzaDatasetGUI.&lt;init&gt;(project.CONTROLLER.Controller, java.util.List)&gt; calls method &lt;project.MODEL.Pubblicazione.getDataPubblicazione()&gt; in (VisualizzaDatasetGUI.java:69)
Constructor &lt;project.VIEW.VisualizzaDettagliArticoloSuConferenzaGUI.&lt;init&gt;(project.CONTROLLER.Controller, project.struttureDiAppoggio.RigaTabellaArticoloSuConferenza)&gt; calls method &lt;project.MODEL.ArticoloSuConferenza.getConferenza()&gt; in (VisualizzaDettagliArticoloSuConferenzaGUI.java:180)
Constructor &lt;project.VIEW.VisualizzaDettagliArticoloSuConferenzaGUI.&lt;init&gt;(project.CONTROLLER.Controller, project.struttureDiAppoggio.RigaTabellaArticoloSuConferenza)&gt; calls method &lt;project.MODEL.ArticoloSuConferenza.getConferenza()&gt; in (VisualizzaDettagliArticoloSuConferenzaGUI.java:210)
Constructor &lt;project.VIEW.VisualizzaDettagliArticoloSuConferenzaGUI.&lt;init&gt;(project.CONTROLLER.Controller, project.struttureDiAppoggio.RigaTabellaArticoloSuConferenza)&gt; calls method &lt;project.MODEL.ArticoloSuConferenza.getConferenza()&gt; in (VisualizzaDettagliArticoloSuConferenzaGUI.java:226)
Constructor &lt;project.VIEW.VisualizzaDettagliArticoloSuConferenzaGUI.&lt;init&gt;(project.CONTROLLER.Controller, project.struttureDiAppoggio.RigaTabellaArticoloSuConferenza)&gt; calls method &lt;project.MODEL.ArticoloSuConferenza.getConferenza()&gt; in (VisualizzaDettagliArticoloSuConferenzaGUI.java:277)
Constructor &lt;project.VIEW.VisualizzaDettagliArticoloSuConferenzaGUI.&lt;init&gt;(project.CONTROLLER.Controller, project.struttureDiAppoggio.RigaTabellaArticoloSuConferenza)&gt; calls method &lt;project.MODEL.ArticoloSuConferenza.getConferenza()&gt; in (VisualizzaDettagliArticoloSuConferenzaGUI.java:285)
Constructor &lt;project.VIEW.VisualizzaDettagliArticoloSuConferenzaGUI.&lt;init&gt;(project.CONTROLLER.Controller, project.struttureDiAppoggio.RigaTabellaArticoloSuConferenza)&gt; calls method &lt;project.MODEL.ArticoloSuConferenza.getDescrizione()&gt; in (VisualizzaDettagliArticoloSuConferenzaGUI.java:156)
Constructor &lt;project.VIEW.VisualizzaDettagliArticoloSuConferenzaGUI.&lt;init&gt;(project.CONTROLLER.Controller, project.struttureDiAppoggio.RigaTabellaArticoloSuConferenza)&gt; calls method &lt;project.MODEL.ArticoloSuConferenza.getDoi()&gt; in (VisualizzaDettagliArticoloSuConferenzaGUI.java:105)
Constructor &lt;project.VIEW.VisualizzaDettagliArticoloSuConferenzaGUI.&lt;init&gt;(project.CONTROLLER.Controller, project.struttureDiAppoggio.RigaTabellaArticoloSuConferenza)&gt; calls method &lt;project.MODEL.ArticoloSuConferenza.getTarget()&gt; in (VisualizzaDettagliArticoloSuConferenzaGUI.java:128)
Constructor &lt;project.VIEW.VisualizzaDettagliArticoloSuConferenzaGUI.&lt;init&gt;(project.CONTROLLER.Controller, project.struttureDiAppoggio.RigaTabellaArticoloSuConferenza)&gt; calls method &lt;project.MODEL.ArticoloSuConferenza.getTitolo()&gt; in (VisualizzaDettagliArticoloSuConferenzaGUI.java:67)
Constructor &lt;project.VIEW.VisualizzaDettagliArticoloSuConferenzaGUI.&lt;init&gt;(project.CONTROLLER.Controller, project.struttureDiAppoggio.RigaTabellaArticoloSuConferenza)&gt; calls method &lt;project.MODEL.ArticoloSuConferenza.getTitolo()&gt; in (VisualizzaDettagliArticoloSuConferenzaGUI.java:82)
Constructor &lt;project.VIEW.VisualizzaDettagliArticoloSuConferenzaGUI.&lt;init&gt;(project.CONTROLLER.Controller, project.struttureDiAppoggio.RigaTabellaArticoloSuConferenza)&gt; calls method &lt;project.MODEL.Conferenza.getCasaEditrice()&gt; in (VisualizzaDettagliArticoloSuConferenzaGUI.java:180)
Constructor &lt;project.VIEW.VisualizzaDettagliArticoloSuConferenzaGUI.&lt;init&gt;(project.CONTROLLER.Controller, project.struttureDiAppoggio.RigaTabellaArticoloSuConferenza)&gt; calls method &lt;project.MODEL.Conferenza.getDataConferenza()&gt; in (VisualizzaDettagliArticoloSuConferenzaGUI.java:285)
Constructor &lt;project.VIEW.VisualizzaDettagliArticoloSuConferenzaGUI.&lt;init&gt;(project.CONTROLLER.Controller, project.struttureDiAppoggio.RigaTabellaArticoloSuConferenza)&gt; calls method &lt;project.MODEL.Conferenza.getDurata()&gt; in (VisualizzaDettagliArticoloSuConferenzaGUI.java:277)
Constructor &lt;project.VIEW.VisualizzaDettagliArticoloSuConferenzaGUI.&lt;init&gt;(project.CONTROLLER.Controller, project.struttureDiAppoggio.RigaTabellaArticoloSuConferenza)&gt; calls method &lt;project.MODEL.Conferenza.getSede()&gt; in (VisualizzaDettagliArticoloSuConferenzaGUI.java:226)
Constructor &lt;project.VIEW.VisualizzaDettagliArticoloSuConferenzaGUI.&lt;init&gt;(project.CONTROLLER.Controller, project.struttureDiAppoggio.RigaTabellaArticoloSuConferenza)&gt; calls method &lt;project.MODEL.Conferenza.getTitolo()&gt; in (VisualizzaDettagliArticoloSuConferenzaGUI.java:210)
Constructor &lt;project.VIEW.VisualizzaDettagliArticoloSuConferenzaGUI.&lt;init&gt;(project.CONTROLLER.Controller, project.struttureDiAppoggio.RigaTabellaArticoloSuConferenza)&gt; calls method &lt;project.MODEL.Pubblicazione.getDataPubblicazione()&gt; in (VisualizzaDettagliArticoloSuConferenzaGUI.java:270)
Constructor &lt;project.VIEW.VisualizzaDettagliArticoloSuRivistaGUI.&lt;init&gt;(project.CONTROLLER.Controller, project.struttureDiAppoggio.RigaTabellaArticoloSuRivista)&gt; calls method &lt;project.MODEL.ArticoloSuRivista.getDescrizione()&gt; in (VisualizzaDettagliArticoloSuRivistaGUI.java:156)
Constructor &lt;project.VIEW.VisualizzaDettagliArticoloSuRivistaGUI.&lt;init&gt;(project.CONTROLLER.Controller, project.struttureDiAppoggio.RigaTabellaArticoloSuRivista)&gt; calls method &lt;project.MODEL.ArticoloSuRivista.getDoi()&gt; in (VisualizzaDettagliArticoloSuRivistaGUI.java:103)
Constructor &lt;project.VIEW.VisualizzaDettagliArticoloSuRivistaGUI.&lt;init&gt;(project.CONTROLLER.Controller, project.struttureDiAppoggio.RigaTabellaArticoloSuRivista)&gt; calls method &lt;project.MODEL.ArticoloSuRivista.getRivista()&gt; in (VisualizzaDettagliArticoloSuRivistaGUI.java:178)
Constructor &lt;project.VIEW.VisualizzaDettagliArticoloSuRivistaGUI.&lt;init&gt;(project.CONTROLLER.Controller, project.struttureDiAppoggio.RigaTabellaArticoloSuRivista)&gt; calls method &lt;project.MODEL.ArticoloSuRivista.getRivista()&gt; in (VisualizzaDettagliArticoloSuRivistaGUI.java:208)
Constructor &lt;project.VIEW.VisualizzaDettagliArticoloSuRivistaGUI.&lt;init&gt;(project.CONTROLLER.Controller, project.struttureDiAppoggio.RigaTabellaArticoloSuRivista)&gt; calls method &lt;project.MODEL.ArticoloSuRivista.getRivista()&gt; in (VisualizzaDettagliArticoloSuRivistaGUI.java:225)
Constructor &lt;project.VIEW.VisualizzaDettagliArticoloSuRivistaGUI.&lt;init&gt;(project.CONTROLLER.Controller, project.struttureDiAppoggio.RigaTabellaArticoloSuRivista)&gt; calls method &lt;project.MODEL.ArticoloSuRivista.getRivista()&gt; in (VisualizzaDettagliArticoloSuRivistaGUI.java:298)
Constructor &lt;project.VIEW.VisualizzaDettagliArticoloSuRivistaGUI.&lt;init&gt;(project.CONTROLLER.Controller, project.struttureDiAppoggio.RigaTabellaArticoloSuRivista)&gt; calls method &lt;project.MODEL.ArticoloSuRivista.getRivista()&gt; in (VisualizzaDettagliArticoloSuRivistaGUI.java:301)
Constructor &lt;project.VIEW.VisualizzaDettagliArticoloSuRivistaGUI.&lt;init&gt;(project.CONTROLLER.Controller, project.struttureDiAppoggio.RigaTabellaArticoloSuRivista)&gt; calls method &lt;project.MODEL.ArticoloSuRivista.getTarget()&gt; in (VisualizzaDettagliArticoloSuRivistaGUI.java:126)
Constructor &lt;project.VIEW.VisualizzaDettagliArticoloSuRivistaGUI.&lt;init&gt;(project.CONTROLLER.Controller, project.struttureDiAppoggio.RigaTabellaArticoloSuRivista)&gt; calls method &lt;project.MODEL.ArticoloSuRivista.getTitolo()&gt; in (VisualizzaDettagliArticoloSuRivistaGUI.java:64)
Constructor &lt;project.VIEW.VisualizzaDettagliArticoloSuRivistaGUI.&lt;init&gt;(project.CONTROLLER.Controller, project.struttureDiAppoggio.RigaTabellaArticoloSuRivista)&gt; calls method &lt;project.MODEL.ArticoloSuRivista.getTitolo()&gt; in (VisualizzaDettagliArticoloSuRivistaGUI.java:80)
Constructor &lt;project.VIEW.VisualizzaDettagliArticoloSuRivistaGUI.&lt;init&gt;(project.CONTROLLER.Controller, project.struttureDiAppoggio.RigaTabellaArticoloSuRivista)&gt; calls method &lt;project.MODEL.Pubblicazione.getDataPubblicazione()&gt; in (VisualizzaDettagliArticoloSuRivistaGUI.java:255)
Constructor &lt;project.VIEW.VisualizzaDettagliArticoloSuRivistaGUI.&lt;init&gt;(project.CONTROLLER.Controller, project.struttureDiAppoggio.RigaTabellaArticoloSuRivista)&gt; calls method &lt;project.MODEL.Pubblicazione.getDataPubblicazione()&gt; in (VisualizzaDettagliArticoloSuRivistaGUI.java:256)
Constructor &lt;project.VIEW.VisualizzaDettagliArticoloSuRivistaGUI.&lt;init&gt;(project.CONTROLLER.Controller, project.struttureDiAppoggio.RigaTabellaArticoloSuRivista)&gt; calls method &lt;project.MODEL.Rivista.getEditore()&gt; in (VisualizzaDettagliArticoloSuRivistaGUI.java:178)
Constructor &lt;project.VIEW.VisualizzaDettagliArticoloSuRivistaGUI.&lt;init&gt;(project.CONTROLLER.Controller, project.struttureDiAppoggio.RigaTabellaArticoloSuRivista)&gt; calls method &lt;project.MODEL.Rivista.getIssn()&gt; in (VisualizzaDettagliArticoloSuRivistaGUI.java:225)
Constructor &lt;project.VIEW.VisualizzaDettagliArticoloSuRivistaGUI.&lt;init&gt;(project.CONTROLLER.Controller, project.struttureDiAppoggio.RigaTabellaArticoloSuRivista)&gt; calls method &lt;project.MODEL.Rivista.getPeriodicita()&gt; in (VisualizzaDettagliArticoloSuRivistaGUI.java:298)
Constructor &lt;project.VIEW.VisualizzaDettagliArticoloSuRivistaGUI.&lt;init&gt;(project.CONTROLLER.Controller, project.struttureDiAppoggio.RigaTabellaArticoloSuRivista)&gt; calls method &lt;project.MODEL.Rivista.getPeriodicita()&gt; in (VisualizzaDettagliArticoloSuRivistaGUI.java:301)
Constructor &lt;project.VIEW.VisualizzaDettagliArticoloSuRivistaGUI.&lt;init&gt;(project.CONTROLLER.Controller, project.struttureDiAppoggio.RigaTabellaArticoloSuRivista)&gt; calls method &lt;project.MODEL.Rivista.getTitolo()&gt; in (VisualizzaDettagliArticoloSuRivistaGUI.java:208)
Constructor &lt;project.VIEW.VisualizzaDettagliDatasetGUI.&lt;init&gt;(project.CONTROLLER.Controller, project.struttureDiAppoggio.RigaTabellaDataset)&gt; calls method &lt;project.MODEL.Dataset.getDescrizione()&gt; in (VisualizzaDettagliDatasetGUI.java:168)
Constructor &lt;project.VIEW.VisualizzaDettagliDatasetGUI.&lt;init&gt;(project.CONTROLLER.Controller, project.struttureDiAppoggio.RigaTabellaDataset)&gt; calls method &lt;project.MODEL.Dataset.getDoi()&gt; in (VisualizzaDettagliDatasetGUI.java:97)
Constructor &lt;project.VIEW.VisualizzaDettagliDatasetGUI.&lt;init&gt;(project.CONTROLLER.Controller, project.struttureDiAppoggio.RigaTabellaDataset)&gt; calls method &lt;project.MODEL.Dataset.getNcolonne()&gt; in (VisualizzaDettagliDatasetGUI.java:193)
Constructor &lt;project.VIEW.VisualizzaDettagliDatasetGUI.&lt;init&gt;(project.CONTROLLER.Controller, project.struttureDiAppoggio.RigaTabellaDataset)&gt; calls method &lt;project.MODEL.Dataset.getNrighe()&gt; in (VisualizzaDettagliDatasetGUI.java:200)
Constructor &lt;project.VIEW.VisualizzaDettagliDatasetGUI.&lt;init&gt;(project.CONTROLLER.Controller, project.struttureDiAppoggio.RigaTabellaDataset)&gt; calls method &lt;project.MODEL.Dataset.getTitolo()&gt; in (VisualizzaDettagliDatasetGUI.java:59)
Constructor &lt;project.VIEW.VisualizzaDettagliDatasetGUI.&lt;init&gt;(project.CONTROLLER.Controller, project.struttureDiAppoggio.RigaTabellaDataset)&gt; calls method &lt;project.MODEL.Dataset.getTitolo()&gt; in (VisualizzaDettagliDatasetGUI.java:74)
Constructor &lt;project.VIEW.VisualizzaDettagliDatasetGUI.&lt;init&gt;(project.CONTROLLER.Controller, project.struttureDiAppoggio.RigaTabellaDataset)&gt; calls method &lt;project.MODEL.Dataset.getUrl()&gt; in (VisualizzaDettagliDatasetGUI.java:122)
Constructor &lt;project.VIEW.VisualizzaDettagliDatasetGUI.&lt;init&gt;(project.CONTROLLER.Controller, project.struttureDiAppoggio.RigaTabellaDataset)&gt; calls method &lt;project.MODEL.Pubblicazione.getDataPubblicazione()&gt; in (VisualizzaDettagliDatasetGUI.java:207)
Constructor &lt;project.VIEW.VisualizzaDettagliDatasetGUI.&lt;init&gt;(project.CONTROLLER.Controller, project.struttureDiAppoggio.RigaTabellaDataset)&gt; calls method &lt;project.MODEL.Pubblicazione.getDataPubblicazione()&gt; in (VisualizzaDettagliDatasetGUI.java:208)
Constructor &lt;project.VIEW.VisualizzaDettagliLibroGUI.&lt;init&gt;(project.CONTROLLER.Controller, project.struttureDiAppoggio.RigaTabellaLibro)&gt; calls method &lt;project.MODEL.Libro.getDescrizione()&gt; in (VisualizzaDettagliLibroGUI.java:183)
Constructor &lt;project.VIEW.VisualizzaDettagliLibroGUI.&lt;init&gt;(project.CONTROLLER.Controller, project.struttureDiAppoggio.RigaTabellaLibro)&gt; calls method &lt;project.MODEL.Libro.getDoi()&gt; in (VisualizzaDettagliLibroGUI.java:100)
Constructor &lt;project.VIEW.VisualizzaDettagliLibroGUI.&lt;init&gt;(project.CONTROLLER.Controller, project.struttureDiAppoggio.RigaTabellaLibro)&gt; calls method &lt;project.MODEL.Libro.getEditore()&gt; in (VisualizzaDettagliLibroGUI.java:156)
Constructor &lt;project.VIEW.VisualizzaDettagliLibroGUI.&lt;init&gt;(project.CONTROLLER.Controller, project.struttureDiAppoggio.RigaTabellaLibro)&gt; calls method &lt;project.MODEL.Libro.getGenere()&gt; in (VisualizzaDettagliLibroGUI.java:242)
Constructor &lt;project.VIEW.VisualizzaDettagliLibroGUI.&lt;init&gt;(project.CONTROLLER.Controller, project.struttureDiAppoggio.RigaTabellaLibro)&gt; calls method &lt;project.MODEL.Libro.getGenere()&gt; in (VisualizzaDettagliLibroGUI.java:245)
Constructor &lt;project.VIEW.VisualizzaDettagliLibroGUI.&lt;init&gt;(project.CONTROLLER.Controller, project.struttureDiAppoggio.RigaTabellaLibro)&gt; calls method &lt;project.MODEL.Libro.getIsbn()&gt; in (VisualizzaDettagliLibroGUI.java:123)
Constructor &lt;project.VIEW.VisualizzaDettagliLibroGUI.&lt;init&gt;(project.CONTROLLER.Controller, project.struttureDiAppoggio.RigaTabellaLibro)&gt; calls method &lt;project.MODEL.Libro.getNpagine()&gt; in (VisualizzaDettagliLibroGUI.java:254)
Constructor &lt;project.VIEW.VisualizzaDettagliLibroGUI.&lt;init&gt;(project.CONTROLLER.Controller, project.struttureDiAppoggio.RigaTabellaLibro)&gt; calls method &lt;project.MODEL.Libro.getTitolo()&gt; in (VisualizzaDettagliLibroGUI.java:62)
Constructor &lt;project.VIEW.VisualizzaDettagliLibroGUI.&lt;init&gt;(project.CONTROLLER.Controller, project.struttureDiAppoggio.RigaTabellaLibro)&gt; calls method &lt;project.MODEL.Libro.getTitolo()&gt; in (VisualizzaDettagliLibroGUI.java:78)
Constructor &lt;project.VIEW.VisualizzaDettagliLibroGUI.&lt;init&gt;(project.CONTROLLER.Controller, project.struttureDiAppoggio.RigaTabellaLibro)&gt; calls method &lt;project.MODEL.Pubblicazione.getDataPubblicazione()&gt; in (VisualizzaDettagliLibroGUI.java:234)
Constructor &lt;project.VIEW.VisualizzaDettagliLibroGUI.&lt;init&gt;(project.CONTROLLER.Controller, project.struttureDiAppoggio.RigaTabellaLibro)&gt; calls method &lt;project.MODEL.Pubblicazione.getDataPubblicazione()&gt; in (VisualizzaDettagliLibroGUI.java:235)
Constructor &lt;project.VIEW.VisualizzaDettagliRisorsaOnlineGUI.&lt;init&gt;(project.CONTROLLER.Controller, project.struttureDiAppoggio.RigaTabellaRisorsaOnline)&gt; calls method &lt;project.MODEL.Pubblicazione.getDataPubblicazione()&gt; in (VisualizzaDettagliRisorsaOnlineGUI.java:195)
Constructor &lt;project.VIEW.VisualizzaDettagliRisorsaOnlineGUI.&lt;init&gt;(project.CONTROLLER.Controller, project.struttureDiAppoggio.RigaTabellaRisorsaOnline)&gt; calls method &lt;project.MODEL.Pubblicazione.getDataPubblicazione()&gt; in (VisualizzaDettagliRisorsaOnlineGUI.java:196)
Constructor &lt;project.VIEW.VisualizzaDettagliRisorsaOnlineGUI.&lt;init&gt;(project.CONTROLLER.Controller, project.struttureDiAppoggio.RigaTabellaRisorsaOnline)&gt; calls method &lt;project.MODEL.RisorsaOnline.getDescrizione()&gt; in (VisualizzaDettagliRisorsaOnlineGUI.java:144)
Constructor &lt;project.VIEW.VisualizzaDettagliRisorsaOnlineGUI.&lt;init&gt;(project.CONTROLLER.Controller, project.struttureDiAppoggio.RigaTabellaRisorsaOnline)&gt; calls method &lt;project.MODEL.RisorsaOnline.getDoi()&gt; in (VisualizzaDettagliRisorsaOnlineGUI.java:99)
Constructor &lt;project.VIEW.VisualizzaDettagliRisorsaOnlineGUI.&lt;init&gt;(project.CONTROLLER.Controller, project.struttureDiAppoggio.RigaTabellaRisorsaOnline)&gt; calls method &lt;project.MODEL.RisorsaOnline.getTitolo()&gt; in (VisualizzaDettagliRisorsaOnlineGUI.java:61)
Constructor &lt;project.VIEW.VisualizzaDettagliRisorsaOnlineGUI.&lt;init&gt;(project.CONTROLLER.Controller, project.struttureDiAppoggio.RigaTabellaRisorsaOnline)&gt; calls method &lt;project.MODEL.RisorsaOnline.getTitolo()&gt; in (VisualizzaDettagliRisorsaOnlineGUI.java:77)
Constructor &lt;project.VIEW.VisualizzaDettagliRisorsaOnlineGUI.&lt;init&gt;(project.CONTROLLER.Controller, project.struttureDiAppoggio.RigaTabellaRisorsaOnline)&gt; calls method &lt;project.MODEL.RisorsaOnline.getUrl()&gt; in (VisualizzaDettagliRisorsaOnlineGUI.java:122)
Constructor &lt;project.VIEW.VisualizzaLibreriaGUI.&lt;init&gt;(project.CONTROLLER.Controller, java.util.List)&gt; calls method &lt;project.MODEL.Autore.getCognome()&gt; in (VisualizzaLibreriaGUI.java:63)
Constructor &lt;project.VIEW.VisualizzaLibreriaGUI.&lt;init&gt;(project.CONTROLLER.Controller, java.util.List)&gt; calls method &lt;project.MODEL.Autore.getNome()&gt; in (VisualizzaLibreriaGUI.java:63)
Constructor &lt;project.VIEW.VisualizzaLibreriaGUI.&lt;init&gt;(project.CONTROLLER.Controller, java.util.List)&gt; calls method &lt;project.MODEL.Autore.getOrcid()&gt; in (VisualizzaLibreriaGUI.java:64)
Constructor &lt;project.VIEW.VisualizzaLibreriaGUI.&lt;init&gt;(project.CONTROLLER.Controller, java.util.List)&gt; calls method &lt;project.MODEL.Materiale.getDescrizione()&gt; in (VisualizzaLibreriaGUI.java:72)
Constructor &lt;project.VIEW.VisualizzaLibreriaGUI.&lt;init&gt;(project.CONTROLLER.Controller, java.util.List)&gt; calls method &lt;project.MODEL.Materiale.getDoi()&gt; in (VisualizzaLibreriaGUI.java:71)
Constructor &lt;project.VIEW.VisualizzaLibreriaGUI.&lt;init&gt;(project.CONTROLLER.Controller, java.util.List)&gt; calls method &lt;project.MODEL.Materiale.getNumeroCitazioni()&gt; in (VisualizzaLibreriaGUI.java:75)
Constructor &lt;project.VIEW.VisualizzaLibreriaGUI.&lt;init&gt;(project.CONTROLLER.Controller, java.util.List)&gt; calls method &lt;project.MODEL.Materiale.getTipo()&gt; in (VisualizzaLibreriaGUI.java:73)
Constructor &lt;project.VIEW.VisualizzaLibreriaGUI.&lt;init&gt;(project.CONTROLLER.Controller, java.util.List)&gt; calls method &lt;project.MODEL.Materiale.getTitolo()&gt; in (VisualizzaLibreriaGUI.java:70)
Constructor &lt;project.VIEW.VisualizzaLibreriaGUI.&lt;init&gt;(project.CONTROLLER.Controller, java.util.List)&gt; calls method &lt;project.MODEL.Pubblicazione.getDataInserimento()&gt; in (VisualizzaLibreriaGUI.java:67)
Constructor &lt;project.VIEW.VisualizzaLibreriaGUI.&lt;init&gt;(project.CONTROLLER.Controller, java.util.List)&gt; calls method &lt;project.MODEL.Pubblicazione.getDataPubblicazione()&gt; in (VisualizzaLibreriaGUI.java:66)
Constructor &lt;project.VIEW.VisualizzaLibriGUI.&lt;init&gt;(project.CONTROLLER.Controller, java.util.List)&gt; calls method &lt;project.MODEL.Autore.getCognome()&gt; in (VisualizzaLibriGUI.java:68)
Constructor &lt;project.VIEW.VisualizzaLibriGUI.&lt;init&gt;(project.CONTROLLER.Controller, java.util.List)&gt; calls method &lt;project.MODEL.Autore.getNome()&gt; in (VisualizzaLibriGUI.java:68)
Constructor &lt;project.VIEW.VisualizzaLibriGUI.&lt;init&gt;(project.CONTROLLER.Controller, java.util.List)&gt; calls method &lt;project.MODEL.Autore.getOrcid()&gt; in (VisualizzaLibriGUI.java:69)
Constructor &lt;project.VIEW.VisualizzaLibriGUI.&lt;init&gt;(project.CONTROLLER.Controller, java.util.List)&gt; calls method &lt;project.MODEL.Libro.getDescrizione()&gt; in (VisualizzaLibriGUI.java:74)
Constructor &lt;project.VIEW.VisualizzaLibriGUI.&lt;init&gt;(project.CONTROLLER.Controller, java.util.List)&gt; calls method &lt;project.MODEL.Libro.getDoi()&gt; in (VisualizzaLibriGUI.java:73)
Constructor &lt;project.VIEW.VisualizzaLibriGUI.&lt;init&gt;(project.CONTROLLER.Controller, java.util.List)&gt; calls method &lt;project.MODEL.Libro.getEditore()&gt; in (VisualizzaLibriGUI.java:81)
Constructor &lt;project.VIEW.VisualizzaLibriGUI.&lt;init&gt;(project.CONTROLLER.Controller, java.util.List)&gt; calls method &lt;project.MODEL.Libro.getGenere()&gt; in (VisualizzaLibriGUI.java:76)
Constructor &lt;project.VIEW.VisualizzaLibriGUI.&lt;init&gt;(project.CONTROLLER.Controller, java.util.List)&gt; calls method &lt;project.MODEL.Libro.getGenere()&gt; in (VisualizzaLibriGUI.java:79)
Constructor &lt;project.VIEW.VisualizzaLibriGUI.&lt;init&gt;(project.CONTROLLER.Controller, java.util.List)&gt; calls method &lt;project.MODEL.Libro.getIsbn()&gt; in (VisualizzaLibriGUI.java:75)
Constructor &lt;project.VIEW.VisualizzaLibriGUI.&lt;init&gt;(project.CONTROLLER.Controller, java.util.List)&gt; calls method &lt;project.MODEL.Libro.getNpagine()&gt; in (VisualizzaLibriGUI.java:80)
Constructor &lt;project.VIEW.VisualizzaLibriGUI.&lt;init&gt;(project.CONTROLLER.Controller, java.util.List)&gt; calls method &lt;project.MODEL.Libro.getNumeroCitazioni()&gt; in (VisualizzaLibriGUI.java:82)
Constructor &lt;project.VIEW.VisualizzaLibriGUI.&lt;init&gt;(project.CONTROLLER.Controller, java.util.List)&gt; calls method &lt;project.MODEL.Libro.getTitolo()&gt; in (VisualizzaLibriGUI.java:72)
Constructor &lt;project.VIEW.VisualizzaLibriGUI.&lt;init&gt;(project.CONTROLLER.Controller, java.util.List)&gt; calls method &lt;project.MODEL.Pubblicazione.getDataInserimento()&gt; in (VisualizzaLibriGUI.java:71)
Constructor &lt;project.VIEW.VisualizzaLibriGUI.&lt;init&gt;(project.CONTROLLER.Controller, java.util.List)&gt; calls method &lt;project.MODEL.Pubblicazione.getDataPubblicazione()&gt; in (VisualizzaLibriGUI.java:70)
Constructor &lt;project.VIEW.VisualizzaParoleAssociateGUI.&lt;init&gt;(project.CONTROLLER.Controller, java.util.List, java.lang.String)&gt; calls method &lt;project.MODEL.ParolaChiave.getParola()&gt; in (VisualizzaParoleAssociateGUI.java:53)
Constructor &lt;project.VIEW.VisualizzaParoleAssociateGUI.&lt;init&gt;(project.CONTROLLER.Controller, java.util.List, java.lang.String)&gt; has generic parameter type &lt;java.util.List&lt;project.MODEL.ParolaChiave&gt;&gt; with type argument depending on &lt;project.MODEL.ParolaChiave&gt; in (VisualizzaParoleAssociateGUI.java:0)
Constructor &lt;project.VIEW.VisualizzaRisorsaOnlineGUI.&lt;init&gt;(project.CONTROLLER.Controller, java.util.List)&gt; calls method &lt;project.MODEL.Autore.getCognome()&gt; in (VisualizzaRisorsaOnlineGUI.java:67)
Constructor &lt;project.VIEW.VisualizzaRisorsaOnlineGUI.&lt;init&gt;(project.CONTROLLER.Controller, java.util.List)&gt; calls method &lt;project.MODEL.Autore.getNome()&gt; in (VisualizzaRisorsaOnlineGUI.java:67)
Constructor &lt;project.VIEW.VisualizzaRisorsaOnlineGUI.&lt;init&gt;(project.CONTROLLER.Controller, java.util.List)&gt; calls method &lt;project.MODEL.Autore.getOrcid()&gt; in (VisualizzaRisorsaOnlineGUI.java:68)
Constructor &lt;project.VIEW.VisualizzaRisorsaOnlineGUI.&lt;init&gt;(project.CONTROLLER.Controller, java.util.List)&gt; calls method &lt;project.MODEL.Pubblicazione.getDataInserimento()&gt; in (VisualizzaRisorsaOnlineGUI.java:70)
Constructor &lt;project.VIEW.VisualizzaRisorsaOnlineGUI.&lt;init&gt;(project.CONTROLLER.Controller, java.util.List)&gt; calls method &lt;project.MODEL.Pubblicazione.getDataPubblicazione()&gt; in (VisualizzaRisorsaOnlineGUI.java:69)
Constructor &lt;project.VIEW.VisualizzaRisorsaOnlineGUI.&lt;init&gt;(project.CONTROLLER.Controller, java.util.List)&gt; calls method &lt;project.MODEL.RisorsaOnline.getDescrizione()&gt; in (VisualizzaRisorsaOnlineGUI.java:73)
Constructor &lt;project.VIEW.VisualizzaRisorsaOnlineGUI.&lt;init&gt;(project.CONTROLLER.Controller, java.util.List)&gt; calls method &lt;project.MODEL.RisorsaOnline.getDoi()&gt; in (VisualizzaRisorsaOnlineGUI.java:72)
Constructor &lt;project.VIEW.VisualizzaRisorsaOnlineGUI.&lt;init&gt;(project.CONTROLLER.Controller, java.util.List)&gt; calls method &lt;project.MODEL.RisorsaOnline.getNumeroCitazioni()&gt; in (VisualizzaRisorsaOnlineGUI.java:75)
Constructor &lt;project.VIEW.VisualizzaRisorsaOnlineGUI.&lt;init&gt;(project.CONTROLLER.Controller, java.util.List)&gt; calls method &lt;project.MODEL.RisorsaOnline.getTitolo()&gt; in (VisualizzaRisorsaOnlineGUI.java:71)
Constructor &lt;project.VIEW.VisualizzaRisorsaOnlineGUI.&lt;init&gt;(project.CONTROLLER.Controller, java.util.List)&gt; calls method &lt;project.MODEL.RisorsaOnline.getUrl()&gt; in (VisualizzaRisorsaOnlineGUI.java:74)
Constructor &lt;project.VIEW.VisualizzaRisultatiGUI.&lt;init&gt;(project.CONTROLLER.Controller, java.util.List)&gt; calls method &lt;project.MODEL.Autore.getCognome()&gt; in (VisualizzaRisultatiGUI.java:64)
Constructor &lt;project.VIEW.VisualizzaRisultatiGUI.&lt;init&gt;(project.CONTROLLER.Controller, java.util.List)&gt; calls method &lt;project.MODEL.Autore.getNome()&gt; in (VisualizzaRisultatiGUI.java:64)
Constructor &lt;project.VIEW.VisualizzaRisultatiGUI.&lt;init&gt;(project.CONTROLLER.Controller, java.util.List)&gt; calls method &lt;project.MODEL.Autore.getOrcid()&gt; in (VisualizzaRisultatiGUI.java:65)
Constructor &lt;project.VIEW.VisualizzaRisultatiGUI.&lt;init&gt;(project.CONTROLLER.Controller, java.util.List)&gt; calls method &lt;project.MODEL.Materiale.getDescrizione()&gt; in (VisualizzaRisultatiGUI.java:73)
Constructor &lt;project.VIEW.VisualizzaRisultatiGUI.&lt;init&gt;(project.CONTROLLER.Controller, java.util.List)&gt; calls method &lt;project.MODEL.Materiale.getDoi()&gt; in (VisualizzaRisultatiGUI.java:72)
Constructor &lt;project.VIEW.VisualizzaRisultatiGUI.&lt;init&gt;(project.CONTROLLER.Controller, java.util.List)&gt; calls method &lt;project.MODEL.Materiale.getNumeroCitazioni()&gt; in (VisualizzaRisultatiGUI.java:76)
Constructor &lt;project.VIEW.VisualizzaRisultatiGUI.&lt;init&gt;(project.CONTROLLER.Controller, java.util.List)&gt; calls method &lt;project.MODEL.Materiale.getTipo()&gt; in (VisualizzaRisultatiGUI.java:74)
Constructor &lt;project.VIEW.VisualizzaRisultatiGUI.&lt;init&gt;(project.CONTROLLER.Controller, java.util.List)&gt; calls method &lt;project.MODEL.Materiale.getTitolo()&gt; in (VisualizzaRisultatiGUI.java:71)
Constructor &lt;project.VIEW.VisualizzaRisultatiGUI.&lt;init&gt;(project.CONTROLLER.Controller, java.util.List)&gt; calls method &lt;project.MODEL.Pubblicazione.getDataInserimento()&gt; in (VisualizzaRisultatiGUI.java:68)
Constructor &lt;project.VIEW.VisualizzaRisultatiGUI.&lt;init&gt;(project.CONTROLLER.Controller, java.util.List)&gt; calls method &lt;project.MODEL.Pubblicazione.getDataPubblicazione()&gt; in (VisualizzaRisultatiGUI.java:67)
Constructor &lt;project.struttureDiAppoggio.RigaTabellaArticoloSuConferenza.&lt;init&gt;(project.MODEL.Autore, project.MODEL.Pubblicazione, project.MODEL.ArticoloSuConferenza)&gt; has parameter of type &lt;project.MODEL.ArticoloSuConferenza&gt; in (RigaTabellaArticoloSuConferenza.java:0)
Constructor &lt;project.struttureDiAppoggio.RigaTabellaArticoloSuConferenza.&lt;init&gt;(project.MODEL.Autore, project.MODEL.Pubblicazione, project.MODEL.ArticoloSuConferenza)&gt; has parameter of type &lt;project.MODEL.Autore&gt; in (RigaTabellaArticoloSuConferenza.java:0)
Constructor &lt;project.struttureDiAppoggio.RigaTabellaArticoloSuConferenza.&lt;init&gt;(project.MODEL.Autore, project.MODEL.Pubblicazione, project.MODEL.ArticoloSuConferenza)&gt; has parameter of type &lt;project.MODEL.Pubblicazione&gt; in (RigaTabellaArticoloSuConferenza.java:0)
Constructor &lt;project.struttureDiAppoggio.RigaTabellaArticoloSuRivista.&lt;init&gt;(project.MODEL.Autore, project.MODEL.Pubblicazione, project.MODEL.ArticoloSuRivista)&gt; has parameter of type &lt;project.MODEL.ArticoloSuRivista&gt; in (RigaTabellaArticoloSuRivista.java:0)
Constructor &lt;project.struttureDiAppoggio.RigaTabellaArticoloSuRivista.&lt;init&gt;(project.MODEL.Autore, project.MODEL.Pubblicazione, project.MODEL.ArticoloSuRivista)&gt; has parameter of type &lt;project.MODEL.Autore&gt; in (RigaTabellaArticoloSuRivista.java:0)
Constructor &lt;project.struttureDiAppoggio.RigaTabellaArticoloSuRivista.&lt;init&gt;(project.MODEL.Autore, project.MODEL.Pubblicazione, project.MODEL.ArticoloSuRivista)&gt; has parameter of type &lt;project.MODEL.Pubblicazione&gt; in (RigaTabellaArticoloSuRivista.java:0)
Constructor &lt;project.struttureDiAppoggio.RigaTabellaDataset.&lt;init&gt;(project.MODEL.Autore, project.MODEL.Pubblicazione, project.MODEL.Dataset)&gt; has parameter of type &lt;project.MODEL.Autore&gt; in (RigaTabellaDataset.java:0)
Constructor &lt;project.struttureDiAppoggio.RigaTabellaDataset.&lt;init&gt;(project.MODEL.Autore, project.MODEL.Pubblicazione, project.MODEL.Dataset)&gt; has parameter of type &lt;project.MODEL.Dataset&gt; in (RigaTabellaDataset.java:0)
Constructor &lt;project.struttureDiAppoggio.RigaTabellaDataset.&lt;init&gt;(project.MODEL.Autore, project.MODEL.Pubblicazione, project.MODEL.Dataset)&gt; has parameter of type &lt;project.MODEL.Pubblicazione&gt; in (RigaTabellaDataset.java:0)
Constructor &lt;project.struttureDiAppoggio.RigaTabellaLibro.&lt;init&gt;(project.MODEL.Autore, project.MODEL.Pubblicazione, project.MODEL.Libro)&gt; has parameter of type &lt;project.MODEL.Autore&gt; in (RigaTabellaLibro.java:0)
Constructor &lt;project.struttureDiAppoggio.RigaTabellaLibro.&lt;init&gt;(project.MODEL.Autore, project.MODEL.Pubblicazione, project.MODEL.Libro)&gt; has parameter of type &lt;project.MODEL.Libro&gt; in (RigaTabellaLibro.java:0)
Constructor &lt;project.struttureDiAppoggio.RigaTabellaLibro.&lt;init&gt;(project.MODEL.Autore, project.MODEL.Pubblicazione, project.MODEL.Libro)&gt; has parameter of type &lt;project.MODEL.Pubblicazione&gt; in (RigaTabellaLibro.java:0)
Constructor &lt;project.struttureDiAppoggio.RigaTabellaMateriale.&lt;init&gt;(project.MODEL.Autore, project.MODEL.Pubblicazione)&gt; has parameter of type &lt;project.MODEL.Autore&gt; in (RigaTabellaMateriale.java:0)
Constructor &lt;project.struttureDiAppoggio.RigaTabellaMateriale.&lt;init&gt;(project.MODEL.Autore, project.MODEL.Pubblicazione)&gt; has parameter of type &lt;project.MODEL.Pubblicazione&gt; in (RigaTabellaMateriale.java:0)
Constructor &lt;project.struttureDiAppoggio.RigaTabellaMateriale.&lt;init&gt;(project.MODEL.Autore, project.MODEL.Pubblicazione, project.MODEL.Materiale)&gt; has parameter of type &lt;project.MODEL.Autore&gt; in (RigaTabellaMateriale.java:0)
Constructor &lt;project.struttureDiAppoggio.RigaTabellaMateriale.&lt;init&gt;(project.MODEL.Autore, project.MODEL.Pubblicazione, project.MODEL.Materiale)&gt; has parameter of type &lt;project.MODEL.Materiale&gt; in (RigaTabellaMateriale.java:0)
Constructor &lt;project.struttureDiAppoggio.RigaTabellaMateriale.&lt;init&gt;(project.MODEL.Autore, project.MODEL.Pubblicazione, project.MODEL.Materiale)&gt; has parameter of type &lt;project.MODEL.Pubblicazione&gt; in (RigaTabellaMateriale.java:0)
Constructor &lt;project.struttureDiAppoggio.RigaTabellaRisorsaOnline.&lt;init&gt;(project.MODEL.Autore, project.MODEL.Pubblicazione, project.MODEL.RisorsaOnline)&gt; has parameter of type &lt;project.MODEL.Autore&gt; in (RigaTabellaRisorsaOnline.java:0)
Constructor &lt;project.struttureDiAppoggio.RigaTabellaRisorsaOnline.&lt;init&gt;(project.MODEL.Autore, project.MODEL.Pubblicazione, project.MODEL.RisorsaOnline)&gt; has parameter of type &lt;project.MODEL.Pubblicazione&gt; in (RigaTabellaRisorsaOnline.java:0)
Constructor &lt;project.struttureDiAppoggio.RigaTabellaRisorsaOnline.&lt;init&gt;(project.MODEL.Autore, project.MODEL.Pubblicazione, project.MODEL.RisorsaOnline)&gt; has parameter of type &lt;project.MODEL.RisorsaOnline&gt; in (RigaTabellaRisorsaOnline.java:0)
Field &lt;project.CONTROLLER.Controller.autore&gt; has type &lt;project.MODEL.Autore&gt; in (Controller.java:0)
Field &lt;project.VIEW.AggiungiAGerarchiaEsistenteDaModificaGUI$1.val$materiale&gt; has type &lt;project.MODEL.Materiale&gt; in (AggiungiAGerarchiaEsistenteDaModificaGUI.java:0)
Field &lt;project.VIEW.AggiungiAGerarchiaEsistenteDaModificaGUI$2.val$materiale&gt; has type &lt;project.MODEL.Materiale&gt; in (AggiungiAGerarchiaEsistenteDaModificaGUI.java:0)
Field &lt;project.VIEW.AggiungiCategoriaAGerarchiaDaModificaGUI$1.val$materiale&gt; has type &lt;project.MODEL.Materiale&gt; in (AggiungiCategoriaAGerarchiaDaModificaGUI.java:0)
Field &lt;project.VIEW.AggiungiCategoriaAGerarchiaDaModificaGUI$1.val$supercategoria&gt; has type &lt;project.MODEL.Categoria&gt; in (AggiungiCategoriaAGerarchiaDaModificaGUI.java:0)
Field &lt;project.VIEW.AggiungiCategoriaAGerarchiaDaModificaGUI$2.val$materiale&gt; has type &lt;project.MODEL.Materiale&gt; in (AggiungiCategoriaAGerarchiaDaModificaGUI.java:0)
Field &lt;project.VIEW.AggiungiCategoriaAGerarchiaDaModificaGUI$3.val$materiale&gt; has type &lt;project.MODEL.Materiale&gt; in (AggiungiCategoriaAGerarchiaDaModificaGUI.java:0)
Field &lt;project.VIEW.AggiungiCategoriaDaModificaGUI$1.val$materiale&gt; has type &lt;project.MODEL.Materiale&gt; in (AggiungiCategoriaDaModificaGUI.java:0)
Field &lt;project.VIEW.AggiungiCategoriaDaModificaGUI$2.val$materiale&gt; has type &lt;project.MODEL.Materiale&gt; in (AggiungiCategoriaDaModificaGUI.java:0)
Field &lt;project.VIEW.AggiungiCategoriaDaModificaGUI$3.val$materiale&gt; has type &lt;project.MODEL.Materiale&gt; in (AggiungiCategoriaDaModificaGUI.java:0)
Field &lt;project.VIEW.AggiungiCategoriaEsistenteDaModificaGUI$1.val$materiale&gt; has type &lt;project.MODEL.Materiale&gt; in (AggiungiCategoriaEsistenteDaModificaGUI.java:0)
Field &lt;project.VIEW.AggiungiCategoriaEsistenteDaModificaGUI$2.val$materiale&gt; has type &lt;project.MODEL.Materiale&gt; in (AggiungiCategoriaEsistenteDaModificaGUI.java:0)
Field &lt;project.VIEW.AggiungiCategoriaNuovaDaModificaGUI$1.val$materiale&gt; has type &lt;project.MODEL.Materiale&gt; in (AggiungiCategoriaNuovaDaModificaGUI.java:0)
Field &lt;project.VIEW.AggiungiCategoriaNuovaDaModificaGUI$2.val$materiale&gt; has type &lt;project.MODEL.Materiale&gt; in (AggiungiCategoriaNuovaDaModificaGUI.java:0)
Field &lt;project.VIEW.AggiungiGerarchiaNuovaDaModificaGUI$1.val$materiale&gt; has type &lt;project.MODEL.Materiale&gt; in (AggiungiGerarchiaNuovaDaModificaGUI.java:0)
Field &lt;project.VIEW.AggiungiGerarchiaNuovaDaModificaGUI$2.val$materiale&gt; has type &lt;project.MODEL.Materiale&gt; in (AggiungiGerarchiaNuovaDaModificaGUI.java:0)
Field &lt;project.VIEW.AggiuntaAGerarchiaEsistenteGUI$1.val$materiale&gt; has type &lt;project.MODEL.Materiale&gt; in (AggiuntaAGerarchiaEsistenteGUI.java:0)
Field &lt;project.VIEW.AggiuntaAGerarchiaEsistenteGUI$2.val$materiale&gt; has type &lt;project.MODEL.Materiale&gt; in (AggiuntaAGerarchiaEsistenteGUI.java:0)
Field &lt;project.VIEW.AggiuntaCategoriaAGerarchiaGUI$1.val$materiale&gt; has type &lt;project.MODEL.Materiale&gt; in (AggiuntaCategoriaAGerarchiaGUI.java:0)
Field &lt;project.VIEW.AggiuntaCategoriaAGerarchiaGUI$1.val$supercategoria&gt; has type &lt;project.MODEL.Categoria&gt; in (AggiuntaCategoriaAGerarchiaGUI.java:0)
Field &lt;project.VIEW.AggiuntaCategoriaAGerarchiaGUI$3.val$materiale&gt; has type &lt;project.MODEL.Materiale&gt; in (AggiuntaCategoriaAGerarchiaGUI.java:0)
Field &lt;project.VIEW.AggiuntaCategoriaEsistenteGUI$1.val$materiale&gt; has type &lt;project.MODEL.Materiale&gt; in (AggiuntaCategoriaEsistenteGUI.java:0)
Field &lt;project.VIEW.AggiuntaCategoriaEsistenteGUI$2.val$materiale&gt; has type &lt;project.MODEL.Materiale&gt; in (AggiuntaCategoriaEsistenteGUI.java:0)
Field &lt;project.VIEW.AggiuntaCategoriaGUI$1.val$materiale&gt; has type &lt;project.MODEL.Materiale&gt; in (AggiuntaCategoriaGUI.java:0)
Field &lt;project.VIEW.AggiuntaCategoriaGUI$2.val$materiale&gt; has type &lt;project.MODEL.Materiale&gt; in (AggiuntaCategoriaGUI.java:0)
Field &lt;project.VIEW.AggiuntaCategoriaGUI$3.val$materiale&gt; has type &lt;project.MODEL.Materiale&gt; in (AggiuntaCategoriaGUI.java:0)
Field &lt;project.VIEW.AggiuntaCategoriaNuovaGUI$1.val$materiale&gt; has type &lt;project.MODEL.Materiale&gt; in (AggiuntaCategoriaNuovaGUI.java:0)
Field &lt;project.VIEW.AggiuntaCategoriaNuovaGUI$2.val$materiale&gt; has type &lt;project.MODEL.Materiale&gt; in (AggiuntaCategoriaNuovaGUI.java:0)
Field &lt;project.VIEW.AggiuntaCitazioneDaModificaGUI$1.val$materialeCitante&gt; has type &lt;project.MODEL.Materiale&gt; in (AggiuntaCitazioneDaModificaGUI.java:0)
Field &lt;project.VIEW.AggiuntaCitazioneDaModificaGUI$2.val$materialeCitante&gt; has type &lt;project.MODEL.Materiale&gt; in (AggiuntaCitazioneDaModificaGUI.java:0)
Field &lt;project.VIEW.AggiuntaCitazioneGUI$1.val$materialeCitante&gt; has type &lt;project.MODEL.Materiale&gt; in (AggiuntaCitazioneGUI.java:0)
Field &lt;project.VIEW.AggiuntaGerarchiaNuovaGUI$1.val$materiale&gt; has type &lt;project.MODEL.Materiale&gt; in (AggiuntaGerarchiaNuovaGUI.java:0)
Field &lt;project.VIEW.AggiuntaGerarchiaNuovaGUI$2.val$materiale&gt; has type &lt;project.MODEL.Materiale&gt; in (AggiuntaGerarchiaNuovaGUI.java:0)
Field &lt;project.VIEW.AggiuntaParolaChiaveGUI$1.val$materiale&gt; has type &lt;project.MODEL.Materiale&gt; in (AggiuntaParolaChiaveGUI.java:0)
Field &lt;project.VIEW.AggiuntaParolaChiaveGUI$2.val$materiale&gt; has type &lt;project.MODEL.Materiale&gt; in (AggiuntaParolaChiaveGUI.java:0)
Field &lt;project.VIEW.ModificaAutoreADMINGUI$1.val$autore&gt; has type &lt;project.MODEL.Autore&gt; in (ModificaAutoreADMINGUI.java:0)
Field &lt;project.VIEW.ModificaCategorieGUI$1.val$materiale&gt; has type &lt;project.MODEL.Materiale&gt; in (ModificaCategorieGUI.java:0)
Field &lt;project.VIEW.ModificaCategorieGUI$2.val$materiale&gt; has type &lt;project.MODEL.Materiale&gt; in (ModificaCategorieGUI.java:0)
Field &lt;project.VIEW.ModificaCitazioneGUI$1.val$materiale&gt; has type &lt;project.MODEL.Materiale&gt; in (ModificaCitazioneGUI.java:0)
Field &lt;project.VIEW.ModificaCitazioneGUI$2.val$materiale&gt; has type &lt;project.MODEL.Materiale&gt; in (ModificaCitazioneGUI.java:0)
Field &lt;project.VIEW.ModificaParoleAssociateGUI$1.val$materiale&gt; has type &lt;project.MODEL.Materiale&gt; in (ModificaParoleAssociateGUI.java:0)
Field &lt;project.VIEW.ModificaParoleAssociateGUI$2.val$materiale&gt; has type &lt;project.MODEL.Materiale&gt; in (ModificaParoleAssociateGUI.java:0)
Field &lt;project.struttureDiAppoggio.RigaTabellaArticoloSuConferenza.articoloSuConferenza&gt; has type &lt;project.MODEL.ArticoloSuConferenza&gt; in (RigaTabellaArticoloSuConferenza.java:0)
Field &lt;project.struttureDiAppoggio.RigaTabellaArticoloSuRivista.articoloSuRivista&gt; has type &lt;project.MODEL.ArticoloSuRivista&gt; in (RigaTabellaArticoloSuRivista.java:0)
Field &lt;project.struttureDiAppoggio.RigaTabellaDataset.dataset&gt; has type &lt;project.MODEL.Dataset&gt; in (RigaTabellaDataset.java:0)
Field &lt;project.struttureDiAppoggio.RigaTabellaLibro.libro&gt; has type &lt;project.MODEL.Libro&gt; in (RigaTabellaLibro.java:0)
Field &lt;project.struttureDiAppoggio.RigaTabellaMateriale.autore&gt; has type &lt;project.MODEL.Autore&gt; in (RigaTabellaMateriale.java:0)
Field &lt;project.struttureDiAppoggio.RigaTabellaMateriale.materiale&gt; has type &lt;project.MODEL.Materiale&gt; in (RigaTabellaMateriale.java:0)
Field &lt;project.struttureDiAppoggio.RigaTabellaMateriale.pubblicazione&gt; has type &lt;project.MODEL.Pubblicazione&gt; in (RigaTabellaMateriale.java:0)
Field &lt;project.struttureDiAppoggio.RigaTabellaRisorsaOnline.risorsaOnline&gt; has type &lt;project.MODEL.RisorsaOnline&gt; in (RigaTabellaRisorsaOnline.java:0)
Method &lt;project.CONTROLLER.Controller.aggiungiCitazione(project.MODEL.Citazione)&gt; calls method &lt;project.MODEL.Citazione.getMaterialeCitante()&gt; in (Controller.java:1055)
Method &lt;project.CONTROLLER.Controller.aggiungiCitazione(project.MODEL.Citazione)&gt; calls method &lt;project.MODEL.Citazione.getMaterialeCitato()&gt; in (Controller.java:1055)
Method &lt;project.CONTROLLER.Controller.aggiungiCitazione(project.MODEL.Citazione)&gt; calls method &lt;project.MODEL.Materiale.getTitolo()&gt; in (Controller.java:1055)
Method &lt;project.CONTROLLER.Controller.aggiungiCitazione(project.MODEL.Citazione)&gt; has parameter of type &lt;project.MODEL.Citazione&gt; in (Controller.java:0)
Method &lt;project.CONTROLLER.Controller.associaCategoria(project.MODEL.Materiale, project.MODEL.Categoria)&gt; calls constructor &lt;project.MODEL.CategoriaDiAppartenenza.&lt;init&gt;(project.MODEL.Categoria, project.MODEL.Materiale)&gt; in (Controller.java:1028)
Method &lt;project.CONTROLLER.Controller.associaCategoria(project.MODEL.Materiale, project.MODEL.Categoria)&gt; has parameter of type &lt;project.MODEL.Categoria&gt; in (Controller.java:0)
Method &lt;project.CONTROLLER.Controller.associaCategoria(project.MODEL.Materiale, project.MODEL.Categoria)&gt; has parameter of type &lt;project.MODEL.Materiale&gt; in (Controller.java:0)
Method &lt;project.CONTROLLER.Controller.associaCategoriaAGerarchia(project.MODEL.Materiale, project.MODEL.Categoria)&gt; calls constructor &lt;project.MODEL.CategoriaDiAppartenenza.&lt;init&gt;(project.MODEL.Categoria, project.MODEL.Materiale)&gt; in (Controller.java:1089)
Method &lt;project.CONTROLLER.Controller.associaCategoriaAGerarchia(project.MODEL.Materiale, project.MODEL.Categoria)&gt; has parameter of type &lt;project.MODEL.Categoria&gt; in (Controller.java:0)
Method &lt;project.CONTROLLER.Controller.associaCategoriaAGerarchia(project.MODEL.Materiale, project.MODEL.Categoria)&gt; has parameter of type &lt;project.MODEL.Materiale&gt; in (Controller.java:0)
Method &lt;project.CONTROLLER.Controller.associaCategoriaEsistente(project.MODEL.Materiale, project.MODEL.Categoria)&gt; calls constructor &lt;project.MODEL.CategoriaDiAppartenenza.&lt;init&gt;(project.MODEL.Categoria, project.MODEL.Materiale)&gt; in (Controller.java:1072)
Method &lt;project.CONTROLLER.Controller.associaCategoriaEsistente(project.MODEL.Materiale, project.MODEL.Categoria)&gt; has parameter of type &lt;project.MODEL.Categoria&gt; in (Controller.java:0)
Method &lt;project.CONTROLLER.Controller.associaCategoriaEsistente(project.MODEL.Materiale, project.MODEL.Categoria)&gt; has parameter of type &lt;project.MODEL.Materiale&gt; in (Controller.java:0)
Method &lt;project.CONTROLLER.Controller.associaParola(project.MODEL.Materiale, project.MODEL.ParolaChiave)&gt; calls constructor &lt;project.MODEL.ParolaChiaveDelMateriale.&lt;init&gt;(project.MODEL.Materiale, project.MODEL.ParolaChiave)&gt; in (Controller.java:1001)
Method &lt;project.CONTROLLER.Controller.associaParola(project.MODEL.Materiale, project.MODEL.ParolaChiave)&gt; calls constructor &lt;project.MODEL.ParolaChiaveDelMateriale.&lt;init&gt;(project.MODEL.Materiale, project.MODEL.ParolaChiave)&gt; in (Controller.java:991)
Method &lt;project.CONTROLLER.Controller.associaParola(project.MODEL.Materiale, project.MODEL.ParolaChiave)&gt; calls method &lt;project.MODEL.ParolaChiave.getParola()&gt; in (Controller.java:983)
Method &lt;project.CONTROLLER.Controller.associaParola(project.MODEL.Materiale, project.MODEL.ParolaChiave)&gt; has parameter of type &lt;project.MODEL.Materiale&gt; in (Controller.java:0)
Method &lt;project.CONTROLLER.Controller.associaParola(project.MODEL.Materiale, project.MODEL.ParolaChiave)&gt; has parameter of type &lt;project.MODEL.ParolaChiave&gt; in (Controller.java:0)
Method &lt;project.CONTROLLER.Controller.chiediAggiunta(project.MODEL.Materiale)&gt; has parameter of type &lt;project.MODEL.Materiale&gt; in (Controller.java:0)
Method &lt;project.CONTROLLER.Controller.chiediCategoria(project.MODEL.Materiale)&gt; has parameter of type &lt;project.MODEL.Materiale&gt; in (Controller.java:0)
Method &lt;project.CONTROLLER.Controller.chiediCitazioni(project.MODEL.Materiale)&gt; has parameter of type &lt;project.MODEL.Materiale&gt; in (Controller.java:0)
Method &lt;project.CONTROLLER.Controller.chiediParolaChiave(project.MODEL.Materiale)&gt; has parameter of type &lt;project.MODEL.Materiale&gt; in (Controller.java:0)
Method &lt;project.CONTROLLER.Controller.eliminaAutore(project.MODEL.Autore)&gt; calls method &lt;project.MODEL.Autore.getCognome()&gt; in (Controller.java:292)
Method &lt;project.CONTROLLER.Controller.eliminaAutore(project.MODEL.Autore)&gt; calls method &lt;project.MODEL.Autore.getNome()&gt; in (Controller.java:292)
Method &lt;project.CONTROLLER.Controller.eliminaAutore(project.MODEL.Autore)&gt; has parameter of type &lt;project.MODEL.Autore&gt; in (Controller.java:0)
Method &lt;project.CONTROLLER.Controller.eliminaCategoria(project.MODEL.Materiale, project.MODEL.Categoria)&gt; calls constructor &lt;project.MODEL.CategoriaDiAppartenenza.&lt;init&gt;(project.MODEL.Categoria, project.MODEL.Materiale)&gt; in (Controller.java:1044)
Method &lt;project.CONTROLLER.Controller.eliminaCategoria(project.MODEL.Materiale, project.MODEL.Categoria)&gt; has parameter of type &lt;project.MODEL.Categoria&gt; in (Controller.java:0)
Method &lt;project.CONTROLLER.Controller.eliminaCategoria(project.MODEL.Materiale, project.MODEL.Categoria)&gt; has parameter of type &lt;project.MODEL.Materiale&gt; in (Controller.java:0)
Method &lt;project.CONTROLLER.Controller.eliminaCitazione(project.MODEL.Citazione)&gt; has parameter of type &lt;project.MODEL.Citazione&gt; in (Controller.java:0)
Method &lt;project.CONTROLLER.Controller.eliminaMateriale(project.MODEL.Materiale)&gt; calls method &lt;project.MODEL.Materiale.getTitolo()&gt; in (Controller.java:1109)
Method &lt;project.CONTROLLER.Controller.eliminaMateriale(project.MODEL.Materiale)&gt; has parameter of type &lt;project.MODEL.Materiale&gt; in (Controller.java:0)
Method &lt;project.CONTROLLER.Controller.eliminaParolaChiave(project.MODEL.ParolaChiave, project.MODEL.Materiale)&gt; calls constructor &lt;project.MODEL.ParolaChiaveDelMateriale.&lt;init&gt;(project.MODEL.Materiale, project.MODEL.ParolaChiave)&gt; in (Controller.java:1013)
Method &lt;project.CONTROLLER.Controller.eliminaParolaChiave(project.MODEL.ParolaChiave, project.MODEL.Materiale)&gt; has parameter of type &lt;project.MODEL.Materiale&gt; in (Controller.java:0)
Method &lt;project.CONTROLLER.Controller.eliminaParolaChiave(project.MODEL.ParolaChiave, project.MODEL.Materiale)&gt; has parameter of type &lt;project.MODEL.ParolaChiave&gt; in (Controller.java:0)
Method &lt;project.CONTROLLER.Controller.getAutore()&gt; has return type &lt;project.MODEL.Autore&gt; in (Controller.java:0)
Method &lt;project.CONTROLLER.Controller.inserisciArticoloSuConferenza(project.MODEL.ArticoloSuConferenza)&gt; calls method &lt;project.MODEL.ArticoloSuConferenza.getConferenza()&gt; in (Controller.java:850)
Method &lt;project.CONTROLLER.Controller.inserisciArticoloSuConferenza(project.MODEL.ArticoloSuConferenza)&gt; calls method &lt;project.MODEL.ArticoloSuConferenza.getConferenza()&gt; in (Controller.java:853)
Method &lt;project.CONTROLLER.Controller.inserisciArticoloSuConferenza(project.MODEL.ArticoloSuConferenza)&gt; calls method &lt;project.MODEL.ArticoloSuConferenza.getConferenza()&gt; in (Controller.java:880)
Method &lt;project.CONTROLLER.Controller.inserisciArticoloSuConferenza(project.MODEL.ArticoloSuConferenza)&gt; calls method &lt;project.MODEL.ArticoloSuConferenza.getConferenza()&gt; in (Controller.java:881)
Method &lt;project.CONTROLLER.Controller.inserisciArticoloSuConferenza(project.MODEL.ArticoloSuConferenza)&gt; calls method &lt;project.MODEL.ArticoloSuConferenza.getDoi()&gt; in (Controller.java:874)
Method &lt;project.CONTROLLER.Controller.inserisciArticoloSuConferenza(project.MODEL.ArticoloSuConferenza)&gt; calls method &lt;project.MODEL.ArticoloSuConferenza.getDoi()&gt; in (Controller.java:875)
Method &lt;project.CONTROLLER.Controller.inserisciArticoloSuConferenza(project.MODEL.ArticoloSuConferenza)&gt; calls method &lt;project.MODEL.ArticoloSuConferenza.getTitolo()&gt; in (Controller.java:850)
Method &lt;project.CONTROLLER.Controller.inserisciArticoloSuConferenza(project.MODEL.ArticoloSuConferenza)&gt; calls method &lt;project.MODEL.ArticoloSuConferenza.getTitolo()&gt; in (Controller.java:869)
Method &lt;project.CONTROLLER.Controller.inserisciArticoloSuConferenza(project.MODEL.ArticoloSuConferenza)&gt; calls method &lt;project.MODEL.Conferenza.getDataConferenza()&gt; in (Controller.java:853)
Method &lt;project.CONTROLLER.Controller.inserisciArticoloSuConferenza(project.MODEL.ArticoloSuConferenza)&gt; calls method &lt;project.MODEL.Conferenza.getTitolo()&gt; in (Controller.java:850)
Method &lt;project.CONTROLLER.Controller.inserisciArticoloSuConferenza(project.MODEL.ArticoloSuConferenza)&gt; has parameter of type &lt;project.MODEL.ArticoloSuConferenza&gt; in (Controller.java:0)
Method &lt;project.CONTROLLER.Controller.inserisciArticoloSuRivista(project.MODEL.ArticoloSuRivista)&gt; calls method &lt;project.MODEL.ArticoloSuRivista.getDoi()&gt; in (Controller.java:919)
Method &lt;project.CONTROLLER.Controller.inserisciArticoloSuRivista(project.MODEL.ArticoloSuRivista)&gt; calls method &lt;project.MODEL.ArticoloSuRivista.getDoi()&gt; in (Controller.java:920)
Method &lt;project.CONTROLLER.Controller.inserisciArticoloSuRivista(project.MODEL.ArticoloSuRivista)&gt; calls method &lt;project.MODEL.ArticoloSuRivista.getRivista()&gt; in (Controller.java:895)
Method &lt;project.CONTROLLER.Controller.inserisciArticoloSuRivista(project.MODEL.ArticoloSuRivista)&gt; calls method &lt;project.MODEL.ArticoloSuRivista.getRivista()&gt; in (Controller.java:898)
Method &lt;project.CONTROLLER.Controller.inserisciArticoloSuRivista(project.MODEL.ArticoloSuRivista)&gt; calls method &lt;project.MODEL.ArticoloSuRivista.getRivista()&gt; in (Controller.java:901)
Method &lt;project.CONTROLLER.Controller.inserisciArticoloSuRivista(project.MODEL.ArticoloSuRivista)&gt; calls method &lt;project.MODEL.ArticoloSuRivista.getRivista()&gt; in (Controller.java:925)
Method &lt;project.CONTROLLER.Controller.inserisciArticoloSuRivista(project.MODEL.ArticoloSuRivista)&gt; calls method &lt;project.MODEL.ArticoloSuRivista.getRivista()&gt; in (Controller.java:926)
Method &lt;project.CONTROLLER.Controller.inserisciArticoloSuRivista(project.MODEL.ArticoloSuRivista)&gt; calls method &lt;project.MODEL.ArticoloSuRivista.getRivista()&gt; in (Controller.java:931)
Method &lt;project.CONTROLLER.Controller.inserisciArticoloSuRivista(project.MODEL.ArticoloSuRivista)&gt; calls method &lt;project.MODEL.ArticoloSuRivista.getRivista()&gt; in (Controller.java:932)
Method &lt;project.CONTROLLER.Controller.inserisciArticoloSuRivista(project.MODEL.ArticoloSuRivista)&gt; calls method &lt;project.MODEL.ArticoloSuRivista.getRivista()&gt; in (Controller.java:933)
Method &lt;project.CONTROLLER.Controller.inserisciArticoloSuRivista(project.MODEL.ArticoloSuRivista)&gt; calls method &lt;project.MODEL.ArticoloSuRivista.getRivista()&gt; in (Controller.java:938)
Method &lt;project.CONTROLLER.Controller.inserisciArticoloSuRivista(project.MODEL.ArticoloSuRivista)&gt; calls method &lt;project.MODEL.ArticoloSuRivista.getRivista()&gt; in (Controller.java:939)
Method &lt;project.CONTROLLER.Controller.inserisciArticoloSuRivista(project.MODEL.ArticoloSuRivista)&gt; calls method &lt;project.MODEL.ArticoloSuRivista.getTitolo()&gt; in (Controller.java:895)
Method &lt;project.CONTROLLER.Controller.inserisciArticoloSuRivista(project.MODEL.ArticoloSuRivista)&gt; calls method &lt;project.MODEL.ArticoloSuRivista.getTitolo()&gt; in (Controller.java:914)
Method &lt;project.CONTROLLER.Controller.inserisciArticoloSuRivista(project.MODEL.ArticoloSuRivista)&gt; calls method &lt;project.MODEL.ArticoloSuRivista.getTitolo()&gt; in (Controller.java:915)
Method &lt;project.CONTROLLER.Controller.inserisciArticoloSuRivista(project.MODEL.ArticoloSuRivista)&gt; calls method &lt;project.MODEL.Rivista.getIssn()&gt; in (Controller.java:895)
Method &lt;project.CONTROLLER.Controller.inserisciArticoloSuRivista(project.MODEL.ArticoloSuRivista)&gt; calls method &lt;project.MODEL.Rivista.getIssn()&gt; in (Controller.java:898)
Method &lt;project.CONTROLLER.Controller.inserisciArticoloSuRivista(project.MODEL.ArticoloSuRivista)&gt; calls method &lt;project.MODEL.Rivista.getIssn()&gt; in (Controller.java:901)
Method &lt;project.CONTROLLER.Controller.inserisciArticoloSuRivista(project.MODEL.ArticoloSuRivista)&gt; calls method &lt;project.MODEL.Rivista.getIssn()&gt; in (Controller.java:925)
Method &lt;project.CONTROLLER.Controller.inserisciArticoloSuRivista(project.MODEL.ArticoloSuRivista)&gt; calls method &lt;project.MODEL.Rivista.getIssn()&gt; in (Controller.java:926)
Method &lt;project.CONTROLLER.Controller.inserisciArticoloSuRivista(project.MODEL.ArticoloSuRivista)&gt; calls method &lt;project.MODEL.Rivista.getTitolo()&gt; in (Controller.java:895)
Method &lt;project.CONTROLLER.Controller.inserisciArticoloSuRivista(project.MODEL.ArticoloSuRivista)&gt; calls method &lt;project.MODEL.Rivista.getTitolo()&gt; in (Controller.java:931)
Method &lt;project.CONTROLLER.Controller.inserisciArticoloSuRivista(project.MODEL.ArticoloSuRivista)&gt; calls method &lt;project.MODEL.Rivista.getTitolo()&gt; in (Controller.java:932)
Method &lt;project.CONTROLLER.Controller.inserisciArticoloSuRivista(project.MODEL.ArticoloSuRivista)&gt; calls method &lt;project.MODEL.Rivista.getTitolo()&gt; in (Controller.java:933)
Method &lt;project.CONTROLLER.Controller.inserisciArticoloSuRivista(project.MODEL.ArticoloSuRivista)&gt; has parameter of type &lt;project.MODEL.ArticoloSuRivista&gt; in (Controller.java:0)
Method &lt;project.CONTROLLER.Controller.inserisciDataset(project.MODEL.Dataset)&gt; calls method &lt;project.MODEL.Dataset.getDoi()&gt; in (Controller.java:797)
Method &lt;project.CONTROLLER.Controller.inserisciDataset(project.MODEL.Dataset)&gt; calls method &lt;project.MODEL.Dataset.getDoi()&gt; in (Controller.java:798)
Method &lt;project.CONTROLLER.Controller.inserisciDataset(project.MODEL.Dataset)&gt; calls method &lt;project.MODEL.Dataset.getTitolo()&gt; in (Controller.java:780)
Method &lt;project.CONTROLLER.Controller.inserisciDataset(project.MODEL.Dataset)&gt; calls method &lt;project.MODEL.Dataset.getTitolo()&gt; in (Controller.java:792)
Method &lt;project.CONTROLLER.Controller.inserisciDataset(project.MODEL.Dataset)&gt; calls method &lt;project.MODEL.Dataset.getUrl()&gt; in (Controller.java:780)
Method &lt;project.CONTROLLER.Controller.inserisciDataset(project.MODEL.Dataset)&gt; calls method &lt;project.MODEL.Dataset.getUrl()&gt; in (Controller.java:803)
Method &lt;project.CONTROLLER.Controller.inserisciDataset(project.MODEL.Dataset)&gt; has parameter of type &lt;project.MODEL.Dataset&gt; in (Controller.java:0)
Method &lt;project.CONTROLLER.Controller.inserisciLibro(project.MODEL.Libro)&gt; calls method &lt;project.MODEL.Libro.getDoi()&gt; in (Controller.java:762)
Method &lt;project.CONTROLLER.Controller.inserisciLibro(project.MODEL.Libro)&gt; calls method &lt;project.MODEL.Libro.getDoi()&gt; in (Controller.java:763)
Method &lt;project.CONTROLLER.Controller.inserisciLibro(project.MODEL.Libro)&gt; calls method &lt;project.MODEL.Libro.getEditore()&gt; in (Controller.java:745)
Method &lt;project.CONTROLLER.Controller.inserisciLibro(project.MODEL.Libro)&gt; calls method &lt;project.MODEL.Libro.getIsbn()&gt; in (Controller.java:745)
Method &lt;project.CONTROLLER.Controller.inserisciLibro(project.MODEL.Libro)&gt; calls method &lt;project.MODEL.Libro.getIsbn()&gt; in (Controller.java:768)
Method &lt;project.CONTROLLER.Controller.inserisciLibro(project.MODEL.Libro)&gt; calls method &lt;project.MODEL.Libro.getTitolo()&gt; in (Controller.java:745)
Method &lt;project.CONTROLLER.Controller.inserisciLibro(project.MODEL.Libro)&gt; calls method &lt;project.MODEL.Libro.getTitolo()&gt; in (Controller.java:757)
Method &lt;project.CONTROLLER.Controller.inserisciLibro(project.MODEL.Libro)&gt; has parameter of type &lt;project.MODEL.Libro&gt; in (Controller.java:0)
Method &lt;project.CONTROLLER.Controller.inserisciRisorsaOnline(project.MODEL.RisorsaOnline)&gt; calls method &lt;project.MODEL.RisorsaOnline.getDoi()&gt; in (Controller.java:832)
Method &lt;project.CONTROLLER.Controller.inserisciRisorsaOnline(project.MODEL.RisorsaOnline)&gt; calls method &lt;project.MODEL.RisorsaOnline.getDoi()&gt; in (Controller.java:833)
Method &lt;project.CONTROLLER.Controller.inserisciRisorsaOnline(project.MODEL.RisorsaOnline)&gt; calls method &lt;project.MODEL.RisorsaOnline.getTitolo()&gt; in (Controller.java:815)
Method &lt;project.CONTROLLER.Controller.inserisciRisorsaOnline(project.MODEL.RisorsaOnline)&gt; calls method &lt;project.MODEL.RisorsaOnline.getTitolo()&gt; in (Controller.java:827)
Method &lt;project.CONTROLLER.Controller.inserisciRisorsaOnline(project.MODEL.RisorsaOnline)&gt; calls method &lt;project.MODEL.RisorsaOnline.getUrl()&gt; in (Controller.java:815)
Method &lt;project.CONTROLLER.Controller.inserisciRisorsaOnline(project.MODEL.RisorsaOnline)&gt; calls method &lt;project.MODEL.RisorsaOnline.getUrl()&gt; in (Controller.java:838)
Method &lt;project.CONTROLLER.Controller.inserisciRisorsaOnline(project.MODEL.RisorsaOnline)&gt; has parameter of type &lt;project.MODEL.RisorsaOnline&gt; in (Controller.java:0)
Method &lt;project.CONTROLLER.Controller.loginAutore(java.lang.String, java.lang.String)&gt; calls method &lt;project.MODEL.Autore.getCognome()&gt; in (Controller.java:683)
Method &lt;project.CONTROLLER.Controller.loginAutore(java.lang.String, java.lang.String)&gt; calls method &lt;project.MODEL.Autore.getNome()&gt; in (Controller.java:683)
Method &lt;project.CONTROLLER.Controller.modificaAutore(project.MODEL.Autore)&gt; has parameter of type &lt;project.MODEL.Autore&gt; in (Controller.java:0)
Method &lt;project.CONTROLLER.Controller.modificaMateriale(project.MODEL.Materiale)&gt; calls method &lt;project.MODEL.Materiale.getTipo()&gt; in (Controller.java:1122)
Method &lt;project.CONTROLLER.Controller.modificaMateriale(project.MODEL.Materiale)&gt; calls method &lt;project.MODEL.Materiale.getTitolo()&gt; in (Controller.java:1124)
Method &lt;project.CONTROLLER.Controller.modificaMateriale(project.MODEL.Materiale)&gt; calls method &lt;project.MODEL.Materiale.getTitolo()&gt; in (Controller.java:1129)
Method &lt;project.CONTROLLER.Controller.modificaMateriale(project.MODEL.Materiale)&gt; calls method &lt;project.MODEL.Materiale.getTitolo()&gt; in (Controller.java:1134)
Method &lt;project.CONTROLLER.Controller.modificaMateriale(project.MODEL.Materiale)&gt; calls method &lt;project.MODEL.Materiale.getTitolo()&gt; in (Controller.java:1139)
Method &lt;project.CONTROLLER.Controller.modificaMateriale(project.MODEL.Materiale)&gt; calls method &lt;project.MODEL.Materiale.getTitolo()&gt; in (Controller.java:1144)
Method &lt;project.CONTROLLER.Controller.modificaMateriale(project.MODEL.Materiale)&gt; has parameter of type &lt;project.MODEL.Materiale&gt; in (Controller.java:0)
Method &lt;project.CONTROLLER.Controller.openAggiungiCategoriaAGerarchiaDaModifica(project.MODEL.Materiale, project.MODEL.Categoria)&gt; has parameter of type &lt;project.MODEL.Categoria&gt; in (Controller.java:0)
Method &lt;project.CONTROLLER.Controller.openAggiungiCategoriaAGerarchiaDaModifica(project.MODEL.Materiale, project.MODEL.Categoria)&gt; has parameter of type &lt;project.MODEL.Materiale&gt; in (Controller.java:0)
Method &lt;project.CONTROLLER.Controller.openAggiungiCategoriaDaModifica(project.MODEL.Materiale)&gt; has parameter of type &lt;project.MODEL.Materiale&gt; in (Controller.java:0)
Method &lt;project.CONTROLLER.Controller.openAggiungiCategoriaEsistente(project.MODEL.Materiale)&gt; has parameter of type &lt;project.MODEL.Materiale&gt; in (Controller.java:0)
Method &lt;project.CONTROLLER.Controller.openAggiungiCategoriaEsistenteDaModifica(project.MODEL.Materiale)&gt; has parameter of type &lt;project.MODEL.Materiale&gt; in (Controller.java:0)
Method &lt;project.CONTROLLER.Controller.openAggiungiCategoriaNuovaDaModifica(project.MODEL.Materiale)&gt; has parameter of type &lt;project.MODEL.Materiale&gt; in (Controller.java:0)
Method &lt;project.CONTROLLER.Controller.openAggiuntaAGerarchiaEsistente(project.MODEL.Materiale)&gt; has parameter of type &lt;project.MODEL.Materiale&gt; in (Controller.java:0)
Method &lt;project.CONTROLLER.Controller.openAggiuntaAGerarchiaEsistenteDaModifica(project.MODEL.Materiale)&gt; has parameter of type &lt;project.MODEL.Materiale&gt; in (Controller.java:0)
Method &lt;project.CONTROLLER.Controller.openAggiuntaCategoria(project.MODEL.Materiale)&gt; has parameter of type &lt;project.MODEL.Materiale&gt; in (Controller.java:0)
Method &lt;project.CONTROLLER.Controller.openAggiuntaCategoriaAGerarchia(project.MODEL.Materiale, project.MODEL.Categoria)&gt; has parameter of type &lt;project.MODEL.Categoria&gt; in (Controller.java:0)
Method &lt;project.CONTROLLER.Controller.openAggiuntaCategoriaAGerarchia(project.MODEL.Materiale, project.MODEL.Categoria)&gt; has parameter of type &lt;project.MODEL.Materiale&gt; in (Controller.java:0)
Method &lt;project.CONTROLLER.Controller.openAggiuntaCategoriaNuova(project.MODEL.Materiale)&gt; has parameter of type &lt;project.MODEL.Materiale&gt; in (Controller.java:0)
Method &lt;project.CONTROLLER.Controller.openAggiuntaCitazione(project.MODEL.Materiale)&gt; has parameter of type &lt;project.MODEL.Materiale&gt; in (Controller.java:0)
Method &lt;project.CONTROLLER.Controller.openAggiuntaCitazioneDaModifica(project.MODEL.Materiale)&gt; has parameter of type &lt;project.MODEL.Materiale&gt; in (Controller.java:0)
Method &lt;project.CONTROLLER.Controller.openAggiuntaGerarchiaNuova(project.MODEL.Materiale)&gt; has parameter of type &lt;project.MODEL.Materiale&gt; in (Controller.java:0)
Method &lt;project.CONTROLLER.Controller.openAggiuntaGerarchiaNuovaDaModifica(project.MODEL.Materiale)&gt; has parameter of type &lt;project.MODEL.Materiale&gt; in (Controller.java:0)
Method &lt;project.CONTROLLER.Controller.openAggiuntaParolaChiave(project.MODEL.Materiale)&gt; has parameter of type &lt;project.MODEL.Materiale&gt; in (Controller.java:0)
Method &lt;project.CONTROLLER.Controller.openDettagliArticoloSuConferenza(project.MODEL.Materiale)&gt; calls method &lt;project.MODEL.Materiale.getTitolo()&gt; in (Controller.java:458)
Method &lt;project.CONTROLLER.Controller.openDettagliArticoloSuConferenza(project.MODEL.Materiale)&gt; has parameter of type &lt;project.MODEL.Materiale&gt; in (Controller.java:0)
Method &lt;project.CONTROLLER.Controller.openDettagliArticoloSuRivista(project.MODEL.Materiale)&gt; calls method &lt;project.MODEL.Materiale.getTitolo()&gt; in (Controller.java:450)
Method &lt;project.CONTROLLER.Controller.openDettagliArticoloSuRivista(project.MODEL.Materiale)&gt; has parameter of type &lt;project.MODEL.Materiale&gt; in (Controller.java:0)
Method &lt;project.CONTROLLER.Controller.openDettagliDataset(project.MODEL.Materiale)&gt; calls method &lt;project.MODEL.Materiale.getTitolo()&gt; in (Controller.java:433)
Method &lt;project.CONTROLLER.Controller.openDettagliDataset(project.MODEL.Materiale)&gt; has parameter of type &lt;project.MODEL.Materiale&gt; in (Controller.java:0)
Method &lt;project.CONTROLLER.Controller.openDettagliLibro(project.MODEL.Materiale)&gt; calls method &lt;project.MODEL.Materiale.getTitolo()&gt; in (Controller.java:425)
Method &lt;project.CONTROLLER.Controller.openDettagliLibro(project.MODEL.Materiale)&gt; has parameter of type &lt;project.MODEL.Materiale&gt; in (Controller.java:0)
Method &lt;project.CONTROLLER.Controller.openDettagliMateriale(project.MODEL.Materiale)&gt; calls method &lt;project.MODEL.Materiale.getTipo()&gt; in (Controller.java:228)
Method &lt;project.CONTROLLER.Controller.openDettagliMateriale(project.MODEL.Materiale)&gt; has parameter of type &lt;project.MODEL.Materiale&gt; in (Controller.java:0)
Method &lt;project.CONTROLLER.Controller.openDettagliRisorsaOnline(project.MODEL.Materiale)&gt; calls method &lt;project.MODEL.Materiale.getTitolo()&gt; in (Controller.java:442)
Method &lt;project.CONTROLLER.Controller.openDettagliRisorsaOnline(project.MODEL.Materiale)&gt; has parameter of type &lt;project.MODEL.Materiale&gt; in (Controller.java:0)
Method &lt;project.CONTROLLER.Controller.openModificaCategorie(project.MODEL.Materiale)&gt; calls method &lt;project.MODEL.Materiale.getTitolo()&gt; in (Controller.java:340)
Method &lt;project.CONTROLLER.Controller.openModificaCategorie(project.MODEL.Materiale)&gt; has parameter of type &lt;project.MODEL.Materiale&gt; in (Controller.java:0)
Method &lt;project.CONTROLLER.Controller.openModificaCitazioni(project.MODEL.Materiale)&gt; calls method &lt;project.MODEL.Materiale.getTitolo()&gt; in (Controller.java:400)
Method &lt;project.CONTROLLER.Controller.openModificaCitazioni(project.MODEL.Materiale)&gt; has parameter of type &lt;project.MODEL.Materiale&gt; in (Controller.java:0)
Method &lt;project.CONTROLLER.Controller.openModificaMateriale()&gt; calls method &lt;project.MODEL.Autore.getOrcid()&gt; in (Controller.java:208)
Method &lt;project.CONTROLLER.Controller.openModificaParoleChiave(project.MODEL.Materiale)&gt; calls method &lt;project.MODEL.Materiale.getTitolo()&gt; in (Controller.java:328)
Method &lt;project.CONTROLLER.Controller.openModificaParoleChiave(project.MODEL.Materiale)&gt; has parameter of type &lt;project.MODEL.Materiale&gt; in (Controller.java:0)
Method &lt;project.CONTROLLER.Controller.setAutore(project.MODEL.Autore)&gt; has parameter of type &lt;project.MODEL.Autore&gt; in (Controller.java:0)
Method &lt;project.CONTROLLER.Controller.updateArticoloSuConferenza(project.MODEL.ArticoloSuConferenza, project.MODEL.ArticoloSuConferenza)&gt; calls method &lt;project.MODEL.ArticoloSuConferenza.getConferenza()&gt; in (Controller.java:1293)
Method &lt;project.CONTROLLER.Controller.updateArticoloSuConferenza(project.MODEL.ArticoloSuConferenza, project.MODEL.ArticoloSuConferenza)&gt; calls method &lt;project.MODEL.ArticoloSuConferenza.getDoi()&gt; in (Controller.java:1285)
Method &lt;project.CONTROLLER.Controller.updateArticoloSuConferenza(project.MODEL.ArticoloSuConferenza, project.MODEL.ArticoloSuConferenza)&gt; calls method &lt;project.MODEL.ArticoloSuConferenza.getDoi()&gt; in (Controller.java:1286)
Method &lt;project.CONTROLLER.Controller.updateArticoloSuConferenza(project.MODEL.ArticoloSuConferenza, project.MODEL.ArticoloSuConferenza)&gt; calls method &lt;project.MODEL.ArticoloSuConferenza.getDoi()&gt; in (Controller.java:1287)
Method &lt;project.CONTROLLER.Controller.updateArticoloSuConferenza(project.MODEL.ArticoloSuConferenza, project.MODEL.ArticoloSuConferenza)&gt; calls method &lt;project.MODEL.ArticoloSuConferenza.getDoi()&gt; in (Controller.java:1288)
Method &lt;project.CONTROLLER.Controller.updateArticoloSuConferenza(project.MODEL.ArticoloSuConferenza, project.MODEL.ArticoloSuConferenza)&gt; calls method &lt;project.MODEL.ArticoloSuConferenza.getTitolo()&gt; in (Controller.java:1279)
Method &lt;project.CONTROLLER.Controller.updateArticoloSuConferenza(project.MODEL.ArticoloSuConferenza, project.MODEL.ArticoloSuConferenza)&gt; calls method &lt;project.MODEL.ArticoloSuConferenza.getTitolo()&gt; in (Controller.java:1280)
Method &lt;project.CONTROLLER.Controller.updateArticoloSuConferenza(project.MODEL.ArticoloSuConferenza, project.MODEL.ArticoloSuConferenza)&gt; has parameter of type &lt;project.MODEL.ArticoloSuConferenza&gt; in (Controller.java:0)
Method &lt;project.CONTROLLER.Controller.updateArticoloSuRivista(project.MODEL.ArticoloSuRivista, project.MODEL.ArticoloSuRivista)&gt; calls method &lt;project.MODEL.ArticoloSuRivista.getDoi()&gt; in (Controller.java:1311)
Method &lt;project.CONTROLLER.Controller.updateArticoloSuRivista(project.MODEL.ArticoloSuRivista, project.MODEL.ArticoloSuRivista)&gt; calls method &lt;project.MODEL.ArticoloSuRivista.getDoi()&gt; in (Controller.java:1312)
Method &lt;project.CONTROLLER.Controller.updateArticoloSuRivista(project.MODEL.ArticoloSuRivista, project.MODEL.ArticoloSuRivista)&gt; calls method &lt;project.MODEL.ArticoloSuRivista.getDoi()&gt; in (Controller.java:1313)
Method &lt;project.CONTROLLER.Controller.updateArticoloSuRivista(project.MODEL.ArticoloSuRivista, project.MODEL.ArticoloSuRivista)&gt; calls method &lt;project.MODEL.ArticoloSuRivista.getDoi()&gt; in (Controller.java:1314)
Method &lt;project.CONTROLLER.Controller.updateArticoloSuRivista(project.MODEL.ArticoloSuRivista, project.MODEL.ArticoloSuRivista)&gt; calls method &lt;project.MODEL.ArticoloSuRivista.getRivista()&gt; in (Controller.java:1319)
Method &lt;project.CONTROLLER.Controller.updateArticoloSuRivista(project.MODEL.ArticoloSuRivista, project.MODEL.ArticoloSuRivista)&gt; calls method &lt;project.MODEL.ArticoloSuRivista.getTitolo()&gt; in (Controller.java:1305)
Method &lt;project.CONTROLLER.Controller.updateArticoloSuRivista(project.MODEL.ArticoloSuRivista, project.MODEL.ArticoloSuRivista)&gt; calls method &lt;project.MODEL.ArticoloSuRivista.getTitolo()&gt; in (Controller.java:1306)
Method &lt;project.CONTROLLER.Controller.updateArticoloSuRivista(project.MODEL.ArticoloSuRivista, project.MODEL.ArticoloSuRivista)&gt; has parameter of type &lt;project.MODEL.ArticoloSuRivista&gt; in (Controller.java:0)
Method &lt;project.CONTROLLER.Controller.updateAutore(java.lang.String, java.lang.String, java.lang.String, java.lang.String, java.lang.String, project.MODEL.Autore)&gt; has parameter of type &lt;project.MODEL.Autore&gt; in (Controller.java:0)
Method &lt;project.CONTROLLER.Controller.updateAutore(java.lang.String, java.lang.String, java.lang.String, java.lang.String, project.MODEL.Autore)&gt; has parameter of type &lt;project.MODEL.Autore&gt; in (Controller.java:0)
Method &lt;project.CONTROLLER.Controller.updateDataset(project.MODEL.Dataset, project.MODEL.Dataset)&gt; calls method &lt;project.MODEL.Dataset.getDoi()&gt; in (Controller.java:1222)
Method &lt;project.CONTROLLER.Controller.updateDataset(project.MODEL.Dataset, project.MODEL.Dataset)&gt; calls method &lt;project.MODEL.Dataset.getDoi()&gt; in (Controller.java:1223)
Method &lt;project.CONTROLLER.Controller.updateDataset(project.MODEL.Dataset, project.MODEL.Dataset)&gt; calls method &lt;project.MODEL.Dataset.getDoi()&gt; in (Controller.java:1224)
Method &lt;project.CONTROLLER.Controller.updateDataset(project.MODEL.Dataset, project.MODEL.Dataset)&gt; calls method &lt;project.MODEL.Dataset.getDoi()&gt; in (Controller.java:1225)
Method &lt;project.CONTROLLER.Controller.updateDataset(project.MODEL.Dataset, project.MODEL.Dataset)&gt; calls method &lt;project.MODEL.Dataset.getTitolo()&gt; in (Controller.java:1213)
Method &lt;project.CONTROLLER.Controller.updateDataset(project.MODEL.Dataset, project.MODEL.Dataset)&gt; calls method &lt;project.MODEL.Dataset.getTitolo()&gt; in (Controller.java:1218)
Method &lt;project.CONTROLLER.Controller.updateDataset(project.MODEL.Dataset, project.MODEL.Dataset)&gt; calls method &lt;project.MODEL.Dataset.getUrl()&gt; in (Controller.java:1213)
Method &lt;project.CONTROLLER.Controller.updateDataset(project.MODEL.Dataset, project.MODEL.Dataset)&gt; calls method &lt;project.MODEL.Dataset.getUrl()&gt; in (Controller.java:1230)
Method &lt;project.CONTROLLER.Controller.updateDataset(project.MODEL.Dataset, project.MODEL.Dataset)&gt; calls method &lt;project.MODEL.Dataset.getUrl()&gt; in (Controller.java:1231)
Method &lt;project.CONTROLLER.Controller.updateDataset(project.MODEL.Dataset, project.MODEL.Dataset)&gt; has parameter of type &lt;project.MODEL.Dataset&gt; in (Controller.java:0)
Method &lt;project.CONTROLLER.Controller.updateLibro(project.MODEL.Libro, project.MODEL.Libro)&gt; calls method &lt;project.MODEL.Libro.getDoi()&gt; in (Controller.java:1193)
Method &lt;project.CONTROLLER.Controller.updateLibro(project.MODEL.Libro, project.MODEL.Libro)&gt; calls method &lt;project.MODEL.Libro.getDoi()&gt; in (Controller.java:1194)
Method &lt;project.CONTROLLER.Controller.updateLibro(project.MODEL.Libro, project.MODEL.Libro)&gt; calls method &lt;project.MODEL.Libro.getDoi()&gt; in (Controller.java:1195)
Method &lt;project.CONTROLLER.Controller.updateLibro(project.MODEL.Libro, project.MODEL.Libro)&gt; calls method &lt;project.MODEL.Libro.getEditore()&gt; in (Controller.java:1181)
Method &lt;project.CONTROLLER.Controller.updateLibro(project.MODEL.Libro, project.MODEL.Libro)&gt; calls method &lt;project.MODEL.Libro.getIsbn()&gt; in (Controller.java:1181)
Method &lt;project.CONTROLLER.Controller.updateLibro(project.MODEL.Libro, project.MODEL.Libro)&gt; calls method &lt;project.MODEL.Libro.getIsbn()&gt; in (Controller.java:1200)
Method &lt;project.CONTROLLER.Controller.updateLibro(project.MODEL.Libro, project.MODEL.Libro)&gt; calls method &lt;project.MODEL.Libro.getIsbn()&gt; in (Controller.java:1201)
Method &lt;project.CONTROLLER.Controller.updateLibro(project.MODEL.Libro, project.MODEL.Libro)&gt; calls method &lt;project.MODEL.Libro.getTitolo()&gt; in (Controller.java:1181)
Method &lt;project.CONTROLLER.Controller.updateLibro(project.MODEL.Libro, project.MODEL.Libro)&gt; calls method &lt;project.MODEL.Libro.getTitolo()&gt; in (Controller.java:1186)
Method &lt;project.CONTROLLER.Controller.updateLibro(project.MODEL.Libro, project.MODEL.Libro)&gt; calls method &lt;project.MODEL.Libro.getTitolo()&gt; in (Controller.java:1187)
Method &lt;project.CONTROLLER.Controller.updateLibro(project.MODEL.Libro, project.MODEL.Libro)&gt; has parameter of type &lt;project.MODEL.Libro&gt; in (Controller.java:0)
Method &lt;project.CONTROLLER.Controller.updateRisorsaOnline(project.MODEL.RisorsaOnline, project.MODEL.RisorsaOnline)&gt; calls method &lt;project.MODEL.RisorsaOnline.getDoi()&gt; in (Controller.java:1253)
Method &lt;project.CONTROLLER.Controller.updateRisorsaOnline(project.MODEL.RisorsaOnline, project.MODEL.RisorsaOnline)&gt; calls method &lt;project.MODEL.RisorsaOnline.getDoi()&gt; in (Controller.java:1254)
Method &lt;project.CONTROLLER.Controller.updateRisorsaOnline(project.MODEL.RisorsaOnline, project.MODEL.RisorsaOnline)&gt; calls method &lt;project.MODEL.RisorsaOnline.getDoi()&gt; in (Controller.java:1255)
Method &lt;project.CONTROLLER.Controller.updateRisorsaOnline(project.MODEL.RisorsaOnline, project.MODEL.RisorsaOnline)&gt; calls method &lt;project.MODEL.RisorsaOnline.getDoi()&gt; in (Controller.java:1256)
Method &lt;project.CONTROLLER.Controller.updateRisorsaOnline(project.MODEL.RisorsaOnline, project.MODEL.RisorsaOnline)&gt; calls method &lt;project.MODEL.RisorsaOnline.getTitolo()&gt; in (Controller.java:1243)
Method &lt;project.CONTROLLER.Controller.updateRisorsaOnline(project.MODEL.RisorsaOnline, project.MODEL.RisorsaOnline)&gt; calls method &lt;project.MODEL.RisorsaOnline.getTitolo()&gt; in (Controller.java:1248)
Method &lt;project.CONTROLLER.Controller.updateRisorsaOnline(project.MODEL.RisorsaOnline, project.MODEL.RisorsaOnline)&gt; calls method &lt;project.MODEL.RisorsaOnline.getUrl()&gt; in (Controller.java:1243)
Method &lt;project.CONTROLLER.Controller.updateRisorsaOnline(project.MODEL.RisorsaOnline, project.MODEL.RisorsaOnline)&gt; calls method &lt;project.MODEL.RisorsaOnline.getUrl()&gt; in (Controller.java:1261)
Method &lt;project.CONTROLLER.Controller.updateRisorsaOnline(project.MODEL.RisorsaOnline, project.MODEL.RisorsaOnline)&gt; calls method &lt;project.MODEL.RisorsaOnline.getUrl()&gt; in (Controller.java:1262)
Method &lt;project.CONTROLLER.Controller.updateRisorsaOnline(project.MODEL.RisorsaOnline, project.MODEL.RisorsaOnline)&gt; has parameter of type &lt;project.MODEL.RisorsaOnline&gt; in (Controller.java:0)
Method &lt;project.DAO.ArticoloSuConferenzaDAO.getArticoloSuConferenza(java.lang.String, project.MODEL.Conferenza)&gt; has parameter of type &lt;project.MODEL.Conferenza&gt; in (ArticoloSuConferenzaDAO.java:0)
Method &lt;project.DAO.ArticoloSuConferenzaDAO.getArticoloSuConferenza(java.lang.String, project.MODEL.Conferenza)&gt; has return type &lt;project.MODEL.ArticoloSuConferenza&gt; in (ArticoloSuConferenzaDAO.java:0)
Method &lt;project.DAO.ArticoloSuConferenzaDAO.identico(project.MODEL.ArticoloSuConferenza)&gt; has parameter of type &lt;project.MODEL.ArticoloSuConferenza&gt; in (ArticoloSuConferenzaDAO.java:0)
Method &lt;project.DAO.ArticoloSuConferenzaDAO.insertArticoloSuConferenza(project.MODEL.ArticoloSuConferenza)&gt; has parameter of type &lt;project.MODEL.ArticoloSuConferenza&gt; in (ArticoloSuConferenzaDAO.java:0)
Method &lt;project.DAO.ArticoloSuConferenzaDAO.updateArticolo(project.MODEL.ArticoloSuConferenza, project.MODEL.ArticoloSuConferenza)&gt; has parameter of type &lt;project.MODEL.ArticoloSuConferenza&gt; in (ArticoloSuConferenzaDAO.java:0)
Method &lt;project.DAO.ArticoloSuRivistaDAO.getArticoloSuRivista(java.lang.String, project.MODEL.Rivista)&gt; has parameter of type &lt;project.MODEL.Rivista&gt; in (ArticoloSuRivistaDAO.java:0)
Method &lt;project.DAO.ArticoloSuRivistaDAO.getArticoloSuRivista(java.lang.String, project.MODEL.Rivista)&gt; has return type &lt;project.MODEL.ArticoloSuRivista&gt; in (ArticoloSuRivistaDAO.java:0)
Method &lt;project.DAO.ArticoloSuRivistaDAO.identico(project.MODEL.ArticoloSuRivista)&gt; has parameter of type &lt;project.MODEL.ArticoloSuRivista&gt; in (ArticoloSuRivistaDAO.java:0)
Method &lt;project.DAO.ArticoloSuRivistaDAO.insertArticoloSuConferenza(project.MODEL.ArticoloSuRivista)&gt; has parameter of type &lt;project.MODEL.ArticoloSuRivista&gt; in (ArticoloSuRivistaDAO.java:0)
Method &lt;project.DAO.ArticoloSuRivistaDAO.updateArticolo(project.MODEL.ArticoloSuRivista, project.MODEL.ArticoloSuRivista)&gt; has parameter of type &lt;project.MODEL.ArticoloSuRivista&gt; in (ArticoloSuRivistaDAO.java:0)
Method &lt;project.DAO.AutoreDAO.deleteAutore(project.MODEL.Autore)&gt; has parameter of type &lt;project.MODEL.Autore&gt; in (AutoreDAO.java:0)
Method &lt;project.DAO.AutoreDAO.getAutore(java.lang.String, java.lang.String)&gt; has return type &lt;project.MODEL.Autore&gt; in (AutoreDAO.java:0)
Method &lt;project.DAO.AutoreDAO.getAutori()&gt; has generic return type &lt;java.util.List&lt;project.MODEL.Autore&gt;&gt; with type argument depending on &lt;project.MODEL.Autore&gt; in (AutoreDAO.java:0)
Method &lt;project.DAO.AutoreDAO.updateAutore(java.lang.String, java.lang.String, java.lang.String, java.lang.String, java.lang.String, project.MODEL.Autore)&gt; has parameter of type &lt;project.MODEL.Autore&gt; in (AutoreDAO.java:0)
Method &lt;project.DAO.AutoreDAO.updateAutore(java.lang.String, java.lang.String, java.lang.String, java.lang.String, project.MODEL.Autore)&gt; has parameter of type &lt;project.MODEL.Autore&gt; in (AutoreDAO.java:0)
Method &lt;project.DAO.CategoriaDAO.checkUniqueCategoria(project.MODEL.Categoria)&gt; has parameter of type &lt;project.MODEL.Categoria&gt; in (CategoriaDAO.java:0)
Method &lt;project.DAO.CategoriaDAO.getAllCategorie()&gt; has generic return type &lt;java.util.List&lt;project.MODEL.Categoria&gt;&gt; with type argument depending on &lt;project.MODEL.Categoria&gt; in (CategoriaDAO.java:0)
Method &lt;project.DAO.CategoriaDAO.getCategorie(java.lang.String)&gt; has generic return type &lt;java.util.List&lt;project.MODEL.Categoria&gt;&gt; with type argument depending on &lt;project.MODEL.Categoria&gt; in (CategoriaDAO.java:0)
Method &lt;project.DAO.CategoriaDAO.getSupercategoria(project.MODEL.Categoria)&gt; has parameter of type &lt;project.MODEL.Categoria&gt; in (CategoriaDAO.java:0)
Method &lt;project.DAO.CategoriaDAO.getSupercategoria(project.MODEL.Categoria)&gt; has return type &lt;project.MODEL.Categoria&gt; in (CategoriaDAO.java:0)
Method &lt;project.DAO.CategoriaDAO.insertCategoria(project.MODEL.Categoria)&gt; has parameter of type &lt;project.MODEL.Categoria&gt; in (CategoriaDAO.java:0)
Method &lt;project.DAO.CategoriaDAO.insertCategoriaInGerarchia(project.MODEL.Categoria)&gt; has parameter of type &lt;project.MODEL.Categoria&gt; in (CategoriaDAO.java:0)
Method &lt;project.DAO.CategoriaDAO.insertSupercategoria(project.MODEL.Categoria, project.MODEL.Categoria)&gt; has parameter of type &lt;project.MODEL.Categoria&gt; in (CategoriaDAO.java:0)
Method &lt;project.DAO.CategoriaDAO.setSupercategoria(project.MODEL.Categoria, project.MODEL.Categoria)&gt; has parameter of type &lt;project.MODEL.Categoria&gt; in (CategoriaDAO.java:0)
Method &lt;project.DAO.CategoriaDiAppartenenzaDAO.checkNotLoop(project.MODEL.CategoriaDiAppartenenza)&gt; has parameter of type &lt;project.MODEL.CategoriaDiAppartenenza&gt; in (CategoriaDiAppartenenzaDAO.java:0)
Method &lt;project.DAO.CategoriaDiAppartenenzaDAO.checkUniqueAssociazione(project.MODEL.CategoriaDiAppartenenza)&gt; has parameter of type &lt;project.MODEL.CategoriaDiAppartenenza&gt; in (CategoriaDiAppartenenzaDAO.java:0)
Method &lt;project.DAO.CategoriaDiAppartenenzaDAO.eliminaCategoriaDiAppartenenza(project.MODEL.CategoriaDiAppartenenza)&gt; has parameter of type &lt;project.MODEL.CategoriaDiAppartenenza&gt; in (CategoriaDiAppartenenzaDAO.java:0)
Method &lt;project.DAO.CategoriaDiAppartenenzaDAO.insertAssociazione(project.MODEL.CategoriaDiAppartenenza)&gt; has parameter of type &lt;project.MODEL.CategoriaDiAppartenenza&gt; in (CategoriaDiAppartenenzaDAO.java:0)
Method &lt;project.DAO.CitazioneDAO.checkUniqueCitazione(project.MODEL.Citazione)&gt; has parameter of type &lt;project.MODEL.Citazione&gt; in (CitazioneDAO.java:0)
Method &lt;project.DAO.CitazioneDAO.eliminaCitazione(project.MODEL.Citazione)&gt; has parameter of type &lt;project.MODEL.Citazione&gt; in (CitazioneDAO.java:0)
Method &lt;project.DAO.CitazioneDAO.getCitati(java.lang.String)&gt; has generic return type &lt;java.util.List&lt;project.MODEL.Citazione&gt;&gt; with type argument depending on &lt;project.MODEL.Citazione&gt; in (CitazioneDAO.java:0)
Method &lt;project.DAO.CitazioneDAO.getCitazioni(java.lang.String)&gt; has generic return type &lt;java.util.List&lt;project.MODEL.Citazione&gt;&gt; with type argument depending on &lt;project.MODEL.Citazione&gt; in (CitazioneDAO.java:0)
Method &lt;project.DAO.CitazioneDAO.inserisciCitazione(project.MODEL.Citazione)&gt; has parameter of type &lt;project.MODEL.Citazione&gt; in (CitazioneDAO.java:0)
Method &lt;project.DAO.ConferenzaDAO.checkUniqueConferenza(project.MODEL.Conferenza)&gt; has parameter of type &lt;project.MODEL.Conferenza&gt; in (ConferenzaDAO.java:0)
Method &lt;project.DAO.ConferenzaDAO.getConferenzaByArticolo(java.lang.String)&gt; has return type &lt;project.MODEL.Conferenza&gt; in (ConferenzaDAO.java:0)
Method &lt;project.DAO.ConferenzaDAO.insertConferenza(project.MODEL.Conferenza)&gt; has parameter of type &lt;project.MODEL.Conferenza&gt; in (ConferenzaDAO.java:0)
Method &lt;project.DAO.ConferenzaDAO.updateConferenza(project.MODEL.Conferenza, project.MODEL.Conferenza)&gt; has parameter of type &lt;project.MODEL.Conferenza&gt; in (ConferenzaDAO.java:0)
Method &lt;project.DAO.DAOPostgres.ArticoloSuConferenzaDAOPostgres.getArticoloSuConferenza(java.lang.String, project.MODEL.Conferenza)&gt; calls constructor &lt;project.MODEL.ArticoloSuConferenza.&lt;init&gt;(java.lang.String, java.lang.String, java.lang.String, java.lang.String, project.MODEL.Conferenza)&gt; in (ArticoloSuConferenzaDAOPostgres.java:116)
Method &lt;project.DAO.DAOPostgres.ArticoloSuConferenzaDAOPostgres.getArticoloSuConferenza(java.lang.String, project.MODEL.Conferenza)&gt; has parameter of type &lt;project.MODEL.Conferenza&gt; in (ArticoloSuConferenzaDAOPostgres.java:0)
Method &lt;project.DAO.DAOPostgres.ArticoloSuConferenzaDAOPostgres.getArticoloSuConferenza(java.lang.String, project.MODEL.Conferenza)&gt; has return type &lt;project.MODEL.ArticoloSuConferenza&gt; in (ArticoloSuConferenzaDAOPostgres.java:0)
Method &lt;project.DAO.DAOPostgres.ArticoloSuConferenzaDAOPostgres.identico(project.MODEL.ArticoloSuConferenza)&gt; calls method &lt;project.MODEL.ArticoloSuConferenza.getConferenza()&gt; in (ArticoloSuConferenzaDAOPostgres.java:159)
Method &lt;project.DAO.DAOPostgres.ArticoloSuConferenzaDAOPostgres.identico(project.MODEL.ArticoloSuConferenza)&gt; calls method &lt;project.MODEL.ArticoloSuConferenza.getConferenza()&gt; in (ArticoloSuConferenzaDAOPostgres.java:160)
Method &lt;project.DAO.DAOPostgres.ArticoloSuConferenzaDAOPostgres.identico(project.MODEL.ArticoloSuConferenza)&gt; calls method &lt;project.MODEL.ArticoloSuConferenza.getTitolo()&gt; in (ArticoloSuConferenzaDAOPostgres.java:158)
Method &lt;project.DAO.DAOPostgres.ArticoloSuConferenzaDAOPostgres.identico(project.MODEL.ArticoloSuConferenza)&gt; calls method &lt;project.MODEL.Conferenza.getDataConferenza()&gt; in (ArticoloSuConferenzaDAOPostgres.java:160)
Method &lt;project.DAO.DAOPostgres.ArticoloSuConferenzaDAOPostgres.identico(project.MODEL.ArticoloSuConferenza)&gt; calls method &lt;project.MODEL.Conferenza.getTitolo()&gt; in (ArticoloSuConferenzaDAOPostgres.java:159)
Method &lt;project.DAO.DAOPostgres.ArticoloSuConferenzaDAOPostgres.identico(project.MODEL.ArticoloSuConferenza)&gt; has parameter of type &lt;project.MODEL.ArticoloSuConferenza&gt; in (ArticoloSuConferenzaDAOPostgres.java:0)
Method &lt;project.DAO.DAOPostgres.ArticoloSuConferenzaDAOPostgres.insertArticoloSuConferenza(project.MODEL.ArticoloSuConferenza)&gt; calls method &lt;project.MODEL.ArticoloSuConferenza.getConferenza()&gt; in (ArticoloSuConferenzaDAOPostgres.java:92)
Method &lt;project.DAO.DAOPostgres.ArticoloSuConferenzaDAOPostgres.insertArticoloSuConferenza(project.MODEL.ArticoloSuConferenza)&gt; calls method &lt;project.MODEL.ArticoloSuConferenza.getConferenza()&gt; in (ArticoloSuConferenzaDAOPostgres.java:93)
Method &lt;project.DAO.DAOPostgres.ArticoloSuConferenzaDAOPostgres.insertArticoloSuConferenza(project.MODEL.ArticoloSuConferenza)&gt; calls method &lt;project.MODEL.ArticoloSuConferenza.getDescrizione()&gt; in (ArticoloSuConferenzaDAOPostgres.java:84)
Method &lt;project.DAO.DAOPostgres.ArticoloSuConferenzaDAOPostgres.insertArticoloSuConferenza(project.MODEL.ArticoloSuConferenza)&gt; calls method &lt;project.MODEL.ArticoloSuConferenza.getDescrizione()&gt; in (ArticoloSuConferenzaDAOPostgres.java:87)
Method &lt;project.DAO.DAOPostgres.ArticoloSuConferenzaDAOPostgres.insertArticoloSuConferenza(project.MODEL.ArticoloSuConferenza)&gt; calls method &lt;project.MODEL.ArticoloSuConferenza.getDoi()&gt; in (ArticoloSuConferenzaDAOPostgres.java:80)
Method &lt;project.DAO.DAOPostgres.ArticoloSuConferenzaDAOPostgres.insertArticoloSuConferenza(project.MODEL.ArticoloSuConferenza)&gt; calls method &lt;project.MODEL.ArticoloSuConferenza.getDoi()&gt; in (ArticoloSuConferenzaDAOPostgres.java:83)
Method &lt;project.DAO.DAOPostgres.ArticoloSuConferenzaDAOPostgres.insertArticoloSuConferenza(project.MODEL.ArticoloSuConferenza)&gt; calls method &lt;project.MODEL.ArticoloSuConferenza.getTarget()&gt; in (ArticoloSuConferenzaDAOPostgres.java:88)
Method &lt;project.DAO.DAOPostgres.ArticoloSuConferenzaDAOPostgres.insertArticoloSuConferenza(project.MODEL.ArticoloSuConferenza)&gt; calls method &lt;project.MODEL.ArticoloSuConferenza.getTarget()&gt; in (ArticoloSuConferenzaDAOPostgres.java:91)
Method &lt;project.DAO.DAOPostgres.ArticoloSuConferenzaDAOPostgres.insertArticoloSuConferenza(project.MODEL.ArticoloSuConferenza)&gt; calls method &lt;project.MODEL.ArticoloSuConferenza.getTitolo()&gt; in (ArticoloSuConferenzaDAOPostgres.java:101)
Method &lt;project.DAO.DAOPostgres.ArticoloSuConferenzaDAOPostgres.insertArticoloSuConferenza(project.MODEL.ArticoloSuConferenza)&gt; calls method &lt;project.MODEL.ArticoloSuConferenza.getTitolo()&gt; in (ArticoloSuConferenzaDAOPostgres.java:79)
Method &lt;project.DAO.DAOPostgres.ArticoloSuConferenzaDAOPostgres.insertArticoloSuConferenza(project.MODEL.ArticoloSuConferenza)&gt; calls method &lt;project.MODEL.Conferenza.getDataConferenza()&gt; in (ArticoloSuConferenzaDAOPostgres.java:93)
Method &lt;project.DAO.DAOPostgres.ArticoloSuConferenzaDAOPostgres.insertArticoloSuConferenza(project.MODEL.ArticoloSuConferenza)&gt; calls method &lt;project.MODEL.Conferenza.getTitolo()&gt; in (ArticoloSuConferenzaDAOPostgres.java:92)
Method &lt;project.DAO.DAOPostgres.ArticoloSuConferenzaDAOPostgres.insertArticoloSuConferenza(project.MODEL.ArticoloSuConferenza)&gt; has parameter of type &lt;project.MODEL.ArticoloSuConferenza&gt; in (ArticoloSuConferenzaDAOPostgres.java:0)
Method &lt;project.DAO.DAOPostgres.ArticoloSuConferenzaDAOPostgres.updateArticolo(project.MODEL.ArticoloSuConferenza, project.MODEL.ArticoloSuConferenza)&gt; calls method &lt;project.MODEL.ArticoloSuConferenza.getDescrizione()&gt; in (ArticoloSuConferenzaDAOPostgres.java:135)
Method &lt;project.DAO.DAOPostgres.ArticoloSuConferenzaDAOPostgres.updateArticolo(project.MODEL.ArticoloSuConferenza, project.MODEL.ArticoloSuConferenza)&gt; calls method &lt;project.MODEL.ArticoloSuConferenza.getDescrizione()&gt; in (ArticoloSuConferenzaDAOPostgres.java:138)
Method &lt;project.DAO.DAOPostgres.ArticoloSuConferenzaDAOPostgres.updateArticolo(project.MODEL.ArticoloSuConferenza, project.MODEL.ArticoloSuConferenza)&gt; calls method &lt;project.MODEL.ArticoloSuConferenza.getDoi()&gt; in (ArticoloSuConferenzaDAOPostgres.java:131)
Method &lt;project.DAO.DAOPostgres.ArticoloSuConferenzaDAOPostgres.updateArticolo(project.MODEL.ArticoloSuConferenza, project.MODEL.ArticoloSuConferenza)&gt; calls method &lt;project.MODEL.ArticoloSuConferenza.getDoi()&gt; in (ArticoloSuConferenzaDAOPostgres.java:134)
Method &lt;project.DAO.DAOPostgres.ArticoloSuConferenzaDAOPostgres.updateArticolo(project.MODEL.ArticoloSuConferenza, project.MODEL.ArticoloSuConferenza)&gt; calls method &lt;project.MODEL.ArticoloSuConferenza.getTarget()&gt; in (ArticoloSuConferenzaDAOPostgres.java:139)
Method &lt;project.DAO.DAOPostgres.ArticoloSuConferenzaDAOPostgres.updateArticolo(project.MODEL.ArticoloSuConferenza, project.MODEL.ArticoloSuConferenza)&gt; calls method &lt;project.MODEL.ArticoloSuConferenza.getTitolo()&gt; in (ArticoloSuConferenzaDAOPostgres.java:130)
Method &lt;project.DAO.DAOPostgres.ArticoloSuConferenzaDAOPostgres.updateArticolo(project.MODEL.ArticoloSuConferenza, project.MODEL.ArticoloSuConferenza)&gt; calls method &lt;project.MODEL.ArticoloSuConferenza.getTitolo()&gt; in (ArticoloSuConferenzaDAOPostgres.java:141)
Method &lt;project.DAO.DAOPostgres.ArticoloSuConferenzaDAOPostgres.updateArticolo(project.MODEL.ArticoloSuConferenza, project.MODEL.ArticoloSuConferenza)&gt; calls method &lt;project.MODEL.ArticoloSuConferenza.getTitolo()&gt; in (ArticoloSuConferenzaDAOPostgres.java:147)
Method &lt;project.DAO.DAOPostgres.ArticoloSuConferenzaDAOPostgres.updateArticolo(project.MODEL.ArticoloSuConferenza, project.MODEL.ArticoloSuConferenza)&gt; has parameter of type &lt;project.MODEL.ArticoloSuConferenza&gt; in (ArticoloSuConferenzaDAOPostgres.java:0)
Method &lt;project.DAO.DAOPostgres.ArticoloSuRivistaDAOPostgres.getArticoloSuRivista(java.lang.String, project.MODEL.Rivista)&gt; calls constructor &lt;project.MODEL.ArticoloSuRivista.&lt;init&gt;(java.lang.String, java.lang.String, java.lang.String, java.lang.String, project.MODEL.Rivista)&gt; in (ArticoloSuRivistaDAOPostgres.java:115)
Method &lt;project.DAO.DAOPostgres.ArticoloSuRivistaDAOPostgres.getArticoloSuRivista(java.lang.String, project.MODEL.Rivista)&gt; has parameter of type &lt;project.MODEL.Rivista&gt; in (ArticoloSuRivistaDAOPostgres.java:0)
Method &lt;project.DAO.DAOPostgres.ArticoloSuRivistaDAOPostgres.getArticoloSuRivista(java.lang.String, project.MODEL.Rivista)&gt; has return type &lt;project.MODEL.ArticoloSuRivista&gt; in (ArticoloSuRivistaDAOPostgres.java:0)
Method &lt;project.DAO.DAOPostgres.ArticoloSuRivistaDAOPostgres.identico(project.MODEL.ArticoloSuRivista)&gt; calls method &lt;project.MODEL.ArticoloSuRivista.getRivista()&gt; in (ArticoloSuRivistaDAOPostgres.java:203)
Method &lt;project.DAO.DAOPostgres.ArticoloSuRivistaDAOPostgres.identico(project.MODEL.ArticoloSuRivista)&gt; calls method &lt;project.MODEL.ArticoloSuRivista.getRivista()&gt; in (ArticoloSuRivistaDAOPostgres.java:204)
Method &lt;project.DAO.DAOPostgres.ArticoloSuRivistaDAOPostgres.identico(project.MODEL.ArticoloSuRivista)&gt; calls method &lt;project.MODEL.ArticoloSuRivista.getTitolo()&gt; in (ArticoloSuRivistaDAOPostgres.java:202)
Method &lt;project.DAO.DAOPostgres.ArticoloSuRivistaDAOPostgres.identico(project.MODEL.ArticoloSuRivista)&gt; calls method &lt;project.MODEL.Rivista.getIssn()&gt; in (ArticoloSuRivistaDAOPostgres.java:203)
Method &lt;project.DAO.DAOPostgres.ArticoloSuRivistaDAOPostgres.identico(project.MODEL.ArticoloSuRivista)&gt; calls method &lt;project.MODEL.Rivista.getTitolo()&gt; in (ArticoloSuRivistaDAOPostgres.java:204)
Method &lt;project.DAO.DAOPostgres.ArticoloSuRivistaDAOPostgres.identico(project.MODEL.ArticoloSuRivista)&gt; has parameter of type &lt;project.MODEL.ArticoloSuRivista&gt; in (ArticoloSuRivistaDAOPostgres.java:0)
Method &lt;project.DAO.DAOPostgres.ArticoloSuRivistaDAOPostgres.insertArticoloSuConferenza(project.MODEL.ArticoloSuRivista)&gt; calls method &lt;project.MODEL.ArticoloSuRivista.getDescrizione()&gt; in (ArticoloSuRivistaDAOPostgres.java:85)
Method &lt;project.DAO.DAOPostgres.ArticoloSuRivistaDAOPostgres.insertArticoloSuConferenza(project.MODEL.ArticoloSuRivista)&gt; calls method &lt;project.MODEL.ArticoloSuRivista.getDescrizione()&gt; in (ArticoloSuRivistaDAOPostgres.java:88)
Method &lt;project.DAO.DAOPostgres.ArticoloSuRivistaDAOPostgres.insertArticoloSuConferenza(project.MODEL.ArticoloSuRivista)&gt; calls method &lt;project.MODEL.ArticoloSuRivista.getDoi()&gt; in (ArticoloSuRivistaDAOPostgres.java:81)
Method &lt;project.DAO.DAOPostgres.ArticoloSuRivistaDAOPostgres.insertArticoloSuConferenza(project.MODEL.ArticoloSuRivista)&gt; calls method &lt;project.MODEL.ArticoloSuRivista.getDoi()&gt; in (ArticoloSuRivistaDAOPostgres.java:84)
Method &lt;project.DAO.DAOPostgres.ArticoloSuRivistaDAOPostgres.insertArticoloSuConferenza(project.MODEL.ArticoloSuRivista)&gt; calls method &lt;project.MODEL.ArticoloSuRivista.getRivista()&gt; in (ArticoloSuRivistaDAOPostgres.java:93)
Method &lt;project.DAO.DAOPostgres.ArticoloSuRivistaDAOPostgres.insertArticoloSuConferenza(project.MODEL.ArticoloSuRivista)&gt; calls method &lt;project.MODEL.ArticoloSuRivista.getTarget()&gt; in (ArticoloSuRivistaDAOPostgres.java:89)
Method &lt;project.DAO.DAOPostgres.ArticoloSuRivistaDAOPostgres.insertArticoloSuConferenza(project.MODEL.ArticoloSuRivista)&gt; calls method &lt;project.MODEL.ArticoloSuRivista.getTarget()&gt; in (ArticoloSuRivistaDAOPostgres.java:92)
Method &lt;project.DAO.DAOPostgres.ArticoloSuRivistaDAOPostgres.insertArticoloSuConferenza(project.MODEL.ArticoloSuRivista)&gt; calls method &lt;project.MODEL.ArticoloSuRivista.getTitolo()&gt; in (ArticoloSuRivistaDAOPostgres.java:100)
Method &lt;project.DAO.DAOPostgres.ArticoloSuRivistaDAOPostgres.insertArticoloSuConferenza(project.MODEL.ArticoloSuRivista)&gt; calls method &lt;project.MODEL.ArticoloSuRivista.getTitolo()&gt; in (ArticoloSuRivistaDAOPostgres.java:80)
Method &lt;project.DAO.DAOPostgres.ArticoloSuRivistaDAOPostgres.insertArticoloSuConferenza(project.MODEL.ArticoloSuRivista)&gt; calls method &lt;project.MODEL.Rivista.getIssn()&gt; in (ArticoloSuRivistaDAOPostgres.java:93)
Method &lt;project.DAO.DAOPostgres.ArticoloSuRivistaDAOPostgres.insertArticoloSuConferenza(project.MODEL.ArticoloSuRivista)&gt; has parameter of type &lt;project.MODEL.ArticoloSuRivista&gt; in (ArticoloSuRivistaDAOPostgres.java:0)
Method &lt;project.DAO.DAOPostgres.ArticoloSuRivistaDAOPostgres.updateArticolo(project.MODEL.ArticoloSuRivista, project.MODEL.ArticoloSuRivista)&gt; calls method &lt;project.MODEL.ArticoloSuRivista.getDescrizione()&gt; in (ArticoloSuRivistaDAOPostgres.java:179)
Method &lt;project.DAO.DAOPostgres.ArticoloSuRivistaDAOPostgres.updateArticolo(project.MODEL.ArticoloSuRivista, project.MODEL.ArticoloSuRivista)&gt; calls method &lt;project.MODEL.ArticoloSuRivista.getDescrizione()&gt; in (ArticoloSuRivistaDAOPostgres.java:182)
Method &lt;project.DAO.DAOPostgres.ArticoloSuRivistaDAOPostgres.updateArticolo(project.MODEL.ArticoloSuRivista, project.MODEL.ArticoloSuRivista)&gt; calls method &lt;project.MODEL.ArticoloSuRivista.getDoi()&gt; in (ArticoloSuRivistaDAOPostgres.java:175)
Method &lt;project.DAO.DAOPostgres.ArticoloSuRivistaDAOPostgres.updateArticolo(project.MODEL.ArticoloSuRivista, project.MODEL.ArticoloSuRivista)&gt; calls method &lt;project.MODEL.ArticoloSuRivista.getDoi()&gt; in (ArticoloSuRivistaDAOPostgres.java:178)
Method &lt;project.DAO.DAOPostgres.ArticoloSuRivistaDAOPostgres.updateArticolo(project.MODEL.ArticoloSuRivista, project.MODEL.ArticoloSuRivista)&gt; calls method &lt;project.MODEL.ArticoloSuRivista.getTarget()&gt; in (ArticoloSuRivistaDAOPostgres.java:183)
Method &lt;project.DAO.DAOPostgres.ArticoloSuRivistaDAOPostgres.updateArticolo(project.MODEL.ArticoloSuRivista, project.MODEL.ArticoloSuRivista)&gt; calls method &lt;project.MODEL.ArticoloSuRivista.getTitolo()&gt; in (ArticoloSuRivistaDAOPostgres.java:174)
Method &lt;project.DAO.DAOPostgres.ArticoloSuRivistaDAOPostgres.updateArticolo(project.MODEL.ArticoloSuRivista, project.MODEL.ArticoloSuRivista)&gt; calls method &lt;project.MODEL.ArticoloSuRivista.getTitolo()&gt; in (ArticoloSuRivistaDAOPostgres.java:185)
Method &lt;project.DAO.DAOPostgres.ArticoloSuRivistaDAOPostgres.updateArticolo(project.MODEL.ArticoloSuRivista, project.MODEL.ArticoloSuRivista)&gt; calls method &lt;project.MODEL.ArticoloSuRivista.getTitolo()&gt; in (ArticoloSuRivistaDAOPostgres.java:191)
Method &lt;project.DAO.DAOPostgres.ArticoloSuRivistaDAOPostgres.updateArticolo(project.MODEL.ArticoloSuRivista, project.MODEL.ArticoloSuRivista)&gt; has parameter of type &lt;project.MODEL.ArticoloSuRivista&gt; in (ArticoloSuRivistaDAOPostgres.java:0)
Method &lt;project.DAO.DAOPostgres.AutoreDAOPostgres.deleteAutore(project.MODEL.Autore)&gt; calls method &lt;project.MODEL.Autore.getOrcid()&gt; in (AutoreDAOPostgres.java:159)
Method &lt;project.DAO.DAOPostgres.AutoreDAOPostgres.deleteAutore(project.MODEL.Autore)&gt; has parameter of type &lt;project.MODEL.Autore&gt; in (AutoreDAOPostgres.java:0)
Method &lt;project.DAO.DAOPostgres.AutoreDAOPostgres.getAutore(java.lang.String, java.lang.String)&gt; calls constructor &lt;project.MODEL.Autore.&lt;init&gt;(java.lang.String, java.lang.String, java.lang.String, java.lang.String, java.lang.String)&gt; in (AutoreDAOPostgres.java:118)
Method &lt;project.DAO.DAOPostgres.AutoreDAOPostgres.getAutore(java.lang.String, java.lang.String)&gt; has return type &lt;project.MODEL.Autore&gt; in (AutoreDAOPostgres.java:0)
Method &lt;project.DAO.DAOPostgres.AutoreDAOPostgres.getAutori()&gt; calls constructor &lt;project.MODEL.Autore.&lt;init&gt;(java.lang.String, java.lang.String, java.lang.String, java.lang.String, java.lang.String)&gt; in (AutoreDAOPostgres.java:142)
Method &lt;project.DAO.DAOPostgres.AutoreDAOPostgres.getAutori()&gt; has generic return type &lt;java.util.List&lt;project.MODEL.Autore&gt;&gt; with type argument depending on &lt;project.MODEL.Autore&gt; in (AutoreDAOPostgres.java:0)
Method &lt;project.DAO.DAOPostgres.AutoreDAOPostgres.updateAutore(java.lang.String, java.lang.String, java.lang.String, java.lang.String, java.lang.String, project.MODEL.Autore)&gt; calls method &lt;project.MODEL.Autore.getOrcid()&gt; in (AutoreDAOPostgres.java:200)
Method &lt;project.DAO.DAOPostgres.AutoreDAOPostgres.updateAutore(java.lang.String, java.lang.String, java.lang.String, java.lang.String, java.lang.String, project.MODEL.Autore)&gt; has parameter of type &lt;project.MODEL.Autore&gt; in (AutoreDAOPostgres.java:0)
Method &lt;project.DAO.DAOPostgres.AutoreDAOPostgres.updateAutore(java.lang.String, java.lang.String, java.lang.String, java.lang.String, project.MODEL.Autore)&gt; calls method &lt;project.MODEL.Autore.getOrcid()&gt; in (AutoreDAOPostgres.java:179)
Method &lt;project.DAO.DAOPostgres.AutoreDAOPostgres.updateAutore(java.lang.String, java.lang.String, java.lang.String, java.lang.String, project.MODEL.Autore)&gt; has parameter of type &lt;project.MODEL.Autore&gt; in (AutoreDAOPostgres.java:0)
Method &lt;project.DAO.DAOPostgres.CategoriaDAOPostgres.checkUniqueCategoria(project.MODEL.Categoria)&gt; calls method &lt;project.MODEL.Categoria.getNome()&gt; in (CategoriaDAOPostgres.java:29)
Method &lt;project.DAO.DAOPostgres.CategoriaDAOPostgres.checkUniqueCategoria(project.MODEL.Categoria)&gt; has parameter of type &lt;project.MODEL.Categoria&gt; in (CategoriaDAOPostgres.java:0)
Method &lt;project.DAO.DAOPostgres.CategoriaDAOPostgres.getAllCategorie()&gt; calls constructor &lt;project.MODEL.Categoria.&lt;init&gt;(java.lang.String)&gt; in (CategoriaDAOPostgres.java:132)
Method &lt;project.DAO.DAOPostgres.CategoriaDAOPostgres.getAllCategorie()&gt; calls constructor &lt;project.MODEL.Categoria.&lt;init&gt;(java.lang.String)&gt; in (CategoriaDAOPostgres.java:134)
Method &lt;project.DAO.DAOPostgres.CategoriaDAOPostgres.getAllCategorie()&gt; calls method &lt;project.MODEL.Categoria.setSupercategoria(project.MODEL.Categoria)&gt; in (CategoriaDAOPostgres.java:135)
Method &lt;project.DAO.DAOPostgres.CategoriaDAOPostgres.getAllCategorie()&gt; has generic return type &lt;java.util.List&lt;project.MODEL.Categoria&gt;&gt; with type argument depending on &lt;project.MODEL.Categoria&gt; in (CategoriaDAOPostgres.java:0)
Method &lt;project.DAO.DAOPostgres.CategoriaDAOPostgres.getCategorie(java.lang.String)&gt; calls constructor &lt;project.MODEL.Categoria.&lt;init&gt;(java.lang.String)&gt; in (CategoriaDAOPostgres.java:179)
Method &lt;project.DAO.DAOPostgres.CategoriaDAOPostgres.getCategorie(java.lang.String)&gt; calls constructor &lt;project.MODEL.Categoria.&lt;init&gt;(java.lang.String)&gt; in (CategoriaDAOPostgres.java:180)
Method &lt;project.DAO.DAOPostgres.CategoriaDAOPostgres.getCategorie(java.lang.String)&gt; calls method &lt;project.MODEL.Categoria.setSupercategoria(project.MODEL.Categoria)&gt; in (CategoriaDAOPostgres.java:181)
Method &lt;project.DAO.DAOPostgres.CategoriaDAOPostgres.getCategorie(java.lang.String)&gt; has generic return type &lt;java.util.List&lt;project.MODEL.Categoria&gt;&gt; with type argument depending on &lt;project.MODEL.Categoria&gt; in (CategoriaDAOPostgres.java:0)
Method &lt;project.DAO.DAOPostgres.CategoriaDAOPostgres.getSupercategoria(project.MODEL.Categoria)&gt; calls constructor &lt;project.MODEL.Categoria.&lt;init&gt;(java.lang.String)&gt; in (CategoriaDAOPostgres.java:72)
Method &lt;project.DAO.DAOPostgres.CategoriaDAOPostgres.getSupercategoria(project.MODEL.Categoria)&gt; calls method &lt;project.MODEL.Categoria.getNome()&gt; in (CategoriaDAOPostgres.java:67)
Method &lt;project.DAO.DAOPostgres.CategoriaDAOPostgres.getSupercategoria(project.MODEL.Categoria)&gt; has parameter of type &lt;project.MODEL.Categoria&gt; in (CategoriaDAOPostgres.java:0)
Method &lt;project.DAO.DAOPostgres.CategoriaDAOPostgres.getSupercategoria(project.MODEL.Categoria)&gt; has return type &lt;project.MODEL.Categoria&gt; in (CategoriaDAOPostgres.java:0)
Method &lt;project.DAO.DAOPostgres.CategoriaDAOPostgres.insertCategoria(project.MODEL.Categoria)&gt; calls method &lt;project.MODEL.Categoria.getNome()&gt; in (CategoriaDAOPostgres.java:51)
Method &lt;project.DAO.DAOPostgres.CategoriaDAOPostgres.insertCategoria(project.MODEL.Categoria)&gt; has parameter of type &lt;project.MODEL.Categoria&gt; in (CategoriaDAOPostgres.java:0)
Method &lt;project.DAO.DAOPostgres.CategoriaDAOPostgres.insertCategoriaInGerarchia(project.MODEL.Categoria)&gt; calls method &lt;project.MODEL.Categoria.getNome()&gt; in (CategoriaDAOPostgres.java:153)
Method &lt;project.DAO.DAOPostgres.CategoriaDAOPostgres.insertCategoriaInGerarchia(project.MODEL.Categoria)&gt; calls method &lt;project.MODEL.Categoria.getNome()&gt; in (CategoriaDAOPostgres.java:154)
Method &lt;project.DAO.DAOPostgres.CategoriaDAOPostgres.insertCategoriaInGerarchia(project.MODEL.Categoria)&gt; calls method &lt;project.MODEL.Categoria.getSupercategoria()&gt; in (CategoriaDAOPostgres.java:154)
Method &lt;project.DAO.DAOPostgres.CategoriaDAOPostgres.insertCategoriaInGerarchia(project.MODEL.Categoria)&gt; has parameter of type &lt;project.MODEL.Categoria&gt; in (CategoriaDAOPostgres.java:0)
Method &lt;project.DAO.DAOPostgres.CategoriaDAOPostgres.insertSupercategoria(project.MODEL.Categoria, project.MODEL.Categoria)&gt; calls method &lt;project.MODEL.Categoria.getNome()&gt; in (CategoriaDAOPostgres.java:91)
Method &lt;project.DAO.DAOPostgres.CategoriaDAOPostgres.insertSupercategoria(project.MODEL.Categoria, project.MODEL.Categoria)&gt; calls method &lt;project.MODEL.Categoria.getNome()&gt; in (CategoriaDAOPostgres.java:93)
Method &lt;project.DAO.DAOPostgres.CategoriaDAOPostgres.insertSupercategoria(project.MODEL.Categoria, project.MODEL.Categoria)&gt; calls method &lt;project.MODEL.Categoria.getNome()&gt; in (CategoriaDAOPostgres.java:94)
Method &lt;project.DAO.DAOPostgres.CategoriaDAOPostgres.insertSupercategoria(project.MODEL.Categoria, project.MODEL.Categoria)&gt; has parameter of type &lt;project.MODEL.Categoria&gt; in (CategoriaDAOPostgres.java:0)
Method &lt;project.DAO.DAOPostgres.CategoriaDAOPostgres.setSupercategoria(project.MODEL.Categoria, project.MODEL.Categoria)&gt; calls method &lt;project.MODEL.Categoria.getNome()&gt; in (CategoriaDAOPostgres.java:111)
Method &lt;project.DAO.DAOPostgres.CategoriaDAOPostgres.setSupercategoria(project.MODEL.Categoria, project.MODEL.Categoria)&gt; calls method &lt;project.MODEL.Categoria.getNome()&gt; in (CategoriaDAOPostgres.java:112)
Method &lt;project.DAO.DAOPostgres.CategoriaDAOPostgres.setSupercategoria(project.MODEL.Categoria, project.MODEL.Categoria)&gt; has parameter of type &lt;project.MODEL.Categoria&gt; in (CategoriaDAOPostgres.java:0)
Method &lt;project.DAO.DAOPostgres.CategoriaDiAppartenenzaDAOPostgres.checkNotLoop(project.MODEL.CategoriaDiAppartenenza)&gt; calls method &lt;project.MODEL.Categoria.getNome()&gt; in (CategoriaDiAppartenenzaDAOPostgres.java:124)
Method &lt;project.DAO.DAOPostgres.CategoriaDiAppartenenzaDAOPostgres.checkNotLoop(project.MODEL.CategoriaDiAppartenenza)&gt; calls method &lt;project.MODEL.Categoria.getNome()&gt; in (CategoriaDiAppartenenzaDAOPostgres.java:126)
Method &lt;project.DAO.DAOPostgres.CategoriaDiAppartenenzaDAOPostgres.checkNotLoop(project.MODEL.CategoriaDiAppartenenza)&gt; calls method &lt;project.MODEL.CategoriaDiAppartenenza.getCategoria()&gt; in (CategoriaDiAppartenenzaDAOPostgres.java:124)
Method &lt;project.DAO.DAOPostgres.CategoriaDiAppartenenzaDAOPostgres.checkNotLoop(project.MODEL.CategoriaDiAppartenenza)&gt; calls method &lt;project.MODEL.CategoriaDiAppartenenza.getCategoria()&gt; in (CategoriaDiAppartenenzaDAOPostgres.java:126)
Method &lt;project.DAO.DAOPostgres.CategoriaDiAppartenenzaDAOPostgres.checkNotLoop(project.MODEL.CategoriaDiAppartenenza)&gt; calls method &lt;project.MODEL.CategoriaDiAppartenenza.getMateriale()&gt; in (CategoriaDiAppartenenzaDAOPostgres.java:125)
Method &lt;project.DAO.DAOPostgres.CategoriaDiAppartenenzaDAOPostgres.checkNotLoop(project.MODEL.CategoriaDiAppartenenza)&gt; calls method &lt;project.MODEL.CategoriaDiAppartenenza.getMateriale()&gt; in (CategoriaDiAppartenenzaDAOPostgres.java:127)
Method &lt;project.DAO.DAOPostgres.CategoriaDiAppartenenzaDAOPostgres.checkNotLoop(project.MODEL.CategoriaDiAppartenenza)&gt; calls method &lt;project.MODEL.Materiale.getTitolo()&gt; in (CategoriaDiAppartenenzaDAOPostgres.java:125)
Method &lt;project.DAO.DAOPostgres.CategoriaDiAppartenenzaDAOPostgres.checkNotLoop(project.MODEL.CategoriaDiAppartenenza)&gt; calls method &lt;project.MODEL.Materiale.getTitolo()&gt; in (CategoriaDiAppartenenzaDAOPostgres.java:127)
Method &lt;project.DAO.DAOPostgres.CategoriaDiAppartenenzaDAOPostgres.checkNotLoop(project.MODEL.CategoriaDiAppartenenza)&gt; has parameter of type &lt;project.MODEL.CategoriaDiAppartenenza&gt; in (CategoriaDiAppartenenzaDAOPostgres.java:0)
Method &lt;project.DAO.DAOPostgres.CategoriaDiAppartenenzaDAOPostgres.checkUniqueAssociazione(project.MODEL.CategoriaDiAppartenenza)&gt; calls method &lt;project.MODEL.Categoria.getNome()&gt; in (CategoriaDiAppartenenzaDAOPostgres.java:24)
Method &lt;project.DAO.DAOPostgres.CategoriaDiAppartenenzaDAOPostgres.checkUniqueAssociazione(project.MODEL.CategoriaDiAppartenenza)&gt; calls method &lt;project.MODEL.CategoriaDiAppartenenza.getCategoria()&gt; in (CategoriaDiAppartenenzaDAOPostgres.java:24)
Method &lt;project.DAO.DAOPostgres.CategoriaDiAppartenenzaDAOPostgres.checkUniqueAssociazione(project.MODEL.CategoriaDiAppartenenza)&gt; calls method &lt;project.MODEL.CategoriaDiAppartenenza.getMateriale()&gt; in (CategoriaDiAppartenenzaDAOPostgres.java:25)
Method &lt;project.DAO.DAOPostgres.CategoriaDiAppartenenzaDAOPostgres.checkUniqueAssociazione(project.MODEL.CategoriaDiAppartenenza)&gt; calls method &lt;project.MODEL.Materiale.getTitolo()&gt; in (CategoriaDiAppartenenzaDAOPostgres.java:25)
Method &lt;project.DAO.DAOPostgres.CategoriaDiAppartenenzaDAOPostgres.checkUniqueAssociazione(project.MODEL.CategoriaDiAppartenenza)&gt; has parameter of type &lt;project.MODEL.CategoriaDiAppartenenza&gt; in (CategoriaDiAppartenenzaDAOPostgres.java:0)
Method &lt;project.DAO.DAOPostgres.CategoriaDiAppartenenzaDAOPostgres.eliminaCategoriaDiAppartenenza(project.MODEL.CategoriaDiAppartenenza)&gt; calls method &lt;project.MODEL.Categoria.getNome()&gt; in (CategoriaDiAppartenenzaDAOPostgres.java:73)
Method &lt;project.DAO.DAOPostgres.CategoriaDiAppartenenzaDAOPostgres.eliminaCategoriaDiAppartenenza(project.MODEL.CategoriaDiAppartenenza)&gt; calls method &lt;project.MODEL.Categoria.getNome()&gt; in (CategoriaDiAppartenenzaDAOPostgres.java:81)
Method &lt;project.DAO.DAOPostgres.CategoriaDiAppartenenzaDAOPostgres.eliminaCategoriaDiAppartenenza(project.MODEL.CategoriaDiAppartenenza)&gt; calls method &lt;project.MODEL.CategoriaDiAppartenenza.getCategoria()&gt; in (CategoriaDiAppartenenzaDAOPostgres.java:73)
Method &lt;project.DAO.DAOPostgres.CategoriaDiAppartenenzaDAOPostgres.eliminaCategoriaDiAppartenenza(project.MODEL.CategoriaDiAppartenenza)&gt; calls method &lt;project.MODEL.CategoriaDiAppartenenza.getCategoria()&gt; in (CategoriaDiAppartenenzaDAOPostgres.java:81)
Method &lt;project.DAO.DAOPostgres.CategoriaDiAppartenenzaDAOPostgres.eliminaCategoriaDiAppartenenza(project.MODEL.CategoriaDiAppartenenza)&gt; calls method &lt;project.MODEL.CategoriaDiAppartenenza.getMateriale()&gt; in (CategoriaDiAppartenenzaDAOPostgres.java:74)
Method &lt;project.DAO.DAOPostgres.CategoriaDiAppartenenzaDAOPostgres.eliminaCategoriaDiAppartenenza(project.MODEL.CategoriaDiAppartenenza)&gt; calls method &lt;project.MODEL.CategoriaDiAppartenenza.getMateriale()&gt; in (CategoriaDiAppartenenzaDAOPostgres.java:81)
Method &lt;project.DAO.DAOPostgres.CategoriaDiAppartenenzaDAOPostgres.eliminaCategoriaDiAppartenenza(project.MODEL.CategoriaDiAppartenenza)&gt; calls method &lt;project.MODEL.Materiale.getTitolo()&gt; in (CategoriaDiAppartenenzaDAOPostgres.java:74)
Method &lt;project.DAO.DAOPostgres.CategoriaDiAppartenenzaDAOPostgres.eliminaCategoriaDiAppartenenza(project.MODEL.CategoriaDiAppartenenza)&gt; calls method &lt;project.MODEL.Materiale.getTitolo()&gt; in (CategoriaDiAppartenenzaDAOPostgres.java:81)
Method &lt;project.DAO.DAOPostgres.CategoriaDiAppartenenzaDAOPostgres.eliminaCategoriaDiAppartenenza(project.MODEL.CategoriaDiAppartenenza)&gt; has parameter of type &lt;project.MODEL.CategoriaDiAppartenenza&gt; in (CategoriaDiAppartenenzaDAOPostgres.java:0)
Method &lt;project.DAO.DAOPostgres.CategoriaDiAppartenenzaDAOPostgres.insertAssociazione(project.MODEL.CategoriaDiAppartenenza)&gt; calls method &lt;project.MODEL.Categoria.getNome()&gt; in (CategoriaDiAppartenenzaDAOPostgres.java:47)
Method &lt;project.DAO.DAOPostgres.CategoriaDiAppartenenzaDAOPostgres.insertAssociazione(project.MODEL.CategoriaDiAppartenenza)&gt; calls method &lt;project.MODEL.CategoriaDiAppartenenza.getCategoria()&gt; in (CategoriaDiAppartenenzaDAOPostgres.java:47)
Method &lt;project.DAO.DAOPostgres.CategoriaDiAppartenenzaDAOPostgres.insertAssociazione(project.MODEL.CategoriaDiAppartenenza)&gt; calls method &lt;project.MODEL.CategoriaDiAppartenenza.getMateriale()&gt; in (CategoriaDiAppartenenzaDAOPostgres.java:48)
Method &lt;project.DAO.DAOPostgres.CategoriaDiAppartenenzaDAOPostgres.insertAssociazione(project.MODEL.CategoriaDiAppartenenza)&gt; calls method &lt;project.MODEL.Materiale.getTitolo()&gt; in (CategoriaDiAppartenenzaDAOPostgres.java:48)
Method &lt;project.DAO.DAOPostgres.CategoriaDiAppartenenzaDAOPostgres.insertAssociazione(project.MODEL.CategoriaDiAppartenenza)&gt; has parameter of type &lt;project.MODEL.CategoriaDiAppartenenza&gt; in (CategoriaDiAppartenenzaDAOPostgres.java:0)
Method &lt;project.DAO.DAOPostgres.CitazioneDAOPostgres.checkUniqueCitazione(project.MODEL.Citazione)&gt; calls method &lt;project.MODEL.Citazione.getMaterialeCitante()&gt; in (CitazioneDAOPostgres.java:47)
Method &lt;project.DAO.DAOPostgres.CitazioneDAOPostgres.checkUniqueCitazione(project.MODEL.Citazione)&gt; calls method &lt;project.MODEL.Citazione.getMaterialeCitato()&gt; in (CitazioneDAOPostgres.java:48)
Method &lt;project.DAO.DAOPostgres.CitazioneDAOPostgres.checkUniqueCitazione(project.MODEL.Citazione)&gt; calls method &lt;project.MODEL.Materiale.getTitolo()&gt; in (CitazioneDAOPostgres.java:47)
Method &lt;project.DAO.DAOPostgres.CitazioneDAOPostgres.checkUniqueCitazione(project.MODEL.Citazione)&gt; calls method &lt;project.MODEL.Materiale.getTitolo()&gt; in (CitazioneDAOPostgres.java:48)
Method &lt;project.DAO.DAOPostgres.CitazioneDAOPostgres.checkUniqueCitazione(project.MODEL.Citazione)&gt; has parameter of type &lt;project.MODEL.Citazione&gt; in (CitazioneDAOPostgres.java:0)
Method &lt;project.DAO.DAOPostgres.CitazioneDAOPostgres.eliminaCitazione(project.MODEL.Citazione)&gt; calls method &lt;project.MODEL.Citazione.getMaterialeCitante()&gt; in (CitazioneDAOPostgres.java:133)
Method &lt;project.DAO.DAOPostgres.CitazioneDAOPostgres.eliminaCitazione(project.MODEL.Citazione)&gt; calls method &lt;project.MODEL.Citazione.getMaterialeCitato()&gt; in (CitazioneDAOPostgres.java:134)
Method &lt;project.DAO.DAOPostgres.CitazioneDAOPostgres.eliminaCitazione(project.MODEL.Citazione)&gt; calls method &lt;project.MODEL.Citazione.getMaterialeCitato()&gt; in (CitazioneDAOPostgres.java:140)
Method &lt;project.DAO.DAOPostgres.CitazioneDAOPostgres.eliminaCitazione(project.MODEL.Citazione)&gt; calls method &lt;project.MODEL.Materiale.getTitolo()&gt; in (CitazioneDAOPostgres.java:133)
Method &lt;project.DAO.DAOPostgres.CitazioneDAOPostgres.eliminaCitazione(project.MODEL.Citazione)&gt; calls method &lt;project.MODEL.Materiale.getTitolo()&gt; in (CitazioneDAOPostgres.java:134)
Method &lt;project.DAO.DAOPostgres.CitazioneDAOPostgres.eliminaCitazione(project.MODEL.Citazione)&gt; calls method &lt;project.MODEL.Materiale.getTitolo()&gt; in (CitazioneDAOPostgres.java:140)
Method &lt;project.DAO.DAOPostgres.CitazioneDAOPostgres.eliminaCitazione(project.MODEL.Citazione)&gt; has parameter of type &lt;project.MODEL.Citazione&gt; in (CitazioneDAOPostgres.java:0)
Method &lt;project.DAO.DAOPostgres.CitazioneDAOPostgres.getCitati(java.lang.String)&gt; calls constructor &lt;project.MODEL.Citazione.&lt;init&gt;(java.lang.String, java.lang.String)&gt; in (CitazioneDAOPostgres.java:113)
Method &lt;project.DAO.DAOPostgres.CitazioneDAOPostgres.getCitati(java.lang.String)&gt; has generic return type &lt;java.util.List&lt;project.MODEL.Citazione&gt;&gt; with type argument depending on &lt;project.MODEL.Citazione&gt; in (CitazioneDAOPostgres.java:0)
Method &lt;project.DAO.DAOPostgres.CitazioneDAOPostgres.getCitazioni(java.lang.String)&gt; calls constructor &lt;project.MODEL.Citazione.&lt;init&gt;(java.lang.String, java.lang.String)&gt; in (CitazioneDAOPostgres.java:82)
Method &lt;project.DAO.DAOPostgres.CitazioneDAOPostgres.getCitazioni(java.lang.String)&gt; has generic return type &lt;java.util.List&lt;project.MODEL.Citazione&gt;&gt; with type argument depending on &lt;project.MODEL.Citazione&gt; in (CitazioneDAOPostgres.java:0)
Method &lt;project.DAO.DAOPostgres.CitazioneDAOPostgres.inserisciCitazione(project.MODEL.Citazione)&gt; calls method &lt;project.MODEL.Citazione.getMaterialeCitante()&gt; in (CitazioneDAOPostgres.java:28)
Method &lt;project.DAO.DAOPostgres.CitazioneDAOPostgres.inserisciCitazione(project.MODEL.Citazione)&gt; calls method &lt;project.MODEL.Citazione.getMaterialeCitato()&gt; in (CitazioneDAOPostgres.java:29)
Method &lt;project.DAO.DAOPostgres.CitazioneDAOPostgres.inserisciCitazione(project.MODEL.Citazione)&gt; calls method &lt;project.MODEL.Materiale.getTitolo()&gt; in (CitazioneDAOPostgres.java:28)
Method &lt;project.DAO.DAOPostgres.CitazioneDAOPostgres.inserisciCitazione(project.MODEL.Citazione)&gt; calls method &lt;project.MODEL.Materiale.getTitolo()&gt; in (CitazioneDAOPostgres.java:29)
Method &lt;project.DAO.DAOPostgres.CitazioneDAOPostgres.inserisciCitazione(project.MODEL.Citazione)&gt; has parameter of type &lt;project.MODEL.Citazione&gt; in (CitazioneDAOPostgres.java:0)
Method &lt;project.DAO.DAOPostgres.ConferenzaDAOPostgres.checkUniqueConferenza(project.MODEL.Conferenza)&gt; calls method &lt;project.MODEL.Conferenza.getDataConferenza()&gt; in (ConferenzaDAOPostgres.java:26)
Method &lt;project.DAO.DAOPostgres.ConferenzaDAOPostgres.checkUniqueConferenza(project.MODEL.Conferenza)&gt; calls method &lt;project.MODEL.Conferenza.getTitolo()&gt; in (ConferenzaDAOPostgres.java:25)
Method &lt;project.DAO.DAOPostgres.ConferenzaDAOPostgres.checkUniqueConferenza(project.MODEL.Conferenza)&gt; has parameter of type &lt;project.MODEL.Conferenza&gt; in (ConferenzaDAOPostgres.java:0)
Method &lt;project.DAO.DAOPostgres.ConferenzaDAOPostgres.getConferenzaByArticolo(java.lang.String)&gt; calls constructor &lt;project.MODEL.Conferenza.&lt;init&gt;(java.lang.String, java.lang.Integer, java.lang.String, java.lang.String, java.util.Date)&gt; in (ConferenzaDAOPostgres.java:75)
Method &lt;project.DAO.DAOPostgres.ConferenzaDAOPostgres.getConferenzaByArticolo(java.lang.String)&gt; has return type &lt;project.MODEL.Conferenza&gt; in (ConferenzaDAOPostgres.java:0)
Method &lt;project.DAO.DAOPostgres.ConferenzaDAOPostgres.insertConferenza(project.MODEL.Conferenza)&gt; calls method &lt;project.MODEL.Conferenza.getCasaEditrice()&gt; in (ConferenzaDAOPostgres.java:53)
Method &lt;project.DAO.DAOPostgres.ConferenzaDAOPostgres.insertConferenza(project.MODEL.Conferenza)&gt; calls method &lt;project.MODEL.Conferenza.getDataConferenza()&gt; in (ConferenzaDAOPostgres.java:51)
Method &lt;project.DAO.DAOPostgres.ConferenzaDAOPostgres.insertConferenza(project.MODEL.Conferenza)&gt; calls method &lt;project.MODEL.Conferenza.getDurata()&gt; in (ConferenzaDAOPostgres.java:55)
Method &lt;project.DAO.DAOPostgres.ConferenzaDAOPostgres.insertConferenza(project.MODEL.Conferenza)&gt; calls method &lt;project.MODEL.Conferenza.getSede()&gt; in (ConferenzaDAOPostgres.java:54)
Method &lt;project.DAO.DAOPostgres.ConferenzaDAOPostgres.insertConferenza(project.MODEL.Conferenza)&gt; calls method &lt;project.MODEL.Conferenza.getTitolo()&gt; in (ConferenzaDAOPostgres.java:50)
Method &lt;project.DAO.DAOPostgres.ConferenzaDAOPostgres.insertConferenza(project.MODEL.Conferenza)&gt; has parameter of type &lt;project.MODEL.Conferenza&gt; in (ConferenzaDAOPostgres.java:0)
Method &lt;project.DAO.DAOPostgres.ConferenzaDAOPostgres.updateConferenza(project.MODEL.Conferenza, project.MODEL.Conferenza)&gt; calls method &lt;project.MODEL.Conferenza.getCasaEditrice()&gt; in (ConferenzaDAOPostgres.java:88)
Method &lt;project.DAO.DAOPostgres.ConferenzaDAOPostgres.updateConferenza(project.MODEL.Conferenza, project.MODEL.Conferenza)&gt; calls method &lt;project.MODEL.Conferenza.getDataConferenza()&gt; in (ConferenzaDAOPostgres.java:92)
Method &lt;project.DAO.DAOPostgres.ConferenzaDAOPostgres.updateConferenza(project.MODEL.Conferenza, project.MODEL.Conferenza)&gt; calls method &lt;project.MODEL.Conferenza.getDurata()&gt; in (ConferenzaDAOPostgres.java:90)
Method &lt;project.DAO.DAOPostgres.ConferenzaDAOPostgres.updateConferenza(project.MODEL.Conferenza, project.MODEL.Conferenza)&gt; calls method &lt;project.MODEL.Conferenza.getSede()&gt; in (ConferenzaDAOPostgres.java:89)
Method &lt;project.DAO.DAOPostgres.ConferenzaDAOPostgres.updateConferenza(project.MODEL.Conferenza, project.MODEL.Conferenza)&gt; calls method &lt;project.MODEL.Conferenza.getTitolo()&gt; in (ConferenzaDAOPostgres.java:91)
Method &lt;project.DAO.DAOPostgres.ConferenzaDAOPostgres.updateConferenza(project.MODEL.Conferenza, project.MODEL.Conferenza)&gt; calls method &lt;project.MODEL.Conferenza.getTitolo()&gt; in (ConferenzaDAOPostgres.java:98)
Method &lt;project.DAO.DAOPostgres.ConferenzaDAOPostgres.updateConferenza(project.MODEL.Conferenza, project.MODEL.Conferenza)&gt; has parameter of type &lt;project.MODEL.Conferenza&gt; in (ConferenzaDAOPostgres.java:0)
Method &lt;project.DAO.DAOPostgres.DatasetDAOPostgres.getDataset(java.lang.String)&gt; calls constructor &lt;project.MODEL.Dataset.&lt;init&gt;(java.lang.String, java.lang.String, java.lang.String, java.lang.Integer, java.lang.Integer, java.lang.String)&gt; in (DatasetDAOPostgres.java:131)
Method &lt;project.DAO.DAOPostgres.DatasetDAOPostgres.getDataset(java.lang.String)&gt; has return type &lt;project.MODEL.Dataset&gt; in (DatasetDAOPostgres.java:0)
Method &lt;project.DAO.DAOPostgres.DatasetDAOPostgres.identico(project.MODEL.Dataset)&gt; calls method &lt;project.MODEL.Dataset.getNcolonne()&gt; in (DatasetDAOPostgres.java:176)
Method &lt;project.DAO.DAOPostgres.DatasetDAOPostgres.identico(project.MODEL.Dataset)&gt; calls method &lt;project.MODEL.Dataset.getNrighe()&gt; in (DatasetDAOPostgres.java:175)
Method &lt;project.DAO.DAOPostgres.DatasetDAOPostgres.identico(project.MODEL.Dataset)&gt; calls method &lt;project.MODEL.Dataset.getTitolo()&gt; in (DatasetDAOPostgres.java:174)
Method &lt;project.DAO.DAOPostgres.DatasetDAOPostgres.identico(project.MODEL.Dataset)&gt; calls method &lt;project.MODEL.Dataset.getUrl()&gt; in (DatasetDAOPostgres.java:177)
Method &lt;project.DAO.DAOPostgres.DatasetDAOPostgres.identico(project.MODEL.Dataset)&gt; has parameter of type &lt;project.MODEL.Dataset&gt; in (DatasetDAOPostgres.java:0)
Method &lt;project.DAO.DAOPostgres.DatasetDAOPostgres.insertDataset(project.MODEL.Dataset)&gt; calls method &lt;project.MODEL.Dataset.getDescrizione()&gt; in (DatasetDAOPostgres.java:102)
Method &lt;project.DAO.DAOPostgres.DatasetDAOPostgres.insertDataset(project.MODEL.Dataset)&gt; calls method &lt;project.MODEL.Dataset.getDescrizione()&gt; in (DatasetDAOPostgres.java:105)
Method &lt;project.DAO.DAOPostgres.DatasetDAOPostgres.insertDataset(project.MODEL.Dataset)&gt; calls method &lt;project.MODEL.Dataset.getDoi()&gt; in (DatasetDAOPostgres.java:101)
Method &lt;project.DAO.DAOPostgres.DatasetDAOPostgres.insertDataset(project.MODEL.Dataset)&gt; calls method &lt;project.MODEL.Dataset.getDoi()&gt; in (DatasetDAOPostgres.java:98)
Method &lt;project.DAO.DAOPostgres.DatasetDAOPostgres.insertDataset(project.MODEL.Dataset)&gt; calls method &lt;project.MODEL.Dataset.getNcolonne()&gt; in (DatasetDAOPostgres.java:107)
Method &lt;project.DAO.DAOPostgres.DatasetDAOPostgres.insertDataset(project.MODEL.Dataset)&gt; calls method &lt;project.MODEL.Dataset.getNrighe()&gt; in (DatasetDAOPostgres.java:108)
Method &lt;project.DAO.DAOPostgres.DatasetDAOPostgres.insertDataset(project.MODEL.Dataset)&gt; calls method &lt;project.MODEL.Dataset.getTitolo()&gt; in (DatasetDAOPostgres.java:115)
Method &lt;project.DAO.DAOPostgres.DatasetDAOPostgres.insertDataset(project.MODEL.Dataset)&gt; calls method &lt;project.MODEL.Dataset.getTitolo()&gt; in (DatasetDAOPostgres.java:97)
Method &lt;project.DAO.DAOPostgres.DatasetDAOPostgres.insertDataset(project.MODEL.Dataset)&gt; calls method &lt;project.MODEL.Dataset.getUrl()&gt; in (DatasetDAOPostgres.java:106)
Method &lt;project.DAO.DAOPostgres.DatasetDAOPostgres.insertDataset(project.MODEL.Dataset)&gt; has parameter of type &lt;project.MODEL.Dataset&gt; in (DatasetDAOPostgres.java:0)
Method &lt;project.DAO.DAOPostgres.DatasetDAOPostgres.updateDataset(project.MODEL.Dataset, project.MODEL.Dataset)&gt; calls method &lt;project.MODEL.Dataset.getDescrizione()&gt; in (DatasetDAOPostgres.java:150)
Method &lt;project.DAO.DAOPostgres.DatasetDAOPostgres.updateDataset(project.MODEL.Dataset, project.MODEL.Dataset)&gt; calls method &lt;project.MODEL.Dataset.getDescrizione()&gt; in (DatasetDAOPostgres.java:153)
Method &lt;project.DAO.DAOPostgres.DatasetDAOPostgres.updateDataset(project.MODEL.Dataset, project.MODEL.Dataset)&gt; calls method &lt;project.MODEL.Dataset.getDoi()&gt; in (DatasetDAOPostgres.java:146)
Method &lt;project.DAO.DAOPostgres.DatasetDAOPostgres.updateDataset(project.MODEL.Dataset, project.MODEL.Dataset)&gt; calls method &lt;project.MODEL.Dataset.getDoi()&gt; in (DatasetDAOPostgres.java:149)
Method &lt;project.DAO.DAOPostgres.DatasetDAOPostgres.updateDataset(project.MODEL.Dataset, project.MODEL.Dataset)&gt; calls method &lt;project.MODEL.Dataset.getNcolonne()&gt; in (DatasetDAOPostgres.java:155)
Method &lt;project.DAO.DAOPostgres.DatasetDAOPostgres.updateDataset(project.MODEL.Dataset, project.MODEL.Dataset)&gt; calls method &lt;project.MODEL.Dataset.getNrighe()&gt; in (DatasetDAOPostgres.java:156)
Method &lt;project.DAO.DAOPostgres.DatasetDAOPostgres.updateDataset(project.MODEL.Dataset, project.MODEL.Dataset)&gt; calls method &lt;project.MODEL.Dataset.getTitolo()&gt; in (DatasetDAOPostgres.java:145)
Method &lt;project.DAO.DAOPostgres.DatasetDAOPostgres.updateDataset(project.MODEL.Dataset, project.MODEL.Dataset)&gt; calls method &lt;project.MODEL.Dataset.getTitolo()&gt; in (DatasetDAOPostgres.java:157)
Method &lt;project.DAO.DAOPostgres.DatasetDAOPostgres.updateDataset(project.MODEL.Dataset, project.MODEL.Dataset)&gt; calls method &lt;project.MODEL.Dataset.getTitolo()&gt; in (DatasetDAOPostgres.java:163)
Method &lt;project.DAO.DAOPostgres.DatasetDAOPostgres.updateDataset(project.MODEL.Dataset, project.MODEL.Dataset)&gt; calls method &lt;project.MODEL.Dataset.getUrl()&gt; in (DatasetDAOPostgres.java:154)
Method &lt;project.DAO.DAOPostgres.DatasetDAOPostgres.updateDataset(project.MODEL.Dataset, project.MODEL.Dataset)&gt; has parameter of type &lt;project.MODEL.Dataset&gt; in (DatasetDAOPostgres.java:0)
Method &lt;project.DAO.DAOPostgres.LibroDAOPostgres.deleteLibro(project.MODEL.Libro)&gt; calls method &lt;project.MODEL.Libro.getTitolo()&gt; in (LibroDAOPostgres.java:63)
Method &lt;project.DAO.DAOPostgres.LibroDAOPostgres.deleteLibro(project.MODEL.Libro)&gt; has parameter of type &lt;project.MODEL.Libro&gt; in (LibroDAOPostgres.java:0)
Method &lt;project.DAO.DAOPostgres.LibroDAOPostgres.getLibro(java.lang.String)&gt; calls constructor &lt;project.MODEL.Libro.&lt;init&gt;(java.lang.String, java.lang.String, java.lang.String, java.lang.String, int, java.lang.String, java.lang.String)&gt; in (LibroDAOPostgres.java:148)
Method &lt;project.DAO.DAOPostgres.LibroDAOPostgres.getLibro(java.lang.String)&gt; has return type &lt;project.MODEL.Libro&gt; in (LibroDAOPostgres.java:0)
Method &lt;project.DAO.DAOPostgres.LibroDAOPostgres.identico(project.MODEL.Libro)&gt; calls method &lt;project.MODEL.Libro.getEditore()&gt; in (LibroDAOPostgres.java:198)
Method &lt;project.DAO.DAOPostgres.LibroDAOPostgres.identico(project.MODEL.Libro)&gt; calls method &lt;project.MODEL.Libro.getIsbn()&gt; in (LibroDAOPostgres.java:196)
Method &lt;project.DAO.DAOPostgres.LibroDAOPostgres.identico(project.MODEL.Libro)&gt; calls method &lt;project.MODEL.Libro.getNpagine()&gt; in (LibroDAOPostgres.java:197)
Method &lt;project.DAO.DAOPostgres.LibroDAOPostgres.identico(project.MODEL.Libro)&gt; calls method &lt;project.MODEL.Libro.getTitolo()&gt; in (LibroDAOPostgres.java:195)
Method &lt;project.DAO.DAOPostgres.LibroDAOPostgres.identico(project.MODEL.Libro)&gt; has parameter of type &lt;project.MODEL.Libro&gt; in (LibroDAOPostgres.java:0)
Method &lt;project.DAO.DAOPostgres.LibroDAOPostgres.insertLibro(project.MODEL.Libro)&gt; calls method &lt;project.MODEL.Libro.getDescrizione()&gt; in (LibroDAOPostgres.java:37)
Method &lt;project.DAO.DAOPostgres.LibroDAOPostgres.insertLibro(project.MODEL.Libro)&gt; calls method &lt;project.MODEL.Libro.getDescrizione()&gt; in (LibroDAOPostgres.java:40)
Method &lt;project.DAO.DAOPostgres.LibroDAOPostgres.insertLibro(project.MODEL.Libro)&gt; calls method &lt;project.MODEL.Libro.getDoi()&gt; in (LibroDAOPostgres.java:33)
Method &lt;project.DAO.DAOPostgres.LibroDAOPostgres.insertLibro(project.MODEL.Libro)&gt; calls method &lt;project.MODEL.Libro.getDoi()&gt; in (LibroDAOPostgres.java:36)
Method &lt;project.DAO.DAOPostgres.LibroDAOPostgres.insertLibro(project.MODEL.Libro)&gt; calls method &lt;project.MODEL.Libro.getEditore()&gt; in (LibroDAOPostgres.java:47)
Method &lt;project.DAO.DAOPostgres.LibroDAOPostgres.insertLibro(project.MODEL.Libro)&gt; calls method &lt;project.MODEL.Libro.getGenere()&gt; in (LibroDAOPostgres.java:42)
Method &lt;project.DAO.DAOPostgres.LibroDAOPostgres.insertLibro(project.MODEL.Libro)&gt; calls method &lt;project.MODEL.Libro.getGenere()&gt; in (LibroDAOPostgres.java:45)
Method &lt;project.DAO.DAOPostgres.LibroDAOPostgres.insertLibro(project.MODEL.Libro)&gt; calls method &lt;project.MODEL.Libro.getIsbn()&gt; in (LibroDAOPostgres.java:41)
Method &lt;project.DAO.DAOPostgres.LibroDAOPostgres.insertLibro(project.MODEL.Libro)&gt; calls method &lt;project.MODEL.Libro.getNpagine()&gt; in (LibroDAOPostgres.java:46)
Method &lt;project.DAO.DAOPostgres.LibroDAOPostgres.insertLibro(project.MODEL.Libro)&gt; calls method &lt;project.MODEL.Libro.getTitolo()&gt; in (LibroDAOPostgres.java:32)
Method &lt;project.DAO.DAOPostgres.LibroDAOPostgres.insertLibro(project.MODEL.Libro)&gt; calls method &lt;project.MODEL.Libro.getTitolo()&gt; in (LibroDAOPostgres.java:54)
Method &lt;project.DAO.DAOPostgres.LibroDAOPostgres.insertLibro(project.MODEL.Libro)&gt; has parameter of type &lt;project.MODEL.Libro&gt; in (LibroDAOPostgres.java:0)
Method &lt;project.DAO.DAOPostgres.LibroDAOPostgres.updateLibro(project.MODEL.Libro, project.MODEL.Libro)&gt; calls method &lt;project.MODEL.Libro.getDescrizione()&gt; in (LibroDAOPostgres.java:167)
Method &lt;project.DAO.DAOPostgres.LibroDAOPostgres.updateLibro(project.MODEL.Libro, project.MODEL.Libro)&gt; calls method &lt;project.MODEL.Libro.getDescrizione()&gt; in (LibroDAOPostgres.java:170)
Method &lt;project.DAO.DAOPostgres.LibroDAOPostgres.updateLibro(project.MODEL.Libro, project.MODEL.Libro)&gt; calls method &lt;project.MODEL.Libro.getDoi()&gt; in (LibroDAOPostgres.java:163)
Method &lt;project.DAO.DAOPostgres.LibroDAOPostgres.updateLibro(project.MODEL.Libro, project.MODEL.Libro)&gt; calls method &lt;project.MODEL.Libro.getDoi()&gt; in (LibroDAOPostgres.java:166)
Method &lt;project.DAO.DAOPostgres.LibroDAOPostgres.updateLibro(project.MODEL.Libro, project.MODEL.Libro)&gt; calls method &lt;project.MODEL.Libro.getEditore()&gt; in (LibroDAOPostgres.java:177)
Method &lt;project.DAO.DAOPostgres.LibroDAOPostgres.updateLibro(project.MODEL.Libro, project.MODEL.Libro)&gt; calls method &lt;project.MODEL.Libro.getGenere()&gt; in (LibroDAOPostgres.java:172)
Method &lt;project.DAO.DAOPostgres.LibroDAOPostgres.updateLibro(project.MODEL.Libro, project.MODEL.Libro)&gt; calls method &lt;project.MODEL.Libro.getGenere()&gt; in (LibroDAOPostgres.java:175)
Method &lt;project.DAO.DAOPostgres.LibroDAOPostgres.updateLibro(project.MODEL.Libro, project.MODEL.Libro)&gt; calls method &lt;project.MODEL.Libro.getIsbn()&gt; in (LibroDAOPostgres.java:171)
Method &lt;project.DAO.DAOPostgres.LibroDAOPostgres.updateLibro(project.MODEL.Libro, project.MODEL.Libro)&gt; calls method &lt;project.MODEL.Libro.getNpagine()&gt; in (LibroDAOPostgres.java:176)
Method &lt;project.DAO.DAOPostgres.LibroDAOPostgres.updateLibro(project.MODEL.Libro, project.MODEL.Libro)&gt; calls method &lt;project.MODEL.Libro.getTitolo()&gt; in (LibroDAOPostgres.java:162)
Method &lt;project.DAO.DAOPostgres.LibroDAOPostgres.updateLibro(project.MODEL.Libro, project.MODEL.Libro)&gt; calls method &lt;project.MODEL.Libro.getTitolo()&gt; in (LibroDAOPostgres.java:178)
Method &lt;project.DAO.DAOPostgres.LibroDAOPostgres.updateLibro(project.MODEL.Libro, project.MODEL.Libro)&gt; calls method &lt;project.MODEL.Libro.getTitolo()&gt; in (LibroDAOPostgres.java:184)
Method &lt;project.DAO.DAOPostgres.LibroDAOPostgres.updateLibro(project.MODEL.Libro, project.MODEL.Libro)&gt; has parameter of type &lt;project.MODEL.Libro&gt; in (LibroDAOPostgres.java:0)
Method &lt;project.DAO.DAOPostgres.MaterialeDAOPostgres.eliminaMateriale(project.MODEL.Materiale)&gt; calls method &lt;project.MODEL.Materiale.getTitolo()&gt; in (MaterialeDAOPostgres.java:62)
Method &lt;project.DAO.DAOPostgres.MaterialeDAOPostgres.eliminaMateriale(project.MODEL.Materiale)&gt; calls method &lt;project.MODEL.Materiale.getTitolo()&gt; in (MaterialeDAOPostgres.java:63)
Method &lt;project.DAO.DAOPostgres.MaterialeDAOPostgres.eliminaMateriale(project.MODEL.Materiale)&gt; calls method &lt;project.MODEL.Materiale.getTitolo()&gt; in (MaterialeDAOPostgres.java:64)
Method &lt;project.DAO.DAOPostgres.MaterialeDAOPostgres.eliminaMateriale(project.MODEL.Materiale)&gt; calls method &lt;project.MODEL.Materiale.getTitolo()&gt; in (MaterialeDAOPostgres.java:65)
Method &lt;project.DAO.DAOPostgres.MaterialeDAOPostgres.eliminaMateriale(project.MODEL.Materiale)&gt; calls method &lt;project.MODEL.Materiale.getTitolo()&gt; in (MaterialeDAOPostgres.java:66)
Method &lt;project.DAO.DAOPostgres.MaterialeDAOPostgres.eliminaMateriale(project.MODEL.Materiale)&gt; calls method &lt;project.MODEL.Materiale.getTitolo()&gt; in (MaterialeDAOPostgres.java:67)
Method &lt;project.DAO.DAOPostgres.MaterialeDAOPostgres.eliminaMateriale(project.MODEL.Materiale)&gt; has parameter of type &lt;project.MODEL.Materiale&gt; in (MaterialeDAOPostgres.java:0)
Method &lt;project.DAO.DAOPostgres.MaterialeDAOPostgres.getMateriali()&gt; calls constructor &lt;project.MODEL.Materiale.&lt;init&gt;(java.lang.String, java.lang.String, java.lang.String, java.lang.String, int)&gt; in (MaterialeDAOPostgres.java:98)
Method &lt;project.DAO.DAOPostgres.MaterialeDAOPostgres.getMateriali()&gt; has generic return type &lt;java.util.List&lt;project.MODEL.Materiale&gt;&gt; with type argument depending on &lt;project.MODEL.Materiale&gt; in (MaterialeDAOPostgres.java:0)
Method &lt;project.DAO.DAOPostgres.MaterialeDAOPostgres.getMaterialiDiAutore(java.lang.String)&gt; calls constructor &lt;project.MODEL.Materiale.&lt;init&gt;(java.lang.String, java.lang.String, java.lang.String, java.lang.String)&gt; in (MaterialeDAOPostgres.java:39)
Method &lt;project.DAO.DAOPostgres.MaterialeDAOPostgres.getMaterialiDiAutore(java.lang.String)&gt; has generic return type &lt;java.util.List&lt;project.MODEL.Materiale&gt;&gt; with type argument depending on &lt;project.MODEL.Materiale&gt; in (MaterialeDAOPostgres.java:0)
Method &lt;project.DAO.DAOPostgres.ParolaChiaveDAOPostgres.checkUniqueParolaChiave(project.MODEL.ParolaChiave)&gt; calls method &lt;project.MODEL.ParolaChiave.getParola()&gt; in (ParolaChiaveDAOPostgres.java:25)
Method &lt;project.DAO.DAOPostgres.ParolaChiaveDAOPostgres.checkUniqueParolaChiave(project.MODEL.ParolaChiave)&gt; has parameter of type &lt;project.MODEL.ParolaChiave&gt; in (ParolaChiaveDAOPostgres.java:0)
Method &lt;project.DAO.DAOPostgres.ParolaChiaveDAOPostgres.getParoleAssociate(java.lang.String)&gt; calls constructor &lt;project.MODEL.ParolaChiave.&lt;init&gt;(java.lang.String)&gt; in (ParolaChiaveDAOPostgres.java:75)
Method &lt;project.DAO.DAOPostgres.ParolaChiaveDAOPostgres.getParoleAssociate(java.lang.String)&gt; has generic return type &lt;java.util.List&lt;project.MODEL.ParolaChiave&gt;&gt; with type argument depending on &lt;project.MODEL.ParolaChiave&gt; in (ParolaChiaveDAOPostgres.java:0)
Method &lt;project.DAO.DAOPostgres.ParolaChiaveDAOPostgres.insertParolaChiave(project.MODEL.ParolaChiave)&gt; calls method &lt;project.MODEL.ParolaChiave.getParola()&gt; in (ParolaChiaveDAOPostgres.java:47)
Method &lt;project.DAO.DAOPostgres.ParolaChiaveDAOPostgres.insertParolaChiave(project.MODEL.ParolaChiave)&gt; has parameter of type &lt;project.MODEL.ParolaChiave&gt; in (ParolaChiaveDAOPostgres.java:0)
Method &lt;project.DAO.DAOPostgres.ParolaChiaveDelMaterialeDAOPostgres.checkUniqueAssociazione(project.MODEL.ParolaChiaveDelMateriale)&gt; calls method &lt;project.MODEL.Materiale.getTitolo()&gt; in (ParolaChiaveDelMaterialeDAOPostgres.java:42)
Method &lt;project.DAO.DAOPostgres.ParolaChiaveDelMaterialeDAOPostgres.checkUniqueAssociazione(project.MODEL.ParolaChiaveDelMateriale)&gt; calls method &lt;project.MODEL.ParolaChiave.getParola()&gt; in (ParolaChiaveDelMaterialeDAOPostgres.java:41)
Method &lt;project.DAO.DAOPostgres.ParolaChiaveDelMaterialeDAOPostgres.checkUniqueAssociazione(project.MODEL.ParolaChiaveDelMateriale)&gt; calls method &lt;project.MODEL.ParolaChiaveDelMateriale.getMateriale()&gt; in (ParolaChiaveDelMaterialeDAOPostgres.java:42)
Method &lt;project.DAO.DAOPostgres.ParolaChiaveDelMaterialeDAOPostgres.checkUniqueAssociazione(project.MODEL.ParolaChiaveDelMateriale)&gt; calls method &lt;project.MODEL.ParolaChiaveDelMateriale.getParolaChiave()&gt; in (ParolaChiaveDelMaterialeDAOPostgres.java:41)
Method &lt;project.DAO.DAOPostgres.ParolaChiaveDelMaterialeDAOPostgres.checkUniqueAssociazione(project.MODEL.ParolaChiaveDelMateriale)&gt; has parameter of type &lt;project.MODEL.ParolaChiaveDelMateriale&gt; in (ParolaChiaveDelMaterialeDAOPostgres.java:0)
Method &lt;project.DAO.DAOPostgres.ParolaChiaveDelMaterialeDAOPostgres.eliminaParolaDelMateriale(project.MODEL.ParolaChiaveDelMateriale)&gt; calls method &lt;project.MODEL.Materiale.getTitolo()&gt; in (ParolaChiaveDelMaterialeDAOPostgres.java:65)
Method &lt;project.DAO.DAOPostgres.ParolaChiaveDelMaterialeDAOPostgres.eliminaParolaDelMateriale(project.MODEL.ParolaChiaveDelMateriale)&gt; calls method &lt;project.MODEL.ParolaChiave.getParola()&gt; in (ParolaChiaveDelMaterialeDAOPostgres.java:64)
Method &lt;project.DAO.DAOPostgres.ParolaChiaveDelMaterialeDAOPostgres.eliminaParolaDelMateriale(project.MODEL.ParolaChiaveDelMateriale)&gt; calls method &lt;project.MODEL.ParolaChiave.getParola()&gt; in (ParolaChiaveDelMaterialeDAOPostgres.java:71)
Method &lt;project.DAO.DAOPostgres.ParolaChiaveDelMaterialeDAOPostgres.eliminaParolaDelMateriale(project.MODEL.ParolaChiaveDelMateriale)&gt; calls method &lt;project.MODEL.ParolaChiaveDelMateriale.getMateriale()&gt; in (ParolaChiaveDelMaterialeDAOPostgres.java:65)
Method &lt;project.DAO.DAOPostgres.ParolaChiaveDelMaterialeDAOPostgres.eliminaParolaDelMateriale(project.MODEL.ParolaChiaveDelMateriale)&gt; calls method &lt;project.MODEL.ParolaChiaveDelMateriale.getParolaChiave()&gt; in (ParolaChiaveDelMaterialeDAOPostgres.java:64)
Method &lt;project.DAO.DAOPostgres.ParolaChiaveDelMaterialeDAOPostgres.eliminaParolaDelMateriale(project.MODEL.ParolaChiaveDelMateriale)&gt; calls method &lt;project.MODEL.ParolaChiaveDelMateriale.getParolaChiave()&gt; in (ParolaChiaveDelMaterialeDAOPostgres.java:71)
Method &lt;project.DAO.DAOPostgres.ParolaChiaveDelMaterialeDAOPostgres.eliminaParolaDelMateriale(project.MODEL.ParolaChiaveDelMateriale)&gt; has parameter of type &lt;project.MODEL.ParolaChiaveDelMateriale&gt; in (ParolaChiaveDelMaterialeDAOPostgres.java:0)
Method &lt;project.DAO.DAOPostgres.ParolaChiaveDelMaterialeDAOPostgres.insertAssociazione(project.MODEL.ParolaChiaveDelMateriale)&gt; calls method &lt;project.MODEL.Materiale.getTitolo()&gt; in (ParolaChiaveDelMaterialeDAOPostgres.java:24)
Method &lt;project.DAO.DAOPostgres.ParolaChiaveDelMaterialeDAOPostgres.insertAssociazione(project.MODEL.ParolaChiaveDelMateriale)&gt; calls method &lt;project.MODEL.ParolaChiave.getParola()&gt; in (ParolaChiaveDelMaterialeDAOPostgres.java:23)
Method &lt;project.DAO.DAOPostgres.ParolaChiaveDelMaterialeDAOPostgres.insertAssociazione(project.MODEL.ParolaChiaveDelMateriale)&gt; calls method &lt;project.MODEL.ParolaChiaveDelMateriale.getMateriale()&gt; in (ParolaChiaveDelMaterialeDAOPostgres.java:24)
Method &lt;project.DAO.DAOPostgres.ParolaChiaveDelMaterialeDAOPostgres.insertAssociazione(project.MODEL.ParolaChiaveDelMateriale)&gt; calls method &lt;project.MODEL.ParolaChiaveDelMateriale.getParolaChiave()&gt; in (ParolaChiaveDelMaterialeDAOPostgres.java:23)
Method &lt;project.DAO.DAOPostgres.ParolaChiaveDelMaterialeDAOPostgres.insertAssociazione(project.MODEL.ParolaChiaveDelMateriale)&gt; has parameter of type &lt;project.MODEL.ParolaChiaveDelMateriale&gt; in (ParolaChiaveDelMaterialeDAOPostgres.java:0)
Method &lt;project.DAO.DAOPostgres.RigaTabellaArticoloSuConferenzaDAOPostgres.getArticoliSuConferenza()&gt; calls constructor &lt;project.MODEL.ArticoloSuConferenza.&lt;init&gt;(java.lang.String, java.lang.String, java.lang.String, java.lang.String, project.MODEL.Conferenza, int)&gt; in (RigaTabellaArticoloSuConferenzaDAOPostgres.java:54)
Method &lt;project.DAO.DAOPostgres.RigaTabellaArticoloSuConferenzaDAOPostgres.getArticoliSuConferenza()&gt; calls constructor &lt;project.MODEL.Autore.&lt;init&gt;(java.lang.String, java.lang.String, java.lang.String)&gt; in (RigaTabellaArticoloSuConferenzaDAOPostgres.java:55)
Method &lt;project.DAO.DAOPostgres.RigaTabellaArticoloSuConferenzaDAOPostgres.getArticoliSuConferenza()&gt; calls constructor &lt;project.MODEL.Conferenza.&lt;init&gt;(java.lang.String, java.lang.Integer, java.lang.String, java.lang.String, java.util.Date)&gt; in (RigaTabellaArticoloSuConferenzaDAOPostgres.java:53)
Method &lt;project.DAO.DAOPostgres.RigaTabellaArticoloSuConferenzaDAOPostgres.getArticoliSuConferenza()&gt; calls constructor &lt;project.MODEL.Pubblicazione.&lt;init&gt;(project.MODEL.Autore, project.MODEL.Materiale, java.sql.Date, java.sql.Date)&gt; in (RigaTabellaArticoloSuConferenzaDAOPostgres.java:56)
Method &lt;project.DAO.DAOPostgres.RigaTabellaArticoloSuConferenzaDAOPostgres.getRigaArticoloSuConferenza(java.lang.String)&gt; calls constructor &lt;project.MODEL.ArticoloSuConferenza.&lt;init&gt;(java.lang.String, java.lang.String, java.lang.String, java.lang.String, project.MODEL.Conferenza, int)&gt; in (RigaTabellaArticoloSuConferenzaDAOPostgres.java:103)
Method &lt;project.DAO.DAOPostgres.RigaTabellaArticoloSuConferenzaDAOPostgres.getRigaArticoloSuConferenza(java.lang.String)&gt; calls constructor &lt;project.MODEL.Autore.&lt;init&gt;(java.lang.String, java.lang.String, java.lang.String)&gt; in (RigaTabellaArticoloSuConferenzaDAOPostgres.java:104)
Method &lt;project.DAO.DAOPostgres.RigaTabellaArticoloSuConferenzaDAOPostgres.getRigaArticoloSuConferenza(java.lang.String)&gt; calls constructor &lt;project.MODEL.Conferenza.&lt;init&gt;(java.lang.String, java.lang.Integer, java.lang.String, java.lang.String, java.util.Date)&gt; in (RigaTabellaArticoloSuConferenzaDAOPostgres.java:102)
Method &lt;project.DAO.DAOPostgres.RigaTabellaArticoloSuConferenzaDAOPostgres.getRigaArticoloSuConferenza(java.lang.String)&gt; calls constructor &lt;project.MODEL.Pubblicazione.&lt;init&gt;(project.MODEL.Autore, project.MODEL.Materiale, java.sql.Date, java.sql.Date)&gt; in (RigaTabellaArticoloSuConferenzaDAOPostgres.java:105)
Method &lt;project.DAO.DAOPostgres.RigaTabellaArticoloSuRivistaDAOPostgres.getArticoliSuRivista()&gt; calls constructor &lt;project.MODEL.ArticoloSuRivista.&lt;init&gt;(java.lang.String, java.lang.String, java.lang.String, java.lang.String, project.MODEL.Rivista, int)&gt; in (RigaTabellaArticoloSuRivistaDAOPostgres.java:56)
Method &lt;project.DAO.DAOPostgres.RigaTabellaArticoloSuRivistaDAOPostgres.getArticoliSuRivista()&gt; calls constructor &lt;project.MODEL.Autore.&lt;init&gt;(java.lang.String, java.lang.String, java.lang.String)&gt; in (RigaTabellaArticoloSuRivistaDAOPostgres.java:57)
Method &lt;project.DAO.DAOPostgres.RigaTabellaArticoloSuRivistaDAOPostgres.getArticoliSuRivista()&gt; calls constructor &lt;project.MODEL.Pubblicazione.&lt;init&gt;(project.MODEL.Autore, project.MODEL.Materiale, java.sql.Date, java.sql.Date)&gt; in (RigaTabellaArticoloSuRivistaDAOPostgres.java:58)
Method &lt;project.DAO.DAOPostgres.RigaTabellaArticoloSuRivistaDAOPostgres.getArticoliSuRivista()&gt; calls constructor &lt;project.MODEL.Rivista.&lt;init&gt;(java.lang.String, java.lang.String, java.lang.String, java.lang.String)&gt; in (RigaTabellaArticoloSuRivistaDAOPostgres.java:55)
Method &lt;project.DAO.DAOPostgres.RigaTabellaArticoloSuRivistaDAOPostgres.getRigaArticoloSuRivista(java.lang.String)&gt; calls constructor &lt;project.MODEL.ArticoloSuRivista.&lt;init&gt;(java.lang.String, java.lang.String, java.lang.String, java.lang.String, project.MODEL.Rivista, int)&gt; in (RigaTabellaArticoloSuRivistaDAOPostgres.java:105)
Method &lt;project.DAO.DAOPostgres.RigaTabellaArticoloSuRivistaDAOPostgres.getRigaArticoloSuRivista(java.lang.String)&gt; calls constructor &lt;project.MODEL.Autore.&lt;init&gt;(java.lang.String, java.lang.String, java.lang.String)&gt; in (RigaTabellaArticoloSuRivistaDAOPostgres.java:106)
Method &lt;project.DAO.DAOPostgres.RigaTabellaArticoloSuRivistaDAOPostgres.getRigaArticoloSuRivista(java.lang.String)&gt; calls constructor &lt;project.MODEL.Pubblicazione.&lt;init&gt;(project.MODEL.Autore, project.MODEL.Materiale, java.sql.Date, java.sql.Date)&gt; in (RigaTabellaArticoloSuRivistaDAOPostgres.java:107)
Method &lt;project.DAO.DAOPostgres.RigaTabellaArticoloSuRivistaDAOPostgres.getRigaArticoloSuRivista(java.lang.String)&gt; calls constructor &lt;project.MODEL.Rivista.&lt;init&gt;(java.lang.String, java.lang.String, java.lang.String, java.lang.String)&gt; in (RigaTabellaArticoloSuRivistaDAOPostgres.java:104)
Method &lt;project.DAO.DAOPostgres.RigaTabellaDatasetDAOPostgres.getDataset()&gt; calls constructor &lt;project.MODEL.Autore.&lt;init&gt;(java.lang.String, java.lang.String, java.lang.String)&gt; in (RigaTabellaDatasetDAOPostgres.java:53)
Method &lt;project.DAO.DAOPostgres.RigaTabellaDatasetDAOPostgres.getDataset()&gt; calls constructor &lt;project.MODEL.Dataset.&lt;init&gt;(java.lang.String, java.lang.String, java.lang.String, int, int, java.lang.String, int)&gt; in (RigaTabellaDatasetDAOPostgres.java:52)
Method &lt;project.DAO.DAOPostgres.RigaTabellaDatasetDAOPostgres.getDataset()&gt; calls constructor &lt;project.MODEL.Pubblicazione.&lt;init&gt;(project.MODEL.Autore, project.MODEL.Materiale, java.sql.Date, java.sql.Date)&gt; in (RigaTabellaDatasetDAOPostgres.java:54)
Method &lt;project.DAO.DAOPostgres.RigaTabellaDatasetDAOPostgres.getRigaDataset(java.lang.String)&gt; calls constructor &lt;project.MODEL.Autore.&lt;init&gt;(java.lang.String, java.lang.String, java.lang.String)&gt; in (RigaTabellaDatasetDAOPostgres.java:99)
Method &lt;project.DAO.DAOPostgres.RigaTabellaDatasetDAOPostgres.getRigaDataset(java.lang.String)&gt; calls constructor &lt;project.MODEL.Dataset.&lt;init&gt;(java.lang.String, java.lang.String, java.lang.String, int, int, java.lang.String, int)&gt; in (RigaTabellaDatasetDAOPostgres.java:98)
Method &lt;project.DAO.DAOPostgres.RigaTabellaDatasetDAOPostgres.getRigaDataset(java.lang.String)&gt; calls constructor &lt;project.MODEL.Pubblicazione.&lt;init&gt;(project.MODEL.Autore, project.MODEL.Materiale, java.sql.Date, java.sql.Date)&gt; in (RigaTabellaDatasetDAOPostgres.java:100)
Method &lt;project.DAO.DAOPostgres.RigaTabellaLibroDAOPostgres.getLibri()&gt; calls constructor &lt;project.MODEL.Autore.&lt;init&gt;(java.lang.String, java.lang.String, java.lang.String)&gt; in (RigaTabellaLibroDAOPostgres.java:96)
Method &lt;project.DAO.DAOPostgres.RigaTabellaLibroDAOPostgres.getLibri()&gt; calls constructor &lt;project.MODEL.Libro.&lt;init&gt;(java.lang.String, java.lang.String, java.lang.String, java.lang.String, int, java.lang.String, java.lang.String, int)&gt; in (RigaTabellaLibroDAOPostgres.java:95)
Method &lt;project.DAO.DAOPostgres.RigaTabellaLibroDAOPostgres.getLibri()&gt; calls constructor &lt;project.MODEL.Pubblicazione.&lt;init&gt;(project.MODEL.Autore, project.MODEL.Materiale, java.sql.Date, java.sql.Date)&gt; in (RigaTabellaLibroDAOPostgres.java:97)
Method &lt;project.DAO.DAOPostgres.RigaTabellaLibroDAOPostgres.getRigaLibro(java.lang.String)&gt; calls constructor &lt;project.MODEL.Autore.&lt;init&gt;(java.lang.String, java.lang.String, java.lang.String)&gt; in (RigaTabellaLibroDAOPostgres.java:54)
Method &lt;project.DAO.DAOPostgres.RigaTabellaLibroDAOPostgres.getRigaLibro(java.lang.String)&gt; calls constructor &lt;project.MODEL.Libro.&lt;init&gt;(java.lang.String, java.lang.String, java.lang.String, java.lang.String, int, java.lang.String, java.lang.String, int)&gt; in (RigaTabellaLibroDAOPostgres.java:53)
Method &lt;project.DAO.DAOPostgres.RigaTabellaLibroDAOPostgres.getRigaLibro(java.lang.String)&gt; calls constructor &lt;project.MODEL.Pubblicazione.&lt;init&gt;(project.MODEL.Autore, project.MODEL.Materiale, java.sql.Date, java.sql.Date)&gt; in (RigaTabellaLibroDAOPostgres.java:55)
Method &lt;project.DAO.DAOPostgres.RigaTabellaMaterialeDAOPostgres.getRigheMateriali()&gt; calls constructor &lt;project.MODEL.Autore.&lt;init&gt;(java.lang.String, java.lang.String, java.lang.String)&gt; in (RigaTabellaMaterialeDAOPostgres.java:55)
Method &lt;project.DAO.DAOPostgres.RigaTabellaMaterialeDAOPostgres.getRigheMateriali()&gt; calls constructor &lt;project.MODEL.Materiale.&lt;init&gt;(java.lang.String, java.lang.String, java.lang.String, java.lang.String, int)&gt; in (RigaTabellaMaterialeDAOPostgres.java:54)
Method &lt;project.DAO.DAOPostgres.RigaTabellaMaterialeDAOPostgres.getRigheMateriali()&gt; calls constructor &lt;project.MODEL.Pubblicazione.&lt;init&gt;(project.MODEL.Autore, project.MODEL.Materiale, java.sql.Date, java.sql.Date)&gt; in (RigaTabellaMaterialeDAOPostgres.java:56)
Method &lt;project.DAO.DAOPostgres.RigaTabellaMaterialeDAOPostgres.getRigheRicerca(project.struttureDiAppoggio.Ricerca)&gt; calls constructor &lt;project.MODEL.Autore.&lt;init&gt;(java.lang.String, java.lang.String, java.lang.String)&gt; in (RigaTabellaMaterialeDAOPostgres.java:177)
Method &lt;project.DAO.DAOPostgres.RigaTabellaMaterialeDAOPostgres.getRigheRicerca(project.struttureDiAppoggio.Ricerca)&gt; calls constructor &lt;project.MODEL.Materiale.&lt;init&gt;(java.lang.String, java.lang.String, java.lang.String, java.lang.String, int)&gt; in (RigaTabellaMaterialeDAOPostgres.java:176)
Method &lt;project.DAO.DAOPostgres.RigaTabellaMaterialeDAOPostgres.getRigheRicerca(project.struttureDiAppoggio.Ricerca)&gt; calls constructor &lt;project.MODEL.Pubblicazione.&lt;init&gt;(project.MODEL.Autore, project.MODEL.Materiale, java.sql.Date, java.sql.Date)&gt; in (RigaTabellaMaterialeDAOPostgres.java:178)
Method &lt;project.DAO.DAOPostgres.RigaTabellaRisorsaOnlineDAOPostgres.getRigaRisorsaOnline(java.lang.String)&gt; calls constructor &lt;project.MODEL.Autore.&lt;init&gt;(java.lang.String, java.lang.String, java.lang.String)&gt; in (RigaTabellaRisorsaOnlineDAOPostgres.java:100)
Method &lt;project.DAO.DAOPostgres.RigaTabellaRisorsaOnlineDAOPostgres.getRigaRisorsaOnline(java.lang.String)&gt; calls constructor &lt;project.MODEL.Pubblicazione.&lt;init&gt;(project.MODEL.Autore, project.MODEL.Materiale, java.sql.Date, java.sql.Date)&gt; in (RigaTabellaRisorsaOnlineDAOPostgres.java:101)
Method &lt;project.DAO.DAOPostgres.RigaTabellaRisorsaOnlineDAOPostgres.getRigaRisorsaOnline(java.lang.String)&gt; calls constructor &lt;project.MODEL.RisorsaOnline.&lt;init&gt;(java.lang.String, java.lang.String, java.lang.String, java.lang.String, int)&gt; in (RigaTabellaRisorsaOnlineDAOPostgres.java:99)
Method &lt;project.DAO.DAOPostgres.RigaTabellaRisorsaOnlineDAOPostgres.getRisorsaOnline()&gt; calls constructor &lt;project.MODEL.Autore.&lt;init&gt;(java.lang.String, java.lang.String, java.lang.String)&gt; in (RigaTabellaRisorsaOnlineDAOPostgres.java:53)
Method &lt;project.DAO.DAOPostgres.RigaTabellaRisorsaOnlineDAOPostgres.getRisorsaOnline()&gt; calls constructor &lt;project.MODEL.Pubblicazione.&lt;init&gt;(project.MODEL.Autore, project.MODEL.Materiale, java.sql.Date, java.sql.Date)&gt; in (RigaTabellaRisorsaOnlineDAOPostgres.java:54)
Method &lt;project.DAO.DAOPostgres.RigaTabellaRisorsaOnlineDAOPostgres.getRisorsaOnline()&gt; calls constructor &lt;project.MODEL.RisorsaOnline.&lt;init&gt;(java.lang.String, java.lang.String, java.lang.String, java.lang.String, int)&gt; in (RigaTabellaRisorsaOnlineDAOPostgres.java:52)
Method &lt;project.DAO.DAOPostgres.RisorsaOnlineDAOPostgres.getRisorsaOnline(java.lang.String)&gt; calls constructor &lt;project.MODEL.RisorsaOnline.&lt;init&gt;(java.lang.String, java.lang.String, java.lang.String, java.lang.String)&gt; in (RisorsaOnlineDAOPostgres.java:134)
Method &lt;project.DAO.DAOPostgres.RisorsaOnlineDAOPostgres.getRisorsaOnline(java.lang.String)&gt; has return type &lt;project.MODEL.RisorsaOnline&gt; in (RisorsaOnlineDAOPostgres.java:0)
Method &lt;project.DAO.DAOPostgres.RisorsaOnlineDAOPostgres.identico(project.MODEL.RisorsaOnline)&gt; calls method &lt;project.MODEL.RisorsaOnline.getTitolo()&gt; in (RisorsaOnlineDAOPostgres.java:178)
Method &lt;project.DAO.DAOPostgres.RisorsaOnlineDAOPostgres.identico(project.MODEL.RisorsaOnline)&gt; calls method &lt;project.MODEL.RisorsaOnline.getUrl()&gt; in (RisorsaOnlineDAOPostgres.java:179)
Method &lt;project.DAO.DAOPostgres.RisorsaOnlineDAOPostgres.identico(project.MODEL.RisorsaOnline)&gt; has parameter of type &lt;project.MODEL.RisorsaOnline&gt; in (RisorsaOnlineDAOPostgres.java:0)
Method &lt;project.DAO.DAOPostgres.RisorsaOnlineDAOPostgres.insertRisorsaOnline(project.MODEL.RisorsaOnline)&gt; calls method &lt;project.MODEL.RisorsaOnline.getDescrizione()&gt; in (RisorsaOnlineDAOPostgres.java:106)
Method &lt;project.DAO.DAOPostgres.RisorsaOnlineDAOPostgres.insertRisorsaOnline(project.MODEL.RisorsaOnline)&gt; calls method &lt;project.MODEL.RisorsaOnline.getDescrizione()&gt; in (RisorsaOnlineDAOPostgres.java:109)
Method &lt;project.DAO.DAOPostgres.RisorsaOnlineDAOPostgres.insertRisorsaOnline(project.MODEL.RisorsaOnline)&gt; calls method &lt;project.MODEL.RisorsaOnline.getDoi()&gt; in (RisorsaOnlineDAOPostgres.java:102)
Method &lt;project.DAO.DAOPostgres.RisorsaOnlineDAOPostgres.insertRisorsaOnline(project.MODEL.RisorsaOnline)&gt; calls method &lt;project.MODEL.RisorsaOnline.getDoi()&gt; in (RisorsaOnlineDAOPostgres.java:105)
Method &lt;project.DAO.DAOPostgres.RisorsaOnlineDAOPostgres.insertRisorsaOnline(project.MODEL.RisorsaOnline)&gt; calls method &lt;project.MODEL.RisorsaOnline.getTitolo()&gt; in (RisorsaOnlineDAOPostgres.java:101)
Method &lt;project.DAO.DAOPostgres.RisorsaOnlineDAOPostgres.insertRisorsaOnline(project.MODEL.RisorsaOnline)&gt; calls method &lt;project.MODEL.RisorsaOnline.getTitolo()&gt; in (RisorsaOnlineDAOPostgres.java:117)
Method &lt;project.DAO.DAOPostgres.RisorsaOnlineDAOPostgres.insertRisorsaOnline(project.MODEL.RisorsaOnline)&gt; calls method &lt;project.MODEL.RisorsaOnline.getUrl()&gt; in (RisorsaOnlineDAOPostgres.java:110)
Method &lt;project.DAO.DAOPostgres.RisorsaOnlineDAOPostgres.insertRisorsaOnline(project.MODEL.RisorsaOnline)&gt; has parameter of type &lt;project.MODEL.RisorsaOnline&gt; in (RisorsaOnlineDAOPostgres.java:0)
Method &lt;project.DAO.DAOPostgres.RisorsaOnlineDAOPostgres.updateRisorsaOnline(project.MODEL.RisorsaOnline, project.MODEL.RisorsaOnline)&gt; calls method &lt;project.MODEL.RisorsaOnline.getDescrizione()&gt; in (RisorsaOnlineDAOPostgres.java:154)
Method &lt;project.DAO.DAOPostgres.RisorsaOnlineDAOPostgres.updateRisorsaOnline(project.MODEL.RisorsaOnline, project.MODEL.RisorsaOnline)&gt; calls method &lt;project.MODEL.RisorsaOnline.getDescrizione()&gt; in (RisorsaOnlineDAOPostgres.java:157)
Method &lt;project.DAO.DAOPostgres.RisorsaOnlineDAOPostgres.updateRisorsaOnline(project.MODEL.RisorsaOnline, project.MODEL.RisorsaOnline)&gt; calls method &lt;project.MODEL.RisorsaOnline.getDoi()&gt; in (RisorsaOnlineDAOPostgres.java:150)
Method &lt;project.DAO.DAOPostgres.RisorsaOnlineDAOPostgres.updateRisorsaOnline(project.MODEL.RisorsaOnline, project.MODEL.RisorsaOnline)&gt; calls method &lt;project.MODEL.RisorsaOnline.getDoi()&gt; in (RisorsaOnlineDAOPostgres.java:153)
Method &lt;project.DAO.DAOPostgres.RisorsaOnlineDAOPostgres.updateRisorsaOnline(project.MODEL.RisorsaOnline, project.MODEL.RisorsaOnline)&gt; calls method &lt;project.MODEL.RisorsaOnline.getTitolo()&gt; in (RisorsaOnlineDAOPostgres.java:149)
Method &lt;project.DAO.DAOPostgres.RisorsaOnlineDAOPostgres.updateRisorsaOnline(project.MODEL.RisorsaOnline, project.MODEL.RisorsaOnline)&gt; calls method &lt;project.MODEL.RisorsaOnline.getTitolo()&gt; in (RisorsaOnlineDAOPostgres.java:159)
Method &lt;project.DAO.DAOPostgres.RisorsaOnlineDAOPostgres.updateRisorsaOnline(project.MODEL.RisorsaOnline, project.MODEL.RisorsaOnline)&gt; calls method &lt;project.MODEL.RisorsaOnline.getTitolo()&gt; in (RisorsaOnlineDAOPostgres.java:165)
Method &lt;project.DAO.DAOPostgres.RisorsaOnlineDAOPostgres.updateRisorsaOnline(project.MODEL.RisorsaOnline, project.MODEL.RisorsaOnline)&gt; calls method &lt;project.MODEL.RisorsaOnline.getUrl()&gt; in (RisorsaOnlineDAOPostgres.java:158)
Method &lt;project.DAO.DAOPostgres.RisorsaOnlineDAOPostgres.updateRisorsaOnline(project.MODEL.RisorsaOnline, project.MODEL.RisorsaOnline)&gt; has parameter of type &lt;project.MODEL.RisorsaOnline&gt; in (RisorsaOnlineDAOPostgres.java:0)
Method &lt;project.DAO.DAOPostgres.RivistaDAOPostgres.checkUniqueISSNRivista(project.MODEL.Rivista)&gt; calls method &lt;project.MODEL.Rivista.getIssn()&gt; in (RivistaDAOPostgres.java:26)
Method &lt;project.DAO.DAOPostgres.RivistaDAOPostgres.checkUniqueISSNRivista(project.MODEL.Rivista)&gt; has parameter of type &lt;project.MODEL.Rivista&gt; in (RivistaDAOPostgres.java:0)
Method &lt;project.DAO.DAOPostgres.RivistaDAOPostgres.checkUniqueTitoloRivista(project.MODEL.Rivista)&gt; calls method &lt;project.MODEL.Rivista.getTitolo()&gt; in (RivistaDAOPostgres.java:49)
Method &lt;project.DAO.DAOPostgres.RivistaDAOPostgres.checkUniqueTitoloRivista(project.MODEL.Rivista)&gt; has parameter of type &lt;project.MODEL.Rivista&gt; in (RivistaDAOPostgres.java:0)
Method &lt;project.DAO.DAOPostgres.RivistaDAOPostgres.getRivistaByArticolo(java.lang.String)&gt; calls constructor &lt;project.MODEL.Rivista.&lt;init&gt;(java.lang.String, java.lang.String, java.lang.String, java.lang.String)&gt; in (RivistaDAOPostgres.java:106)
Method &lt;project.DAO.DAOPostgres.RivistaDAOPostgres.getRivistaByArticolo(java.lang.String)&gt; calls method &lt;project.MODEL.Rivista.getPeriodicita()&gt; in (RivistaDAOPostgres.java:108)
Method &lt;project.DAO.DAOPostgres.RivistaDAOPostgres.getRivistaByArticolo(java.lang.String)&gt; calls method &lt;project.MODEL.Rivista.getPeriodicita()&gt; in (RivistaDAOPostgres.java:111)
Method &lt;project.DAO.DAOPostgres.RivistaDAOPostgres.getRivistaByArticolo(java.lang.String)&gt; has return type &lt;project.MODEL.Rivista&gt; in (RivistaDAOPostgres.java:0)
Method &lt;project.DAO.DAOPostgres.RivistaDAOPostgres.insertRivista(project.MODEL.Rivista)&gt; calls method &lt;project.MODEL.Rivista.getEditore()&gt; in (RivistaDAOPostgres.java:76)
Method &lt;project.DAO.DAOPostgres.RivistaDAOPostgres.insertRivista(project.MODEL.Rivista)&gt; calls method &lt;project.MODEL.Rivista.getEditore()&gt; in (RivistaDAOPostgres.java:79)
Method &lt;project.DAO.DAOPostgres.RivistaDAOPostgres.insertRivista(project.MODEL.Rivista)&gt; calls method &lt;project.MODEL.Rivista.getIssn()&gt; in (RivistaDAOPostgres.java:80)
Method &lt;project.DAO.DAOPostgres.RivistaDAOPostgres.insertRivista(project.MODEL.Rivista)&gt; calls method &lt;project.MODEL.Rivista.getPeriodicita()&gt; in (RivistaDAOPostgres.java:81)
Method &lt;project.DAO.DAOPostgres.RivistaDAOPostgres.insertRivista(project.MODEL.Rivista)&gt; calls method &lt;project.MODEL.Rivista.getPeriodicita()&gt; in (RivistaDAOPostgres.java:84)
Method &lt;project.DAO.DAOPostgres.RivistaDAOPostgres.insertRivista(project.MODEL.Rivista)&gt; calls method &lt;project.MODEL.Rivista.getTitolo()&gt; in (RivistaDAOPostgres.java:72)
Method &lt;project.DAO.DAOPostgres.RivistaDAOPostgres.insertRivista(project.MODEL.Rivista)&gt; calls method &lt;project.MODEL.Rivista.getTitolo()&gt; in (RivistaDAOPostgres.java:75)
Method &lt;project.DAO.DAOPostgres.RivistaDAOPostgres.insertRivista(project.MODEL.Rivista)&gt; has parameter of type &lt;project.MODEL.Rivista&gt; in (RivistaDAOPostgres.java:0)
Method &lt;project.DAO.DAOPostgres.RivistaDAOPostgres.updateRivista(project.MODEL.Rivista, project.MODEL.Rivista)&gt; calls method &lt;project.MODEL.Rivista.getEditore()&gt; in (RivistaDAOPostgres.java:127)
Method &lt;project.DAO.DAOPostgres.RivistaDAOPostgres.updateRivista(project.MODEL.Rivista, project.MODEL.Rivista)&gt; calls method &lt;project.MODEL.Rivista.getIssn()&gt; in (RivistaDAOPostgres.java:126)
Method &lt;project.DAO.DAOPostgres.RivistaDAOPostgres.updateRivista(project.MODEL.Rivista, project.MODEL.Rivista)&gt; calls method &lt;project.MODEL.Rivista.getIssn()&gt; in (RivistaDAOPostgres.java:129)
Method &lt;project.DAO.DAOPostgres.RivistaDAOPostgres.updateRivista(project.MODEL.Rivista, project.MODEL.Rivista)&gt; calls method &lt;project.MODEL.Rivista.getPeriodicita()&gt; in (RivistaDAOPostgres.java:128)
Method &lt;project.DAO.DAOPostgres.RivistaDAOPostgres.updateRivista(project.MODEL.Rivista, project.MODEL.Rivista)&gt; calls method &lt;project.MODEL.Rivista.getTitolo()&gt; in (RivistaDAOPostgres.java:125)
Method &lt;project.DAO.DAOPostgres.RivistaDAOPostgres.updateRivista(project.MODEL.Rivista, project.MODEL.Rivista)&gt; calls method &lt;project.MODEL.Rivista.getTitolo()&gt; in (RivistaDAOPostgres.java:134)
Method &lt;project.DAO.DAOPostgres.RivistaDAOPostgres.updateRivista(project.MODEL.Rivista, project.MODEL.Rivista)&gt; has parameter of type &lt;project.MODEL.Rivista&gt; in (RivistaDAOPostgres.java:0)
Method &lt;project.DAO.DatasetDAO.getDataset(java.lang.String)&gt; has return type &lt;project.MODEL.Dataset&gt; in (DatasetDAO.java:0)
Method &lt;project.DAO.DatasetDAO.identico(project.MODEL.Dataset)&gt; has parameter of type &lt;project.MODEL.Dataset&gt; in (DatasetDAO.java:0)
Method &lt;project.DAO.DatasetDAO.insertDataset(project.MODEL.Dataset)&gt; has parameter of type &lt;project.MODEL.Dataset&gt; in (DatasetDAO.java:0)
Method &lt;project.DAO.DatasetDAO.updateDataset(project.MODEL.Dataset, project.MODEL.Dataset)&gt; has parameter of type &lt;project.MODEL.Dataset&gt; in (DatasetDAO.java:0)
Method &lt;project.DAO.LibroDAO.deleteLibro(project.MODEL.Libro)&gt; has parameter of type &lt;project.MODEL.Libro&gt; in (LibroDAO.java:0)
Method &lt;project.DAO.LibroDAO.getLibro(java.lang.String)&gt; has return type &lt;project.MODEL.Libro&gt; in (LibroDAO.java:0)
Method &lt;project.DAO.LibroDAO.identico(project.MODEL.Libro)&gt; has parameter of type &lt;project.MODEL.Libro&gt; in (LibroDAO.java:0)
Method &lt;project.DAO.LibroDAO.insertLibro(project.MODEL.Libro)&gt; has parameter of type &lt;project.MODEL.Libro&gt; in (LibroDAO.java:0)
Method &lt;project.DAO.LibroDAO.updateLibro(project.MODEL.Libro, project.MODEL.Libro)&gt; has parameter of type &lt;project.MODEL.Libro&gt; in (LibroDAO.java:0)
Method &lt;project.DAO.MaterialeDAO.eliminaMateriale(project.MODEL.Materiale)&gt; has parameter of type &lt;project.MODEL.Materiale&gt; in (MaterialeDAO.java:0)
Method &lt;project.DAO.MaterialeDAO.getMateriali()&gt; has generic return type &lt;java.util.List&lt;project.MODEL.Materiale&gt;&gt; with type argument depending on &lt;project.MODEL.Materiale&gt; in (MaterialeDAO.java:0)
Method &lt;project.DAO.MaterialeDAO.getMaterialiDiAutore(java.lang.String)&gt; has generic return type &lt;java.util.List&lt;project.MODEL.Materiale&gt;&gt; with type argument depending on &lt;project.MODEL.Materiale&gt; in (MaterialeDAO.java:0)
Method &lt;project.DAO.ParolaChiaveDAO.checkUniqueParolaChiave(project.MODEL.ParolaChiave)&gt; has parameter of type &lt;project.MODEL.ParolaChiave&gt; in (ParolaChiaveDAO.java:0)
Method &lt;project.DAO.ParolaChiaveDAO.getParoleAssociate(java.lang.String)&gt; has generic return type &lt;java.util.List&lt;project.MODEL.ParolaChiave&gt;&gt; with type argument depending on &lt;project.MODEL.ParolaChiave&gt; in (ParolaChiaveDAO.java:0)
Method &lt;project.DAO.ParolaChiaveDAO.insertParolaChiave(project.MODEL.ParolaChiave)&gt; has parameter of type &lt;project.MODEL.ParolaChiave&gt; in (ParolaChiaveDAO.java:0)
Method &lt;project.DAO.ParolaChiaveDelMaterialeDAO.checkUniqueAssociazione(project.MODEL.ParolaChiaveDelMateriale)&gt; has parameter of type &lt;project.MODEL.ParolaChiaveDelMateriale&gt; in (ParolaChiaveDelMaterialeDAO.java:0)
Method &lt;project.DAO.ParolaChiaveDelMaterialeDAO.eliminaParolaDelMateriale(project.MODEL.ParolaChiaveDelMateriale)&gt; has parameter of type &lt;project.MODEL.ParolaChiaveDelMateriale&gt; in (ParolaChiaveDelMaterialeDAO.java:0)
Method &lt;project.DAO.ParolaChiaveDelMaterialeDAO.insertAssociazione(project.MODEL.ParolaChiaveDelMateriale)&gt; has parameter of type &lt;project.MODEL.ParolaChiaveDelMateriale&gt; in (ParolaChiaveDelMaterialeDAO.java:0)
Method &lt;project.DAO.RisorsaOnlineDAO.getRisorsaOnline(java.lang.String)&gt; has return type &lt;project.MODEL.RisorsaOnline&gt; in (RisorsaOnlineDAO.java:0)
Method &lt;project.DAO.RisorsaOnlineDAO.identico(project.MODEL.RisorsaOnline)&gt; has parameter of type &lt;project.MODEL.RisorsaOnline&gt; in (RisorsaOnlineDAO.java:0)
Method &lt;project.DAO.RisorsaOnlineDAO.insertRisorsaOnline(project.MODEL.RisorsaOnline)&gt; has parameter of type &lt;project.MODEL.RisorsaOnline&gt; in (RisorsaOnlineDAO.java:0)
Method &lt;project.DAO.RisorsaOnlineDAO.updateRisorsaOnline(project.MODEL.RisorsaOnline, project.MODEL.RisorsaOnline)&gt; has parameter of type &lt;project.MODEL.RisorsaOnline&gt; in (RisorsaOnlineDAO.java:0)
Method &lt;project.DAO.RivistaDAO.checkUniqueISSNRivista(project.MODEL.Rivista)&gt; has parameter of type &lt;project.MODEL.Rivista&gt; in (RivistaDAO.java:0)
Method &lt;project.DAO.RivistaDAO.checkUniqueTitoloRivista(project.MODEL.Rivista)&gt; has parameter of type &lt;project.MODEL.Rivista&gt; in (RivistaDAO.java:0)
Method &lt;project.DAO.RivistaDAO.getRivistaByArticolo(java.lang.String)&gt; has return type &lt;project.MODEL.Rivista&gt; in (RivistaDAO.java:0)
Method &lt;project.DAO.RivistaDAO.insertRivista(project.MODEL.Rivista)&gt; has parameter of type &lt;project.MODEL.Rivista&gt; in (RivistaDAO.java:0)
Method &lt;project.DAO.RivistaDAO.updateRivista(project.MODEL.Rivista, project.MODEL.Rivista)&gt; has parameter of type &lt;project.MODEL.Rivista&gt; in (RivistaDAO.java:0)
Method &lt;project.VIEW.AggiungiAGerarchiaEsistenteDaModificaGUI$1.actionPerformed(java.awt.event.ActionEvent)&gt; calls method &lt;project.MODEL.Categoria.getNome()&gt; in (AggiungiAGerarchiaEsistenteDaModificaGUI.java:94)
Method &lt;project.VIEW.AggiungiCategoriaAGerarchiaDaModificaGUI$1.actionPerformed(java.awt.event.ActionEvent)&gt; calls constructor &lt;project.MODEL.Categoria.&lt;init&gt;(java.lang.String)&gt; in (AggiungiCategoriaAGerarchiaDaModificaGUI.java:82)
Method &lt;project.VIEW.AggiungiCategoriaAGerarchiaDaModificaGUI$1.actionPerformed(java.awt.event.ActionEvent)&gt; calls method &lt;project.MODEL.Categoria.setSupercategoria(project.MODEL.Categoria)&gt; in (AggiungiCategoriaAGerarchiaDaModificaGUI.java:83)
Method &lt;project.VIEW.AggiungiCategoriaEsistenteDaModificaGUI$1.actionPerformed(java.awt.event.ActionEvent)&gt; calls method &lt;project.MODEL.Categoria.getNome()&gt; in (AggiungiCategoriaEsistenteDaModificaGUI.java:96)
Method &lt;project.VIEW.AggiungiGerarchiaNuovaDaModificaGUI$1.actionPerformed(java.awt.event.ActionEvent)&gt; calls constructor &lt;project.MODEL.Categoria.&lt;init&gt;(java.lang.String)&gt; in (AggiungiGerarchiaNuovaDaModificaGUI.java:82)
Method &lt;project.VIEW.AggiuntaAGerarchiaEsistenteGUI$1.actionPerformed(java.awt.event.ActionEvent)&gt; calls method &lt;project.MODEL.Categoria.getNome()&gt; in (AggiuntaAGerarchiaEsistenteGUI.java:94)
Method &lt;project.VIEW.AggiuntaCategoriaAGerarchiaGUI$1.actionPerformed(java.awt.event.ActionEvent)&gt; calls constructor &lt;project.MODEL.Categoria.&lt;init&gt;(java.lang.String)&gt; in (AggiuntaCategoriaAGerarchiaGUI.java:82)
Method &lt;project.VIEW.AggiuntaCategoriaAGerarchiaGUI$1.actionPerformed(java.awt.event.ActionEvent)&gt; calls method &lt;project.MODEL.Categoria.setSupercategoria(project.MODEL.Categoria)&gt; in (AggiuntaCategoriaAGerarchiaGUI.java:83)
Method &lt;project.VIEW.AggiuntaCategoriaEsistenteGUI$1.actionPerformed(java.awt.event.ActionEvent)&gt; calls method &lt;project.MODEL.Categoria.getNome()&gt; in (AggiuntaCategoriaEsistenteGUI.java:96)
Method &lt;project.VIEW.AggiuntaCitazioneDaModificaGUI$1.actionPerformed(java.awt.event.ActionEvent)&gt; calls constructor &lt;project.MODEL.Citazione.&lt;init&gt;(java.lang.String, java.lang.String)&gt; in (AggiuntaCitazioneDaModificaGUI.java:100)
Method &lt;project.VIEW.AggiuntaCitazioneDaModificaGUI$1.actionPerformed(java.awt.event.ActionEvent)&gt; calls method &lt;project.MODEL.Materiale.getTitolo()&gt; in (AggiuntaCitazioneDaModificaGUI.java:100)
Method &lt;project.VIEW.AggiuntaCitazioneDaModificaGUI$1.actionPerformed(java.awt.event.ActionEvent)&gt; calls method &lt;project.MODEL.Materiale.getTitolo()&gt; in (AggiuntaCitazioneDaModificaGUI.java:90)
Method &lt;project.VIEW.AggiuntaCitazioneDaModificaGUI$1.actionPerformed(java.awt.event.ActionEvent)&gt; calls method &lt;project.MODEL.Materiale.getTitolo()&gt; in (AggiuntaCitazioneDaModificaGUI.java:98)
Method &lt;project.VIEW.AggiuntaCitazioneGUI$1.actionPerformed(java.awt.event.ActionEvent)&gt; calls constructor &lt;project.MODEL.Citazione.&lt;init&gt;(java.lang.String, java.lang.String)&gt; in (AggiuntaCitazioneGUI.java:100)
Method &lt;project.VIEW.AggiuntaCitazioneGUI$1.actionPerformed(java.awt.event.ActionEvent)&gt; calls method &lt;project.MODEL.Materiale.getTitolo()&gt; in (AggiuntaCitazioneGUI.java:100)
Method &lt;project.VIEW.AggiuntaCitazioneGUI$1.actionPerformed(java.awt.event.ActionEvent)&gt; calls method &lt;project.MODEL.Materiale.getTitolo()&gt; in (AggiuntaCitazioneGUI.java:90)
Method &lt;project.VIEW.AggiuntaCitazioneGUI$1.actionPerformed(java.awt.event.ActionEvent)&gt; calls method &lt;project.MODEL.Materiale.getTitolo()&gt; in (AggiuntaCitazioneGUI.java:98)
Method &lt;project.VIEW.AggiuntaGerarchiaNuovaGUI$1.actionPerformed(java.awt.event.ActionEvent)&gt; calls constructor &lt;project.MODEL.Categoria.&lt;init&gt;(java.lang.String)&gt; in (AggiuntaGerarchiaNuovaGUI.java:82)
Method &lt;project.VIEW.AggiuntaParolaChiaveGUI$1.actionPerformed(java.awt.event.ActionEvent)&gt; calls constructor &lt;project.MODEL.ParolaChiave.&lt;init&gt;(java.lang.String)&gt; in (AggiuntaParolaChiaveGUI.java:75)
Method &lt;project.VIEW.InserimentoArticoloSuConferenzaGUI$1.actionPerformed(java.awt.event.ActionEvent)&gt; calls constructor &lt;project.MODEL.ArticoloSuConferenza.&lt;init&gt;(java.lang.String, java.lang.String, java.lang.String, java.lang.String, project.MODEL.Conferenza)&gt; in (InserimentoArticoloSuConferenzaGUI.java:293)
Method &lt;project.VIEW.InserimentoArticoloSuConferenzaGUI$1.actionPerformed(java.awt.event.ActionEvent)&gt; calls constructor &lt;project.MODEL.Conferenza.&lt;init&gt;(java.lang.String, java.lang.Integer, java.lang.String, java.lang.String, java.util.Date)&gt; in (InserimentoArticoloSuConferenzaGUI.java:292)
Method &lt;project.VIEW.InserimentoArticoloSuConferenzaGUI$1.actionPerformed(java.awt.event.ActionEvent)&gt; calls method &lt;project.MODEL.ArticoloSuConferenza.getTitolo()&gt; in (InserimentoArticoloSuConferenzaGUI.java:297)
Method &lt;project.VIEW.InserimentoArticoloSuConferenzaGUI$1.actionPerformed(java.awt.event.ActionEvent)&gt; calls method &lt;project.MODEL.Autore.getOrcid()&gt; in (InserimentoArticoloSuConferenzaGUI.java:297)
Method &lt;project.VIEW.InserimentoArticoloSuRivistaGUI$1.actionPerformed(java.awt.event.ActionEvent)&gt; calls constructor &lt;project.MODEL.ArticoloSuRivista.&lt;init&gt;(java.lang.String, java.lang.String, java.lang.String, java.lang.String, project.MODEL.Rivista)&gt; in (InserimentoArticoloSuRivistaGUI.java:274)
Method &lt;project.VIEW.InserimentoArticoloSuRivistaGUI$1.actionPerformed(java.awt.event.ActionEvent)&gt; calls constructor &lt;project.MODEL.Rivista.&lt;init&gt;(java.lang.String, java.lang.String, java.lang.String, project.enumerazioni.PERIOD_ENUM)&gt; in (InserimentoArticoloSuRivistaGUI.java:273)
Method &lt;project.VIEW.InserimentoArticoloSuRivistaGUI$1.actionPerformed(java.awt.event.ActionEvent)&gt; calls method &lt;project.MODEL.ArticoloSuRivista.getTitolo()&gt; in (InserimentoArticoloSuRivistaGUI.java:278)
Method &lt;project.VIEW.InserimentoArticoloSuRivistaGUI$1.actionPerformed(java.awt.event.ActionEvent)&gt; calls method &lt;project.MODEL.Autore.getOrcid()&gt; in (InserimentoArticoloSuRivistaGUI.java:278)
Method &lt;project.VIEW.InserimentoDatasetGUI$1.inserisciDataset(javax.swing.JSpinner, javax.swing.JSpinner, javax.swing.JTextArea, com.toedter.calendar.JDateChooser)&gt; calls constructor &lt;project.MODEL.Dataset.&lt;init&gt;(java.lang.String, java.lang.String, java.lang.String, java.lang.Integer, java.lang.Integer, java.lang.String)&gt; in (InserimentoDatasetGUI.java:218)
Method &lt;project.VIEW.InserimentoDatasetGUI$1.inserisciDataset(javax.swing.JSpinner, javax.swing.JSpinner, javax.swing.JTextArea, com.toedter.calendar.JDateChooser)&gt; calls method &lt;project.MODEL.Autore.getOrcid()&gt; in (InserimentoDatasetGUI.java:222)
Method &lt;project.VIEW.InserimentoDatasetGUI$1.inserisciDataset(javax.swing.JSpinner, javax.swing.JSpinner, javax.swing.JTextArea, com.toedter.calendar.JDateChooser)&gt; calls method &lt;project.MODEL.Dataset.getTitolo()&gt; in (InserimentoDatasetGUI.java:222)
Method &lt;project.VIEW.InserimentoLibroGUI$1.inserisciLibro(javax.swing.JComboBox, javax.swing.JSpinner, javax.swing.JTextArea)&gt; calls constructor &lt;project.MODEL.Libro.&lt;init&gt;(java.lang.String, java.lang.String, java.lang.String, project.enumerazioni.GENERE_ENUM, int, java.lang.String, java.lang.String)&gt; in (InserimentoLibroGUI.java:250)
Method &lt;project.VIEW.InserimentoLibroGUI$1.inserisciLibro(javax.swing.JComboBox, javax.swing.JSpinner, javax.swing.JTextArea)&gt; calls method &lt;project.MODEL.Autore.getOrcid()&gt; in (InserimentoLibroGUI.java:254)
Method &lt;project.VIEW.InserimentoLibroGUI$1.inserisciLibro(javax.swing.JComboBox, javax.swing.JSpinner, javax.swing.JTextArea)&gt; calls method &lt;project.MODEL.Libro.getTitolo()&gt; in (InserimentoLibroGUI.java:254)
Method &lt;project.VIEW.InserimentoRisorsaOnlineGUI$1.inserisciRisorsaOnline(javax.swing.JTextArea, com.toedter.calendar.JDateChooser)&gt; calls constructor &lt;project.MODEL.RisorsaOnline.&lt;init&gt;(java.lang.String, java.lang.String, java.lang.String, java.lang.String)&gt; in (InserimentoRisorsaOnlineGUI.java:169)
Method &lt;project.VIEW.InserimentoRisorsaOnlineGUI$1.inserisciRisorsaOnline(javax.swing.JTextArea, com.toedter.calendar.JDateChooser)&gt; calls method &lt;project.MODEL.Autore.getOrcid()&gt; in (InserimentoRisorsaOnlineGUI.java:173)
Method &lt;project.VIEW.InserimentoRisorsaOnlineGUI$1.inserisciRisorsaOnline(javax.swing.JTextArea, com.toedter.calendar.JDateChooser)&gt; calls method &lt;project.MODEL.RisorsaOnline.getTitolo()&gt; in (InserimentoRisorsaOnlineGUI.java:173)
Method &lt;project.VIEW.ModificaArticoloSuConferenzaGUI$1.actionPerformed(java.awt.event.ActionEvent)&gt; calls constructor &lt;project.MODEL.ArticoloSuConferenza.&lt;init&gt;(java.lang.String, java.lang.String, java.lang.String, java.lang.String, project.MODEL.Conferenza)&gt; in (ModificaArticoloSuConferenzaGUI.java:298)
Method &lt;project.VIEW.ModificaArticoloSuConferenzaGUI$1.actionPerformed(java.awt.event.ActionEvent)&gt; calls constructor &lt;project.MODEL.Conferenza.&lt;init&gt;(java.lang.String, java.lang.Integer, java.lang.String, java.lang.String, java.util.Date)&gt; in (ModificaArticoloSuConferenzaGUI.java:297)
Method &lt;project.VIEW.ModificaArticoloSuConferenzaGUI$1.actionPerformed(java.awt.event.ActionEvent)&gt; calls method &lt;project.MODEL.ArticoloSuConferenza.getConferenza()&gt; in (ModificaArticoloSuConferenzaGUI.java:297)
Method &lt;project.VIEW.ModificaArticoloSuConferenzaGUI$1.actionPerformed(java.awt.event.ActionEvent)&gt; calls method &lt;project.MODEL.ArticoloSuConferenza.getTitolo()&gt; in (ModificaArticoloSuConferenzaGUI.java:303)
Method &lt;project.VIEW.ModificaArticoloSuConferenzaGUI$1.actionPerformed(java.awt.event.ActionEvent)&gt; calls method &lt;project.MODEL.Autore.getOrcid()&gt; in (ModificaArticoloSuConferenzaGUI.java:303)
Method &lt;project.VIEW.ModificaArticoloSuConferenzaGUI$1.actionPerformed(java.awt.event.ActionEvent)&gt; calls method &lt;project.MODEL.Conferenza.getDataConferenza()&gt; in (ModificaArticoloSuConferenzaGUI.java:297)
Method &lt;project.VIEW.ModificaArticoloSuConferenzaGUI$1.actionPerformed(java.awt.event.ActionEvent)&gt; calls method &lt;project.MODEL.Pubblicazione.getDataPubblicazione()&gt; in (ModificaArticoloSuConferenzaGUI.java:302)
Method &lt;project.VIEW.ModificaArticoloSuRivistaGUI$1.actionPerformed(java.awt.event.ActionEvent)&gt; calls constructor &lt;project.MODEL.ArticoloSuRivista.&lt;init&gt;(java.lang.String, java.lang.String, java.lang.String, java.lang.String, project.MODEL.Rivista)&gt; in (ModificaArticoloSuRivistaGUI.java:290)
Method &lt;project.VIEW.ModificaArticoloSuRivistaGUI$1.actionPerformed(java.awt.event.ActionEvent)&gt; calls constructor &lt;project.MODEL.Rivista.&lt;init&gt;(java.lang.String, java.lang.String, java.lang.String, project.enumerazioni.PERIOD_ENUM)&gt; in (ModificaArticoloSuRivistaGUI.java:289)
Method &lt;project.VIEW.ModificaArticoloSuRivistaGUI$1.actionPerformed(java.awt.event.ActionEvent)&gt; calls method &lt;project.MODEL.ArticoloSuRivista.getTitolo()&gt; in (ModificaArticoloSuRivistaGUI.java:295)
Method &lt;project.VIEW.ModificaArticoloSuRivistaGUI$1.actionPerformed(java.awt.event.ActionEvent)&gt; calls method &lt;project.MODEL.Autore.getOrcid()&gt; in (ModificaArticoloSuRivistaGUI.java:295)
Method &lt;project.VIEW.ModificaArticoloSuRivistaGUI$1.actionPerformed(java.awt.event.ActionEvent)&gt; calls method &lt;project.MODEL.Pubblicazione.getDataPubblicazione()&gt; in (ModificaArticoloSuRivistaGUI.java:294)
Method &lt;project.VIEW.ModificaAutoriADMINGUI$1.actionPerformed(java.awt.event.ActionEvent)&gt; calls method &lt;project.MODEL.Autore.getOrcid()&gt; in (ModificaAutoriADMINGUI.java:86)
Method &lt;project.VIEW.ModificaAutoriADMINGUI$3.actionPerformed(java.awt.event.ActionEvent)&gt; calls method &lt;project.MODEL.Autore.getOrcid()&gt; in (ModificaAutoriADMINGUI.java:122)
Method &lt;project.VIEW.ModificaCategorieGUI$2.actionPerformed(java.awt.event.ActionEvent)&gt; calls method &lt;project.MODEL.Categoria.getNome()&gt; in (ModificaCategorieGUI.java:105)
Method &lt;project.VIEW.ModificaCitazioneGUI$2.actionPerformed(java.awt.event.ActionEvent)&gt; calls method &lt;project.MODEL.Citazione.getMaterialeCitato()&gt; in (ModificaCitazioneGUI.java:109)
Method &lt;project.VIEW.ModificaCitazioneGUI$2.actionPerformed(java.awt.event.ActionEvent)&gt; calls method &lt;project.MODEL.Materiale.getTitolo()&gt; in (ModificaCitazioneGUI.java:109)
Method &lt;project.VIEW.ModificaDatasetGUI$1.inserisciDataset(javax.swing.JSpinner, javax.swing.JSpinner, javax.swing.JTextArea, com.toedter.calendar.JDateChooser)&gt; calls constructor &lt;project.MODEL.Dataset.&lt;init&gt;(java.lang.String, java.lang.String, java.lang.String, java.lang.Integer, java.lang.Integer, java.lang.String)&gt; in (ModificaDatasetGUI.java:226)
Method &lt;project.VIEW.ModificaDatasetGUI$1.inserisciDataset(javax.swing.JSpinner, javax.swing.JSpinner, javax.swing.JTextArea, com.toedter.calendar.JDateChooser)&gt; calls method &lt;project.MODEL.Autore.getOrcid()&gt; in (ModificaDatasetGUI.java:231)
Method &lt;project.VIEW.ModificaDatasetGUI$1.inserisciDataset(javax.swing.JSpinner, javax.swing.JSpinner, javax.swing.JTextArea, com.toedter.calendar.JDateChooser)&gt; calls method &lt;project.MODEL.Dataset.getTitolo()&gt; in (ModificaDatasetGUI.java:231)
Method &lt;project.VIEW.ModificaDatasetGUI$1.inserisciDataset(javax.swing.JSpinner, javax.swing.JSpinner, javax.swing.JTextArea, com.toedter.calendar.JDateChooser)&gt; calls method &lt;project.MODEL.Pubblicazione.getDataPubblicazione()&gt; in (ModificaDatasetGUI.java:230)
Method &lt;project.VIEW.ModificaLibroGUI$1.updateLibro(javax.swing.JComboBox, javax.swing.JSpinner, javax.swing.JTextArea)&gt; calls constructor &lt;project.MODEL.Libro.&lt;init&gt;(java.lang.String, java.lang.String, java.lang.String, project.enumerazioni.GENERE_ENUM, int, java.lang.String, java.lang.String)&gt; in (ModificaLibroGUI.java:267)
Method &lt;project.VIEW.ModificaLibroGUI$1.updateLibro(javax.swing.JComboBox, javax.swing.JSpinner, javax.swing.JTextArea)&gt; calls method &lt;project.MODEL.Autore.getOrcid()&gt; in (ModificaLibroGUI.java:281)
Method &lt;project.VIEW.ModificaLibroGUI$1.updateLibro(javax.swing.JComboBox, javax.swing.JSpinner, javax.swing.JTextArea)&gt; calls method &lt;project.MODEL.Libro.getDescrizione()&gt; in (ModificaLibroGUI.java:271)
Method &lt;project.VIEW.ModificaLibroGUI$1.updateLibro(javax.swing.JComboBox, javax.swing.JSpinner, javax.swing.JTextArea)&gt; calls method &lt;project.MODEL.Libro.getDoi()&gt; in (ModificaLibroGUI.java:270)
Method &lt;project.VIEW.ModificaLibroGUI$1.updateLibro(javax.swing.JComboBox, javax.swing.JSpinner, javax.swing.JTextArea)&gt; calls method &lt;project.MODEL.Libro.getEditore()&gt; in (ModificaLibroGUI.java:273)
Method &lt;project.VIEW.ModificaLibroGUI$1.updateLibro(javax.swing.JComboBox, javax.swing.JSpinner, javax.swing.JTextArea)&gt; calls method &lt;project.MODEL.Libro.getIsbn()&gt; in (ModificaLibroGUI.java:272)
Method &lt;project.VIEW.ModificaLibroGUI$1.updateLibro(javax.swing.JComboBox, javax.swing.JSpinner, javax.swing.JTextArea)&gt; calls method &lt;project.MODEL.Libro.getNpagine()&gt; in (ModificaLibroGUI.java:274)
Method &lt;project.VIEW.ModificaLibroGUI$1.updateLibro(javax.swing.JComboBox, javax.swing.JSpinner, javax.swing.JTextArea)&gt; calls method &lt;project.MODEL.Libro.getTitolo()&gt; in (ModificaLibroGUI.java:269)
Method &lt;project.VIEW.ModificaLibroGUI$1.updateLibro(javax.swing.JComboBox, javax.swing.JSpinner, javax.swing.JTextArea)&gt; calls method &lt;project.MODEL.Libro.getTitolo()&gt; in (ModificaLibroGUI.java:281)
Method &lt;project.VIEW.ModificaLibroGUI$1.updateLibro(javax.swing.JComboBox, javax.swing.JSpinner, javax.swing.JTextArea)&gt; calls method &lt;project.MODEL.Pubblicazione.getDataPubblicazione()&gt; in (ModificaLibroGUI.java:280)
Method &lt;project.VIEW.ModificaMaterialeGUI$1.actionPerformed(java.awt.event.ActionEvent)&gt; calls method &lt;project.MODEL.Materiale.getTitolo()&gt; in (ModificaMaterialeGUI.java:85)
Method &lt;project.VIEW.ModificaMaterialeGUI$3.actionPerformed(java.awt.event.ActionEvent)&gt; calls method &lt;project.MODEL.Materiale.getTitolo()&gt; in (ModificaMaterialeGUI.java:121)
Method &lt;project.VIEW.ModificaMaterialiADMINGUI$1.actionPerformed(java.awt.event.ActionEvent)&gt; calls method &lt;project.MODEL.Materiale.getTitolo()&gt; in (ModificaMaterialiADMINGUI.java:95)
Method &lt;project.VIEW.ModificaMaterialiADMINGUI$3.actionPerformed(java.awt.event.ActionEvent)&gt; calls method &lt;project.MODEL.Materiale.getTitolo()&gt; in (ModificaMaterialiADMINGUI.java:135)
Method &lt;project.VIEW.ModificaParoleAssociateGUI$1.actionPerformed(java.awt.event.ActionEvent)&gt; calls method &lt;project.MODEL.ParolaChiave.getParola()&gt; in (ModificaParoleAssociateGUI.java:94)
Method &lt;project.VIEW.ModificaParoleAssociateGUI$2.actionPerformed(java.awt.event.ActionEvent)&gt; calls constructor &lt;project.MODEL.ParolaChiave.&lt;init&gt;(java.lang.String)&gt; in (ModificaParoleAssociateGUI.java:132)
Method &lt;project.VIEW.ModificaRisorsaOnlineGUI$1.inserisciRisorsaOnline(javax.swing.JTextArea, com.toedter.calendar.JDateChooser)&gt; calls constructor &lt;project.MODEL.RisorsaOnline.&lt;init&gt;(java.lang.String, java.lang.String, java.lang.String, java.lang.String)&gt; in (ModificaRisorsaOnlineGUI.java:174)
Method &lt;project.VIEW.ModificaRisorsaOnlineGUI$1.inserisciRisorsaOnline(javax.swing.JTextArea, com.toedter.calendar.JDateChooser)&gt; calls method &lt;project.MODEL.Autore.getOrcid()&gt; in (ModificaRisorsaOnlineGUI.java:179)
Method &lt;project.VIEW.ModificaRisorsaOnlineGUI$1.inserisciRisorsaOnline(javax.swing.JTextArea, com.toedter.calendar.JDateChooser)&gt; calls method &lt;project.MODEL.Pubblicazione.getDataPubblicazione()&gt; in (ModificaRisorsaOnlineGUI.java:178)
Method &lt;project.VIEW.ModificaRisorsaOnlineGUI$1.inserisciRisorsaOnline(javax.swing.JTextArea, com.toedter.calendar.JDateChooser)&gt; calls method &lt;project.MODEL.RisorsaOnline.getTitolo()&gt; in (ModificaRisorsaOnlineGUI.java:179)
Method &lt;project.VIEW.VisualizzaArticoliSuConferenzaGUI$6.actionPerformed(java.awt.event.ActionEvent)&gt; calls method &lt;project.MODEL.ArticoloSuConferenza.getTitolo()&gt; in (VisualizzaArticoliSuConferenzaGUI.java:205)
Method &lt;project.VIEW.VisualizzaArticoliSuRivistaGUI$6.actionPerformed(java.awt.event.ActionEvent)&gt; calls method &lt;project.MODEL.ArticoloSuRivista.getTitolo()&gt; in (VisualizzaArticoliSuRivistaGUI.java:211)
Method &lt;project.VIEW.VisualizzaDatasetGUI$6.actionPerformed(java.awt.event.ActionEvent)&gt; calls method &lt;project.MODEL.Dataset.getTitolo()&gt; in (VisualizzaDatasetGUI.java:194)
Method &lt;project.VIEW.VisualizzaDettagliArticoloSuConferenzaGUI$1.actionPerformed(java.awt.event.ActionEvent)&gt; calls method &lt;project.MODEL.ArticoloSuConferenza.getTitolo()&gt; in (VisualizzaDettagliArticoloSuConferenzaGUI.java:295)
Method &lt;project.VIEW.VisualizzaDettagliArticoloSuConferenzaGUI$2.actionPerformed(java.awt.event.ActionEvent)&gt; calls method &lt;project.MODEL.ArticoloSuConferenza.getTitolo()&gt; in (VisualizzaDettagliArticoloSuConferenzaGUI.java:306)
Method &lt;project.VIEW.VisualizzaDettagliArticoloSuConferenzaGUI$3.actionPerformed(java.awt.event.ActionEvent)&gt; calls method &lt;project.MODEL.ArticoloSuConferenza.getTitolo()&gt; in (VisualizzaDettagliArticoloSuConferenzaGUI.java:317)
Method &lt;project.VIEW.VisualizzaDettagliArticoloSuRivistaGUI$1.actionPerformed(java.awt.event.ActionEvent)&gt; calls method &lt;project.MODEL.ArticoloSuRivista.getTitolo()&gt; in (VisualizzaDettagliArticoloSuRivistaGUI.java:263)
Method &lt;project.VIEW.VisualizzaDettagliArticoloSuRivistaGUI$2.actionPerformed(java.awt.event.ActionEvent)&gt; calls method &lt;project.MODEL.ArticoloSuRivista.getTitolo()&gt; in (VisualizzaDettagliArticoloSuRivistaGUI.java:274)
Method &lt;project.VIEW.VisualizzaDettagliArticoloSuRivistaGUI$3.actionPerformed(java.awt.event.ActionEvent)&gt; calls method &lt;project.MODEL.ArticoloSuRivista.getTitolo()&gt; in (VisualizzaDettagliArticoloSuRivistaGUI.java:285)
Method &lt;project.VIEW.VisualizzaDettagliDatasetGUI$1.actionPerformed(java.awt.event.ActionEvent)&gt; calls method &lt;project.MODEL.Dataset.getTitolo()&gt; in (VisualizzaDettagliDatasetGUI.java:215)
Method &lt;project.VIEW.VisualizzaDettagliDatasetGUI$2.actionPerformed(java.awt.event.ActionEvent)&gt; calls method &lt;project.MODEL.Dataset.getTitolo()&gt; in (VisualizzaDettagliDatasetGUI.java:226)
Method &lt;project.VIEW.VisualizzaDettagliDatasetGUI$3.actionPerformed(java.awt.event.ActionEvent)&gt; calls method &lt;project.MODEL.Dataset.getTitolo()&gt; in (VisualizzaDettagliDatasetGUI.java:237)
Method &lt;project.VIEW.VisualizzaDettagliLibroGUI$1.actionPerformed(java.awt.event.ActionEvent)&gt; calls method &lt;project.MODEL.Libro.getTitolo()&gt; in (VisualizzaDettagliLibroGUI.java:201)
Method &lt;project.VIEW.VisualizzaDettagliLibroGUI$2.actionPerformed(java.awt.event.ActionEvent)&gt; calls method &lt;project.MODEL.Libro.getTitolo()&gt; in (VisualizzaDettagliLibroGUI.java:212)
Method &lt;project.VIEW.VisualizzaDettagliLibroGUI$3.actionPerformed(java.awt.event.ActionEvent)&gt; calls method &lt;project.MODEL.Libro.getTitolo()&gt; in (VisualizzaDettagliLibroGUI.java:223)
Method &lt;project.VIEW.VisualizzaDettagliRisorsaOnlineGUI$1.actionPerformed(java.awt.event.ActionEvent)&gt; calls method &lt;project.MODEL.RisorsaOnline.getTitolo()&gt; in (VisualizzaDettagliRisorsaOnlineGUI.java:162)
Method &lt;project.VIEW.VisualizzaDettagliRisorsaOnlineGUI$2.actionPerformed(java.awt.event.ActionEvent)&gt; calls method &lt;project.MODEL.RisorsaOnline.getTitolo()&gt; in (VisualizzaDettagliRisorsaOnlineGUI.java:173)
Method &lt;project.VIEW.VisualizzaDettagliRisorsaOnlineGUI$3.actionPerformed(java.awt.event.ActionEvent)&gt; calls method &lt;project.MODEL.RisorsaOnline.getTitolo()&gt; in (VisualizzaDettagliRisorsaOnlineGUI.java:184)
Method &lt;project.VIEW.VisualizzaLibreriaGUI$7.actionPerformed(java.awt.event.ActionEvent)&gt; calls method &lt;project.MODEL.Materiale.getTitolo()&gt; in (VisualizzaLibreriaGUI.java:205)
Method &lt;project.VIEW.VisualizzaLibriGUI$6.actionPerformed(java.awt.event.ActionEvent)&gt; calls method &lt;project.MODEL.Libro.getTitolo()&gt; in (VisualizzaLibriGUI.java:207)
Method &lt;project.VIEW.VisualizzaRisorsaOnlineGUI$6.actionPerformed(java.awt.event.ActionEvent)&gt; calls method &lt;project.MODEL.RisorsaOnline.getTitolo()&gt; in (VisualizzaRisorsaOnlineGUI.java:190)
Method &lt;project.VIEW.VisualizzaRisultatiGUI$2.actionPerformed(java.awt.event.ActionEvent)&gt; calls method &lt;project.MODEL.Materiale.getTitolo()&gt; in (VisualizzaRisultatiGUI.java:130)
Method &lt;project.struttureDiAppoggio.RigaTabellaArticoloSuConferenza.getArticoloSuConferenza()&gt; has return type &lt;project.MODEL.ArticoloSuConferenza&gt; in (RigaTabellaArticoloSuConferenza.java:0)
Method &lt;project.struttureDiAppoggio.RigaTabellaArticoloSuConferenza.getAutore()&gt; has return type &lt;project.MODEL.Autore&gt; in (RigaTabellaArticoloSuConferenza.java:0)
Method &lt;project.struttureDiAppoggio.RigaTabellaArticoloSuConferenza.getDataConferenza()&gt; calls method &lt;project.MODEL.ArticoloSuConferenza.getConferenza()&gt; in (RigaTabellaArticoloSuConferenza.java:46)
Method &lt;project.struttureDiAppoggio.RigaTabellaArticoloSuConferenza.getDataConferenza()&gt; calls method &lt;project.MODEL.Conferenza.getDataConferenza()&gt; in (RigaTabellaArticoloSuConferenza.java:46)
Method &lt;project.struttureDiAppoggio.RigaTabellaArticoloSuConferenza.getNCitazioniArticolo()&gt; calls method &lt;project.MODEL.ArticoloSuConferenza.getNumeroCitazioni()&gt; in (RigaTabellaArticoloSuConferenza.java:34)
Method &lt;project.struttureDiAppoggio.RigaTabellaArticoloSuConferenza.getPubblicazione()&gt; has return type &lt;project.MODEL.Pubblicazione&gt; in (RigaTabellaArticoloSuConferenza.java:0)
Method &lt;project.struttureDiAppoggio.RigaTabellaArticoloSuConferenza.getTitoloArticolo()&gt; calls method &lt;project.MODEL.ArticoloSuConferenza.getTitolo()&gt; in (RigaTabellaArticoloSuConferenza.java:38)
Method &lt;project.struttureDiAppoggio.RigaTabellaArticoloSuConferenza.getTitoloConferenza()&gt; calls method &lt;project.MODEL.ArticoloSuConferenza.getConferenza()&gt; in (RigaTabellaArticoloSuConferenza.java:42)
Method &lt;project.struttureDiAppoggio.RigaTabellaArticoloSuConferenza.getTitoloConferenza()&gt; calls method &lt;project.MODEL.Conferenza.getTitolo()&gt; in (RigaTabellaArticoloSuConferenza.java:42)
Method &lt;project.struttureDiAppoggio.RigaTabellaArticoloSuRivista.getArticoloSuRivista()&gt; has return type &lt;project.MODEL.ArticoloSuRivista&gt; in (RigaTabellaArticoloSuRivista.java:0)
Method &lt;project.struttureDiAppoggio.RigaTabellaArticoloSuRivista.getAutore()&gt; has return type &lt;project.MODEL.Autore&gt; in (RigaTabellaArticoloSuRivista.java:0)
Method &lt;project.struttureDiAppoggio.RigaTabellaArticoloSuRivista.getPubblicazione()&gt; has return type &lt;project.MODEL.Pubblicazione&gt; in (RigaTabellaArticoloSuRivista.java:0)
Method &lt;project.struttureDiAppoggio.RigaTabellaDataset.getAutore()&gt; has return type &lt;project.MODEL.Autore&gt; in (RigaTabellaDataset.java:0)
Method &lt;project.struttureDiAppoggio.RigaTabellaDataset.getDataset()&gt; has return type &lt;project.MODEL.Dataset&gt; in (RigaTabellaDataset.java:0)
Method &lt;project.struttureDiAppoggio.RigaTabellaDataset.getNCitazioniDataset()&gt; calls method &lt;project.MODEL.Dataset.getNumeroCitazioni()&gt; in (RigaTabellaDataset.java:45)
Method &lt;project.struttureDiAppoggio.RigaTabellaDataset.getNcolonneDataset()&gt; calls method &lt;project.MODEL.Dataset.getNcolonne()&gt; in (RigaTabellaDataset.java:29)
Method &lt;project.struttureDiAppoggio.RigaTabellaDataset.getNrigheDataset()&gt; calls method &lt;project.MODEL.Dataset.getNrighe()&gt; in (RigaTabellaDataset.java:33)
Method &lt;project.struttureDiAppoggio.RigaTabellaDataset.getPubblicazione()&gt; has return type &lt;project.MODEL.Pubblicazione&gt; in (RigaTabellaDataset.java:0)
Method &lt;project.struttureDiAppoggio.RigaTabellaDataset.getTitoloDataset()&gt; calls method &lt;project.MODEL.Dataset.getTitolo()&gt; in (RigaTabellaDataset.java:37)
Method &lt;project.struttureDiAppoggio.RigaTabellaDataset.getUrlDataset()&gt; calls method &lt;project.MODEL.Dataset.getUrl()&gt; in (RigaTabellaDataset.java:41)
Method &lt;project.struttureDiAppoggio.RigaTabellaLibro.getAutore()&gt; has return type &lt;project.MODEL.Autore&gt; in (RigaTabellaLibro.java:0)
Method &lt;project.struttureDiAppoggio.RigaTabellaLibro.getGenereLibro()&gt; calls method &lt;project.MODEL.Libro.getGenere()&gt; in (RigaTabellaLibro.java:41)
Method &lt;project.struttureDiAppoggio.RigaTabellaLibro.getLibro()&gt; has return type &lt;project.MODEL.Libro&gt; in (RigaTabellaLibro.java:0)
Method &lt;project.struttureDiAppoggio.RigaTabellaLibro.getNCitazioniLibro()&gt; calls method &lt;project.MODEL.Libro.getNumeroCitazioni()&gt; in (RigaTabellaLibro.java:33)
Method &lt;project.struttureDiAppoggio.RigaTabellaLibro.getNpagineLibro()&gt; calls method &lt;project.MODEL.Libro.getNpagine()&gt; in (RigaTabellaLibro.java:29)
Method &lt;project.struttureDiAppoggio.RigaTabellaLibro.getPubblicazione()&gt; has return type &lt;project.MODEL.Pubblicazione&gt; in (RigaTabellaLibro.java:0)
Method &lt;project.struttureDiAppoggio.RigaTabellaLibro.getTitoloLibro()&gt; calls method &lt;project.MODEL.Libro.getTitolo()&gt; in (RigaTabellaLibro.java:37)
Method &lt;project.struttureDiAppoggio.RigaTabellaMateriale.getAutore()&gt; has return type &lt;project.MODEL.Autore&gt; in (RigaTabellaMateriale.java:0)
Method &lt;project.struttureDiAppoggio.RigaTabellaMateriale.getMateriale()&gt; has return type &lt;project.MODEL.Materiale&gt; in (RigaTabellaMateriale.java:0)
Method &lt;project.struttureDiAppoggio.RigaTabellaMateriale.getNumeroCitazioniMateriale()&gt; calls method &lt;project.MODEL.Materiale.getNumeroCitazioni()&gt; in (RigaTabellaMateriale.java:43)
Method &lt;project.struttureDiAppoggio.RigaTabellaMateriale.getPubblicazione()&gt; has return type &lt;project.MODEL.Pubblicazione&gt; in (RigaTabellaMateriale.java:0)
Method &lt;project.struttureDiAppoggio.RigaTabellaMateriale.getTitoloMateriale()&gt; calls method &lt;project.MODEL.Materiale.getTitolo()&gt; in (RigaTabellaMateriale.java:39)
Method &lt;project.struttureDiAppoggio.RigaTabellaRisorsaOnline.getAutore()&gt; has return type &lt;project.MODEL.Autore&gt; in (RigaTabellaRisorsaOnline.java:0)
Method &lt;project.struttureDiAppoggio.RigaTabellaRisorsaOnline.getNCitazioniRisorsaOnline()&gt; calls method &lt;project.MODEL.RisorsaOnline.getNumeroCitazioni()&gt; in (RigaTabellaRisorsaOnline.java:36)
Method &lt;project.struttureDiAppoggio.RigaTabellaRisorsaOnline.getPubblicazione()&gt; has return type &lt;project.MODEL.Pubblicazione&gt; in (RigaTabellaRisorsaOnline.java:0)
Method &lt;project.struttureDiAppoggio.RigaTabellaRisorsaOnline.getRisorsaOnline()&gt; has return type &lt;project.MODEL.RisorsaOnline&gt; in (RigaTabellaRisorsaOnline.java:0)
Method &lt;project.struttureDiAppoggio.RigaTabellaRisorsaOnline.getTitoloRisorsaOnline()&gt; calls method &lt;project.MODEL.RisorsaOnline.getTitolo()&gt; in (RigaTabellaRisorsaOnline.java:40)
Method &lt;project.struttureDiAppoggio.RigaTabellaRisorsaOnline.getUrlRisorsaOnline()&gt; calls method &lt;project.MODEL.RisorsaOnline.getUrl()&gt; in (RigaTabellaRisorsaOnline.java:32)
	at com.tngtech.archunit.lang.ArchRule$Assertions.assertNoViolation(ArchRule.java:94)
	at com.tngtech.archunit.lang.ArchRule$Assertions.check(ArchRule.java:82)
	at com.tngtech.archunit.library.Architectures$LayeredArchitecture.check(Architectures.java:291)
	at com.tngtech.archunit.junit.ArchRuleExecution.evaluateOn(ArchRuleExecution.java:43)
	at com.tngtech.archunit.junit.ArchUnitRunner.runChild(ArchUnitRunner.java:154)
	at com.tngtech.archunit.junit.ArchUnitRunner.runChild(ArchUnitRunner.java:63)
	at org.junit.runners.ParentRunner$4.run(ParentRunner.java:331)
	at org.junit.runners.ParentRunner$1.schedule(ParentRunner.java:79)
	at org.junit.runners.ParentRunner.runChildren(ParentRunner.java:329)
	at org.junit.runners.ParentRunner.access$100(ParentRunner.java:66)
	at org.junit.runners.ParentRunner$2.evaluate(ParentRunner.java:293)
	at org.junit.runners.ParentRunner$3.evaluate(ParentRunner.java:306)
	at com.tngtech.archunit.junit.ArchUnitRunner$1.evaluate(ArchUnitRunner.java:88)
	at org.junit.runners.ParentRunner.run(ParentRunner.java:413)
	at org.apache.maven.surefire.junit4.JUnit4Provider.execute(JUnit4Provider.java:252)
	at org.apache.maven.surefire.junit4.JUnit4Provider.executeTestSet(JUnit4Provider.java:141)
	at org.apache.maven.surefire.junit4.JUnit4Provider.invoke(JUnit4Provider.java:112)
	at java.base/jdk.internal.reflect.NativeMethodAccessorImpl.invoke0(Native Method)
	at java.base/jdk.internal.reflect.NativeMethodAccessorImpl.invoke(NativeMethodAccessorImpl.java:62)
	at java.base/jdk.internal.reflect.DelegatingMethodAccessorImpl.invoke(DelegatingMethodAccessorImpl.java:43)
	at java.base/java.lang.reflect.Method.invoke(Method.java:566)
	at org.apache.maven.surefire.util.ReflectionUtils.invokeMethodWithArray(ReflectionUtils.java:189)
	at org.apache.maven.surefire.booter.ProviderFactory$ProviderProxy.invoke(ProviderFactory.java:165)
	at org.apache.maven.surefire.booter.ProviderFactory.invokeProvider(ProviderFactory.java:85)
	at org.apache.maven.surefire.booter.ForkedBooter.runSuitesInProcess(ForkedBooter.java:115)
	at org.apache.maven.surefire.booter.ForkedBooter.main(ForkedBooter.java:75)
</failure>
  </testcase>
  <testcase classname="LayeredArchitectureTest" name="model_loop" time="0"/>
  <testcase classname="LayeredArchitectureTest" name="view_dependencies_are_respected" time="0.009">
    <failure message="Architecture Violation [Priority: MEDIUM] - Rule &apos;Layered architecture consisting of
layer &apos;View&apos; (&apos;project.VIEW..&apos;)
layer &apos;Controller&apos; (&apos;project.CONTROLLER..&apos;)
layer &apos;Model&apos; (&apos;project.MODEL..&apos;)
layer &apos;Database&apos; (&apos;project.DAO..&apos;)
where layer &apos;View&apos; may not be accessed by any layer&apos; was violated (174 times):
Constructor &lt;project.CONTROLLER.Controller.&lt;init&gt;()&gt; calls constructor &lt;project.VIEW.AccessoPortaleAmministratoreGUI.&lt;init&gt;(project.CONTROLLER.Controller)&gt; in (Controller.java:56)
Constructor &lt;project.CONTROLLER.Controller.&lt;init&gt;()&gt; calls constructor &lt;project.VIEW.AccessoPortaleAutoriGUI.&lt;init&gt;(project.CONTROLLER.Controller)&gt; in (Controller.java:55)
Constructor &lt;project.CONTROLLER.Controller.&lt;init&gt;()&gt; calls constructor &lt;project.VIEW.HomeGUI.&lt;init&gt;(project.CONTROLLER.Controller)&gt; in (Controller.java:52)
Constructor &lt;project.CONTROLLER.Controller.&lt;init&gt;()&gt; calls constructor &lt;project.VIEW.InserimentoArticoloSuConferenzaGUI.&lt;init&gt;(project.CONTROLLER.Controller)&gt; in (Controller.java:62)
Constructor &lt;project.CONTROLLER.Controller.&lt;init&gt;()&gt; calls constructor &lt;project.VIEW.InserimentoArticoloSuRivistaGUI.&lt;init&gt;(project.CONTROLLER.Controller)&gt; in (Controller.java:63)
Constructor &lt;project.CONTROLLER.Controller.&lt;init&gt;()&gt; calls constructor &lt;project.VIEW.InserimentoDatasetGUI.&lt;init&gt;(project.CONTROLLER.Controller)&gt; in (Controller.java:60)
Constructor &lt;project.CONTROLLER.Controller.&lt;init&gt;()&gt; calls constructor &lt;project.VIEW.InserimentoLibroGUI.&lt;init&gt;(project.CONTROLLER.Controller)&gt; in (Controller.java:59)
Constructor &lt;project.CONTROLLER.Controller.&lt;init&gt;()&gt; calls constructor &lt;project.VIEW.InserimentoRisorsaOnlineGUI.&lt;init&gt;(project.CONTROLLER.Controller)&gt; in (Controller.java:61)
Constructor &lt;project.CONTROLLER.Controller.&lt;init&gt;()&gt; calls constructor &lt;project.VIEW.InserisciMaterialeGUI.&lt;init&gt;(project.CONTROLLER.Controller)&gt; in (Controller.java:58)
Constructor &lt;project.CONTROLLER.Controller.&lt;init&gt;()&gt; calls constructor &lt;project.VIEW.LibreriaGUI.&lt;init&gt;(project.CONTROLLER.Controller)&gt; in (Controller.java:54)
Constructor &lt;project.CONTROLLER.Controller.&lt;init&gt;()&gt; calls constructor &lt;project.VIEW.RegistrazioneGUI.&lt;init&gt;(project.CONTROLLER.Controller)&gt; in (Controller.java:57)
Constructor &lt;project.CONTROLLER.Controller.&lt;init&gt;()&gt; calls constructor &lt;project.VIEW.RicercaGUI.&lt;init&gt;(project.CONTROLLER.Controller)&gt; in (Controller.java:64)
Constructor &lt;project.CONTROLLER.Controller.&lt;init&gt;()&gt; calls method &lt;project.VIEW.HomeGUI.setVisible(boolean)&gt; in (Controller.java:53)
Field &lt;project.CONTROLLER.Controller.accessoPortaleAmministratore&gt; has type &lt;project.VIEW.AccessoPortaleAmministratoreGUI&gt; in (Controller.java:0)
Field &lt;project.CONTROLLER.Controller.accessoPortaleAutori&gt; has type &lt;project.VIEW.AccessoPortaleAutoriGUI&gt; in (Controller.java:0)
Field &lt;project.CONTROLLER.Controller.home&gt; has type &lt;project.VIEW.HomeGUI&gt; in (Controller.java:0)
Field &lt;project.CONTROLLER.Controller.inserimentoArticoloSuConferenza&gt; has type &lt;project.VIEW.InserimentoArticoloSuConferenzaGUI&gt; in (Controller.java:0)
Field &lt;project.CONTROLLER.Controller.inserimentoArticoloSuRivista&gt; has type &lt;project.VIEW.InserimentoArticoloSuRivistaGUI&gt; in (Controller.java:0)
Field &lt;project.CONTROLLER.Controller.inserimentoDataset&gt; has type &lt;project.VIEW.InserimentoDatasetGUI&gt; in (Controller.java:0)
Field &lt;project.CONTROLLER.Controller.inserimentoLibro&gt; has type &lt;project.VIEW.InserimentoLibroGUI&gt; in (Controller.java:0)
Field &lt;project.CONTROLLER.Controller.inserimentoRisorsaOnline&gt; has type &lt;project.VIEW.InserimentoRisorsaOnlineGUI&gt; in (Controller.java:0)
Field &lt;project.CONTROLLER.Controller.inserisciMateriale&gt; has type &lt;project.VIEW.InserisciMaterialeGUI&gt; in (Controller.java:0)
Field &lt;project.CONTROLLER.Controller.libreria&gt; has type &lt;project.VIEW.LibreriaGUI&gt; in (Controller.java:0)
Field &lt;project.CONTROLLER.Controller.modificaMateriale&gt; has type &lt;project.VIEW.ModificaMaterialeGUI&gt; in (Controller.java:0)
Field &lt;project.CONTROLLER.Controller.portaleAmministratore&gt; has type &lt;project.VIEW.PortaleAmministratoreGUI&gt; in (Controller.java:0)
Field &lt;project.CONTROLLER.Controller.portaleAutori&gt; has type &lt;project.VIEW.PortaleAutoriGUI&gt; in (Controller.java:0)
Field &lt;project.CONTROLLER.Controller.registrazione&gt; has type &lt;project.VIEW.RegistrazioneGUI&gt; in (Controller.java:0)
Field &lt;project.CONTROLLER.Controller.ricerca&gt; has type &lt;project.VIEW.RicercaGUI&gt; in (Controller.java:0)
Method &lt;project.CONTROLLER.Controller.eseguiRicerca(project.struttureDiAppoggio.Ricerca)&gt; calls constructor &lt;project.VIEW.VisualizzaRisultatiGUI.&lt;init&gt;(project.CONTROLLER.Controller, java.util.List)&gt; in (Controller.java:318)
Method &lt;project.CONTROLLER.Controller.eseguiRicerca(project.struttureDiAppoggio.Ricerca)&gt; calls method &lt;project.VIEW.VisualizzaRisultatiGUI.setVisible(boolean)&gt; in (Controller.java:319)
Method &lt;project.CONTROLLER.Controller.modificaAutore(project.MODEL.Autore)&gt; calls constructor &lt;project.VIEW.ModificaAutoreADMINGUI.&lt;init&gt;(project.CONTROLLER.Controller, project.MODEL.Autore)&gt; in (Controller.java:264)
Method &lt;project.CONTROLLER.Controller.modificaAutore(project.MODEL.Autore)&gt; calls method &lt;project.VIEW.ModificaAutoreADMINGUI.setVisible(boolean)&gt; in (Controller.java:265)
Method &lt;project.CONTROLLER.Controller.openAccessoPortaleAmministratore()&gt; calls method &lt;project.VIEW.AccessoPortaleAmministratoreGUI.setVisible(boolean)&gt; in (Controller.java:107)
Method &lt;project.CONTROLLER.Controller.openAccessoPortaleAmministratore()&gt; calls method &lt;project.VIEW.HomeGUI.setVisible(boolean)&gt; in (Controller.java:106)
Method &lt;project.CONTROLLER.Controller.openAccessoPortaleAutori()&gt; calls method &lt;project.VIEW.AccessoPortaleAutoriGUI.setVisible(boolean)&gt; in (Controller.java:96)
Method &lt;project.CONTROLLER.Controller.openAccessoPortaleAutori()&gt; calls method &lt;project.VIEW.HomeGUI.setVisible(boolean)&gt; in (Controller.java:94)
Method &lt;project.CONTROLLER.Controller.openAccessoPortaleAutori()&gt; calls method &lt;project.VIEW.RegistrazioneGUI.setVisible(boolean)&gt; in (Controller.java:95)
Method &lt;project.CONTROLLER.Controller.openAggiungiCategoriaAGerarchiaDaModifica(project.MODEL.Materiale, project.MODEL.Categoria)&gt; calls constructor &lt;project.VIEW.AggiungiCategoriaAGerarchiaDaModificaGUI.&lt;init&gt;(project.CONTROLLER.Controller, project.MODEL.Materiale, project.MODEL.Categoria)&gt; in (Controller.java:390)
Method &lt;project.CONTROLLER.Controller.openAggiungiCategoriaAGerarchiaDaModifica(project.MODEL.Materiale, project.MODEL.Categoria)&gt; calls method &lt;project.VIEW.AggiungiCategoriaAGerarchiaDaModificaGUI.setVisible(boolean)&gt; in (Controller.java:391)
Method &lt;project.CONTROLLER.Controller.openAggiungiCategoriaDaModifica(project.MODEL.Materiale)&gt; calls constructor &lt;project.VIEW.AggiungiCategoriaDaModificaGUI.&lt;init&gt;(project.CONTROLLER.Controller, project.MODEL.Materiale)&gt; in (Controller.java:348)
Method &lt;project.CONTROLLER.Controller.openAggiungiCategoriaDaModifica(project.MODEL.Materiale)&gt; calls method &lt;project.VIEW.AggiungiCategoriaDaModificaGUI.setVisible(boolean)&gt; in (Controller.java:350)
Method &lt;project.CONTROLLER.Controller.openAggiungiCategoriaEsistente(project.MODEL.Materiale)&gt; calls constructor &lt;project.VIEW.AggiuntaCategoriaEsistenteGUI.&lt;init&gt;(project.CONTROLLER.Controller, java.util.List, project.MODEL.Materiale)&gt; in (Controller.java:498)
Method &lt;project.CONTROLLER.Controller.openAggiungiCategoriaEsistente(project.MODEL.Materiale)&gt; calls method &lt;project.VIEW.AggiuntaCategoriaEsistenteGUI.setVisible(boolean)&gt; in (Controller.java:499)
Method &lt;project.CONTROLLER.Controller.openAggiungiCategoriaEsistenteDaModifica(project.MODEL.Materiale)&gt; calls constructor &lt;project.VIEW.AggiungiCategoriaEsistenteDaModificaGUI.&lt;init&gt;(project.CONTROLLER.Controller, java.util.List, project.MODEL.Materiale)&gt; in (Controller.java:367)
Method &lt;project.CONTROLLER.Controller.openAggiungiCategoriaEsistenteDaModifica(project.MODEL.Materiale)&gt; calls method &lt;project.VIEW.AggiungiCategoriaEsistenteDaModificaGUI.setVisible(boolean)&gt; in (Controller.java:368)
Method &lt;project.CONTROLLER.Controller.openAggiungiCategoriaNuovaDaModifica(project.MODEL.Materiale)&gt; calls constructor &lt;project.VIEW.AggiungiCategoriaNuovaDaModificaGUI.&lt;init&gt;(project.CONTROLLER.Controller, project.MODEL.Materiale)&gt; in (Controller.java:355)
Method &lt;project.CONTROLLER.Controller.openAggiungiCategoriaNuovaDaModifica(project.MODEL.Materiale)&gt; calls method &lt;project.VIEW.AggiungiCategoriaNuovaDaModificaGUI.setVisible(boolean)&gt; in (Controller.java:357)
Method &lt;project.CONTROLLER.Controller.openAggiuntaAGerarchiaEsistente(project.MODEL.Materiale)&gt; calls constructor &lt;project.VIEW.AggiuntaAGerarchiaEsistenteGUI.&lt;init&gt;(project.CONTROLLER.Controller, java.util.List, project.MODEL.Materiale)&gt; in (Controller.java:479)
Method &lt;project.CONTROLLER.Controller.openAggiuntaAGerarchiaEsistente(project.MODEL.Materiale)&gt; calls method &lt;project.VIEW.AggiuntaAGerarchiaEsistenteGUI.setVisible(boolean)&gt; in (Controller.java:480)
Method &lt;project.CONTROLLER.Controller.openAggiuntaAGerarchiaEsistenteDaModifica(project.MODEL.Materiale)&gt; calls constructor &lt;project.VIEW.AggiungiAGerarchiaEsistenteDaModificaGUI.&lt;init&gt;(project.CONTROLLER.Controller, java.util.List, project.MODEL.Materiale)&gt; in (Controller.java:378)
Method &lt;project.CONTROLLER.Controller.openAggiuntaAGerarchiaEsistenteDaModifica(project.MODEL.Materiale)&gt; calls method &lt;project.VIEW.AggiungiAGerarchiaEsistenteDaModificaGUI.setVisible(boolean)&gt; in (Controller.java:379)
Method &lt;project.CONTROLLER.Controller.openAggiuntaCategoria(project.MODEL.Materiale)&gt; calls constructor &lt;project.VIEW.AggiuntaCategoriaGUI.&lt;init&gt;(project.CONTROLLER.Controller, project.MODEL.Materiale)&gt; in (Controller.java:170)
Method &lt;project.CONTROLLER.Controller.openAggiuntaCategoria(project.MODEL.Materiale)&gt; calls method &lt;project.VIEW.AggiuntaCategoriaGUI.setVisible(boolean)&gt; in (Controller.java:171)
Method &lt;project.CONTROLLER.Controller.openAggiuntaCategoria(project.MODEL.Materiale)&gt; calls method &lt;project.VIEW.InserimentoArticoloSuConferenzaGUI.setVisible(boolean)&gt; in (Controller.java:167)
Method &lt;project.CONTROLLER.Controller.openAggiuntaCategoria(project.MODEL.Materiale)&gt; calls method &lt;project.VIEW.InserimentoArticoloSuRivistaGUI.setVisible(boolean)&gt; in (Controller.java:168)
Method &lt;project.CONTROLLER.Controller.openAggiuntaCategoria(project.MODEL.Materiale)&gt; calls method &lt;project.VIEW.InserimentoDatasetGUI.setVisible(boolean)&gt; in (Controller.java:165)
Method &lt;project.CONTROLLER.Controller.openAggiuntaCategoria(project.MODEL.Materiale)&gt; calls method &lt;project.VIEW.InserimentoLibroGUI.setVisible(boolean)&gt; in (Controller.java:164)
Method &lt;project.CONTROLLER.Controller.openAggiuntaCategoria(project.MODEL.Materiale)&gt; calls method &lt;project.VIEW.InserimentoRisorsaOnlineGUI.setVisible(boolean)&gt; in (Controller.java:166)
Method &lt;project.CONTROLLER.Controller.openAggiuntaCategoriaAGerarchia(project.MODEL.Materiale, project.MODEL.Categoria)&gt; calls constructor &lt;project.VIEW.AggiuntaCategoriaAGerarchiaGUI.&lt;init&gt;(project.CONTROLLER.Controller, project.MODEL.Materiale, project.MODEL.Categoria)&gt; in (Controller.java:486)
Method &lt;project.CONTROLLER.Controller.openAggiuntaCategoriaAGerarchia(project.MODEL.Materiale, project.MODEL.Categoria)&gt; calls method &lt;project.VIEW.AggiuntaCategoriaAGerarchiaGUI.setVisible(boolean)&gt; in (Controller.java:487)
Method &lt;project.CONTROLLER.Controller.openAggiuntaCategoriaNuova(project.MODEL.Materiale)&gt; calls constructor &lt;project.VIEW.AggiuntaCategoriaNuovaGUI.&lt;init&gt;(project.CONTROLLER.Controller, project.MODEL.Materiale)&gt; in (Controller.java:176)
Method &lt;project.CONTROLLER.Controller.openAggiuntaCategoriaNuova(project.MODEL.Materiale)&gt; calls method &lt;project.VIEW.AggiuntaCategoriaNuovaGUI.setVisible(boolean)&gt; in (Controller.java:178)
Method &lt;project.CONTROLLER.Controller.openAggiuntaCitazione(project.MODEL.Materiale)&gt; calls constructor &lt;project.VIEW.AggiuntaCitazioneGUI.&lt;init&gt;(project.CONTROLLER.Controller, java.util.List, project.MODEL.Materiale)&gt; in (Controller.java:509)
Method &lt;project.CONTROLLER.Controller.openAggiuntaCitazione(project.MODEL.Materiale)&gt; calls method &lt;project.VIEW.AggiuntaCitazioneGUI.setVisible(boolean)&gt; in (Controller.java:515)
Method &lt;project.CONTROLLER.Controller.openAggiuntaCitazione(project.MODEL.Materiale)&gt; calls method &lt;project.VIEW.InserimentoArticoloSuConferenzaGUI.setVisible(boolean)&gt; in (Controller.java:513)
Method &lt;project.CONTROLLER.Controller.openAggiuntaCitazione(project.MODEL.Materiale)&gt; calls method &lt;project.VIEW.InserimentoArticoloSuRivistaGUI.setVisible(boolean)&gt; in (Controller.java:514)
Method &lt;project.CONTROLLER.Controller.openAggiuntaCitazione(project.MODEL.Materiale)&gt; calls method &lt;project.VIEW.InserimentoDatasetGUI.setVisible(boolean)&gt; in (Controller.java:511)
Method &lt;project.CONTROLLER.Controller.openAggiuntaCitazione(project.MODEL.Materiale)&gt; calls method &lt;project.VIEW.InserimentoLibroGUI.setVisible(boolean)&gt; in (Controller.java:510)
Method &lt;project.CONTROLLER.Controller.openAggiuntaCitazione(project.MODEL.Materiale)&gt; calls method &lt;project.VIEW.InserimentoRisorsaOnlineGUI.setVisible(boolean)&gt; in (Controller.java:512)
Method &lt;project.CONTROLLER.Controller.openAggiuntaCitazioneDaModifica(project.MODEL.Materiale)&gt; calls constructor &lt;project.VIEW.AggiuntaCitazioneDaModificaGUI.&lt;init&gt;(project.CONTROLLER.Controller, java.util.List, project.MODEL.Materiale)&gt; in (Controller.java:414)
Method &lt;project.CONTROLLER.Controller.openAggiuntaCitazioneDaModifica(project.MODEL.Materiale)&gt; calls method &lt;project.VIEW.AggiuntaCitazioneDaModificaGUI.setVisible(boolean)&gt; in (Controller.java:415)
Method &lt;project.CONTROLLER.Controller.openAggiuntaGerarchiaNuova(project.MODEL.Materiale)&gt; calls constructor &lt;project.VIEW.AggiuntaGerarchiaNuovaGUI.&lt;init&gt;(project.CONTROLLER.Controller, project.MODEL.Materiale)&gt; in (Controller.java:468)
Method &lt;project.CONTROLLER.Controller.openAggiuntaGerarchiaNuova(project.MODEL.Materiale)&gt; calls method &lt;project.VIEW.AggiuntaGerarchiaNuovaGUI.setVisible(boolean)&gt; in (Controller.java:469)
Method &lt;project.CONTROLLER.Controller.openAggiuntaGerarchiaNuovaDaModifica(project.MODEL.Materiale)&gt; calls constructor &lt;project.VIEW.AggiungiGerarchiaNuovaDaModificaGUI.&lt;init&gt;(project.CONTROLLER.Controller, project.MODEL.Materiale)&gt; in (Controller.java:384)
Method &lt;project.CONTROLLER.Controller.openAggiuntaGerarchiaNuovaDaModifica(project.MODEL.Materiale)&gt; calls method &lt;project.VIEW.AggiungiGerarchiaNuovaDaModificaGUI.setVisible(boolean)&gt; in (Controller.java:385)
Method &lt;project.CONTROLLER.Controller.openAggiuntaParolaChiave(project.MODEL.Materiale)&gt; calls constructor &lt;project.VIEW.AggiuntaParolaChiaveGUI.&lt;init&gt;(project.CONTROLLER.Controller, project.MODEL.Materiale)&gt; in (Controller.java:147)
Method &lt;project.CONTROLLER.Controller.openAggiuntaParolaChiave(project.MODEL.Materiale)&gt; calls method &lt;project.VIEW.AggiuntaParolaChiaveGUI.setVisible(boolean)&gt; in (Controller.java:149)
Method &lt;project.CONTROLLER.Controller.openAggiuntaParolaChiave(project.MODEL.Materiale)&gt; calls method &lt;project.VIEW.InserimentoArticoloSuConferenzaGUI.setVisible(boolean)&gt; in (Controller.java:144)
Method &lt;project.CONTROLLER.Controller.openAggiuntaParolaChiave(project.MODEL.Materiale)&gt; calls method &lt;project.VIEW.InserimentoArticoloSuRivistaGUI.setVisible(boolean)&gt; in (Controller.java:145)
Method &lt;project.CONTROLLER.Controller.openAggiuntaParolaChiave(project.MODEL.Materiale)&gt; calls method &lt;project.VIEW.InserimentoDatasetGUI.setVisible(boolean)&gt; in (Controller.java:142)
Method &lt;project.CONTROLLER.Controller.openAggiuntaParolaChiave(project.MODEL.Materiale)&gt; calls method &lt;project.VIEW.InserimentoLibroGUI.setVisible(boolean)&gt; in (Controller.java:141)
Method &lt;project.CONTROLLER.Controller.openAggiuntaParolaChiave(project.MODEL.Materiale)&gt; calls method &lt;project.VIEW.InserimentoRisorsaOnlineGUI.setVisible(boolean)&gt; in (Controller.java:143)
Method &lt;project.CONTROLLER.Controller.openCategorieAssociate(java.lang.String)&gt; calls constructor &lt;project.VIEW.VisualizzaCategorieGUI.&lt;init&gt;(project.CONTROLLER.Controller, java.util.List, java.lang.String)&gt; in (Controller.java:649)
Method &lt;project.CONTROLLER.Controller.openCategorieAssociate(java.lang.String)&gt; calls method &lt;project.VIEW.VisualizzaCategorieGUI.setVisible(boolean)&gt; in (Controller.java:650)
Method &lt;project.CONTROLLER.Controller.openCitazioni(java.lang.String)&gt; calls constructor &lt;project.VIEW.VisualizzaCitazioniGUI.&lt;init&gt;(project.CONTROLLER.Controller, java.util.List, java.lang.String)&gt; in (Controller.java:630)
Method &lt;project.CONTROLLER.Controller.openCitazioni(java.lang.String)&gt; calls method &lt;project.VIEW.VisualizzaCitazioniGUI.setVisible(boolean)&gt; in (Controller.java:631)
Method &lt;project.CONTROLLER.Controller.openDettagliArticoloSuConferenza(project.MODEL.Materiale)&gt; calls constructor &lt;project.VIEW.VisualizzaDettagliArticoloSuConferenzaGUI.&lt;init&gt;(project.CONTROLLER.Controller, project.struttureDiAppoggio.RigaTabellaArticoloSuConferenza)&gt; in (Controller.java:460)
Method &lt;project.CONTROLLER.Controller.openDettagliArticoloSuConferenza(project.MODEL.Materiale)&gt; calls method &lt;project.VIEW.VisualizzaDettagliArticoloSuConferenzaGUI.setVisible(boolean)&gt; in (Controller.java:461)
Method &lt;project.CONTROLLER.Controller.openDettagliArticoloSuRivista(project.MODEL.Materiale)&gt; calls constructor &lt;project.VIEW.VisualizzaDettagliArticoloSuRivistaGUI.&lt;init&gt;(project.CONTROLLER.Controller, project.struttureDiAppoggio.RigaTabellaArticoloSuRivista)&gt; in (Controller.java:452)
Method &lt;project.CONTROLLER.Controller.openDettagliArticoloSuRivista(project.MODEL.Materiale)&gt; calls method &lt;project.VIEW.VisualizzaDettagliArticoloSuRivistaGUI.setVisible(boolean)&gt; in (Controller.java:453)
Method &lt;project.CONTROLLER.Controller.openDettagliDataset(project.MODEL.Materiale)&gt; calls constructor &lt;project.VIEW.VisualizzaDettagliDatasetGUI.&lt;init&gt;(project.CONTROLLER.Controller, project.struttureDiAppoggio.RigaTabellaDataset)&gt; in (Controller.java:435)
Method &lt;project.CONTROLLER.Controller.openDettagliDataset(project.MODEL.Materiale)&gt; calls method &lt;project.VIEW.VisualizzaDettagliDatasetGUI.setVisible(boolean)&gt; in (Controller.java:436)
Method &lt;project.CONTROLLER.Controller.openDettagliLibro(project.MODEL.Materiale)&gt; calls constructor &lt;project.VIEW.VisualizzaDettagliLibroGUI.&lt;init&gt;(project.CONTROLLER.Controller, project.struttureDiAppoggio.RigaTabellaLibro)&gt; in (Controller.java:427)
Method &lt;project.CONTROLLER.Controller.openDettagliLibro(project.MODEL.Materiale)&gt; calls method &lt;project.VIEW.VisualizzaDettagliLibroGUI.setVisible(boolean)&gt; in (Controller.java:428)
Method &lt;project.CONTROLLER.Controller.openDettagliRisorsaOnline(project.MODEL.Materiale)&gt; calls constructor &lt;project.VIEW.VisualizzaDettagliRisorsaOnlineGUI.&lt;init&gt;(project.CONTROLLER.Controller, project.struttureDiAppoggio.RigaTabellaRisorsaOnline)&gt; in (Controller.java:444)
Method &lt;project.CONTROLLER.Controller.openDettagliRisorsaOnline(project.MODEL.Materiale)&gt; calls method &lt;project.VIEW.VisualizzaDettagliRisorsaOnlineGUI.setVisible(boolean)&gt; in (Controller.java:445)
Method &lt;project.CONTROLLER.Controller.openDialog(java.lang.String)&gt; calls constructor &lt;project.VIEW.Dialog.&lt;init&gt;(java.lang.String)&gt; in (Controller.java:137)
Method &lt;project.CONTROLLER.Controller.openHome()&gt; calls method &lt;project.VIEW.AccessoPortaleAmministratoreGUI.setVisible(boolean)&gt; in (Controller.java:84)
Method &lt;project.CONTROLLER.Controller.openHome()&gt; calls method &lt;project.VIEW.AccessoPortaleAutoriGUI.setVisible(boolean)&gt; in (Controller.java:83)
Method &lt;project.CONTROLLER.Controller.openHome()&gt; calls method &lt;project.VIEW.HomeGUI.setVisible(boolean)&gt; in (Controller.java:81)
Method &lt;project.CONTROLLER.Controller.openHome()&gt; calls method &lt;project.VIEW.LibreriaGUI.setVisible(boolean)&gt; in (Controller.java:85)
Method &lt;project.CONTROLLER.Controller.openHome()&gt; calls method &lt;project.VIEW.RegistrazioneGUI.setVisible(boolean)&gt; in (Controller.java:82)
Method &lt;project.CONTROLLER.Controller.openInserimentoArticoloSuConferenza()&gt; calls method &lt;project.VIEW.InserimentoArticoloSuConferenzaGUI.setVisible(boolean)&gt; in (Controller.java:194)
Method &lt;project.CONTROLLER.Controller.openInserimentoArticoloSuConferenza()&gt; calls method &lt;project.VIEW.InserisciMaterialeGUI.setVisible(boolean)&gt; in (Controller.java:193)
Method &lt;project.CONTROLLER.Controller.openInserimentoArticoloSuRivista()&gt; calls method &lt;project.VIEW.InserimentoArticoloSuRivistaGUI.setVisible(boolean)&gt; in (Controller.java:199)
Method &lt;project.CONTROLLER.Controller.openInserimentoArticoloSuRivista()&gt; calls method &lt;project.VIEW.InserisciMaterialeGUI.setVisible(boolean)&gt; in (Controller.java:198)
Method &lt;project.CONTROLLER.Controller.openInserimentoDataset()&gt; calls method &lt;project.VIEW.InserimentoDatasetGUI.setVisible(boolean)&gt; in (Controller.java:183)
Method &lt;project.CONTROLLER.Controller.openInserimentoDataset()&gt; calls method &lt;project.VIEW.InserisciMaterialeGUI.setVisible(boolean)&gt; in (Controller.java:182)
Method &lt;project.CONTROLLER.Controller.openInserimentoLibro()&gt; calls method &lt;project.VIEW.InserimentoLibroGUI.setVisible(boolean)&gt; in (Controller.java:133)
Method &lt;project.CONTROLLER.Controller.openInserimentoLibro()&gt; calls method &lt;project.VIEW.InserisciMaterialeGUI.setVisible(boolean)&gt; in (Controller.java:132)
Method &lt;project.CONTROLLER.Controller.openInserimentoRisoraOnline()&gt; calls method &lt;project.VIEW.InserimentoRisorsaOnlineGUI.setVisible(boolean)&gt; in (Controller.java:188)
Method &lt;project.CONTROLLER.Controller.openInserimentoRisoraOnline()&gt; calls method &lt;project.VIEW.InserisciMaterialeGUI.setVisible(boolean)&gt; in (Controller.java:187)
Method &lt;project.CONTROLLER.Controller.openInsesciMaterialeGUI()&gt; calls method &lt;project.VIEW.InserimentoArticoloSuConferenzaGUI.setVisible(boolean)&gt; in (Controller.java:121)
Method &lt;project.CONTROLLER.Controller.openInsesciMaterialeGUI()&gt; calls method &lt;project.VIEW.InserimentoArticoloSuRivistaGUI.setVisible(boolean)&gt; in (Controller.java:122)
Method &lt;project.CONTROLLER.Controller.openInsesciMaterialeGUI()&gt; calls method &lt;project.VIEW.InserimentoDatasetGUI.setVisible(boolean)&gt; in (Controller.java:119)
Method &lt;project.CONTROLLER.Controller.openInsesciMaterialeGUI()&gt; calls method &lt;project.VIEW.InserimentoLibroGUI.setVisible(boolean)&gt; in (Controller.java:118)
Method &lt;project.CONTROLLER.Controller.openInsesciMaterialeGUI()&gt; calls method &lt;project.VIEW.InserimentoRisorsaOnlineGUI.setVisible(boolean)&gt; in (Controller.java:120)
Method &lt;project.CONTROLLER.Controller.openInsesciMaterialeGUI()&gt; calls method &lt;project.VIEW.InserisciMaterialeGUI.setVisible(boolean)&gt; in (Controller.java:123)
Method &lt;project.CONTROLLER.Controller.openInsesciMaterialeGUI()&gt; calls method &lt;project.VIEW.PortaleAutoriGUI.setVisible(boolean)&gt; in (Controller.java:117)
Method &lt;project.CONTROLLER.Controller.openLibreria()&gt; calls method &lt;project.VIEW.HomeGUI.setVisible(boolean)&gt; in (Controller.java:89)
Method &lt;project.CONTROLLER.Controller.openLibreria()&gt; calls method &lt;project.VIEW.LibreriaGUI.setVisible(boolean)&gt; in (Controller.java:90)
Method &lt;project.CONTROLLER.Controller.openModificaArticoloSuConferenza(project.struttureDiAppoggio.RigaTabellaArticoloSuConferenza)&gt; calls constructor &lt;project.VIEW.ModificaArticoloSuConferenzaGUI.&lt;init&gt;(project.CONTROLLER.Controller, project.struttureDiAppoggio.RigaTabellaArticoloSuConferenza)&gt; in (Controller.java:1157)
Method &lt;project.CONTROLLER.Controller.openModificaArticoloSuConferenza(project.struttureDiAppoggio.RigaTabellaArticoloSuConferenza)&gt; calls method &lt;project.VIEW.ModificaArticoloSuConferenzaGUI.setVisible(boolean)&gt; in (Controller.java:1158)
Method &lt;project.CONTROLLER.Controller.openModificaArticoloSuRivista(project.struttureDiAppoggio.RigaTabellaArticoloSuRivista)&gt; calls constructor &lt;project.VIEW.ModificaArticoloSuRivistaGUI.&lt;init&gt;(project.CONTROLLER.Controller, project.struttureDiAppoggio.RigaTabellaArticoloSuRivista)&gt; in (Controller.java:1151)
Method &lt;project.CONTROLLER.Controller.openModificaArticoloSuRivista(project.struttureDiAppoggio.RigaTabellaArticoloSuRivista)&gt; calls method &lt;project.VIEW.ModificaArticoloSuRivistaGUI.setVisible(boolean)&gt; in (Controller.java:1152)
Method &lt;project.CONTROLLER.Controller.openModificaAutoriADMIN()&gt; calls constructor &lt;project.VIEW.ModificaAutoriADMINGUI.&lt;init&gt;(project.CONTROLLER.Controller, java.util.List)&gt; in (Controller.java:259)
Method &lt;project.CONTROLLER.Controller.openModificaAutoriADMIN()&gt; calls method &lt;project.VIEW.ModificaAutoriADMINGUI.setVisible(boolean)&gt; in (Controller.java:260)
Method &lt;project.CONTROLLER.Controller.openModificaCategorie(project.MODEL.Materiale)&gt; calls constructor &lt;project.VIEW.ModificaCategorieGUI.&lt;init&gt;(project.CONTROLLER.Controller, java.util.List, project.MODEL.Materiale)&gt; in (Controller.java:342)
Method &lt;project.CONTROLLER.Controller.openModificaCategorie(project.MODEL.Materiale)&gt; calls method &lt;project.VIEW.ModificaCategorieGUI.setVisible(boolean)&gt; in (Controller.java:343)
Method &lt;project.CONTROLLER.Controller.openModificaCitazioni(project.MODEL.Materiale)&gt; calls constructor &lt;project.VIEW.ModificaCitazioneGUI.&lt;init&gt;(project.CONTROLLER.Controller, java.util.List, project.MODEL.Materiale)&gt; in (Controller.java:402)
Method &lt;project.CONTROLLER.Controller.openModificaCitazioni(project.MODEL.Materiale)&gt; calls method &lt;project.VIEW.ModificaCitazioneGUI.setVisible(boolean)&gt; in (Controller.java:403)
Method &lt;project.CONTROLLER.Controller.openModificaDataset(project.struttureDiAppoggio.RigaTabellaDataset)&gt; calls constructor &lt;project.VIEW.ModificaDatasetGUI.&lt;init&gt;(project.CONTROLLER.Controller, project.struttureDiAppoggio.RigaTabellaDataset)&gt; in (Controller.java:1168)
Method &lt;project.CONTROLLER.Controller.openModificaDataset(project.struttureDiAppoggio.RigaTabellaDataset)&gt; calls method &lt;project.VIEW.ModificaDatasetGUI.setVisible(boolean)&gt; in (Controller.java:1169)
Method &lt;project.CONTROLLER.Controller.openModificaLibro(project.struttureDiAppoggio.RigaTabellaLibro)&gt; calls constructor &lt;project.VIEW.ModificaLibroGUI.&lt;init&gt;(project.CONTROLLER.Controller, project.struttureDiAppoggio.RigaTabellaLibro)&gt; in (Controller.java:1174)
Method &lt;project.CONTROLLER.Controller.openModificaLibro(project.struttureDiAppoggio.RigaTabellaLibro)&gt; calls method &lt;project.VIEW.ModificaLibroGUI.setVisible(boolean)&gt; in (Controller.java:1175)
Method &lt;project.CONTROLLER.Controller.openModificaMateriale()&gt; calls constructor &lt;project.VIEW.ModificaMaterialeGUI.&lt;init&gt;(project.CONTROLLER.Controller, java.util.List)&gt; in (Controller.java:210)
Method &lt;project.CONTROLLER.Controller.openModificaMateriale()&gt; calls method &lt;project.VIEW.ModificaMaterialeGUI.setVisible(boolean)&gt; in (Controller.java:211)
Method &lt;project.CONTROLLER.Controller.openModificaMaterialeADMIN()&gt; calls constructor &lt;project.VIEW.ModificaMaterialiADMINGUI.&lt;init&gt;(project.CONTROLLER.Controller, java.util.List)&gt; in (Controller.java:222)
Method &lt;project.CONTROLLER.Controller.openModificaMaterialeADMIN()&gt; calls method &lt;project.VIEW.ModificaMaterialiADMINGUI.setVisible(boolean)&gt; in (Controller.java:223)
Method &lt;project.CONTROLLER.Controller.openModificaParoleChiave(project.MODEL.Materiale)&gt; calls constructor &lt;project.VIEW.ModificaParoleAssociateGUI.&lt;init&gt;(project.CONTROLLER.Controller, java.util.List, project.MODEL.Materiale)&gt; in (Controller.java:330)
Method &lt;project.CONTROLLER.Controller.openModificaParoleChiave(project.MODEL.Materiale)&gt; calls method &lt;project.VIEW.ModificaParoleAssociateGUI.setVisible(boolean)&gt; in (Controller.java:331)
Method &lt;project.CONTROLLER.Controller.openModificaRisorsaOnline(project.struttureDiAppoggio.RigaTabellaRisorsaOnline)&gt; calls constructor &lt;project.VIEW.ModificaRisorsaOnlineGUI.&lt;init&gt;(project.CONTROLLER.Controller, project.struttureDiAppoggio.RigaTabellaRisorsaOnline)&gt; in (Controller.java:1162)
Method &lt;project.CONTROLLER.Controller.openModificaRisorsaOnline(project.struttureDiAppoggio.RigaTabellaRisorsaOnline)&gt; calls method &lt;project.VIEW.ModificaRisorsaOnlineGUI.setVisible(boolean)&gt; in (Controller.java:1163)
Method &lt;project.CONTROLLER.Controller.openParoleChiaveAssociate(java.lang.String)&gt; calls constructor &lt;project.VIEW.VisualizzaParoleAssociateGUI.&lt;init&gt;(project.CONTROLLER.Controller, java.util.List, java.lang.String)&gt; in (Controller.java:610)
Method &lt;project.CONTROLLER.Controller.openParoleChiaveAssociate(java.lang.String)&gt; calls method &lt;project.VIEW.VisualizzaParoleAssociateGUI.setVisible(boolean)&gt; in (Controller.java:611)
Method &lt;project.CONTROLLER.Controller.openPortaleAmministratore()&gt; calls constructor &lt;project.VIEW.PortaleAmministratoreGUI.&lt;init&gt;(project.CONTROLLER.Controller)&gt; in (Controller.java:112)
Method &lt;project.CONTROLLER.Controller.openPortaleAmministratore()&gt; calls method &lt;project.VIEW.AccessoPortaleAmministratoreGUI.setVisible(boolean)&gt; in (Controller.java:111)
Method &lt;project.CONTROLLER.Controller.openPortaleAmministratore()&gt; calls method &lt;project.VIEW.PortaleAmministratoreGUI.setVisible(boolean)&gt; in (Controller.java:113)
Method &lt;project.CONTROLLER.Controller.openPortaleAutori()&gt; calls constructor &lt;project.VIEW.PortaleAutoriGUI.&lt;init&gt;(project.CONTROLLER.Controller, project.MODEL.Autore)&gt; in (Controller.java:101)
Method &lt;project.CONTROLLER.Controller.openPortaleAutori()&gt; calls method &lt;project.VIEW.AccessoPortaleAutoriGUI.setVisible(boolean)&gt; in (Controller.java:100)
Method &lt;project.CONTROLLER.Controller.openPortaleAutori()&gt; calls method &lt;project.VIEW.PortaleAutoriGUI.setVisible(boolean)&gt; in (Controller.java:102)
Method &lt;project.CONTROLLER.Controller.openRegistrazione()&gt; calls method &lt;project.VIEW.AccessoPortaleAutoriGUI.setVisible(boolean)&gt; in (Controller.java:127)
Method &lt;project.CONTROLLER.Controller.openRegistrazione()&gt; calls method &lt;project.VIEW.RegistrazioneGUI.setVisible(boolean)&gt; in (Controller.java:128)
Method &lt;project.CONTROLLER.Controller.openRicerca()&gt; calls method &lt;project.VIEW.LibreriaGUI.setVisible(boolean)&gt; in (Controller.java:308)
Method &lt;project.CONTROLLER.Controller.openRicerca()&gt; calls method &lt;project.VIEW.RicercaGUI.setVisible(boolean)&gt; in (Controller.java:309)
Method &lt;project.CONTROLLER.Controller.openVisualizzaArticoloSuConferenza()&gt; calls constructor &lt;project.VIEW.VisualizzaArticoliSuConferenzaGUI.&lt;init&gt;(project.CONTROLLER.Controller, java.util.List)&gt; in (Controller.java:578)
Method &lt;project.CONTROLLER.Controller.openVisualizzaArticoloSuConferenza()&gt; calls method &lt;project.VIEW.VisualizzaArticoliSuConferenzaGUI.setVisible(boolean)&gt; in (Controller.java:579)
Method &lt;project.CONTROLLER.Controller.openVisualizzaArticoloSuRivista()&gt; calls constructor &lt;project.VIEW.VisualizzaArticoliSuRivistaGUI.&lt;init&gt;(project.CONTROLLER.Controller, java.util.List)&gt; in (Controller.java:590)
Method &lt;project.CONTROLLER.Controller.openVisualizzaArticoloSuRivista()&gt; calls method &lt;project.VIEW.VisualizzaArticoliSuRivistaGUI.setVisible(boolean)&gt; in (Controller.java:591)
Method &lt;project.CONTROLLER.Controller.openVisualizzaDataset()&gt; calls constructor &lt;project.VIEW.VisualizzaDatasetGUI.&lt;init&gt;(project.CONTROLLER.Controller, java.util.List)&gt; in (Controller.java:553)
Method &lt;project.CONTROLLER.Controller.openVisualizzaDataset()&gt; calls method &lt;project.VIEW.VisualizzaDatasetGUI.setVisible(boolean)&gt; in (Controller.java:554)
Method &lt;project.CONTROLLER.Controller.openVisualizzaLibreria()&gt; calls constructor &lt;project.VIEW.VisualizzaLibreriaGUI.&lt;init&gt;(project.CONTROLLER.Controller, java.util.List)&gt; in (Controller.java:528)
Method &lt;project.CONTROLLER.Controller.openVisualizzaLibreria()&gt; calls method &lt;project.VIEW.LibreriaGUI.setVisible(boolean)&gt; in (Controller.java:521)
Method &lt;project.CONTROLLER.Controller.openVisualizzaLibreria()&gt; calls method &lt;project.VIEW.VisualizzaLibreriaGUI.setVisible(boolean)&gt; in (Controller.java:529)
Method &lt;project.CONTROLLER.Controller.openVisualizzaLibri()&gt; calls constructor &lt;project.VIEW.VisualizzaLibriGUI.&lt;init&gt;(project.CONTROLLER.Controller, java.util.List)&gt; in (Controller.java:540)
Method &lt;project.CONTROLLER.Controller.openVisualizzaLibri()&gt; calls method &lt;project.VIEW.VisualizzaLibriGUI.setVisible(boolean)&gt; in (Controller.java:541)
Method &lt;project.CONTROLLER.Controller.openVisualizzaRisorsaOnline()&gt; calls constructor &lt;project.VIEW.VisualizzaRisorsaOnlineGUI.&lt;init&gt;(project.CONTROLLER.Controller, java.util.List)&gt; in (Controller.java:565)
Method &lt;project.CONTROLLER.Controller.openVisualizzaRisorsaOnline()&gt; calls method &lt;project.VIEW.VisualizzaRisorsaOnlineGUI.setVisible(boolean)&gt; in (Controller.java:566)
Method &lt;project.CONTROLLER.Controller.returnToPortaleAutori()&gt; calls method &lt;project.VIEW.InserimentoArticoloSuConferenzaGUI.setVisible(boolean)&gt; in (Controller.java:156)
Method &lt;project.CONTROLLER.Controller.returnToPortaleAutori()&gt; calls method &lt;project.VIEW.InserimentoArticoloSuRivistaGUI.setVisible(boolean)&gt; in (Controller.java:157)
Method &lt;project.CONTROLLER.Controller.returnToPortaleAutori()&gt; calls method &lt;project.VIEW.InserimentoDatasetGUI.setVisible(boolean)&gt; in (Controller.java:154)
Method &lt;project.CONTROLLER.Controller.returnToPortaleAutori()&gt; calls method &lt;project.VIEW.InserimentoLibroGUI.setVisible(boolean)&gt; in (Controller.java:153)
Method &lt;project.CONTROLLER.Controller.returnToPortaleAutori()&gt; calls method &lt;project.VIEW.InserimentoRisorsaOnlineGUI.setVisible(boolean)&gt; in (Controller.java:155)
Method &lt;project.CONTROLLER.Controller.returnToPortaleAutori()&gt; calls method &lt;project.VIEW.InserisciMaterialeGUI.setVisible(boolean)&gt; in (Controller.java:158)" type="java.lang.AssertionError">java.lang.AssertionError: Architecture Violation [Priority: MEDIUM] - Rule &apos;Layered architecture consisting of
layer &apos;View&apos; (&apos;project.VIEW..&apos;)
layer &apos;Controller&apos; (&apos;project.CONTROLLER..&apos;)
layer &apos;Model&apos; (&apos;project.MODEL..&apos;)
layer &apos;Database&apos; (&apos;project.DAO..&apos;)
where layer &apos;View&apos; may not be accessed by any layer&apos; was violated (174 times):
Constructor &lt;project.CONTROLLER.Controller.&lt;init&gt;()&gt; calls constructor &lt;project.VIEW.AccessoPortaleAmministratoreGUI.&lt;init&gt;(project.CONTROLLER.Controller)&gt; in (Controller.java:56)
Constructor &lt;project.CONTROLLER.Controller.&lt;init&gt;()&gt; calls constructor &lt;project.VIEW.AccessoPortaleAutoriGUI.&lt;init&gt;(project.CONTROLLER.Controller)&gt; in (Controller.java:55)
Constructor &lt;project.CONTROLLER.Controller.&lt;init&gt;()&gt; calls constructor &lt;project.VIEW.HomeGUI.&lt;init&gt;(project.CONTROLLER.Controller)&gt; in (Controller.java:52)
Constructor &lt;project.CONTROLLER.Controller.&lt;init&gt;()&gt; calls constructor &lt;project.VIEW.InserimentoArticoloSuConferenzaGUI.&lt;init&gt;(project.CONTROLLER.Controller)&gt; in (Controller.java:62)
Constructor &lt;project.CONTROLLER.Controller.&lt;init&gt;()&gt; calls constructor &lt;project.VIEW.InserimentoArticoloSuRivistaGUI.&lt;init&gt;(project.CONTROLLER.Controller)&gt; in (Controller.java:63)
Constructor &lt;project.CONTROLLER.Controller.&lt;init&gt;()&gt; calls constructor &lt;project.VIEW.InserimentoDatasetGUI.&lt;init&gt;(project.CONTROLLER.Controller)&gt; in (Controller.java:60)
Constructor &lt;project.CONTROLLER.Controller.&lt;init&gt;()&gt; calls constructor &lt;project.VIEW.InserimentoLibroGUI.&lt;init&gt;(project.CONTROLLER.Controller)&gt; in (Controller.java:59)
Constructor &lt;project.CONTROLLER.Controller.&lt;init&gt;()&gt; calls constructor &lt;project.VIEW.InserimentoRisorsaOnlineGUI.&lt;init&gt;(project.CONTROLLER.Controller)&gt; in (Controller.java:61)
Constructor &lt;project.CONTROLLER.Controller.&lt;init&gt;()&gt; calls constructor &lt;project.VIEW.InserisciMaterialeGUI.&lt;init&gt;(project.CONTROLLER.Controller)&gt; in (Controller.java:58)
Constructor &lt;project.CONTROLLER.Controller.&lt;init&gt;()&gt; calls constructor &lt;project.VIEW.LibreriaGUI.&lt;init&gt;(project.CONTROLLER.Controller)&gt; in (Controller.java:54)
Constructor &lt;project.CONTROLLER.Controller.&lt;init&gt;()&gt; calls constructor &lt;project.VIEW.RegistrazioneGUI.&lt;init&gt;(project.CONTROLLER.Controller)&gt; in (Controller.java:57)
Constructor &lt;project.CONTROLLER.Controller.&lt;init&gt;()&gt; calls constructor &lt;project.VIEW.RicercaGUI.&lt;init&gt;(project.CONTROLLER.Controller)&gt; in (Controller.java:64)
Constructor &lt;project.CONTROLLER.Controller.&lt;init&gt;()&gt; calls method &lt;project.VIEW.HomeGUI.setVisible(boolean)&gt; in (Controller.java:53)
Field &lt;project.CONTROLLER.Controller.accessoPortaleAmministratore&gt; has type &lt;project.VIEW.AccessoPortaleAmministratoreGUI&gt; in (Controller.java:0)
Field &lt;project.CONTROLLER.Controller.accessoPortaleAutori&gt; has type &lt;project.VIEW.AccessoPortaleAutoriGUI&gt; in (Controller.java:0)
Field &lt;project.CONTROLLER.Controller.home&gt; has type &lt;project.VIEW.HomeGUI&gt; in (Controller.java:0)
Field &lt;project.CONTROLLER.Controller.inserimentoArticoloSuConferenza&gt; has type &lt;project.VIEW.InserimentoArticoloSuConferenzaGUI&gt; in (Controller.java:0)
Field &lt;project.CONTROLLER.Controller.inserimentoArticoloSuRivista&gt; has type &lt;project.VIEW.InserimentoArticoloSuRivistaGUI&gt; in (Controller.java:0)
Field &lt;project.CONTROLLER.Controller.inserimentoDataset&gt; has type &lt;project.VIEW.InserimentoDatasetGUI&gt; in (Controller.java:0)
Field &lt;project.CONTROLLER.Controller.inserimentoLibro&gt; has type &lt;project.VIEW.InserimentoLibroGUI&gt; in (Controller.java:0)
Field &lt;project.CONTROLLER.Controller.inserimentoRisorsaOnline&gt; has type &lt;project.VIEW.InserimentoRisorsaOnlineGUI&gt; in (Controller.java:0)
Field &lt;project.CONTROLLER.Controller.inserisciMateriale&gt; has type &lt;project.VIEW.InserisciMaterialeGUI&gt; in (Controller.java:0)
Field &lt;project.CONTROLLER.Controller.libreria&gt; has type &lt;project.VIEW.LibreriaGUI&gt; in (Controller.java:0)
Field &lt;project.CONTROLLER.Controller.modificaMateriale&gt; has type &lt;project.VIEW.ModificaMaterialeGUI&gt; in (Controller.java:0)
Field &lt;project.CONTROLLER.Controller.portaleAmministratore&gt; has type &lt;project.VIEW.PortaleAmministratoreGUI&gt; in (Controller.java:0)
Field &lt;project.CONTROLLER.Controller.portaleAutori&gt; has type &lt;project.VIEW.PortaleAutoriGUI&gt; in (Controller.java:0)
Field &lt;project.CONTROLLER.Controller.registrazione&gt; has type &lt;project.VIEW.RegistrazioneGUI&gt; in (Controller.java:0)
Field &lt;project.CONTROLLER.Controller.ricerca&gt; has type &lt;project.VIEW.RicercaGUI&gt; in (Controller.java:0)
Method &lt;project.CONTROLLER.Controller.eseguiRicerca(project.struttureDiAppoggio.Ricerca)&gt; calls constructor &lt;project.VIEW.VisualizzaRisultatiGUI.&lt;init&gt;(project.CONTROLLER.Controller, java.util.List)&gt; in (Controller.java:318)
Method &lt;project.CONTROLLER.Controller.eseguiRicerca(project.struttureDiAppoggio.Ricerca)&gt; calls method &lt;project.VIEW.VisualizzaRisultatiGUI.setVisible(boolean)&gt; in (Controller.java:319)
Method &lt;project.CONTROLLER.Controller.modificaAutore(project.MODEL.Autore)&gt; calls constructor &lt;project.VIEW.ModificaAutoreADMINGUI.&lt;init&gt;(project.CONTROLLER.Controller, project.MODEL.Autore)&gt; in (Controller.java:264)
Method &lt;project.CONTROLLER.Controller.modificaAutore(project.MODEL.Autore)&gt; calls method &lt;project.VIEW.ModificaAutoreADMINGUI.setVisible(boolean)&gt; in (Controller.java:265)
Method &lt;project.CONTROLLER.Controller.openAccessoPortaleAmministratore()&gt; calls method &lt;project.VIEW.AccessoPortaleAmministratoreGUI.setVisible(boolean)&gt; in (Controller.java:107)
Method &lt;project.CONTROLLER.Controller.openAccessoPortaleAmministratore()&gt; calls method &lt;project.VIEW.HomeGUI.setVisible(boolean)&gt; in (Controller.java:106)
Method &lt;project.CONTROLLER.Controller.openAccessoPortaleAutori()&gt; calls method &lt;project.VIEW.AccessoPortaleAutoriGUI.setVisible(boolean)&gt; in (Controller.java:96)
Method &lt;project.CONTROLLER.Controller.openAccessoPortaleAutori()&gt; calls method &lt;project.VIEW.HomeGUI.setVisible(boolean)&gt; in (Controller.java:94)
Method &lt;project.CONTROLLER.Controller.openAccessoPortaleAutori()&gt; calls method &lt;project.VIEW.RegistrazioneGUI.setVisible(boolean)&gt; in (Controller.java:95)
Method &lt;project.CONTROLLER.Controller.openAggiungiCategoriaAGerarchiaDaModifica(project.MODEL.Materiale, project.MODEL.Categoria)&gt; calls constructor &lt;project.VIEW.AggiungiCategoriaAGerarchiaDaModificaGUI.&lt;init&gt;(project.CONTROLLER.Controller, project.MODEL.Materiale, project.MODEL.Categoria)&gt; in (Controller.java:390)
Method &lt;project.CONTROLLER.Controller.openAggiungiCategoriaAGerarchiaDaModifica(project.MODEL.Materiale, project.MODEL.Categoria)&gt; calls method &lt;project.VIEW.AggiungiCategoriaAGerarchiaDaModificaGUI.setVisible(boolean)&gt; in (Controller.java:391)
Method &lt;project.CONTROLLER.Controller.openAggiungiCategoriaDaModifica(project.MODEL.Materiale)&gt; calls constructor &lt;project.VIEW.AggiungiCategoriaDaModificaGUI.&lt;init&gt;(project.CONTROLLER.Controller, project.MODEL.Materiale)&gt; in (Controller.java:348)
Method &lt;project.CONTROLLER.Controller.openAggiungiCategoriaDaModifica(project.MODEL.Materiale)&gt; calls method &lt;project.VIEW.AggiungiCategoriaDaModificaGUI.setVisible(boolean)&gt; in (Controller.java:350)
Method &lt;project.CONTROLLER.Controller.openAggiungiCategoriaEsistente(project.MODEL.Materiale)&gt; calls constructor &lt;project.VIEW.AggiuntaCategoriaEsistenteGUI.&lt;init&gt;(project.CONTROLLER.Controller, java.util.List, project.MODEL.Materiale)&gt; in (Controller.java:498)
Method &lt;project.CONTROLLER.Controller.openAggiungiCategoriaEsistente(project.MODEL.Materiale)&gt; calls method &lt;project.VIEW.AggiuntaCategoriaEsistenteGUI.setVisible(boolean)&gt; in (Controller.java:499)
Method &lt;project.CONTROLLER.Controller.openAggiungiCategoriaEsistenteDaModifica(project.MODEL.Materiale)&gt; calls constructor &lt;project.VIEW.AggiungiCategoriaEsistenteDaModificaGUI.&lt;init&gt;(project.CONTROLLER.Controller, java.util.List, project.MODEL.Materiale)&gt; in (Controller.java:367)
Method &lt;project.CONTROLLER.Controller.openAggiungiCategoriaEsistenteDaModifica(project.MODEL.Materiale)&gt; calls method &lt;project.VIEW.AggiungiCategoriaEsistenteDaModificaGUI.setVisible(boolean)&gt; in (Controller.java:368)
Method &lt;project.CONTROLLER.Controller.openAggiungiCategoriaNuovaDaModifica(project.MODEL.Materiale)&gt; calls constructor &lt;project.VIEW.AggiungiCategoriaNuovaDaModificaGUI.&lt;init&gt;(project.CONTROLLER.Controller, project.MODEL.Materiale)&gt; in (Controller.java:355)
Method &lt;project.CONTROLLER.Controller.openAggiungiCategoriaNuovaDaModifica(project.MODEL.Materiale)&gt; calls method &lt;project.VIEW.AggiungiCategoriaNuovaDaModificaGUI.setVisible(boolean)&gt; in (Controller.java:357)
Method &lt;project.CONTROLLER.Controller.openAggiuntaAGerarchiaEsistente(project.MODEL.Materiale)&gt; calls constructor &lt;project.VIEW.AggiuntaAGerarchiaEsistenteGUI.&lt;init&gt;(project.CONTROLLER.Controller, java.util.List, project.MODEL.Materiale)&gt; in (Controller.java:479)
Method &lt;project.CONTROLLER.Controller.openAggiuntaAGerarchiaEsistente(project.MODEL.Materiale)&gt; calls method &lt;project.VIEW.AggiuntaAGerarchiaEsistenteGUI.setVisible(boolean)&gt; in (Controller.java:480)
Method &lt;project.CONTROLLER.Controller.openAggiuntaAGerarchiaEsistenteDaModifica(project.MODEL.Materiale)&gt; calls constructor &lt;project.VIEW.AggiungiAGerarchiaEsistenteDaModificaGUI.&lt;init&gt;(project.CONTROLLER.Controller, java.util.List, project.MODEL.Materiale)&gt; in (Controller.java:378)
Method &lt;project.CONTROLLER.Controller.openAggiuntaAGerarchiaEsistenteDaModifica(project.MODEL.Materiale)&gt; calls method &lt;project.VIEW.AggiungiAGerarchiaEsistenteDaModificaGUI.setVisible(boolean)&gt; in (Controller.java:379)
Method &lt;project.CONTROLLER.Controller.openAggiuntaCategoria(project.MODEL.Materiale)&gt; calls constructor &lt;project.VIEW.AggiuntaCategoriaGUI.&lt;init&gt;(project.CONTROLLER.Controller, project.MODEL.Materiale)&gt; in (Controller.java:170)
Method &lt;project.CONTROLLER.Controller.openAggiuntaCategoria(project.MODEL.Materiale)&gt; calls method &lt;project.VIEW.AggiuntaCategoriaGUI.setVisible(boolean)&gt; in (Controller.java:171)
Method &lt;project.CONTROLLER.Controller.openAggiuntaCategoria(project.MODEL.Materiale)&gt; calls method &lt;project.VIEW.InserimentoArticoloSuConferenzaGUI.setVisible(boolean)&gt; in (Controller.java:167)
Method &lt;project.CONTROLLER.Controller.openAggiuntaCategoria(project.MODEL.Materiale)&gt; calls method &lt;project.VIEW.InserimentoArticoloSuRivistaGUI.setVisible(boolean)&gt; in (Controller.java:168)
Method &lt;project.CONTROLLER.Controller.openAggiuntaCategoria(project.MODEL.Materiale)&gt; calls method &lt;project.VIEW.InserimentoDatasetGUI.setVisible(boolean)&gt; in (Controller.java:165)
Method &lt;project.CONTROLLER.Controller.openAggiuntaCategoria(project.MODEL.Materiale)&gt; calls method &lt;project.VIEW.InserimentoLibroGUI.setVisible(boolean)&gt; in (Controller.java:164)
Method &lt;project.CONTROLLER.Controller.openAggiuntaCategoria(project.MODEL.Materiale)&gt; calls method &lt;project.VIEW.InserimentoRisorsaOnlineGUI.setVisible(boolean)&gt; in (Controller.java:166)
Method &lt;project.CONTROLLER.Controller.openAggiuntaCategoriaAGerarchia(project.MODEL.Materiale, project.MODEL.Categoria)&gt; calls constructor &lt;project.VIEW.AggiuntaCategoriaAGerarchiaGUI.&lt;init&gt;(project.CONTROLLER.Controller, project.MODEL.Materiale, project.MODEL.Categoria)&gt; in (Controller.java:486)
Method &lt;project.CONTROLLER.Controller.openAggiuntaCategoriaAGerarchia(project.MODEL.Materiale, project.MODEL.Categoria)&gt; calls method &lt;project.VIEW.AggiuntaCategoriaAGerarchiaGUI.setVisible(boolean)&gt; in (Controller.java:487)
Method &lt;project.CONTROLLER.Controller.openAggiuntaCategoriaNuova(project.MODEL.Materiale)&gt; calls constructor &lt;project.VIEW.AggiuntaCategoriaNuovaGUI.&lt;init&gt;(project.CONTROLLER.Controller, project.MODEL.Materiale)&gt; in (Controller.java:176)
Method &lt;project.CONTROLLER.Controller.openAggiuntaCategoriaNuova(project.MODEL.Materiale)&gt; calls method &lt;project.VIEW.AggiuntaCategoriaNuovaGUI.setVisible(boolean)&gt; in (Controller.java:178)
Method &lt;project.CONTROLLER.Controller.openAggiuntaCitazione(project.MODEL.Materiale)&gt; calls constructor &lt;project.VIEW.AggiuntaCitazioneGUI.&lt;init&gt;(project.CONTROLLER.Controller, java.util.List, project.MODEL.Materiale)&gt; in (Controller.java:509)
Method &lt;project.CONTROLLER.Controller.openAggiuntaCitazione(project.MODEL.Materiale)&gt; calls method &lt;project.VIEW.AggiuntaCitazioneGUI.setVisible(boolean)&gt; in (Controller.java:515)
Method &lt;project.CONTROLLER.Controller.openAggiuntaCitazione(project.MODEL.Materiale)&gt; calls method &lt;project.VIEW.InserimentoArticoloSuConferenzaGUI.setVisible(boolean)&gt; in (Controller.java:513)
Method &lt;project.CONTROLLER.Controller.openAggiuntaCitazione(project.MODEL.Materiale)&gt; calls method &lt;project.VIEW.InserimentoArticoloSuRivistaGUI.setVisible(boolean)&gt; in (Controller.java:514)
Method &lt;project.CONTROLLER.Controller.openAggiuntaCitazione(project.MODEL.Materiale)&gt; calls method &lt;project.VIEW.InserimentoDatasetGUI.setVisible(boolean)&gt; in (Controller.java:511)
Method &lt;project.CONTROLLER.Controller.openAggiuntaCitazione(project.MODEL.Materiale)&gt; calls method &lt;project.VIEW.InserimentoLibroGUI.setVisible(boolean)&gt; in (Controller.java:510)
Method &lt;project.CONTROLLER.Controller.openAggiuntaCitazione(project.MODEL.Materiale)&gt; calls method &lt;project.VIEW.InserimentoRisorsaOnlineGUI.setVisible(boolean)&gt; in (Controller.java:512)
Method &lt;project.CONTROLLER.Controller.openAggiuntaCitazioneDaModifica(project.MODEL.Materiale)&gt; calls constructor &lt;project.VIEW.AggiuntaCitazioneDaModificaGUI.&lt;init&gt;(project.CONTROLLER.Controller, java.util.List, project.MODEL.Materiale)&gt; in (Controller.java:414)
Method &lt;project.CONTROLLER.Controller.openAggiuntaCitazioneDaModifica(project.MODEL.Materiale)&gt; calls method &lt;project.VIEW.AggiuntaCitazioneDaModificaGUI.setVisible(boolean)&gt; in (Controller.java:415)
Method &lt;project.CONTROLLER.Controller.openAggiuntaGerarchiaNuova(project.MODEL.Materiale)&gt; calls constructor &lt;project.VIEW.AggiuntaGerarchiaNuovaGUI.&lt;init&gt;(project.CONTROLLER.Controller, project.MODEL.Materiale)&gt; in (Controller.java:468)
Method &lt;project.CONTROLLER.Controller.openAggiuntaGerarchiaNuova(project.MODEL.Materiale)&gt; calls method &lt;project.VIEW.AggiuntaGerarchiaNuovaGUI.setVisible(boolean)&gt; in (Controller.java:469)
Method &lt;project.CONTROLLER.Controller.openAggiuntaGerarchiaNuovaDaModifica(project.MODEL.Materiale)&gt; calls constructor &lt;project.VIEW.AggiungiGerarchiaNuovaDaModificaGUI.&lt;init&gt;(project.CONTROLLER.Controller, project.MODEL.Materiale)&gt; in (Controller.java:384)
Method &lt;project.CONTROLLER.Controller.openAggiuntaGerarchiaNuovaDaModifica(project.MODEL.Materiale)&gt; calls method &lt;project.VIEW.AggiungiGerarchiaNuovaDaModificaGUI.setVisible(boolean)&gt; in (Controller.java:385)
Method &lt;project.CONTROLLER.Controller.openAggiuntaParolaChiave(project.MODEL.Materiale)&gt; calls constructor &lt;project.VIEW.AggiuntaParolaChiaveGUI.&lt;init&gt;(project.CONTROLLER.Controller, project.MODEL.Materiale)&gt; in (Controller.java:147)
Method &lt;project.CONTROLLER.Controller.openAggiuntaParolaChiave(project.MODEL.Materiale)&gt; calls method &lt;project.VIEW.AggiuntaParolaChiaveGUI.setVisible(boolean)&gt; in (Controller.java:149)
Method &lt;project.CONTROLLER.Controller.openAggiuntaParolaChiave(project.MODEL.Materiale)&gt; calls method &lt;project.VIEW.InserimentoArticoloSuConferenzaGUI.setVisible(boolean)&gt; in (Controller.java:144)
Method &lt;project.CONTROLLER.Controller.openAggiuntaParolaChiave(project.MODEL.Materiale)&gt; calls method &lt;project.VIEW.InserimentoArticoloSuRivistaGUI.setVisible(boolean)&gt; in (Controller.java:145)
Method &lt;project.CONTROLLER.Controller.openAggiuntaParolaChiave(project.MODEL.Materiale)&gt; calls method &lt;project.VIEW.InserimentoDatasetGUI.setVisible(boolean)&gt; in (Controller.java:142)
Method &lt;project.CONTROLLER.Controller.openAggiuntaParolaChiave(project.MODEL.Materiale)&gt; calls method &lt;project.VIEW.InserimentoLibroGUI.setVisible(boolean)&gt; in (Controller.java:141)
Method &lt;project.CONTROLLER.Controller.openAggiuntaParolaChiave(project.MODEL.Materiale)&gt; calls method &lt;project.VIEW.InserimentoRisorsaOnlineGUI.setVisible(boolean)&gt; in (Controller.java:143)
Method &lt;project.CONTROLLER.Controller.openCategorieAssociate(java.lang.String)&gt; calls constructor &lt;project.VIEW.VisualizzaCategorieGUI.&lt;init&gt;(project.CONTROLLER.Controller, java.util.List, java.lang.String)&gt; in (Controller.java:649)
Method &lt;project.CONTROLLER.Controller.openCategorieAssociate(java.lang.String)&gt; calls method &lt;project.VIEW.VisualizzaCategorieGUI.setVisible(boolean)&gt; in (Controller.java:650)
Method &lt;project.CONTROLLER.Controller.openCitazioni(java.lang.String)&gt; calls constructor &lt;project.VIEW.VisualizzaCitazioniGUI.&lt;init&gt;(project.CONTROLLER.Controller, java.util.List, java.lang.String)&gt; in (Controller.java:630)
Method &lt;project.CONTROLLER.Controller.openCitazioni(java.lang.String)&gt; calls method &lt;project.VIEW.VisualizzaCitazioniGUI.setVisible(boolean)&gt; in (Controller.java:631)
Method &lt;project.CONTROLLER.Controller.openDettagliArticoloSuConferenza(project.MODEL.Materiale)&gt; calls constructor &lt;project.VIEW.VisualizzaDettagliArticoloSuConferenzaGUI.&lt;init&gt;(project.CONTROLLER.Controller, project.struttureDiAppoggio.RigaTabellaArticoloSuConferenza)&gt; in (Controller.java:460)
Method &lt;project.CONTROLLER.Controller.openDettagliArticoloSuConferenza(project.MODEL.Materiale)&gt; calls method &lt;project.VIEW.VisualizzaDettagliArticoloSuConferenzaGUI.setVisible(boolean)&gt; in (Controller.java:461)
Method &lt;project.CONTROLLER.Controller.openDettagliArticoloSuRivista(project.MODEL.Materiale)&gt; calls constructor &lt;project.VIEW.VisualizzaDettagliArticoloSuRivistaGUI.&lt;init&gt;(project.CONTROLLER.Controller, project.struttureDiAppoggio.RigaTabellaArticoloSuRivista)&gt; in (Controller.java:452)
Method &lt;project.CONTROLLER.Controller.openDettagliArticoloSuRivista(project.MODEL.Materiale)&gt; calls method &lt;project.VIEW.VisualizzaDettagliArticoloSuRivistaGUI.setVisible(boolean)&gt; in (Controller.java:453)
Method &lt;project.CONTROLLER.Controller.openDettagliDataset(project.MODEL.Materiale)&gt; calls constructor &lt;project.VIEW.VisualizzaDettagliDatasetGUI.&lt;init&gt;(project.CONTROLLER.Controller, project.struttureDiAppoggio.RigaTabellaDataset)&gt; in (Controller.java:435)
Method &lt;project.CONTROLLER.Controller.openDettagliDataset(project.MODEL.Materiale)&gt; calls method &lt;project.VIEW.VisualizzaDettagliDatasetGUI.setVisible(boolean)&gt; in (Controller.java:436)
Method &lt;project.CONTROLLER.Controller.openDettagliLibro(project.MODEL.Materiale)&gt; calls constructor &lt;project.VIEW.VisualizzaDettagliLibroGUI.&lt;init&gt;(project.CONTROLLER.Controller, project.struttureDiAppoggio.RigaTabellaLibro)&gt; in (Controller.java:427)
Method &lt;project.CONTROLLER.Controller.openDettagliLibro(project.MODEL.Materiale)&gt; calls method &lt;project.VIEW.VisualizzaDettagliLibroGUI.setVisible(boolean)&gt; in (Controller.java:428)
Method &lt;project.CONTROLLER.Controller.openDettagliRisorsaOnline(project.MODEL.Materiale)&gt; calls constructor &lt;project.VIEW.VisualizzaDettagliRisorsaOnlineGUI.&lt;init&gt;(project.CONTROLLER.Controller, project.struttureDiAppoggio.RigaTabellaRisorsaOnline)&gt; in (Controller.java:444)
Method &lt;project.CONTROLLER.Controller.openDettagliRisorsaOnline(project.MODEL.Materiale)&gt; calls method &lt;project.VIEW.VisualizzaDettagliRisorsaOnlineGUI.setVisible(boolean)&gt; in (Controller.java:445)
Method &lt;project.CONTROLLER.Controller.openDialog(java.lang.String)&gt; calls constructor &lt;project.VIEW.Dialog.&lt;init&gt;(java.lang.String)&gt; in (Controller.java:137)
Method &lt;project.CONTROLLER.Controller.openHome()&gt; calls method &lt;project.VIEW.AccessoPortaleAmministratoreGUI.setVisible(boolean)&gt; in (Controller.java:84)
Method &lt;project.CONTROLLER.Controller.openHome()&gt; calls method &lt;project.VIEW.AccessoPortaleAutoriGUI.setVisible(boolean)&gt; in (Controller.java:83)
Method &lt;project.CONTROLLER.Controller.openHome()&gt; calls method &lt;project.VIEW.HomeGUI.setVisible(boolean)&gt; in (Controller.java:81)
Method &lt;project.CONTROLLER.Controller.openHome()&gt; calls method &lt;project.VIEW.LibreriaGUI.setVisible(boolean)&gt; in (Controller.java:85)
Method &lt;project.CONTROLLER.Controller.openHome()&gt; calls method &lt;project.VIEW.RegistrazioneGUI.setVisible(boolean)&gt; in (Controller.java:82)
Method &lt;project.CONTROLLER.Controller.openInserimentoArticoloSuConferenza()&gt; calls method &lt;project.VIEW.InserimentoArticoloSuConferenzaGUI.setVisible(boolean)&gt; in (Controller.java:194)
Method &lt;project.CONTROLLER.Controller.openInserimentoArticoloSuConferenza()&gt; calls method &lt;project.VIEW.InserisciMaterialeGUI.setVisible(boolean)&gt; in (Controller.java:193)
Method &lt;project.CONTROLLER.Controller.openInserimentoArticoloSuRivista()&gt; calls method &lt;project.VIEW.InserimentoArticoloSuRivistaGUI.setVisible(boolean)&gt; in (Controller.java:199)
Method &lt;project.CONTROLLER.Controller.openInserimentoArticoloSuRivista()&gt; calls method &lt;project.VIEW.InserisciMaterialeGUI.setVisible(boolean)&gt; in (Controller.java:198)
Method &lt;project.CONTROLLER.Controller.openInserimentoDataset()&gt; calls method &lt;project.VIEW.InserimentoDatasetGUI.setVisible(boolean)&gt; in (Controller.java:183)
Method &lt;project.CONTROLLER.Controller.openInserimentoDataset()&gt; calls method &lt;project.VIEW.InserisciMaterialeGUI.setVisible(boolean)&gt; in (Controller.java:182)
Method &lt;project.CONTROLLER.Controller.openInserimentoLibro()&gt; calls method &lt;project.VIEW.InserimentoLibroGUI.setVisible(boolean)&gt; in (Controller.java:133)
Method &lt;project.CONTROLLER.Controller.openInserimentoLibro()&gt; calls method &lt;project.VIEW.InserisciMaterialeGUI.setVisible(boolean)&gt; in (Controller.java:132)
Method &lt;project.CONTROLLER.Controller.openInserimentoRisoraOnline()&gt; calls method &lt;project.VIEW.InserimentoRisorsaOnlineGUI.setVisible(boolean)&gt; in (Controller.java:188)
Method &lt;project.CONTROLLER.Controller.openInserimentoRisoraOnline()&gt; calls method &lt;project.VIEW.InserisciMaterialeGUI.setVisible(boolean)&gt; in (Controller.java:187)
Method &lt;project.CONTROLLER.Controller.openInsesciMaterialeGUI()&gt; calls method &lt;project.VIEW.InserimentoArticoloSuConferenzaGUI.setVisible(boolean)&gt; in (Controller.java:121)
Method &lt;project.CONTROLLER.Controller.openInsesciMaterialeGUI()&gt; calls method &lt;project.VIEW.InserimentoArticoloSuRivistaGUI.setVisible(boolean)&gt; in (Controller.java:122)
Method &lt;project.CONTROLLER.Controller.openInsesciMaterialeGUI()&gt; calls method &lt;project.VIEW.InserimentoDatasetGUI.setVisible(boolean)&gt; in (Controller.java:119)
Method &lt;project.CONTROLLER.Controller.openInsesciMaterialeGUI()&gt; calls method &lt;project.VIEW.InserimentoLibroGUI.setVisible(boolean)&gt; in (Controller.java:118)
Method &lt;project.CONTROLLER.Controller.openInsesciMaterialeGUI()&gt; calls method &lt;project.VIEW.InserimentoRisorsaOnlineGUI.setVisible(boolean)&gt; in (Controller.java:120)
Method &lt;project.CONTROLLER.Controller.openInsesciMaterialeGUI()&gt; calls method &lt;project.VIEW.InserisciMaterialeGUI.setVisible(boolean)&gt; in (Controller.java:123)
Method &lt;project.CONTROLLER.Controller.openInsesciMaterialeGUI()&gt; calls method &lt;project.VIEW.PortaleAutoriGUI.setVisible(boolean)&gt; in (Controller.java:117)
Method &lt;project.CONTROLLER.Controller.openLibreria()&gt; calls method &lt;project.VIEW.HomeGUI.setVisible(boolean)&gt; in (Controller.java:89)
Method &lt;project.CONTROLLER.Controller.openLibreria()&gt; calls method &lt;project.VIEW.LibreriaGUI.setVisible(boolean)&gt; in (Controller.java:90)
Method &lt;project.CONTROLLER.Controller.openModificaArticoloSuConferenza(project.struttureDiAppoggio.RigaTabellaArticoloSuConferenza)&gt; calls constructor &lt;project.VIEW.ModificaArticoloSuConferenzaGUI.&lt;init&gt;(project.CONTROLLER.Controller, project.struttureDiAppoggio.RigaTabellaArticoloSuConferenza)&gt; in (Controller.java:1157)
Method &lt;project.CONTROLLER.Controller.openModificaArticoloSuConferenza(project.struttureDiAppoggio.RigaTabellaArticoloSuConferenza)&gt; calls method &lt;project.VIEW.ModificaArticoloSuConferenzaGUI.setVisible(boolean)&gt; in (Controller.java:1158)
Method &lt;project.CONTROLLER.Controller.openModificaArticoloSuRivista(project.struttureDiAppoggio.RigaTabellaArticoloSuRivista)&gt; calls constructor &lt;project.VIEW.ModificaArticoloSuRivistaGUI.&lt;init&gt;(project.CONTROLLER.Controller, project.struttureDiAppoggio.RigaTabellaArticoloSuRivista)&gt; in (Controller.java:1151)
Method &lt;project.CONTROLLER.Controller.openModificaArticoloSuRivista(project.struttureDiAppoggio.RigaTabellaArticoloSuRivista)&gt; calls method &lt;project.VIEW.ModificaArticoloSuRivistaGUI.setVisible(boolean)&gt; in (Controller.java:1152)
Method &lt;project.CONTROLLER.Controller.openModificaAutoriADMIN()&gt; calls constructor &lt;project.VIEW.ModificaAutoriADMINGUI.&lt;init&gt;(project.CONTROLLER.Controller, java.util.List)&gt; in (Controller.java:259)
Method &lt;project.CONTROLLER.Controller.openModificaAutoriADMIN()&gt; calls method &lt;project.VIEW.ModificaAutoriADMINGUI.setVisible(boolean)&gt; in (Controller.java:260)
Method &lt;project.CONTROLLER.Controller.openModificaCategorie(project.MODEL.Materiale)&gt; calls constructor &lt;project.VIEW.ModificaCategorieGUI.&lt;init&gt;(project.CONTROLLER.Controller, java.util.List, project.MODEL.Materiale)&gt; in (Controller.java:342)
Method &lt;project.CONTROLLER.Controller.openModificaCategorie(project.MODEL.Materiale)&gt; calls method &lt;project.VIEW.ModificaCategorieGUI.setVisible(boolean)&gt; in (Controller.java:343)
Method &lt;project.CONTROLLER.Controller.openModificaCitazioni(project.MODEL.Materiale)&gt; calls constructor &lt;project.VIEW.ModificaCitazioneGUI.&lt;init&gt;(project.CONTROLLER.Controller, java.util.List, project.MODEL.Materiale)&gt; in (Controller.java:402)
Method &lt;project.CONTROLLER.Controller.openModificaCitazioni(project.MODEL.Materiale)&gt; calls method &lt;project.VIEW.ModificaCitazioneGUI.setVisible(boolean)&gt; in (Controller.java:403)
Method &lt;project.CONTROLLER.Controller.openModificaDataset(project.struttureDiAppoggio.RigaTabellaDataset)&gt; calls constructor &lt;project.VIEW.ModificaDatasetGUI.&lt;init&gt;(project.CONTROLLER.Controller, project.struttureDiAppoggio.RigaTabellaDataset)&gt; in (Controller.java:1168)
Method &lt;project.CONTROLLER.Controller.openModificaDataset(project.struttureDiAppoggio.RigaTabellaDataset)&gt; calls method &lt;project.VIEW.ModificaDatasetGUI.setVisible(boolean)&gt; in (Controller.java:1169)
Method &lt;project.CONTROLLER.Controller.openModificaLibro(project.struttureDiAppoggio.RigaTabellaLibro)&gt; calls constructor &lt;project.VIEW.ModificaLibroGUI.&lt;init&gt;(project.CONTROLLER.Controller, project.struttureDiAppoggio.RigaTabellaLibro)&gt; in (Controller.java:1174)
Method &lt;project.CONTROLLER.Controller.openModificaLibro(project.struttureDiAppoggio.RigaTabellaLibro)&gt; calls method &lt;project.VIEW.ModificaLibroGUI.setVisible(boolean)&gt; in (Controller.java:1175)
Method &lt;project.CONTROLLER.Controller.openModificaMateriale()&gt; calls constructor &lt;project.VIEW.ModificaMaterialeGUI.&lt;init&gt;(project.CONTROLLER.Controller, java.util.List)&gt; in (Controller.java:210)
Method &lt;project.CONTROLLER.Controller.openModificaMateriale()&gt; calls method &lt;project.VIEW.ModificaMaterialeGUI.setVisible(boolean)&gt; in (Controller.java:211)
Method &lt;project.CONTROLLER.Controller.openModificaMaterialeADMIN()&gt; calls constructor &lt;project.VIEW.ModificaMaterialiADMINGUI.&lt;init&gt;(project.CONTROLLER.Controller, java.util.List)&gt; in (Controller.java:222)
Method &lt;project.CONTROLLER.Controller.openModificaMaterialeADMIN()&gt; calls method &lt;project.VIEW.ModificaMaterialiADMINGUI.setVisible(boolean)&gt; in (Controller.java:223)
Method &lt;project.CONTROLLER.Controller.openModificaParoleChiave(project.MODEL.Materiale)&gt; calls constructor &lt;project.VIEW.ModificaParoleAssociateGUI.&lt;init&gt;(project.CONTROLLER.Controller, java.util.List, project.MODEL.Materiale)&gt; in (Controller.java:330)
Method &lt;project.CONTROLLER.Controller.openModificaParoleChiave(project.MODEL.Materiale)&gt; calls method &lt;project.VIEW.ModificaParoleAssociateGUI.setVisible(boolean)&gt; in (Controller.java:331)
Method &lt;project.CONTROLLER.Controller.openModificaRisorsaOnline(project.struttureDiAppoggio.RigaTabellaRisorsaOnline)&gt; calls constructor &lt;project.VIEW.ModificaRisorsaOnlineGUI.&lt;init&gt;(project.CONTROLLER.Controller, project.struttureDiAppoggio.RigaTabellaRisorsaOnline)&gt; in (Controller.java:1162)
Method &lt;project.CONTROLLER.Controller.openModificaRisorsaOnline(project.struttureDiAppoggio.RigaTabellaRisorsaOnline)&gt; calls method &lt;project.VIEW.ModificaRisorsaOnlineGUI.setVisible(boolean)&gt; in (Controller.java:1163)
Method &lt;project.CONTROLLER.Controller.openParoleChiaveAssociate(java.lang.String)&gt; calls constructor &lt;project.VIEW.VisualizzaParoleAssociateGUI.&lt;init&gt;(project.CONTROLLER.Controller, java.util.List, java.lang.String)&gt; in (Controller.java:610)
Method &lt;project.CONTROLLER.Controller.openParoleChiaveAssociate(java.lang.String)&gt; calls method &lt;project.VIEW.VisualizzaParoleAssociateGUI.setVisible(boolean)&gt; in (Controller.java:611)
Method &lt;project.CONTROLLER.Controller.openPortaleAmministratore()&gt; calls constructor &lt;project.VIEW.PortaleAmministratoreGUI.&lt;init&gt;(project.CONTROLLER.Controller)&gt; in (Controller.java:112)
Method &lt;project.CONTROLLER.Controller.openPortaleAmministratore()&gt; calls method &lt;project.VIEW.AccessoPortaleAmministratoreGUI.setVisible(boolean)&gt; in (Controller.java:111)
Method &lt;project.CONTROLLER.Controller.openPortaleAmministratore()&gt; calls method &lt;project.VIEW.PortaleAmministratoreGUI.setVisible(boolean)&gt; in (Controller.java:113)
Method &lt;project.CONTROLLER.Controller.openPortaleAutori()&gt; calls constructor &lt;project.VIEW.PortaleAutoriGUI.&lt;init&gt;(project.CONTROLLER.Controller, project.MODEL.Autore)&gt; in (Controller.java:101)
Method &lt;project.CONTROLLER.Controller.openPortaleAutori()&gt; calls method &lt;project.VIEW.AccessoPortaleAutoriGUI.setVisible(boolean)&gt; in (Controller.java:100)
Method &lt;project.CONTROLLER.Controller.openPortaleAutori()&gt; calls method &lt;project.VIEW.PortaleAutoriGUI.setVisible(boolean)&gt; in (Controller.java:102)
Method &lt;project.CONTROLLER.Controller.openRegistrazione()&gt; calls method &lt;project.VIEW.AccessoPortaleAutoriGUI.setVisible(boolean)&gt; in (Controller.java:127)
Method &lt;project.CONTROLLER.Controller.openRegistrazione()&gt; calls method &lt;project.VIEW.RegistrazioneGUI.setVisible(boolean)&gt; in (Controller.java:128)
Method &lt;project.CONTROLLER.Controller.openRicerca()&gt; calls method &lt;project.VIEW.LibreriaGUI.setVisible(boolean)&gt; in (Controller.java:308)
Method &lt;project.CONTROLLER.Controller.openRicerca()&gt; calls method &lt;project.VIEW.RicercaGUI.setVisible(boolean)&gt; in (Controller.java:309)
Method &lt;project.CONTROLLER.Controller.openVisualizzaArticoloSuConferenza()&gt; calls constructor &lt;project.VIEW.VisualizzaArticoliSuConferenzaGUI.&lt;init&gt;(project.CONTROLLER.Controller, java.util.List)&gt; in (Controller.java:578)
Method &lt;project.CONTROLLER.Controller.openVisualizzaArticoloSuConferenza()&gt; calls method &lt;project.VIEW.VisualizzaArticoliSuConferenzaGUI.setVisible(boolean)&gt; in (Controller.java:579)
Method &lt;project.CONTROLLER.Controller.openVisualizzaArticoloSuRivista()&gt; calls constructor &lt;project.VIEW.VisualizzaArticoliSuRivistaGUI.&lt;init&gt;(project.CONTROLLER.Controller, java.util.List)&gt; in (Controller.java:590)
Method &lt;project.CONTROLLER.Controller.openVisualizzaArticoloSuRivista()&gt; calls method &lt;project.VIEW.VisualizzaArticoliSuRivistaGUI.setVisible(boolean)&gt; in (Controller.java:591)
Method &lt;project.CONTROLLER.Controller.openVisualizzaDataset()&gt; calls constructor &lt;project.VIEW.VisualizzaDatasetGUI.&lt;init&gt;(project.CONTROLLER.Controller, java.util.List)&gt; in (Controller.java:553)
Method &lt;project.CONTROLLER.Controller.openVisualizzaDataset()&gt; calls method &lt;project.VIEW.VisualizzaDatasetGUI.setVisible(boolean)&gt; in (Controller.java:554)
Method &lt;project.CONTROLLER.Controller.openVisualizzaLibreria()&gt; calls constructor &lt;project.VIEW.VisualizzaLibreriaGUI.&lt;init&gt;(project.CONTROLLER.Controller, java.util.List)&gt; in (Controller.java:528)
Method &lt;project.CONTROLLER.Controller.openVisualizzaLibreria()&gt; calls method &lt;project.VIEW.LibreriaGUI.setVisible(boolean)&gt; in (Controller.java:521)
Method &lt;project.CONTROLLER.Controller.openVisualizzaLibreria()&gt; calls method &lt;project.VIEW.VisualizzaLibreriaGUI.setVisible(boolean)&gt; in (Controller.java:529)
Method &lt;project.CONTROLLER.Controller.openVisualizzaLibri()&gt; calls constructor &lt;project.VIEW.VisualizzaLibriGUI.&lt;init&gt;(project.CONTROLLER.Controller, java.util.List)&gt; in (Controller.java:540)
Method &lt;project.CONTROLLER.Controller.openVisualizzaLibri()&gt; calls method &lt;project.VIEW.VisualizzaLibriGUI.setVisible(boolean)&gt; in (Controller.java:541)
Method &lt;project.CONTROLLER.Controller.openVisualizzaRisorsaOnline()&gt; calls constructor &lt;project.VIEW.VisualizzaRisorsaOnlineGUI.&lt;init&gt;(project.CONTROLLER.Controller, java.util.List)&gt; in (Controller.java:565)
Method &lt;project.CONTROLLER.Controller.openVisualizzaRisorsaOnline()&gt; calls method &lt;project.VIEW.VisualizzaRisorsaOnlineGUI.setVisible(boolean)&gt; in (Controller.java:566)
Method &lt;project.CONTROLLER.Controller.returnToPortaleAutori()&gt; calls method &lt;project.VIEW.InserimentoArticoloSuConferenzaGUI.setVisible(boolean)&gt; in (Controller.java:156)
Method &lt;project.CONTROLLER.Controller.returnToPortaleAutori()&gt; calls method &lt;project.VIEW.InserimentoArticoloSuRivistaGUI.setVisible(boolean)&gt; in (Controller.java:157)
Method &lt;project.CONTROLLER.Controller.returnToPortaleAutori()&gt; calls method &lt;project.VIEW.InserimentoDatasetGUI.setVisible(boolean)&gt; in (Controller.java:154)
Method &lt;project.CONTROLLER.Controller.returnToPortaleAutori()&gt; calls method &lt;project.VIEW.InserimentoLibroGUI.setVisible(boolean)&gt; in (Controller.java:153)
Method &lt;project.CONTROLLER.Controller.returnToPortaleAutori()&gt; calls method &lt;project.VIEW.InserimentoRisorsaOnlineGUI.setVisible(boolean)&gt; in (Controller.java:155)
Method &lt;project.CONTROLLER.Controller.returnToPortaleAutori()&gt; calls method &lt;project.VIEW.InserisciMaterialeGUI.setVisible(boolean)&gt; in (Controller.java:158)
	at com.tngtech.archunit.lang.ArchRule$Assertions.assertNoViolation(ArchRule.java:94)
	at com.tngtech.archunit.lang.ArchRule$Assertions.check(ArchRule.java:82)
	at com.tngtech.archunit.library.Architectures$LayeredArchitecture.check(Architectures.java:291)
	at com.tngtech.archunit.junit.ArchRuleExecution.evaluateOn(ArchRuleExecution.java:43)
	at com.tngtech.archunit.junit.ArchUnitRunner.runChild(ArchUnitRunner.java:154)
	at com.tngtech.archunit.junit.ArchUnitRunner.runChild(ArchUnitRunner.java:63)
	at org.junit.runners.ParentRunner$4.run(ParentRunner.java:331)
	at org.junit.runners.ParentRunner$1.schedule(ParentRunner.java:79)
	at org.junit.runners.ParentRunner.runChildren(ParentRunner.java:329)
	at org.junit.runners.ParentRunner.access$100(ParentRunner.java:66)
	at org.junit.runners.ParentRunner$2.evaluate(ParentRunner.java:293)
	at org.junit.runners.ParentRunner$3.evaluate(ParentRunner.java:306)
	at com.tngtech.archunit.junit.ArchUnitRunner$1.evaluate(ArchUnitRunner.java:88)
	at org.junit.runners.ParentRunner.run(ParentRunner.java:413)
	at org.apache.maven.surefire.junit4.JUnit4Provider.execute(JUnit4Provider.java:252)
	at org.apache.maven.surefire.junit4.JUnit4Provider.executeTestSet(JUnit4Provider.java:141)
	at org.apache.maven.surefire.junit4.JUnit4Provider.invoke(JUnit4Provider.java:112)
	at java.base/jdk.internal.reflect.NativeMethodAccessorImpl.invoke0(Native Method)
	at java.base/jdk.internal.reflect.NativeMethodAccessorImpl.invoke(NativeMethodAccessorImpl.java:62)
	at java.base/jdk.internal.reflect.DelegatingMethodAccessorImpl.invoke(DelegatingMethodAccessorImpl.java:43)
	at java.base/java.lang.reflect.Method.invoke(Method.java:566)
	at org.apache.maven.surefire.util.ReflectionUtils.invokeMethodWithArray(ReflectionUtils.java:189)
	at org.apache.maven.surefire.booter.ProviderFactory$ProviderProxy.invoke(ProviderFactory.java:165)
	at org.apache.maven.surefire.booter.ProviderFactory.invokeProvider(ProviderFactory.java:85)
	at org.apache.maven.surefire.booter.ForkedBooter.runSuitesInProcess(ForkedBooter.java:115)
	at org.apache.maven.surefire.booter.ForkedBooter.main(ForkedBooter.java:75)
</failure>
  </testcase>
  <testcase classname="LayeredArchitectureTest" name="view_loop" time="0.004"/>
</testsuite>